-- Found ament_cmake: 0.8.2 (/opt/ros/eloquent/share/ament_cmake/cmake)
-- Found PythonInterp: /usr/bin/python3 (found suitable version "3.6.9", minimum required is "3") 
-- Using PYTHON_EXECUTABLE: /usr/bin/python3
-- Override CMake install command with custom implementation using symlinks instead of copying resources
-- Found ament_index_cpp: 0.7.2 (/opt/ros/eloquent/share/ament_index_cpp/cmake)
-- Found geometry_msgs: 0.8.1 (/opt/ros/eloquent/share/geometry_msgs/cmake)
-- Found rosidl_adapter: 0.8.2 (/opt/ros/eloquent/share/rosidl_adapter/cmake)
-- Found rclcpp: 0.8.4 (/opt/ros/eloquent/share/rclcpp/cmake)
-- Found rmw_implementation_cmake: 0.8.1 (/opt/ros/eloquent/share/rmw_implementation_cmake/cmake)
-- Using RMW implementation 'rmw_fastrtps_cpp' as default
-- Found rclcpp_action: 0.8.4 (/opt/ros/eloquent/share/rclcpp_action/cmake)
-- Found rosidl_default_generators: 0.8.0 (/opt/ros/eloquent/share/rosidl_default_generators/cmake)
-- Found std_srvs: 0.8.1 (/opt/ros/eloquent/share/std_srvs/cmake)
-- Found PythonInterp: /usr/bin/python3 (found version "3.6.9") 
-- Using single matching rosidl_typesupport_c: rosidl_typesupport_fastrtps_c
-- Using single matching rosidl_typesupport_cpp: rosidl_typesupport_fastrtps_cpp
-- Found PythonInterp: /usr/bin/python3 (found suitable version "3.6.9", minimum required is "3.5") 
-- Found python_cmake_module: 0.8.0 (/opt/ros/eloquent/share/python_cmake_module/cmake)
-- Using PYTHON_EXECUTABLE: /usr/bin/python3
-- Using PYTHON_INCLUDE_DIRS: /usr/include/python3.6m
-- Using PYTHON_LIBRARIES: /usr/lib/x86_64-linux-gnu/libpython3.6m.so
-- Configuring done
-- Generating done
-- Build files have been written to: /home/aitor/ros2/build/turtlesim
[  1%] Built target turtlesim__cpp
[  2%] [32m[1mLinking C shared library libturtlesim__rosidl_generator_c.so[0m
[  3%] [32m[1mLinking CXX shared library libturtlesim__rosidl_typesupport_introspection_cpp.so[0m
[  4%] [32m[1mLinking CXX shared library libturtlesim__rosidl_typesupport_fastrtps_cpp.so[0m
[ 13%] Built target turtlesim__rosidl_generator_c
[ 14%] [32m[1mLinking C shared library libturtlesim__rosidl_typesupport_introspection_c.so[0m
[ 23%] Built target turtlesim__rosidl_typesupport_introspection_cpp
[ 32%] Built target turtlesim__rosidl_typesupport_introspection_c
[ 42%] Built target turtlesim__rosidl_typesupport_fastrtps_cpp
[ 44%] [32m[1mLinking CXX shared library libturtlesim__rosidl_typesupport_cpp.so[0m
[ 44%] [32m[1mLinking CXX shared library libturtlesim__rosidl_typesupport_fastrtps_c.so[0m
[ 53%] Built target turtlesim__rosidl_typesupport_cpp
[ 62%] Built target turtlesim__rosidl_typesupport_fastrtps_c
[ 63%] [32m[1mLinking CXX shared library libturtlesim__rosidl_typesupport_c.so[0m
[ 73%] Built target turtlesim__rosidl_typesupport_c
[ 73%] Built target turtlesim
[ 74%] Built target turtlesim__py
[ 75%] [32m[1mLinking CXX executable mimic[0m
[ 76%] [32m[1mLinking CXX executable turtle_teleop_key[0m
[ 77%] [32m[1mLinking CXX executable draw_square[0m
[ 78%] [32m[1mLinking CXX executable turtlesim_node[0m
[ 79%] [32m[1mLinking CXX shared library rosidl_generator_py/turtlesim/libturtlesim__python.so[0m
[ 87%] Built target turtlesim__python
[ 88%] [32m[1mLinking CXX shared library rosidl_generator_py/turtlesim/turtlesim_s__rosidl_typesupport_fastrtps_c.cpython-36m-x86_64-linux-gnu.so[0m
[ 89%] [32m[1mLinking CXX shared library rosidl_generator_py/turtlesim/turtlesim_s__rosidl_typesupport_c.cpython-36m-x86_64-linux-gnu.so[0m
[ 90%] Built target turtlesim__rosidl_typesupport_fastrtps_c__pyext
[ 91%] Built target turtlesim__rosidl_typesupport_c__pyext
[ 92%] Built target turtle_teleop_key
[ 93%] Built target mimic
[ 94%] Built target draw_square
[100%] Built target turtlesim_node
[  1%] Built target turtlesim__cpp
[ 11%] Built target turtlesim__rosidl_generator_c
[ 21%] Built target turtlesim__rosidl_typesupport_introspection_cpp
[ 36%] Built target turtlesim__rosidl_typesupport_fastrtps_cpp
[ 42%] Built target turtlesim__rosidl_typesupport_introspection_c
[ 60%] Built target turtlesim__rosidl_typesupport_fastrtps_c
[ 62%] Built target turtlesim__rosidl_typesupport_cpp
[ 73%] Built target turtlesim__rosidl_typesupport_c
[ 73%] Built target turtlesim
[ 74%] Built target turtlesim__py
[ 76%] Built target draw_square
[ 78%] Built target mimic
[ 80%] Built target turtle_teleop_key
[ 86%] Built target turtlesim_node
[ 95%] Built target turtlesim__python
[100%] Built target turtlesim__rosidl_typesupport_c__pyext
[100%] Built target turtlesim__rosidl_typesupport_fastrtps_c__pyext
[36mInstall the project...[0m
-- Install configuration: ""
-- Execute custom install script
-- Symlinking: /home/aitor/ros2/install/turtlesim/share/ament_index/resource_index/rosidl_interfaces/turtlesim
-- Symlinking: /home/aitor/ros2/install/turtlesim/include/turtlesim/action/rotate_absolute.hpp
-- Symlinking: /home/aitor/ros2/install/turtlesim/include/turtlesim/action/rotate_absolute__struct.hpp
-- Symlinking: /home/aitor/ros2/install/turtlesim/include/turtlesim/action/rotate_absolute__traits.hpp
-- Symlinking: /home/aitor/ros2/install/turtlesim/include/turtlesim/msg/color.hpp
-- Symlinking: /home/aitor/ros2/install/turtlesim/include/turtlesim/msg/color__struct.hpp
-- Symlinking: /home/aitor/ros2/install/turtlesim/include/turtlesim/msg/color__traits.hpp
-- Symlinking: /home/aitor/ros2/install/turtlesim/include/turtlesim/msg/pose.hpp
-- Symlinking: /home/aitor/ros2/install/turtlesim/include/turtlesim/msg/pose__struct.hpp
-- Symlinking: /home/aitor/ros2/install/turtlesim/include/turtlesim/msg/pose__traits.hpp
-- Symlinking: /home/aitor/ros2/install/turtlesim/include/turtlesim/srv/kill.hpp
-- Symlinking: /home/aitor/ros2/install/turtlesim/include/turtlesim/srv/kill__struct.hpp
-- Symlinking: /home/aitor/ros2/install/turtlesim/include/turtlesim/srv/kill__traits.hpp
-- Symlinking: /home/aitor/ros2/install/turtlesim/include/turtlesim/srv/set_pen.hpp
-- Symlinking: /home/aitor/ros2/install/turtlesim/include/turtlesim/srv/set_pen__struct.hpp
-- Symlinking: /home/aitor/ros2/install/turtlesim/include/turtlesim/srv/set_pen__traits.hpp
-- Symlinking: /home/aitor/ros2/install/turtlesim/include/turtlesim/srv/spawn.hpp
-- Symlinking: /home/aitor/ros2/install/turtlesim/include/turtlesim/srv/spawn__struct.hpp
-- Symlinking: /home/aitor/ros2/install/turtlesim/include/turtlesim/srv/spawn__traits.hpp
-- Symlinking: /home/aitor/ros2/install/turtlesim/include/turtlesim/srv/teleport_absolute.hpp
-- Symlinking: /home/aitor/ros2/install/turtlesim/include/turtlesim/srv/teleport_absolute__struct.hpp
-- Symlinking: /home/aitor/ros2/install/turtlesim/include/turtlesim/srv/teleport_absolute__traits.hpp
-- Symlinking: /home/aitor/ros2/install/turtlesim/include/turtlesim/srv/teleport_relative.hpp
-- Symlinking: /home/aitor/ros2/install/turtlesim/include/turtlesim/srv/teleport_relative__struct.hpp
-- Symlinking: /home/aitor/ros2/install/turtlesim/include/turtlesim/srv/teleport_relative__traits.hpp
-- Symlinking: /home/aitor/ros2/install/turtlesim/include/turtlesim/action/rotate_absolute.h
-- Symlinking: /home/aitor/ros2/install/turtlesim/include/turtlesim/action/rotate_absolute__functions.h
-- Symlinking: /home/aitor/ros2/install/turtlesim/include/turtlesim/action/rotate_absolute__struct.h
-- Symlinking: /home/aitor/ros2/install/turtlesim/include/turtlesim/action/rotate_absolute__type_support.h
-- Symlinking: /home/aitor/ros2/install/turtlesim/include/turtlesim/msg/color.h
-- Symlinking: /home/aitor/ros2/install/turtlesim/include/turtlesim/msg/color__functions.h
-- Symlinking: /home/aitor/ros2/install/turtlesim/include/turtlesim/msg/color__struct.h
-- Symlinking: /home/aitor/ros2/install/turtlesim/include/turtlesim/msg/color__type_support.h
-- Symlinking: /home/aitor/ros2/install/turtlesim/include/turtlesim/msg/pose.h
-- Symlinking: /home/aitor/ros2/install/turtlesim/include/turtlesim/msg/pose__functions.h
-- Symlinking: /home/aitor/ros2/install/turtlesim/include/turtlesim/msg/pose__struct.h
-- Symlinking: /home/aitor/ros2/install/turtlesim/include/turtlesim/msg/pose__type_support.h
-- Symlinking: /home/aitor/ros2/install/turtlesim/include/turtlesim/msg/rosidl_generator_c__visibility_control.h
-- Symlinking: /home/aitor/ros2/install/turtlesim/include/turtlesim/srv/kill.h
-- Symlinking: /home/aitor/ros2/install/turtlesim/include/turtlesim/srv/kill__functions.h
-- Symlinking: /home/aitor/ros2/install/turtlesim/include/turtlesim/srv/kill__struct.h
-- Symlinking: /home/aitor/ros2/install/turtlesim/include/turtlesim/srv/kill__type_support.h
-- Symlinking: /home/aitor/ros2/install/turtlesim/include/turtlesim/srv/set_pen.h
-- Symlinking: /home/aitor/ros2/install/turtlesim/include/turtlesim/srv/set_pen__functions.h
-- Symlinking: /home/aitor/ros2/install/turtlesim/include/turtlesim/srv/set_pen__struct.h
-- Symlinking: /home/aitor/ros2/install/turtlesim/include/turtlesim/srv/set_pen__type_support.h
-- Symlinking: /home/aitor/ros2/install/turtlesim/include/turtlesim/srv/spawn.h
-- Symlinking: /home/aitor/ros2/install/turtlesim/include/turtlesim/srv/spawn__functions.h
-- Symlinking: /home/aitor/ros2/install/turtlesim/include/turtlesim/srv/spawn__struct.h
-- Symlinking: /home/aitor/ros2/install/turtlesim/include/turtlesim/srv/spawn__type_support.h
-- Symlinking: /home/aitor/ros2/install/turtlesim/include/turtlesim/srv/teleport_absolute.h
-- Symlinking: /home/aitor/ros2/install/turtlesim/include/turtlesim/srv/teleport_absolute__functions.h
-- Symlinking: /home/aitor/ros2/install/turtlesim/include/turtlesim/srv/teleport_absolute__struct.h
-- Symlinking: /home/aitor/ros2/install/turtlesim/include/turtlesim/srv/teleport_absolute__type_support.h
-- Symlinking: /home/aitor/ros2/install/turtlesim/include/turtlesim/srv/teleport_relative.h
-- Symlinking: /home/aitor/ros2/install/turtlesim/include/turtlesim/srv/teleport_relative__functions.h
-- Symlinking: /home/aitor/ros2/install/turtlesim/include/turtlesim/srv/teleport_relative__struct.h
-- Symlinking: /home/aitor/ros2/install/turtlesim/include/turtlesim/srv/teleport_relative__type_support.h
-- Symlinking: /home/aitor/ros2/install/turtlesim/share/turtlesim/environment/library_path.sh
-- Symlinking: /home/aitor/ros2/install/turtlesim/share/turtlesim/environment/library_path.dsv
-- Symlinking: /home/aitor/ros2/install/turtlesim/lib/libturtlesim__rosidl_generator_c.so
-- Symlinking: /home/aitor/ros2/install/turtlesim/lib/libturtlesim__rosidl_typesupport_c.so
-- Symlinking: /home/aitor/ros2/install/turtlesim/lib/libturtlesim__rosidl_typesupport_cpp.so
-- Symlinking: /home/aitor/ros2/install/turtlesim/include/turtlesim/action/rotate_absolute__rosidl_typesupport_introspection_c.h
-- Symlinking: /home/aitor/ros2/install/turtlesim/include/turtlesim/msg/color__rosidl_typesupport_introspection_c.h
-- Symlinking: /home/aitor/ros2/install/turtlesim/include/turtlesim/msg/pose__rosidl_typesupport_introspection_c.h
-- Symlinking: /home/aitor/ros2/install/turtlesim/include/turtlesim/msg/rosidl_typesupport_introspection_c__visibility_control.h
-- Symlinking: /home/aitor/ros2/install/turtlesim/include/turtlesim/srv/kill__rosidl_typesupport_introspection_c.h
-- Symlinking: /home/aitor/ros2/install/turtlesim/include/turtlesim/srv/set_pen__rosidl_typesupport_introspection_c.h
-- Symlinking: /home/aitor/ros2/install/turtlesim/include/turtlesim/srv/spawn__rosidl_typesupport_introspection_c.h
-- Symlinking: /home/aitor/ros2/install/turtlesim/include/turtlesim/srv/teleport_absolute__rosidl_typesupport_introspection_c.h
-- Symlinking: /home/aitor/ros2/install/turtlesim/include/turtlesim/srv/teleport_relative__rosidl_typesupport_introspection_c.h
-- Symlinking: /home/aitor/ros2/install/turtlesim/lib/libturtlesim__rosidl_typesupport_introspection_c.so
-- Symlinking: /home/aitor/ros2/install/turtlesim/include/turtlesim/action/rotate_absolute__rosidl_typesupport_introspection_cpp.hpp
-- Symlinking: /home/aitor/ros2/install/turtlesim/include/turtlesim/msg/color__rosidl_typesupport_introspection_cpp.hpp
-- Symlinking: /home/aitor/ros2/install/turtlesim/include/turtlesim/msg/pose__rosidl_typesupport_introspection_cpp.hpp
-- Symlinking: /home/aitor/ros2/install/turtlesim/include/turtlesim/srv/kill__rosidl_typesupport_introspection_cpp.hpp
-- Symlinking: /home/aitor/ros2/install/turtlesim/include/turtlesim/srv/set_pen__rosidl_typesupport_introspection_cpp.hpp
-- Symlinking: /home/aitor/ros2/install/turtlesim/include/turtlesim/srv/spawn__rosidl_typesupport_introspection_cpp.hpp
-- Symlinking: /home/aitor/ros2/install/turtlesim/include/turtlesim/srv/teleport_absolute__rosidl_typesupport_introspection_cpp.hpp
-- Symlinking: /home/aitor/ros2/install/turtlesim/include/turtlesim/srv/teleport_relative__rosidl_typesupport_introspection_cpp.hpp
-- Symlinking: /home/aitor/ros2/install/turtlesim/lib/libturtlesim__rosidl_typesupport_introspection_cpp.so
-- Symlinking: /home/aitor/ros2/install/turtlesim/include/turtlesim/action/rotate_absolute__rosidl_typesupport_fastrtps_c.h
-- Symlinking: /home/aitor/ros2/install/turtlesim/include/turtlesim/msg/color__rosidl_typesupport_fastrtps_c.h
-- Symlinking: /home/aitor/ros2/install/turtlesim/include/turtlesim/msg/pose__rosidl_typesupport_fastrtps_c.h
-- Symlinking: /home/aitor/ros2/install/turtlesim/include/turtlesim/msg/rosidl_typesupport_fastrtps_c__visibility_control.h
-- Symlinking: /home/aitor/ros2/install/turtlesim/include/turtlesim/srv/kill__rosidl_typesupport_fastrtps_c.h
-- Symlinking: /home/aitor/ros2/install/turtlesim/include/turtlesim/srv/set_pen__rosidl_typesupport_fastrtps_c.h
-- Symlinking: /home/aitor/ros2/install/turtlesim/include/turtlesim/srv/spawn__rosidl_typesupport_fastrtps_c.h
-- Symlinking: /home/aitor/ros2/install/turtlesim/include/turtlesim/srv/teleport_absolute__rosidl_typesupport_fastrtps_c.h
-- Symlinking: /home/aitor/ros2/install/turtlesim/include/turtlesim/srv/teleport_relative__rosidl_typesupport_fastrtps_c.h
-- Symlinking: /home/aitor/ros2/install/turtlesim/lib/libturtlesim__rosidl_typesupport_fastrtps_c.so
-- Symlinking: /home/aitor/ros2/install/turtlesim/include/turtlesim/action/rotate_absolute__rosidl_typesupport_fastrtps_cpp.hpp
-- Symlinking: /home/aitor/ros2/install/turtlesim/include/turtlesim/msg/color__rosidl_typesupport_fastrtps_cpp.hpp
-- Symlinking: /home/aitor/ros2/install/turtlesim/include/turtlesim/msg/pose__rosidl_typesupport_fastrtps_cpp.hpp
-- Symlinking: /home/aitor/ros2/install/turtlesim/include/turtlesim/msg/rosidl_typesupport_fastrtps_cpp__visibility_control.h
-- Symlinking: /home/aitor/ros2/install/turtlesim/include/turtlesim/srv/kill__rosidl_typesupport_fastrtps_cpp.hpp
-- Symlinking: /home/aitor/ros2/install/turtlesim/include/turtlesim/srv/set_pen__rosidl_typesupport_fastrtps_cpp.hpp
-- Symlinking: /home/aitor/ros2/install/turtlesim/include/turtlesim/srv/spawn__rosidl_typesupport_fastrtps_cpp.hpp
-- Symlinking: /home/aitor/ros2/install/turtlesim/include/turtlesim/srv/teleport_absolute__rosidl_typesupport_fastrtps_cpp.hpp
-- Symlinking: /home/aitor/ros2/install/turtlesim/include/turtlesim/srv/teleport_relative__rosidl_typesupport_fastrtps_cpp.hpp
-- Symlinking: /home/aitor/ros2/install/turtlesim/lib/libturtlesim__rosidl_typesupport_fastrtps_cpp.so
-- Symlinking: /home/aitor/ros2/install/turtlesim/share/turtlesim/environment/pythonpath.sh
-- Symlinking: /home/aitor/ros2/install/turtlesim/share/turtlesim/environment/pythonpath.dsv
-- Symlinking: /home/aitor/ros2/install/turtlesim/lib/python3.6/site-packages/turtlesim/__init__.py
-- Symlinking: /home/aitor/ros2/install/turtlesim/lib/python3.6/site-packages/turtlesim/action/__init__.py
-- Symlinking: /home/aitor/ros2/install/turtlesim/lib/python3.6/site-packages/turtlesim/action/_rotate_absolute.py
-- Symlinking: /home/aitor/ros2/install/turtlesim/lib/python3.6/site-packages/turtlesim/msg/__init__.py
-- Symlinking: /home/aitor/ros2/install/turtlesim/lib/python3.6/site-packages/turtlesim/msg/_color.py
-- Symlinking: /home/aitor/ros2/install/turtlesim/lib/python3.6/site-packages/turtlesim/msg/_pose.py
-- Symlinking: /home/aitor/ros2/install/turtlesim/lib/python3.6/site-packages/turtlesim/srv/__init__.py
-- Symlinking: /home/aitor/ros2/install/turtlesim/lib/python3.6/site-packages/turtlesim/srv/_kill.py
-- Symlinking: /home/aitor/ros2/install/turtlesim/lib/python3.6/site-packages/turtlesim/srv/_set_pen.py
-- Symlinking: /home/aitor/ros2/install/turtlesim/lib/python3.6/site-packages/turtlesim/srv/_spawn.py
-- Symlinking: /home/aitor/ros2/install/turtlesim/lib/python3.6/site-packages/turtlesim/srv/_teleport_absolute.py
-- Symlinking: /home/aitor/ros2/install/turtlesim/lib/python3.6/site-packages/turtlesim/srv/_teleport_relative.py
-- Symlinking: /home/aitor/ros2/install/turtlesim/lib/python3.6/site-packages/turtlesim/turtlesim_s__rosidl_typesupport_c.cpython-36m-x86_64-linux-gnu.so
-- Symlinking: /home/aitor/ros2/install/turtlesim/lib/python3.6/site-packages/turtlesim/turtlesim_s__rosidl_typesupport_fastrtps_c.cpython-36m-x86_64-linux-gnu.so
-- Symlinking: /home/aitor/ros2/install/turtlesim/lib/libturtlesim__python.so
-- Symlinking: /home/aitor/ros2/install/turtlesim/share/turtlesim/action/RotateAbsolute.idl
-- Symlinking: /home/aitor/ros2/install/turtlesim/share/turtlesim/msg/Color.idl
-- Symlinking: /home/aitor/ros2/install/turtlesim/share/turtlesim/msg/Pose.idl
-- Symlinking: /home/aitor/ros2/install/turtlesim/share/turtlesim/srv/Kill.idl
-- Symlinking: /home/aitor/ros2/install/turtlesim/share/turtlesim/srv/SetPen.idl
-- Symlinking: /home/aitor/ros2/install/turtlesim/share/turtlesim/srv/Spawn.idl
-- Symlinking: /home/aitor/ros2/install/turtlesim/share/turtlesim/srv/TeleportAbsolute.idl
-- Symlinking: /home/aitor/ros2/install/turtlesim/share/turtlesim/srv/TeleportRelative.idl
-- Symlinking: /home/aitor/ros2/install/turtlesim/share/turtlesim/action/RotateAbsolute.action
-- Symlinking: /home/aitor/ros2/install/turtlesim/share/turtlesim/msg/Color.msg
-- Symlinking: /home/aitor/ros2/install/turtlesim/share/turtlesim/msg/Pose.msg
-- Symlinking: /home/aitor/ros2/install/turtlesim/share/turtlesim/srv/Kill.srv
-- Symlinking: /home/aitor/ros2/install/turtlesim/share/turtlesim/srv/Kill_Request.msg
-- Symlinking: /home/aitor/ros2/install/turtlesim/share/turtlesim/srv/Kill_Response.msg
-- Symlinking: /home/aitor/ros2/install/turtlesim/share/turtlesim/srv/SetPen.srv
-- Symlinking: /home/aitor/ros2/install/turtlesim/share/turtlesim/srv/SetPen_Request.msg
-- Symlinking: /home/aitor/ros2/install/turtlesim/share/turtlesim/srv/SetPen_Response.msg
-- Symlinking: /home/aitor/ros2/install/turtlesim/share/turtlesim/srv/Spawn.srv
-- Symlinking: /home/aitor/ros2/install/turtlesim/share/turtlesim/srv/Spawn_Request.msg
-- Symlinking: /home/aitor/ros2/install/turtlesim/share/turtlesim/srv/Spawn_Response.msg
-- Symlinking: /home/aitor/ros2/install/turtlesim/share/turtlesim/srv/TeleportAbsolute.srv
-- Symlinking: /home/aitor/ros2/install/turtlesim/share/turtlesim/srv/TeleportAbsolute_Request.msg
-- Symlinking: /home/aitor/ros2/install/turtlesim/share/turtlesim/srv/TeleportAbsolute_Response.msg
-- Symlinking: /home/aitor/ros2/install/turtlesim/share/turtlesim/srv/TeleportRelative.srv
-- Symlinking: /home/aitor/ros2/install/turtlesim/share/turtlesim/srv/TeleportRelative_Request.msg
-- Symlinking: /home/aitor/ros2/install/turtlesim/share/turtlesim/srv/TeleportRelative_Response.msg
-- Symlinking: /home/aitor/ros2/install/turtlesim/lib/turtlesim/turtlesim_node
-- Symlinking: /home/aitor/ros2/install/turtlesim/lib/turtlesim/turtle_teleop_key
-- Symlinking: /home/aitor/ros2/install/turtlesim/lib/turtlesim/draw_square
-- Symlinking: /home/aitor/ros2/install/turtlesim/lib/turtlesim/mimic
-- Symlinking: /home/aitor/ros2/install/turtlesim/share/turtlesim/launch/multisim.launch.py
-- Symlinking: /home/aitor/ros2/install/turtlesim/share/ament_index/resource_index/package_run_dependencies/turtlesim
-- Symlinking: /home/aitor/ros2/install/turtlesim/share/ament_index/resource_index/parent_prefix_path/turtlesim
-- Symlinking: /home/aitor/ros2/install/turtlesim/share/turtlesim/environment/ament_prefix_path.sh
-- Symlinking: /home/aitor/ros2/install/turtlesim/share/turtlesim/environment/ament_prefix_path.dsv
-- Symlinking: /home/aitor/ros2/install/turtlesim/share/turtlesim/environment/path.sh
-- Symlinking: /home/aitor/ros2/install/turtlesim/share/turtlesim/environment/path.dsv
-- Symlinking: /home/aitor/ros2/install/turtlesim/share/turtlesim/local_setup.bash
-- Symlinking: /home/aitor/ros2/install/turtlesim/share/turtlesim/local_setup.sh
-- Symlinking: /home/aitor/ros2/install/turtlesim/share/turtlesim/local_setup.zsh
-- Symlinking: /home/aitor/ros2/install/turtlesim/share/turtlesim/local_setup.dsv
-- Symlinking: /home/aitor/ros2/install/turtlesim/share/turtlesim/package.dsv
-- Symlinking: /home/aitor/ros2/install/turtlesim/share/ament_index/resource_index/packages/turtlesim
-- Symlinking: /home/aitor/ros2/install/turtlesim/share/turtlesim/cmake/rosidl_cmake-extras.cmake
-- Symlinking: /home/aitor/ros2/install/turtlesim/share/turtlesim/cmake/ament_cmake_export_dependencies-extras.cmake
-- Symlinking: /home/aitor/ros2/install/turtlesim/share/turtlesim/cmake/ament_cmake_export_include_directories-extras.cmake
-- Symlinking: /home/aitor/ros2/install/turtlesim/share/turtlesim/cmake/ament_cmake_export_libraries-extras.cmake
-- Symlinking: /home/aitor/ros2/install/turtlesim/share/turtlesim/cmake/turtlesimConfig.cmake
-- Symlinking: /home/aitor/ros2/install/turtlesim/share/turtlesim/cmake/turtlesimConfig-version.cmake
-- Symlinking: /home/aitor/ros2/install/turtlesim/share/turtlesim/package.xml
Compiling '/home/aitor/ros2/install/turtlesim/lib/python3.6/site-packages/turtlesim/__init__.py'...
-- Up-to-date: /home/aitor/ros2/install/turtlesim/share/turtlesim/images
-- Up-to-date: /home/aitor/ros2/install/turtlesim/share/turtlesim/images/eloquent.png
-- Up-to-date: /home/aitor/ros2/install/turtlesim/share/turtlesim/images/bouncy.png
-- Up-to-date: /home/aitor/ros2/install/turtlesim/share/turtlesim/images/crystal.png
-- Up-to-date: /home/aitor/ros2/install/turtlesim/share/turtlesim/images/ardent.png
-- Up-to-date: /home/aitor/ros2/install/turtlesim/share/turtlesim/images/dashing.png
