[0.198s] Invoking command in '/home/aitor/ros2/build/turtlesim': CMAKE_PREFIX_PATH=${CMAKE_PREFIX_PATH}:/home/aitor/ros2/week2_ws/install/my_python_package:/home/aitor/ros2/install/my_python_package:/opt/ros/eloquent /usr/bin/cmake /home/aitor/ros2/week1_ws/ros_tutorials/turtlesim -DAMENT_CMAKE_SYMLINK_INSTALL=1 -DCMAKE_INSTALL_PREFIX=/home/aitor/ros2/install/turtlesim
[0.213s] -- Found ament_cmake: 0.8.2 (/opt/ros/eloquent/share/ament_cmake/cmake)
[0.235s] -- Found PythonInterp: /usr/bin/python3 (found suitable version "3.6.9", minimum required is "3") 
[0.236s] -- Using PYTHON_EXECUTABLE: /usr/bin/python3
[0.381s] -- Override CMake install command with custom implementation using symlinks instead of copying resources
[0.387s] -- Found ament_index_cpp: 0.7.2 (/opt/ros/eloquent/share/ament_index_cpp/cmake)
[0.390s] -- Found geometry_msgs: 0.8.1 (/opt/ros/eloquent/share/geometry_msgs/cmake)
[0.397s] -- Found rosidl_adapter: 0.8.2 (/opt/ros/eloquent/share/rosidl_adapter/cmake)
[0.435s] -- Found rclcpp: 0.8.4 (/opt/ros/eloquent/share/rclcpp/cmake)
[0.445s] -- Found rmw_implementation_cmake: 0.8.1 (/opt/ros/eloquent/share/rmw_implementation_cmake/cmake)
[0.446s] -- Using RMW implementation 'rmw_fastrtps_cpp' as default
[0.471s] -- Found rclcpp_action: 0.8.4 (/opt/ros/eloquent/share/rclcpp_action/cmake)
[0.527s] -- Found rosidl_default_generators: 0.8.0 (/opt/ros/eloquent/share/rosidl_default_generators/cmake)
[0.598s] -- Found std_srvs: 0.8.1 (/opt/ros/eloquent/share/std_srvs/cmake)
[0.628s] -- Found PythonInterp: /usr/bin/python3 (found version "3.6.9") 
[0.805s] -- Using single matching rosidl_typesupport_c: rosidl_typesupport_fastrtps_c
[0.816s] -- Using single matching rosidl_typesupport_cpp: rosidl_typesupport_fastrtps_cpp
[0.940s] -- Found PythonInterp: /usr/bin/python3 (found suitable version "3.6.9", minimum required is "3.5") 
[0.940s] -- Found python_cmake_module: 0.8.0 (/opt/ros/eloquent/share/python_cmake_module/cmake)
[0.964s] -- Using PYTHON_EXECUTABLE: /usr/bin/python3
[0.965s] -- Using PYTHON_INCLUDE_DIRS: /usr/include/python3.6m
[0.965s] -- Using PYTHON_LIBRARIES: /usr/lib/x86_64-linux-gnu/libpython3.6m.so
[1.263s] -- Configuring done
[1.426s] -- Generating done
[1.429s] -- Build files have been written to: /home/aitor/ros2/build/turtlesim
[1.437s] Invoked command in '/home/aitor/ros2/build/turtlesim' returned '0': CMAKE_PREFIX_PATH=${CMAKE_PREFIX_PATH}:/home/aitor/ros2/week2_ws/install/my_python_package:/home/aitor/ros2/install/my_python_package:/opt/ros/eloquent /usr/bin/cmake /home/aitor/ros2/week1_ws/ros_tutorials/turtlesim -DAMENT_CMAKE_SYMLINK_INSTALL=1 -DCMAKE_INSTALL_PREFIX=/home/aitor/ros2/install/turtlesim
[1.439s] Invoking command in '/home/aitor/ros2/build/turtlesim': CMAKE_PREFIX_PATH=${CMAKE_PREFIX_PATH}:/home/aitor/ros2/week2_ws/install/my_python_package:/home/aitor/ros2/install/my_python_package:/opt/ros/eloquent /usr/bin/cmake --build /home/aitor/ros2/build/turtlesim -- -j8 -l8
[1.486s] [  1%] Built target turtlesim__cpp
[1.488s] [  2%] [32m[1mLinking C shared library libturtlesim__rosidl_generator_c.so[0m
[1.514s] [  3%] [32m[1mLinking CXX shared library libturtlesim__rosidl_typesupport_introspection_cpp.so[0m
[1.519s] [  4%] [32m[1mLinking CXX shared library libturtlesim__rosidl_typesupport_fastrtps_cpp.so[0m
[1.528s] [ 13%] Built target turtlesim__rosidl_generator_c
[1.566s] [ 14%] [32m[1mLinking C shared library libturtlesim__rosidl_typesupport_introspection_c.so[0m
[1.599s] [ 23%] Built target turtlesim__rosidl_typesupport_introspection_cpp
[1.610s] [ 32%] Built target turtlesim__rosidl_typesupport_introspection_c
[1.624s] [ 42%] Built target turtlesim__rosidl_typesupport_fastrtps_cpp
[1.649s] [ 44%] [32m[1mLinking CXX shared library libturtlesim__rosidl_typesupport_cpp.so[0m
[1.649s] [ 44%] [32m[1mLinking CXX shared library libturtlesim__rosidl_typesupport_fastrtps_c.so[0m
[1.738s] [ 53%] Built target turtlesim__rosidl_typesupport_cpp
[1.743s] [ 62%] Built target turtlesim__rosidl_typesupport_fastrtps_c
[1.766s] [ 63%] [32m[1mLinking CXX shared library libturtlesim__rosidl_typesupport_c.so[0m
[1.817s] [ 73%] Built target turtlesim__rosidl_typesupport_c
[1.834s] [ 73%] Built target turtlesim
[1.859s] [ 74%] Built target turtlesim__py
[1.873s] [ 75%] [32m[1mLinking CXX executable mimic[0m
[1.873s] [ 76%] [32m[1mLinking CXX executable turtle_teleop_key[0m
[1.877s] [ 77%] [32m[1mLinking CXX executable draw_square[0m
[1.894s] [ 78%] [32m[1mLinking CXX executable turtlesim_node[0m
[1.923s] [ 79%] [32m[1mLinking CXX shared library rosidl_generator_py/turtlesim/libturtlesim__python.so[0m
[2.065s] [ 87%] Built target turtlesim__python
[2.132s] [ 88%] [32m[1mLinking CXX shared library rosidl_generator_py/turtlesim/turtlesim_s__rosidl_typesupport_fastrtps_c.cpython-36m-x86_64-linux-gnu.so[0m
[2.160s] [ 89%] [32m[1mLinking CXX shared library rosidl_generator_py/turtlesim/turtlesim_s__rosidl_typesupport_c.cpython-36m-x86_64-linux-gnu.so[0m
[2.295s] [ 90%] Built target turtlesim__rosidl_typesupport_fastrtps_c__pyext
[2.327s] [ 91%] Built target turtlesim__rosidl_typesupport_c__pyext
[2.358s] [ 92%] Built target turtle_teleop_key
[2.462s] [ 93%] Built target mimic
[2.465s] [ 94%] Built target draw_square
[3.669s] [100%] Built target turtlesim_node
[3.679s] Invoked command in '/home/aitor/ros2/build/turtlesim' returned '0': CMAKE_PREFIX_PATH=${CMAKE_PREFIX_PATH}:/home/aitor/ros2/week2_ws/install/my_python_package:/home/aitor/ros2/install/my_python_package:/opt/ros/eloquent /usr/bin/cmake --build /home/aitor/ros2/build/turtlesim -- -j8 -l8
[3.810s] Invoking command in '/home/aitor/ros2/build/turtlesim': CMAKE_PREFIX_PATH=${CMAKE_PREFIX_PATH}:/home/aitor/ros2/week2_ws/install/my_python_package:/home/aitor/ros2/install/my_python_package:/opt/ros/eloquent /usr/bin/cmake --build /home/aitor/ros2/build/turtlesim --target install -- -j8 -l8
[3.854s] [  1%] Built target turtlesim__cpp
[3.858s] [ 11%] Built target turtlesim__rosidl_generator_c
[3.883s] [ 21%] Built target turtlesim__rosidl_typesupport_introspection_cpp
[3.885s] [ 36%] Built target turtlesim__rosidl_typesupport_fastrtps_cpp
[3.885s] [ 42%] Built target turtlesim__rosidl_typesupport_introspection_c
[3.915s] [ 60%] Built target turtlesim__rosidl_typesupport_fastrtps_c
[3.915s] [ 62%] Built target turtlesim__rosidl_typesupport_cpp
[3.938s] [ 73%] Built target turtlesim__rosidl_typesupport_c
[3.956s] [ 73%] Built target turtlesim
[3.986s] [ 74%] Built target turtlesim__py
[3.992s] [ 76%] Built target draw_square
[3.992s] [ 78%] Built target mimic
[3.993s] [ 80%] Built target turtle_teleop_key
[4.010s] [ 86%] Built target turtlesim_node
[4.015s] [ 95%] Built target turtlesim__python
[4.038s] [100%] Built target turtlesim__rosidl_typesupport_c__pyext
[4.038s] [100%] Built target turtlesim__rosidl_typesupport_fastrtps_c__pyext
[4.058s] [36mInstall the project...[0m
[4.067s] -- Install configuration: ""
[4.067s] -- Execute custom install script
[4.067s] -- Symlinking: /home/aitor/ros2/install/turtlesim/share/ament_index/resource_index/rosidl_interfaces/turtlesim
[4.075s] -- Symlinking: /home/aitor/ros2/install/turtlesim/include/turtlesim/action/rotate_absolute.hpp
[4.083s] -- Symlinking: /home/aitor/ros2/install/turtlesim/include/turtlesim/action/rotate_absolute__struct.hpp
[4.091s] -- Symlinking: /home/aitor/ros2/install/turtlesim/include/turtlesim/action/rotate_absolute__traits.hpp
[4.098s] -- Symlinking: /home/aitor/ros2/install/turtlesim/include/turtlesim/msg/color.hpp
[4.106s] -- Symlinking: /home/aitor/ros2/install/turtlesim/include/turtlesim/msg/color__struct.hpp
[4.114s] -- Symlinking: /home/aitor/ros2/install/turtlesim/include/turtlesim/msg/color__traits.hpp
[4.122s] -- Symlinking: /home/aitor/ros2/install/turtlesim/include/turtlesim/msg/pose.hpp
[4.130s] -- Symlinking: /home/aitor/ros2/install/turtlesim/include/turtlesim/msg/pose__struct.hpp
[4.138s] -- Symlinking: /home/aitor/ros2/install/turtlesim/include/turtlesim/msg/pose__traits.hpp
[4.146s] -- Symlinking: /home/aitor/ros2/install/turtlesim/include/turtlesim/srv/kill.hpp
[4.154s] -- Symlinking: /home/aitor/ros2/install/turtlesim/include/turtlesim/srv/kill__struct.hpp
[4.162s] -- Symlinking: /home/aitor/ros2/install/turtlesim/include/turtlesim/srv/kill__traits.hpp
[4.170s] -- Symlinking: /home/aitor/ros2/install/turtlesim/include/turtlesim/srv/set_pen.hpp
[4.178s] -- Symlinking: /home/aitor/ros2/install/turtlesim/include/turtlesim/srv/set_pen__struct.hpp
[4.186s] -- Symlinking: /home/aitor/ros2/install/turtlesim/include/turtlesim/srv/set_pen__traits.hpp
[4.195s] -- Symlinking: /home/aitor/ros2/install/turtlesim/include/turtlesim/srv/spawn.hpp
[4.204s] -- Symlinking: /home/aitor/ros2/install/turtlesim/include/turtlesim/srv/spawn__struct.hpp
[4.212s] -- Symlinking: /home/aitor/ros2/install/turtlesim/include/turtlesim/srv/spawn__traits.hpp
[4.220s] -- Symlinking: /home/aitor/ros2/install/turtlesim/include/turtlesim/srv/teleport_absolute.hpp
[4.229s] -- Symlinking: /home/aitor/ros2/install/turtlesim/include/turtlesim/srv/teleport_absolute__struct.hpp
[4.237s] -- Symlinking: /home/aitor/ros2/install/turtlesim/include/turtlesim/srv/teleport_absolute__traits.hpp
[4.245s] -- Symlinking: /home/aitor/ros2/install/turtlesim/include/turtlesim/srv/teleport_relative.hpp
[4.253s] -- Symlinking: /home/aitor/ros2/install/turtlesim/include/turtlesim/srv/teleport_relative__struct.hpp
[4.261s] -- Symlinking: /home/aitor/ros2/install/turtlesim/include/turtlesim/srv/teleport_relative__traits.hpp
[4.270s] -- Symlinking: /home/aitor/ros2/install/turtlesim/include/turtlesim/action/rotate_absolute.h
[4.278s] -- Symlinking: /home/aitor/ros2/install/turtlesim/include/turtlesim/action/rotate_absolute__functions.h
[4.286s] -- Symlinking: /home/aitor/ros2/install/turtlesim/include/turtlesim/action/rotate_absolute__struct.h
[4.295s] -- Symlinking: /home/aitor/ros2/install/turtlesim/include/turtlesim/action/rotate_absolute__type_support.h
[4.303s] -- Symlinking: /home/aitor/ros2/install/turtlesim/include/turtlesim/msg/color.h
[4.314s] -- Symlinking: /home/aitor/ros2/install/turtlesim/include/turtlesim/msg/color__functions.h
[4.322s] -- Symlinking: /home/aitor/ros2/install/turtlesim/include/turtlesim/msg/color__struct.h
[4.331s] -- Symlinking: /home/aitor/ros2/install/turtlesim/include/turtlesim/msg/color__type_support.h
[4.339s] -- Symlinking: /home/aitor/ros2/install/turtlesim/include/turtlesim/msg/pose.h
[4.347s] -- Symlinking: /home/aitor/ros2/install/turtlesim/include/turtlesim/msg/pose__functions.h
[4.355s] -- Symlinking: /home/aitor/ros2/install/turtlesim/include/turtlesim/msg/pose__struct.h
[4.363s] -- Symlinking: /home/aitor/ros2/install/turtlesim/include/turtlesim/msg/pose__type_support.h
[4.371s] -- Symlinking: /home/aitor/ros2/install/turtlesim/include/turtlesim/msg/rosidl_generator_c__visibility_control.h
[4.380s] -- Symlinking: /home/aitor/ros2/install/turtlesim/include/turtlesim/srv/kill.h
[4.388s] -- Symlinking: /home/aitor/ros2/install/turtlesim/include/turtlesim/srv/kill__functions.h
[4.398s] -- Symlinking: /home/aitor/ros2/install/turtlesim/include/turtlesim/srv/kill__struct.h
[4.406s] -- Symlinking: /home/aitor/ros2/install/turtlesim/include/turtlesim/srv/kill__type_support.h
[4.415s] -- Symlinking: /home/aitor/ros2/install/turtlesim/include/turtlesim/srv/set_pen.h
[4.422s] -- Symlinking: /home/aitor/ros2/install/turtlesim/include/turtlesim/srv/set_pen__functions.h
[4.430s] -- Symlinking: /home/aitor/ros2/install/turtlesim/include/turtlesim/srv/set_pen__struct.h
[4.438s] -- Symlinking: /home/aitor/ros2/install/turtlesim/include/turtlesim/srv/set_pen__type_support.h
[4.446s] -- Symlinking: /home/aitor/ros2/install/turtlesim/include/turtlesim/srv/spawn.h
[4.454s] -- Symlinking: /home/aitor/ros2/install/turtlesim/include/turtlesim/srv/spawn__functions.h
[4.462s] -- Symlinking: /home/aitor/ros2/install/turtlesim/include/turtlesim/srv/spawn__struct.h
[4.470s] -- Symlinking: /home/aitor/ros2/install/turtlesim/include/turtlesim/srv/spawn__type_support.h
[4.481s] -- Symlinking: /home/aitor/ros2/install/turtlesim/include/turtlesim/srv/teleport_absolute.h
[4.493s] -- Symlinking: /home/aitor/ros2/install/turtlesim/include/turtlesim/srv/teleport_absolute__functions.h
[4.502s] -- Symlinking: /home/aitor/ros2/install/turtlesim/include/turtlesim/srv/teleport_absolute__struct.h
[4.510s] -- Symlinking: /home/aitor/ros2/install/turtlesim/include/turtlesim/srv/teleport_absolute__type_support.h
[4.519s] -- Symlinking: /home/aitor/ros2/install/turtlesim/include/turtlesim/srv/teleport_relative.h
[4.527s] -- Symlinking: /home/aitor/ros2/install/turtlesim/include/turtlesim/srv/teleport_relative__functions.h
[4.538s] -- Symlinking: /home/aitor/ros2/install/turtlesim/include/turtlesim/srv/teleport_relative__struct.h
[4.546s] -- Symlinking: /home/aitor/ros2/install/turtlesim/include/turtlesim/srv/teleport_relative__type_support.h
[4.557s] -- Symlinking: /home/aitor/ros2/install/turtlesim/share/turtlesim/environment/library_path.sh
[4.565s] -- Symlinking: /home/aitor/ros2/install/turtlesim/share/turtlesim/environment/library_path.dsv
[4.573s] -- Symlinking: /home/aitor/ros2/install/turtlesim/lib/libturtlesim__rosidl_generator_c.so
[4.582s] -- Symlinking: /home/aitor/ros2/install/turtlesim/lib/libturtlesim__rosidl_typesupport_c.so
[4.590s] -- Symlinking: /home/aitor/ros2/install/turtlesim/lib/libturtlesim__rosidl_typesupport_cpp.so
[4.599s] -- Symlinking: /home/aitor/ros2/install/turtlesim/include/turtlesim/action/rotate_absolute__rosidl_typesupport_introspection_c.h
[4.608s] -- Symlinking: /home/aitor/ros2/install/turtlesim/include/turtlesim/msg/color__rosidl_typesupport_introspection_c.h
[4.616s] -- Symlinking: /home/aitor/ros2/install/turtlesim/include/turtlesim/msg/pose__rosidl_typesupport_introspection_c.h
[4.625s] -- Symlinking: /home/aitor/ros2/install/turtlesim/include/turtlesim/msg/rosidl_typesupport_introspection_c__visibility_control.h
[4.633s] -- Symlinking: /home/aitor/ros2/install/turtlesim/include/turtlesim/srv/kill__rosidl_typesupport_introspection_c.h
[4.641s] -- Symlinking: /home/aitor/ros2/install/turtlesim/include/turtlesim/srv/set_pen__rosidl_typesupport_introspection_c.h
[4.649s] -- Symlinking: /home/aitor/ros2/install/turtlesim/include/turtlesim/srv/spawn__rosidl_typesupport_introspection_c.h
[4.657s] -- Symlinking: /home/aitor/ros2/install/turtlesim/include/turtlesim/srv/teleport_absolute__rosidl_typesupport_introspection_c.h
[4.665s] -- Symlinking: /home/aitor/ros2/install/turtlesim/include/turtlesim/srv/teleport_relative__rosidl_typesupport_introspection_c.h
[4.673s] -- Symlinking: /home/aitor/ros2/install/turtlesim/lib/libturtlesim__rosidl_typesupport_introspection_c.so
[4.685s] -- Symlinking: /home/aitor/ros2/install/turtlesim/include/turtlesim/action/rotate_absolute__rosidl_typesupport_introspection_cpp.hpp
[4.693s] -- Symlinking: /home/aitor/ros2/install/turtlesim/include/turtlesim/msg/color__rosidl_typesupport_introspection_cpp.hpp
[4.701s] -- Symlinking: /home/aitor/ros2/install/turtlesim/include/turtlesim/msg/pose__rosidl_typesupport_introspection_cpp.hpp
[4.709s] -- Symlinking: /home/aitor/ros2/install/turtlesim/include/turtlesim/srv/kill__rosidl_typesupport_introspection_cpp.hpp
[4.717s] -- Symlinking: /home/aitor/ros2/install/turtlesim/include/turtlesim/srv/set_pen__rosidl_typesupport_introspection_cpp.hpp
[4.725s] -- Symlinking: /home/aitor/ros2/install/turtlesim/include/turtlesim/srv/spawn__rosidl_typesupport_introspection_cpp.hpp
[4.734s] -- Symlinking: /home/aitor/ros2/install/turtlesim/include/turtlesim/srv/teleport_absolute__rosidl_typesupport_introspection_cpp.hpp
[4.742s] -- Symlinking: /home/aitor/ros2/install/turtlesim/include/turtlesim/srv/teleport_relative__rosidl_typesupport_introspection_cpp.hpp
[4.753s] -- Symlinking: /home/aitor/ros2/install/turtlesim/lib/libturtlesim__rosidl_typesupport_introspection_cpp.so
[4.762s] -- Symlinking: /home/aitor/ros2/install/turtlesim/include/turtlesim/action/rotate_absolute__rosidl_typesupport_fastrtps_c.h
[4.773s] -- Symlinking: /home/aitor/ros2/install/turtlesim/include/turtlesim/msg/color__rosidl_typesupport_fastrtps_c.h
[4.784s] -- Symlinking: /home/aitor/ros2/install/turtlesim/include/turtlesim/msg/pose__rosidl_typesupport_fastrtps_c.h
[4.795s] -- Symlinking: /home/aitor/ros2/install/turtlesim/include/turtlesim/msg/rosidl_typesupport_fastrtps_c__visibility_control.h
[4.803s] -- Symlinking: /home/aitor/ros2/install/turtlesim/include/turtlesim/srv/kill__rosidl_typesupport_fastrtps_c.h
[4.811s] -- Symlinking: /home/aitor/ros2/install/turtlesim/include/turtlesim/srv/set_pen__rosidl_typesupport_fastrtps_c.h
[4.819s] -- Symlinking: /home/aitor/ros2/install/turtlesim/include/turtlesim/srv/spawn__rosidl_typesupport_fastrtps_c.h
[4.827s] -- Symlinking: /home/aitor/ros2/install/turtlesim/include/turtlesim/srv/teleport_absolute__rosidl_typesupport_fastrtps_c.h
[4.839s] -- Symlinking: /home/aitor/ros2/install/turtlesim/include/turtlesim/srv/teleport_relative__rosidl_typesupport_fastrtps_c.h
[4.847s] -- Symlinking: /home/aitor/ros2/install/turtlesim/lib/libturtlesim__rosidl_typesupport_fastrtps_c.so
[4.856s] -- Symlinking: /home/aitor/ros2/install/turtlesim/include/turtlesim/action/rotate_absolute__rosidl_typesupport_fastrtps_cpp.hpp
[4.865s] -- Symlinking: /home/aitor/ros2/install/turtlesim/include/turtlesim/msg/color__rosidl_typesupport_fastrtps_cpp.hpp
[4.873s] -- Symlinking: /home/aitor/ros2/install/turtlesim/include/turtlesim/msg/pose__rosidl_typesupport_fastrtps_cpp.hpp
[4.881s] -- Symlinking: /home/aitor/ros2/install/turtlesim/include/turtlesim/msg/rosidl_typesupport_fastrtps_cpp__visibility_control.h
[4.889s] -- Symlinking: /home/aitor/ros2/install/turtlesim/include/turtlesim/srv/kill__rosidl_typesupport_fastrtps_cpp.hpp
[4.898s] -- Symlinking: /home/aitor/ros2/install/turtlesim/include/turtlesim/srv/set_pen__rosidl_typesupport_fastrtps_cpp.hpp
[4.906s] -- Symlinking: /home/aitor/ros2/install/turtlesim/include/turtlesim/srv/spawn__rosidl_typesupport_fastrtps_cpp.hpp
[4.914s] -- Symlinking: /home/aitor/ros2/install/turtlesim/include/turtlesim/srv/teleport_absolute__rosidl_typesupport_fastrtps_cpp.hpp
[4.925s] -- Symlinking: /home/aitor/ros2/install/turtlesim/include/turtlesim/srv/teleport_relative__rosidl_typesupport_fastrtps_cpp.hpp
[4.935s] -- Symlinking: /home/aitor/ros2/install/turtlesim/lib/libturtlesim__rosidl_typesupport_fastrtps_cpp.so
[4.943s] -- Symlinking: /home/aitor/ros2/install/turtlesim/share/turtlesim/environment/pythonpath.sh
[4.952s] -- Symlinking: /home/aitor/ros2/install/turtlesim/share/turtlesim/environment/pythonpath.dsv
[4.960s] -- Symlinking: /home/aitor/ros2/install/turtlesim/lib/python3.6/site-packages/turtlesim/__init__.py
[4.969s] -- Symlinking: /home/aitor/ros2/install/turtlesim/lib/python3.6/site-packages/turtlesim/action/__init__.py
[4.977s] -- Symlinking: /home/aitor/ros2/install/turtlesim/lib/python3.6/site-packages/turtlesim/action/_rotate_absolute.py
[4.985s] -- Symlinking: /home/aitor/ros2/install/turtlesim/lib/python3.6/site-packages/turtlesim/msg/__init__.py
[4.993s] -- Symlinking: /home/aitor/ros2/install/turtlesim/lib/python3.6/site-packages/turtlesim/msg/_color.py
[5.000s] -- Symlinking: /home/aitor/ros2/install/turtlesim/lib/python3.6/site-packages/turtlesim/msg/_pose.py
[5.008s] -- Symlinking: /home/aitor/ros2/install/turtlesim/lib/python3.6/site-packages/turtlesim/srv/__init__.py
[5.016s] -- Symlinking: /home/aitor/ros2/install/turtlesim/lib/python3.6/site-packages/turtlesim/srv/_kill.py
[5.024s] -- Symlinking: /home/aitor/ros2/install/turtlesim/lib/python3.6/site-packages/turtlesim/srv/_set_pen.py
[5.032s] -- Symlinking: /home/aitor/ros2/install/turtlesim/lib/python3.6/site-packages/turtlesim/srv/_spawn.py
[5.040s] -- Symlinking: /home/aitor/ros2/install/turtlesim/lib/python3.6/site-packages/turtlesim/srv/_teleport_absolute.py
[5.047s] -- Symlinking: /home/aitor/ros2/install/turtlesim/lib/python3.6/site-packages/turtlesim/srv/_teleport_relative.py
[5.055s] -- Symlinking: /home/aitor/ros2/install/turtlesim/lib/python3.6/site-packages/turtlesim/turtlesim_s__rosidl_typesupport_c.cpython-36m-x86_64-linux-gnu.so
[5.063s] -- Symlinking: /home/aitor/ros2/install/turtlesim/lib/python3.6/site-packages/turtlesim/turtlesim_s__rosidl_typesupport_fastrtps_c.cpython-36m-x86_64-linux-gnu.so
[5.071s] -- Symlinking: /home/aitor/ros2/install/turtlesim/lib/libturtlesim__python.so
[5.080s] -- Symlinking: /home/aitor/ros2/install/turtlesim/share/turtlesim/action/RotateAbsolute.idl
[5.088s] -- Symlinking: /home/aitor/ros2/install/turtlesim/share/turtlesim/msg/Color.idl
[5.096s] -- Symlinking: /home/aitor/ros2/install/turtlesim/share/turtlesim/msg/Pose.idl
[5.103s] -- Symlinking: /home/aitor/ros2/install/turtlesim/share/turtlesim/srv/Kill.idl
[5.111s] -- Symlinking: /home/aitor/ros2/install/turtlesim/share/turtlesim/srv/SetPen.idl
[5.119s] -- Symlinking: /home/aitor/ros2/install/turtlesim/share/turtlesim/srv/Spawn.idl
[5.127s] -- Symlinking: /home/aitor/ros2/install/turtlesim/share/turtlesim/srv/TeleportAbsolute.idl
[5.135s] -- Symlinking: /home/aitor/ros2/install/turtlesim/share/turtlesim/srv/TeleportRelative.idl
[5.143s] -- Symlinking: /home/aitor/ros2/install/turtlesim/share/turtlesim/action/RotateAbsolute.action
[5.152s] -- Symlinking: /home/aitor/ros2/install/turtlesim/share/turtlesim/msg/Color.msg
[5.159s] -- Symlinking: /home/aitor/ros2/install/turtlesim/share/turtlesim/msg/Pose.msg
[5.167s] -- Symlinking: /home/aitor/ros2/install/turtlesim/share/turtlesim/srv/Kill.srv
[5.175s] -- Symlinking: /home/aitor/ros2/install/turtlesim/share/turtlesim/srv/Kill_Request.msg
[5.183s] -- Symlinking: /home/aitor/ros2/install/turtlesim/share/turtlesim/srv/Kill_Response.msg
[5.191s] -- Symlinking: /home/aitor/ros2/install/turtlesim/share/turtlesim/srv/SetPen.srv
[5.200s] -- Symlinking: /home/aitor/ros2/install/turtlesim/share/turtlesim/srv/SetPen_Request.msg
[5.208s] -- Symlinking: /home/aitor/ros2/install/turtlesim/share/turtlesim/srv/SetPen_Response.msg
[5.217s] -- Symlinking: /home/aitor/ros2/install/turtlesim/share/turtlesim/srv/Spawn.srv
[5.225s] -- Symlinking: /home/aitor/ros2/install/turtlesim/share/turtlesim/srv/Spawn_Request.msg
[5.233s] -- Symlinking: /home/aitor/ros2/install/turtlesim/share/turtlesim/srv/Spawn_Response.msg
[5.242s] -- Symlinking: /home/aitor/ros2/install/turtlesim/share/turtlesim/srv/TeleportAbsolute.srv
[5.250s] -- Symlinking: /home/aitor/ros2/install/turtlesim/share/turtlesim/srv/TeleportAbsolute_Request.msg
[5.259s] -- Symlinking: /home/aitor/ros2/install/turtlesim/share/turtlesim/srv/TeleportAbsolute_Response.msg
[5.267s] -- Symlinking: /home/aitor/ros2/install/turtlesim/share/turtlesim/srv/TeleportRelative.srv
[5.275s] -- Symlinking: /home/aitor/ros2/install/turtlesim/share/turtlesim/srv/TeleportRelative_Request.msg
[5.283s] -- Symlinking: /home/aitor/ros2/install/turtlesim/share/turtlesim/srv/TeleportRelative_Response.msg
[5.292s] -- Symlinking: /home/aitor/ros2/install/turtlesim/lib/turtlesim/turtlesim_node
[5.300s] -- Symlinking: /home/aitor/ros2/install/turtlesim/lib/turtlesim/turtle_teleop_key
[5.308s] -- Symlinking: /home/aitor/ros2/install/turtlesim/lib/turtlesim/draw_square
[5.316s] -- Symlinking: /home/aitor/ros2/install/turtlesim/lib/turtlesim/mimic
[5.326s] -- Symlinking: /home/aitor/ros2/install/turtlesim/share/turtlesim/launch/multisim.launch.py
[5.334s] -- Symlinking: /home/aitor/ros2/install/turtlesim/share/ament_index/resource_index/package_run_dependencies/turtlesim
[5.342s] -- Symlinking: /home/aitor/ros2/install/turtlesim/share/ament_index/resource_index/parent_prefix_path/turtlesim
[5.350s] -- Symlinking: /home/aitor/ros2/install/turtlesim/share/turtlesim/environment/ament_prefix_path.sh
[5.358s] -- Symlinking: /home/aitor/ros2/install/turtlesim/share/turtlesim/environment/ament_prefix_path.dsv
[5.366s] -- Symlinking: /home/aitor/ros2/install/turtlesim/share/turtlesim/environment/path.sh
[5.374s] -- Symlinking: /home/aitor/ros2/install/turtlesim/share/turtlesim/environment/path.dsv
[5.382s] -- Symlinking: /home/aitor/ros2/install/turtlesim/share/turtlesim/local_setup.bash
[5.390s] -- Symlinking: /home/aitor/ros2/install/turtlesim/share/turtlesim/local_setup.sh
[5.398s] -- Symlinking: /home/aitor/ros2/install/turtlesim/share/turtlesim/local_setup.zsh
[5.405s] -- Symlinking: /home/aitor/ros2/install/turtlesim/share/turtlesim/local_setup.dsv
[5.413s] -- Symlinking: /home/aitor/ros2/install/turtlesim/share/turtlesim/package.dsv
[5.421s] -- Symlinking: /home/aitor/ros2/install/turtlesim/share/ament_index/resource_index/packages/turtlesim
[5.430s] -- Symlinking: /home/aitor/ros2/install/turtlesim/share/turtlesim/cmake/rosidl_cmake-extras.cmake
[5.439s] -- Symlinking: /home/aitor/ros2/install/turtlesim/share/turtlesim/cmake/ament_cmake_export_dependencies-extras.cmake
[5.446s] -- Symlinking: /home/aitor/ros2/install/turtlesim/share/turtlesim/cmake/ament_cmake_export_include_directories-extras.cmake
[5.454s] -- Symlinking: /home/aitor/ros2/install/turtlesim/share/turtlesim/cmake/ament_cmake_export_libraries-extras.cmake
[5.462s] -- Symlinking: /home/aitor/ros2/install/turtlesim/share/turtlesim/cmake/turtlesimConfig.cmake
[5.470s] -- Symlinking: /home/aitor/ros2/install/turtlesim/share/turtlesim/cmake/turtlesimConfig-version.cmake
[5.478s] -- Symlinking: /home/aitor/ros2/install/turtlesim/share/turtlesim/package.xml
[5.511s] Compiling '/home/aitor/ros2/install/turtlesim/lib/python3.6/site-packages/turtlesim/__init__.py'...
[5.515s] -- Up-to-date: /home/aitor/ros2/install/turtlesim/share/turtlesim/images
[5.515s] -- Up-to-date: /home/aitor/ros2/install/turtlesim/share/turtlesim/images/eloquent.png
[5.515s] -- Up-to-date: /home/aitor/ros2/install/turtlesim/share/turtlesim/images/bouncy.png
[5.515s] -- Up-to-date: /home/aitor/ros2/install/turtlesim/share/turtlesim/images/crystal.png
[5.515s] -- Up-to-date: /home/aitor/ros2/install/turtlesim/share/turtlesim/images/ardent.png
[5.515s] -- Up-to-date: /home/aitor/ros2/install/turtlesim/share/turtlesim/images/dashing.png
[5.519s] Invoked command in '/home/aitor/ros2/build/turtlesim' returned '0': CMAKE_PREFIX_PATH=${CMAKE_PREFIX_PATH}:/home/aitor/ros2/week2_ws/install/my_python_package:/home/aitor/ros2/install/my_python_package:/opt/ros/eloquent /usr/bin/cmake --build /home/aitor/ros2/build/turtlesim --target install -- -j8 -l8
