[0.203s] Invoking command in '/home/aitor/ros2/build/turtlesim': CMAKE_PREFIX_PATH=${CMAKE_PREFIX_PATH}:/home/aitor/ros2/week2_ws/install/my_python_package:/home/aitor/ros2/install/my_python_package:/opt/ros/eloquent /usr/bin/cmake /home/aitor/ros2/week1_ws/ros_tutorials/turtlesim -DCMAKE_INSTALL_PREFIX=/home/aitor/ros2/install/turtlesim
[0.222s] -- Found ament_cmake: 0.8.2 (/opt/ros/eloquent/share/ament_cmake/cmake)
[0.250s] -- Found PythonInterp: /usr/bin/python3 (found suitable version "3.6.9", minimum required is "3") 
[0.250s] -- Using PYTHON_EXECUTABLE: /usr/bin/python3
[0.400s] -- Override CMake install command with custom implementation using symlinks instead of copying resources
[0.408s] -- Found ament_index_cpp: 0.7.2 (/opt/ros/eloquent/share/ament_index_cpp/cmake)
[0.411s] -- Found geometry_msgs: 0.8.1 (/opt/ros/eloquent/share/geometry_msgs/cmake)
[0.423s] -- Found rosidl_adapter: 0.8.2 (/opt/ros/eloquent/share/rosidl_adapter/cmake)
[0.464s] -- Found rclcpp: 0.8.4 (/opt/ros/eloquent/share/rclcpp/cmake)
[0.473s] -- Found rmw_implementation_cmake: 0.8.1 (/opt/ros/eloquent/share/rmw_implementation_cmake/cmake)
[0.474s] -- Using RMW implementation 'rmw_fastrtps_cpp' as default
[0.500s] -- Found rclcpp_action: 0.8.4 (/opt/ros/eloquent/share/rclcpp_action/cmake)
[0.555s] -- Found rosidl_default_generators: 0.8.0 (/opt/ros/eloquent/share/rosidl_default_generators/cmake)
[0.621s] -- Found std_srvs: 0.8.1 (/opt/ros/eloquent/share/std_srvs/cmake)
[0.651s] -- Found PythonInterp: /usr/bin/python3 (found version "3.6.9") 
[0.848s] -- Using single matching rosidl_typesupport_c: rosidl_typesupport_fastrtps_c
[0.859s] -- Using single matching rosidl_typesupport_cpp: rosidl_typesupport_fastrtps_cpp
[0.990s] -- Found PythonInterp: /usr/bin/python3 (found suitable version "3.6.9", minimum required is "3.5") 
[0.990s] -- Found python_cmake_module: 0.8.0 (/opt/ros/eloquent/share/python_cmake_module/cmake)
[1.016s] -- Using PYTHON_EXECUTABLE: /usr/bin/python3
[1.016s] -- Using PYTHON_INCLUDE_DIRS: /usr/include/python3.6m
[1.016s] -- Using PYTHON_LIBRARIES: /usr/lib/x86_64-linux-gnu/libpython3.6m.so
[1.305s] -- Configuring done
[1.481s] -- Generating done
[1.487s] -- Build files have been written to: /home/aitor/ros2/build/turtlesim
[1.494s] Invoked command in '/home/aitor/ros2/build/turtlesim' returned '0': CMAKE_PREFIX_PATH=${CMAKE_PREFIX_PATH}:/home/aitor/ros2/week2_ws/install/my_python_package:/home/aitor/ros2/install/my_python_package:/opt/ros/eloquent /usr/bin/cmake /home/aitor/ros2/week1_ws/ros_tutorials/turtlesim -DCMAKE_INSTALL_PREFIX=/home/aitor/ros2/install/turtlesim
[1.496s] Invoking command in '/home/aitor/ros2/build/turtlesim': CMAKE_PREFIX_PATH=${CMAKE_PREFIX_PATH}:/home/aitor/ros2/week2_ws/install/my_python_package:/home/aitor/ros2/install/my_python_package:/opt/ros/eloquent /usr/bin/cmake --build /home/aitor/ros2/build/turtlesim -- -j8 -l8
[1.551s] [  1%] Built target turtlesim__cpp
[1.552s] [ 11%] Built target turtlesim__rosidl_generator_c
[1.578s] [ 21%] Built target turtlesim__rosidl_typesupport_introspection_c
[1.579s] [ 31%] Built target turtlesim__rosidl_typesupport_introspection_cpp
[1.584s] [ 42%] Built target turtlesim__rosidl_typesupport_fastrtps_cpp
[1.615s] [ 60%] Built target turtlesim__rosidl_typesupport_cpp
[1.615s] [ 62%] Built target turtlesim__rosidl_typesupport_fastrtps_c
[1.638s] [ 73%] Built target turtlesim__rosidl_typesupport_c
[1.656s] [ 73%] Built target turtlesim
[1.678s] [ 74%] Built target turtlesim__py
[1.690s] [ 76%] Built target draw_square
[1.690s] [ 78%] Built target turtle_teleop_key
[1.695s] [ 80%] Built target mimic
[1.714s] [ 86%] Built target turtlesim_node
[1.717s] [ 95%] Built target turtlesim__python
[1.743s] [ 97%] Built target turtlesim__rosidl_typesupport_c__pyext
[1.743s] [100%] Built target turtlesim__rosidl_typesupport_fastrtps_c__pyext
[1.754s] Invoked command in '/home/aitor/ros2/build/turtlesim' returned '0': CMAKE_PREFIX_PATH=${CMAKE_PREFIX_PATH}:/home/aitor/ros2/week2_ws/install/my_python_package:/home/aitor/ros2/install/my_python_package:/opt/ros/eloquent /usr/bin/cmake --build /home/aitor/ros2/build/turtlesim -- -j8 -l8
[1.884s] Invoking command in '/home/aitor/ros2/build/turtlesim': CMAKE_PREFIX_PATH=${CMAKE_PREFIX_PATH}:/home/aitor/ros2/week2_ws/install/my_python_package:/home/aitor/ros2/install/my_python_package:/opt/ros/eloquent /usr/bin/cmake --build /home/aitor/ros2/build/turtlesim --target install -- -j8 -l8
[1.933s] [  1%] Built target turtlesim__cpp
[1.934s] [ 11%] Built target turtlesim__rosidl_generator_c
[1.957s] [ 31%] Built target turtlesim__rosidl_typesupport_introspection_cpp
[1.957s] [ 30%] Built target turtlesim__rosidl_typesupport_introspection_c
[1.961s] [ 42%] Built target turtlesim__rosidl_typesupport_fastrtps_cpp
[1.987s] [ 52%] Built target turtlesim__rosidl_typesupport_fastrtps_c
[1.987s] [ 62%] Built target turtlesim__rosidl_typesupport_cpp
[2.010s] [ 73%] Built target turtlesim__rosidl_typesupport_c
[2.027s] [ 73%] Built target turtlesim
[2.057s] [ 74%] Built target turtlesim__py
[2.058s] [ 76%] Built target draw_square
[2.062s] [ 78%] Built target mimic
[2.069s] [ 80%] Built target turtle_teleop_key
[2.080s] [ 86%] Built target turtlesim_node
[2.087s] [ 95%] Built target turtlesim__python
[2.110s] [100%] Built target turtlesim__rosidl_typesupport_fastrtps_c__pyext
[2.110s] [100%] Built target turtlesim__rosidl_typesupport_c__pyext
[2.128s] [36mInstall the project...[0m
[2.135s] -- Install configuration: ""
[2.135s] -- Execute custom install script
[2.136s] -- Up-to-date symlink: /home/aitor/ros2/install/turtlesim/share/ament_index/resource_index/rosidl_interfaces/turtlesim
[2.137s] -- Up-to-date symlink: /home/aitor/ros2/install/turtlesim/include/turtlesim/action/rotate_absolute.hpp
[2.137s] -- Up-to-date symlink: /home/aitor/ros2/install/turtlesim/include/turtlesim/action/rotate_absolute__struct.hpp
[2.137s] -- Up-to-date symlink: /home/aitor/ros2/install/turtlesim/include/turtlesim/action/rotate_absolute__traits.hpp
[2.137s] -- Up-to-date symlink: /home/aitor/ros2/install/turtlesim/include/turtlesim/msg/color.hpp
[2.138s] -- Up-to-date symlink: /home/aitor/ros2/install/turtlesim/include/turtlesim/msg/color__struct.hpp
[2.138s] -- Up-to-date symlink: /home/aitor/ros2/install/turtlesim/include/turtlesim/msg/color__traits.hpp
[2.138s] -- Up-to-date symlink: /home/aitor/ros2/install/turtlesim/include/turtlesim/msg/pose.hpp
[2.138s] -- Up-to-date symlink: /home/aitor/ros2/install/turtlesim/include/turtlesim/msg/pose__struct.hpp
[2.138s] -- Up-to-date symlink: /home/aitor/ros2/install/turtlesim/include/turtlesim/msg/pose__traits.hpp
[2.139s] -- Up-to-date symlink: /home/aitor/ros2/install/turtlesim/include/turtlesim/srv/kill.hpp
[2.139s] -- Up-to-date symlink: /home/aitor/ros2/install/turtlesim/include/turtlesim/srv/kill__struct.hpp
[2.139s] -- Up-to-date symlink: /home/aitor/ros2/install/turtlesim/include/turtlesim/srv/kill__traits.hpp
[2.139s] -- Up-to-date symlink: /home/aitor/ros2/install/turtlesim/include/turtlesim/srv/set_pen.hpp
[2.139s] -- Up-to-date symlink: /home/aitor/ros2/install/turtlesim/include/turtlesim/srv/set_pen__struct.hpp
[2.140s] -- Up-to-date symlink: /home/aitor/ros2/install/turtlesim/include/turtlesim/srv/set_pen__traits.hpp
[2.140s] -- Up-to-date symlink: /home/aitor/ros2/install/turtlesim/include/turtlesim/srv/spawn.hpp
[2.140s] -- Up-to-date symlink: /home/aitor/ros2/install/turtlesim/include/turtlesim/srv/spawn__struct.hpp
[2.140s] -- Up-to-date symlink: /home/aitor/ros2/install/turtlesim/include/turtlesim/srv/spawn__traits.hpp
[2.141s] -- Up-to-date symlink: /home/aitor/ros2/install/turtlesim/include/turtlesim/srv/teleport_absolute.hpp
[2.141s] -- Up-to-date symlink: /home/aitor/ros2/install/turtlesim/include/turtlesim/srv/teleport_absolute__struct.hpp
[2.141s] -- Up-to-date symlink: /home/aitor/ros2/install/turtlesim/include/turtlesim/srv/teleport_absolute__traits.hpp
[2.141s] -- Up-to-date symlink: /home/aitor/ros2/install/turtlesim/include/turtlesim/srv/teleport_relative.hpp
[2.141s] -- Up-to-date symlink: /home/aitor/ros2/install/turtlesim/include/turtlesim/srv/teleport_relative__struct.hpp
[2.141s] -- Up-to-date symlink: /home/aitor/ros2/install/turtlesim/include/turtlesim/srv/teleport_relative__traits.hpp
[2.143s] -- Up-to-date symlink: /home/aitor/ros2/install/turtlesim/include/turtlesim/action/rotate_absolute.h
[2.143s] -- Up-to-date symlink: /home/aitor/ros2/install/turtlesim/include/turtlesim/action/rotate_absolute__functions.h
[2.143s] -- Up-to-date symlink: /home/aitor/ros2/install/turtlesim/include/turtlesim/action/rotate_absolute__struct.h
[2.143s] -- Up-to-date symlink: /home/aitor/ros2/install/turtlesim/include/turtlesim/action/rotate_absolute__type_support.h
[2.144s] -- Up-to-date symlink: /home/aitor/ros2/install/turtlesim/include/turtlesim/msg/color.h
[2.144s] -- Up-to-date symlink: /home/aitor/ros2/install/turtlesim/include/turtlesim/msg/color__functions.h
[2.144s] -- Up-to-date symlink: /home/aitor/ros2/install/turtlesim/include/turtlesim/msg/color__struct.h
[2.144s] -- Up-to-date symlink: /home/aitor/ros2/install/turtlesim/include/turtlesim/msg/color__type_support.h
[2.144s] -- Up-to-date symlink: /home/aitor/ros2/install/turtlesim/include/turtlesim/msg/pose.h
[2.145s] -- Up-to-date symlink: /home/aitor/ros2/install/turtlesim/include/turtlesim/msg/pose__functions.h
[2.145s] -- Up-to-date symlink: /home/aitor/ros2/install/turtlesim/include/turtlesim/msg/pose__struct.h
[2.145s] -- Up-to-date symlink: /home/aitor/ros2/install/turtlesim/include/turtlesim/msg/pose__type_support.h
[2.145s] -- Up-to-date symlink: /home/aitor/ros2/install/turtlesim/include/turtlesim/msg/rosidl_generator_c__visibility_control.h
[2.145s] -- Up-to-date symlink: /home/aitor/ros2/install/turtlesim/include/turtlesim/srv/kill.h
[2.146s] -- Up-to-date symlink: /home/aitor/ros2/install/turtlesim/include/turtlesim/srv/kill__functions.h
[2.146s] -- Up-to-date symlink: /home/aitor/ros2/install/turtlesim/include/turtlesim/srv/kill__struct.h
[2.146s] -- Up-to-date symlink: /home/aitor/ros2/install/turtlesim/include/turtlesim/srv/kill__type_support.h
[2.146s] -- Up-to-date symlink: /home/aitor/ros2/install/turtlesim/include/turtlesim/srv/set_pen.h
[2.147s] -- Up-to-date symlink: /home/aitor/ros2/install/turtlesim/include/turtlesim/srv/set_pen__functions.h
[2.147s] -- Up-to-date symlink: /home/aitor/ros2/install/turtlesim/include/turtlesim/srv/set_pen__struct.h
[2.147s] -- Up-to-date symlink: /home/aitor/ros2/install/turtlesim/include/turtlesim/srv/set_pen__type_support.h
[2.147s] -- Up-to-date symlink: /home/aitor/ros2/install/turtlesim/include/turtlesim/srv/spawn.h
[2.147s] -- Up-to-date symlink: /home/aitor/ros2/install/turtlesim/include/turtlesim/srv/spawn__functions.h
[2.148s] -- Up-to-date symlink: /home/aitor/ros2/install/turtlesim/include/turtlesim/srv/spawn__struct.h
[2.148s] -- Up-to-date symlink: /home/aitor/ros2/install/turtlesim/include/turtlesim/srv/spawn__type_support.h
[2.148s] -- Up-to-date symlink: /home/aitor/ros2/install/turtlesim/include/turtlesim/srv/teleport_absolute.h
[2.148s] -- Up-to-date symlink: /home/aitor/ros2/install/turtlesim/include/turtlesim/srv/teleport_absolute__functions.h
[2.149s] -- Up-to-date symlink: /home/aitor/ros2/install/turtlesim/include/turtlesim/srv/teleport_absolute__struct.h
[2.149s] -- Up-to-date symlink: /home/aitor/ros2/install/turtlesim/include/turtlesim/srv/teleport_absolute__type_support.h
[2.149s] -- Up-to-date symlink: /home/aitor/ros2/install/turtlesim/include/turtlesim/srv/teleport_relative.h
[2.149s] -- Up-to-date symlink: /home/aitor/ros2/install/turtlesim/include/turtlesim/srv/teleport_relative__functions.h
[2.150s] -- Up-to-date symlink: /home/aitor/ros2/install/turtlesim/include/turtlesim/srv/teleport_relative__struct.h
[2.150s] -- Up-to-date symlink: /home/aitor/ros2/install/turtlesim/include/turtlesim/srv/teleport_relative__type_support.h
[2.150s] -- Up-to-date symlink: /home/aitor/ros2/install/turtlesim/share/turtlesim/environment/library_path.sh
[2.150s] -- Up-to-date symlink: /home/aitor/ros2/install/turtlesim/share/turtlesim/environment/library_path.dsv
[2.151s] -- Up-to-date symlink: /home/aitor/ros2/install/turtlesim/lib/libturtlesim__rosidl_generator_c.so
[2.151s] -- Up-to-date symlink: /home/aitor/ros2/install/turtlesim/lib/libturtlesim__rosidl_typesupport_c.so
[2.152s] -- Up-to-date symlink: /home/aitor/ros2/install/turtlesim/lib/libturtlesim__rosidl_typesupport_cpp.so
[2.152s] -- Up-to-date symlink: /home/aitor/ros2/install/turtlesim/include/turtlesim/action/rotate_absolute__rosidl_typesupport_introspection_c.h
[2.153s] -- Up-to-date symlink: /home/aitor/ros2/install/turtlesim/include/turtlesim/msg/color__rosidl_typesupport_introspection_c.h
[2.153s] -- Up-to-date symlink: /home/aitor/ros2/install/turtlesim/include/turtlesim/msg/pose__rosidl_typesupport_introspection_c.h
[2.153s] -- Up-to-date symlink: /home/aitor/ros2/install/turtlesim/include/turtlesim/msg/rosidl_typesupport_introspection_c__visibility_control.h
[2.153s] -- Up-to-date symlink: /home/aitor/ros2/install/turtlesim/include/turtlesim/srv/kill__rosidl_typesupport_introspection_c.h
[2.153s] -- Up-to-date symlink: /home/aitor/ros2/install/turtlesim/include/turtlesim/srv/set_pen__rosidl_typesupport_introspection_c.h
[2.154s] -- Up-to-date symlink: /home/aitor/ros2/install/turtlesim/include/turtlesim/srv/spawn__rosidl_typesupport_introspection_c.h
[2.154s] -- Up-to-date symlink: /home/aitor/ros2/install/turtlesim/include/turtlesim/srv/teleport_absolute__rosidl_typesupport_introspection_c.h
[2.154s] -- Up-to-date symlink: /home/aitor/ros2/install/turtlesim/include/turtlesim/srv/teleport_relative__rosidl_typesupport_introspection_c.h
[2.154s] -- Up-to-date symlink: /home/aitor/ros2/install/turtlesim/lib/libturtlesim__rosidl_typesupport_introspection_c.so
[2.155s] -- Up-to-date symlink: /home/aitor/ros2/install/turtlesim/include/turtlesim/action/rotate_absolute__rosidl_typesupport_introspection_cpp.hpp
[2.155s] -- Up-to-date symlink: /home/aitor/ros2/install/turtlesim/include/turtlesim/msg/color__rosidl_typesupport_introspection_cpp.hpp
[2.156s] -- Up-to-date symlink: /home/aitor/ros2/install/turtlesim/include/turtlesim/msg/pose__rosidl_typesupport_introspection_cpp.hpp
[2.156s] -- Up-to-date symlink: /home/aitor/ros2/install/turtlesim/include/turtlesim/srv/kill__rosidl_typesupport_introspection_cpp.hpp
[2.156s] -- Up-to-date symlink: /home/aitor/ros2/install/turtlesim/include/turtlesim/srv/set_pen__rosidl_typesupport_introspection_cpp.hpp
[2.156s] -- Up-to-date symlink: /home/aitor/ros2/install/turtlesim/include/turtlesim/srv/spawn__rosidl_typesupport_introspection_cpp.hpp
[2.156s] -- Up-to-date symlink: /home/aitor/ros2/install/turtlesim/include/turtlesim/srv/teleport_absolute__rosidl_typesupport_introspection_cpp.hpp
[2.157s] -- Up-to-date symlink: /home/aitor/ros2/install/turtlesim/include/turtlesim/srv/teleport_relative__rosidl_typesupport_introspection_cpp.hpp
[2.157s] -- Up-to-date symlink: /home/aitor/ros2/install/turtlesim/lib/libturtlesim__rosidl_typesupport_introspection_cpp.so
[2.158s] -- Up-to-date symlink: /home/aitor/ros2/install/turtlesim/include/turtlesim/action/rotate_absolute__rosidl_typesupport_fastrtps_c.h
[2.158s] -- Up-to-date symlink: /home/aitor/ros2/install/turtlesim/include/turtlesim/msg/color__rosidl_typesupport_fastrtps_c.h
[2.159s] -- Up-to-date symlink: /home/aitor/ros2/install/turtlesim/include/turtlesim/msg/pose__rosidl_typesupport_fastrtps_c.h
[2.159s] -- Up-to-date symlink: /home/aitor/ros2/install/turtlesim/include/turtlesim/msg/rosidl_typesupport_fastrtps_c__visibility_control.h
[2.159s] -- Up-to-date symlink: /home/aitor/ros2/install/turtlesim/include/turtlesim/srv/kill__rosidl_typesupport_fastrtps_c.h
[2.159s] -- Up-to-date symlink: /home/aitor/ros2/install/turtlesim/include/turtlesim/srv/set_pen__rosidl_typesupport_fastrtps_c.h
[2.159s] -- Up-to-date symlink: /home/aitor/ros2/install/turtlesim/include/turtlesim/srv/spawn__rosidl_typesupport_fastrtps_c.h
[2.160s] -- Up-to-date symlink: /home/aitor/ros2/install/turtlesim/include/turtlesim/srv/teleport_absolute__rosidl_typesupport_fastrtps_c.h
[2.160s] -- Up-to-date symlink: /home/aitor/ros2/install/turtlesim/include/turtlesim/srv/teleport_relative__rosidl_typesupport_fastrtps_c.h
[2.160s] -- Up-to-date symlink: /home/aitor/ros2/install/turtlesim/lib/libturtlesim__rosidl_typesupport_fastrtps_c.so
[2.161s] -- Up-to-date symlink: /home/aitor/ros2/install/turtlesim/include/turtlesim/action/rotate_absolute__rosidl_typesupport_fastrtps_cpp.hpp
[2.161s] -- Up-to-date symlink: /home/aitor/ros2/install/turtlesim/include/turtlesim/msg/color__rosidl_typesupport_fastrtps_cpp.hpp
[2.162s] -- Up-to-date symlink: /home/aitor/ros2/install/turtlesim/include/turtlesim/msg/pose__rosidl_typesupport_fastrtps_cpp.hpp
[2.162s] -- Up-to-date symlink: /home/aitor/ros2/install/turtlesim/include/turtlesim/msg/rosidl_typesupport_fastrtps_cpp__visibility_control.h
[2.162s] -- Up-to-date symlink: /home/aitor/ros2/install/turtlesim/include/turtlesim/srv/kill__rosidl_typesupport_fastrtps_cpp.hpp
[2.162s] -- Up-to-date symlink: /home/aitor/ros2/install/turtlesim/include/turtlesim/srv/set_pen__rosidl_typesupport_fastrtps_cpp.hpp
[2.162s] -- Up-to-date symlink: /home/aitor/ros2/install/turtlesim/include/turtlesim/srv/spawn__rosidl_typesupport_fastrtps_cpp.hpp
[2.163s] -- Up-to-date symlink: /home/aitor/ros2/install/turtlesim/include/turtlesim/srv/teleport_absolute__rosidl_typesupport_fastrtps_cpp.hpp
[2.163s] -- Up-to-date symlink: /home/aitor/ros2/install/turtlesim/include/turtlesim/srv/teleport_relative__rosidl_typesupport_fastrtps_cpp.hpp
[2.163s] -- Up-to-date symlink: /home/aitor/ros2/install/turtlesim/lib/libturtlesim__rosidl_typesupport_fastrtps_cpp.so
[2.164s] -- Up-to-date symlink: /home/aitor/ros2/install/turtlesim/share/turtlesim/environment/pythonpath.sh
[2.164s] -- Up-to-date symlink: /home/aitor/ros2/install/turtlesim/share/turtlesim/environment/pythonpath.dsv
[2.164s] -- Up-to-date symlink: /home/aitor/ros2/install/turtlesim/lib/python3.6/site-packages/turtlesim/__init__.py
[2.165s] -- Up-to-date symlink: /home/aitor/ros2/install/turtlesim/lib/python3.6/site-packages/turtlesim/action/__init__.py
[2.165s] -- Up-to-date symlink: /home/aitor/ros2/install/turtlesim/lib/python3.6/site-packages/turtlesim/action/_rotate_absolute.py
[2.166s] -- Up-to-date symlink: /home/aitor/ros2/install/turtlesim/lib/python3.6/site-packages/turtlesim/msg/__init__.py
[2.166s] -- Up-to-date symlink: /home/aitor/ros2/install/turtlesim/lib/python3.6/site-packages/turtlesim/msg/_color.py
[2.166s] -- Up-to-date symlink: /home/aitor/ros2/install/turtlesim/lib/python3.6/site-packages/turtlesim/msg/_pose.py
[2.167s] -- Up-to-date symlink: /home/aitor/ros2/install/turtlesim/lib/python3.6/site-packages/turtlesim/srv/__init__.py
[2.167s] -- Up-to-date symlink: /home/aitor/ros2/install/turtlesim/lib/python3.6/site-packages/turtlesim/srv/_kill.py
[2.167s] -- Up-to-date symlink: /home/aitor/ros2/install/turtlesim/lib/python3.6/site-packages/turtlesim/srv/_set_pen.py
[2.168s] -- Up-to-date symlink: /home/aitor/ros2/install/turtlesim/lib/python3.6/site-packages/turtlesim/srv/_spawn.py
[2.168s] -- Up-to-date symlink: /home/aitor/ros2/install/turtlesim/lib/python3.6/site-packages/turtlesim/srv/_teleport_absolute.py
[2.168s] -- Up-to-date symlink: /home/aitor/ros2/install/turtlesim/lib/python3.6/site-packages/turtlesim/srv/_teleport_relative.py
[2.168s] -- Up-to-date symlink: /home/aitor/ros2/install/turtlesim/lib/python3.6/site-packages/turtlesim/turtlesim_s__rosidl_typesupport_c.cpython-36m-x86_64-linux-gnu.so
[2.169s] -- Up-to-date symlink: /home/aitor/ros2/install/turtlesim/lib/python3.6/site-packages/turtlesim/turtlesim_s__rosidl_typesupport_fastrtps_c.cpython-36m-x86_64-linux-gnu.so
[2.169s] -- Up-to-date symlink: /home/aitor/ros2/install/turtlesim/lib/libturtlesim__python.so
[2.170s] -- Up-to-date symlink: /home/aitor/ros2/install/turtlesim/share/turtlesim/action/RotateAbsolute.idl
[2.170s] -- Up-to-date symlink: /home/aitor/ros2/install/turtlesim/share/turtlesim/msg/Color.idl
[2.170s] -- Up-to-date symlink: /home/aitor/ros2/install/turtlesim/share/turtlesim/msg/Pose.idl
[2.171s] -- Up-to-date symlink: /home/aitor/ros2/install/turtlesim/share/turtlesim/srv/Kill.idl
[2.171s] -- Up-to-date symlink: /home/aitor/ros2/install/turtlesim/share/turtlesim/srv/SetPen.idl
[2.171s] -- Up-to-date symlink: /home/aitor/ros2/install/turtlesim/share/turtlesim/srv/Spawn.idl
[2.171s] -- Up-to-date symlink: /home/aitor/ros2/install/turtlesim/share/turtlesim/srv/TeleportAbsolute.idl
[2.171s] -- Up-to-date symlink: /home/aitor/ros2/install/turtlesim/share/turtlesim/srv/TeleportRelative.idl
[2.172s] -- Up-to-date symlink: /home/aitor/ros2/install/turtlesim/share/turtlesim/action/RotateAbsolute.action
[2.172s] -- Up-to-date symlink: /home/aitor/ros2/install/turtlesim/share/turtlesim/msg/Color.msg
[2.172s] -- Up-to-date symlink: /home/aitor/ros2/install/turtlesim/share/turtlesim/msg/Pose.msg
[2.172s] -- Up-to-date symlink: /home/aitor/ros2/install/turtlesim/share/turtlesim/srv/Kill.srv
[2.172s] -- Up-to-date symlink: /home/aitor/ros2/install/turtlesim/share/turtlesim/srv/Kill_Request.msg
[2.173s] -- Up-to-date symlink: /home/aitor/ros2/install/turtlesim/share/turtlesim/srv/Kill_Response.msg
[2.173s] -- Up-to-date symlink: /home/aitor/ros2/install/turtlesim/share/turtlesim/srv/SetPen.srv
[2.173s] -- Up-to-date symlink: /home/aitor/ros2/install/turtlesim/share/turtlesim/srv/SetPen_Request.msg
[2.173s] -- Up-to-date symlink: /home/aitor/ros2/install/turtlesim/share/turtlesim/srv/SetPen_Response.msg
[2.174s] -- Up-to-date symlink: /home/aitor/ros2/install/turtlesim/share/turtlesim/srv/Spawn.srv
[2.174s] -- Up-to-date symlink: /home/aitor/ros2/install/turtlesim/share/turtlesim/srv/Spawn_Request.msg
[2.174s] -- Up-to-date symlink: /home/aitor/ros2/install/turtlesim/share/turtlesim/srv/Spawn_Response.msg
[2.174s] -- Up-to-date symlink: /home/aitor/ros2/install/turtlesim/share/turtlesim/srv/TeleportAbsolute.srv
[2.174s] -- Up-to-date symlink: /home/aitor/ros2/install/turtlesim/share/turtlesim/srv/TeleportAbsolute_Request.msg
[2.175s] -- Up-to-date symlink: /home/aitor/ros2/install/turtlesim/share/turtlesim/srv/TeleportAbsolute_Response.msg
[2.175s] -- Up-to-date symlink: /home/aitor/ros2/install/turtlesim/share/turtlesim/srv/TeleportRelative.srv
[2.175s] -- Up-to-date symlink: /home/aitor/ros2/install/turtlesim/share/turtlesim/srv/TeleportRelative_Request.msg
[2.175s] -- Up-to-date symlink: /home/aitor/ros2/install/turtlesim/share/turtlesim/srv/TeleportRelative_Response.msg
[2.176s] -- Up-to-date symlink: /home/aitor/ros2/install/turtlesim/lib/turtlesim/turtlesim_node
[2.176s] -- Up-to-date symlink: /home/aitor/ros2/install/turtlesim/lib/turtlesim/turtle_teleop_key
[2.176s] -- Up-to-date symlink: /home/aitor/ros2/install/turtlesim/lib/turtlesim/draw_square
[2.176s] -- Up-to-date symlink: /home/aitor/ros2/install/turtlesim/lib/turtlesim/mimic
[2.177s] -- Up-to-date symlink: /home/aitor/ros2/install/turtlesim/share/turtlesim/launch/multisim.launch.py
[2.177s] -- Up-to-date symlink: /home/aitor/ros2/install/turtlesim/share/ament_index/resource_index/package_run_dependencies/turtlesim
[2.177s] -- Up-to-date symlink: /home/aitor/ros2/install/turtlesim/share/ament_index/resource_index/parent_prefix_path/turtlesim
[2.177s] -- Up-to-date symlink: /home/aitor/ros2/install/turtlesim/share/turtlesim/environment/ament_prefix_path.sh
[2.178s] -- Up-to-date symlink: /home/aitor/ros2/install/turtlesim/share/turtlesim/environment/ament_prefix_path.dsv
[2.178s] -- Up-to-date symlink: /home/aitor/ros2/install/turtlesim/share/turtlesim/environment/path.sh
[2.178s] -- Up-to-date symlink: /home/aitor/ros2/install/turtlesim/share/turtlesim/environment/path.dsv
[2.178s] -- Up-to-date symlink: /home/aitor/ros2/install/turtlesim/share/turtlesim/local_setup.bash
[2.179s] -- Up-to-date symlink: /home/aitor/ros2/install/turtlesim/share/turtlesim/local_setup.sh
[2.179s] -- Up-to-date symlink: /home/aitor/ros2/install/turtlesim/share/turtlesim/local_setup.zsh
[2.179s] -- Up-to-date symlink: /home/aitor/ros2/install/turtlesim/share/turtlesim/local_setup.dsv
[2.179s] -- Symlinking: /home/aitor/ros2/install/turtlesim/share/turtlesim/package.dsv
[2.189s] -- Up-to-date symlink: /home/aitor/ros2/install/turtlesim/share/ament_index/resource_index/packages/turtlesim
[2.189s] -- Up-to-date symlink: /home/aitor/ros2/install/turtlesim/share/turtlesim/cmake/rosidl_cmake-extras.cmake
[2.189s] -- Up-to-date symlink: /home/aitor/ros2/install/turtlesim/share/turtlesim/cmake/ament_cmake_export_dependencies-extras.cmake
[2.189s] -- Up-to-date symlink: /home/aitor/ros2/install/turtlesim/share/turtlesim/cmake/ament_cmake_export_include_directories-extras.cmake
[2.190s] -- Up-to-date symlink: /home/aitor/ros2/install/turtlesim/share/turtlesim/cmake/ament_cmake_export_libraries-extras.cmake
[2.190s] -- Up-to-date symlink: /home/aitor/ros2/install/turtlesim/share/turtlesim/cmake/turtlesimConfig.cmake
[2.190s] -- Up-to-date symlink: /home/aitor/ros2/install/turtlesim/share/turtlesim/cmake/turtlesimConfig-version.cmake
[2.191s] -- Up-to-date symlink: /home/aitor/ros2/install/turtlesim/share/turtlesim/package.xml
[2.219s] Compiling '/home/aitor/ros2/install/turtlesim/lib/python3.6/site-packages/turtlesim/__init__.py'...
[2.223s] -- Up-to-date: /home/aitor/ros2/install/turtlesim/share/turtlesim/images
[2.223s] -- Up-to-date: /home/aitor/ros2/install/turtlesim/share/turtlesim/images/eloquent.png
[2.223s] -- Up-to-date: /home/aitor/ros2/install/turtlesim/share/turtlesim/images/bouncy.png
[2.224s] -- Up-to-date: /home/aitor/ros2/install/turtlesim/share/turtlesim/images/crystal.png
[2.224s] -- Up-to-date: /home/aitor/ros2/install/turtlesim/share/turtlesim/images/ardent.png
[2.224s] -- Up-to-date: /home/aitor/ros2/install/turtlesim/share/turtlesim/images/dashing.png
[2.227s] Invoked command in '/home/aitor/ros2/build/turtlesim' returned '0': CMAKE_PREFIX_PATH=${CMAKE_PREFIX_PATH}:/home/aitor/ros2/week2_ws/install/my_python_package:/home/aitor/ros2/install/my_python_package:/opt/ros/eloquent /usr/bin/cmake --build /home/aitor/ros2/build/turtlesim --target install -- -j8 -l8
