[0.221s] Invoking command in '/home/aitor/ros2/build/my_python_package': PYTHONPATH=/home/aitor/ros2/install/my_python_package/lib/python3.6/site-packages:${PYTHONPATH} /usr/bin/python3 setup.py develop --prefix /home/aitor/ros2/install/my_python_package --uninstall --editable --build-directory /home/aitor/ros2/build/my_python_package/build
[0.415s] running develop
[0.510s] Removing /home/aitor/ros2/install/my_python_package/lib/python3.6/site-packages/my-python-package.egg-link (link to .)
[0.528s] Invoked command in '/home/aitor/ros2/build/my_python_package' returned '0': PYTHONPATH=/home/aitor/ros2/install/my_python_package/lib/python3.6/site-packages:${PYTHONPATH} /usr/bin/python3 setup.py develop --prefix /home/aitor/ros2/install/my_python_package --uninstall --editable --build-directory /home/aitor/ros2/build/my_python_package/build
[0.530s] Invoking command in '/home/aitor/ros2/week2_ws/src/my_python_package': PYTHONPATH=/home/aitor/ros2/install/my_python_package/lib/python3.6/site-packages:${PYTHONPATH} /usr/bin/python3 setup.py egg_info --egg-base ../../../build/my_python_package build --build-base /home/aitor/ros2/build/my_python_package/build install --prefix /home/aitor/ros2/install/my_python_package --record /home/aitor/ros2/build/my_python_package/install.log --single-version-externally-managed
[0.696s] running egg_info
[0.696s] writing ../../../build/my_python_package/my_python_package.egg-info/PKG-INFO
[0.696s] writing dependency_links to ../../../build/my_python_package/my_python_package.egg-info/dependency_links.txt
[0.697s] writing entry points to ../../../build/my_python_package/my_python_package.egg-info/entry_points.txt
[0.697s] writing requirements to ../../../build/my_python_package/my_python_package.egg-info/requires.txt
[0.697s] writing top-level names to ../../../build/my_python_package/my_python_package.egg-info/top_level.txt
[0.723s] reading manifest file '../../../build/my_python_package/my_python_package.egg-info/SOURCES.txt'
[0.723s] writing manifest file '../../../build/my_python_package/my_python_package.egg-info/SOURCES.txt'
[0.724s] running build
[0.724s] running build_py
[0.724s] copying my_python_package/subscriber_and_publisher.py -> /home/aitor/ros2/build/my_python_package/build/lib/my_python_package
[0.724s] copying my_python_package/__init__.py -> /home/aitor/ros2/build/my_python_package/build/lib/my_python_package
[0.724s] running install
[0.725s] running install_lib
[0.726s] copying /home/aitor/ros2/build/my_python_package/build/lib/my_python_package/subscriber_and_publisher.py -> /home/aitor/ros2/install/my_python_package/lib/python3.6/site-packages/my_python_package
[0.726s] copying /home/aitor/ros2/build/my_python_package/build/lib/my_python_package/__init__.py -> /home/aitor/ros2/install/my_python_package/lib/python3.6/site-packages/my_python_package
[0.726s] byte-compiling /home/aitor/ros2/install/my_python_package/lib/python3.6/site-packages/my_python_package/subscriber_and_publisher.py to subscriber_and_publisher.cpython-36.pyc
[0.727s] byte-compiling /home/aitor/ros2/install/my_python_package/lib/python3.6/site-packages/my_python_package/__init__.py to __init__.cpython-36.pyc
[0.727s] running install_data
[0.727s] running install_egg_info
[0.729s] Copying ../../../build/my_python_package/my_python_package.egg-info to /home/aitor/ros2/install/my_python_package/lib/python3.6/site-packages/my_python_package-0.0.0-py3.6.egg-info
[0.729s] running install_scripts
[0.746s] writing list of installed files to '/home/aitor/ros2/build/my_python_package/install.log'
[0.764s] Invoked command in '/home/aitor/ros2/week2_ws/src/my_python_package' returned '0': PYTHONPATH=/home/aitor/ros2/install/my_python_package/lib/python3.6/site-packages:${PYTHONPATH} /usr/bin/python3 setup.py egg_info --egg-base ../../../build/my_python_package build --build-base /home/aitor/ros2/build/my_python_package/build install --prefix /home/aitor/ros2/install/my_python_package --record /home/aitor/ros2/build/my_python_package/install.log --single-version-externally-managed
