[0.207s] Invoking command in '/home/aitor/ros2/week2_ws/src/my_python_package': PYTHONPATH=/home/aitor/ros2/install/my_python_package/lib/python3.6/site-packages:${PYTHONPATH} /usr/bin/python3 setup.py egg_info --egg-base ../../../build/my_python_package build --build-base /home/aitor/ros2/build/my_python_package/build install --prefix /home/aitor/ros2/install/my_python_package --record /home/aitor/ros2/build/my_python_package/install.log --single-version-externally-managed
[0.387s] running egg_info
[0.387s] creating ../../../build/my_python_package/my_python_package.egg-info
[0.388s] writing ../../../build/my_python_package/my_python_package.egg-info/PKG-INFO
[0.388s] writing dependency_links to ../../../build/my_python_package/my_python_package.egg-info/dependency_links.txt
[0.388s] writing entry points to ../../../build/my_python_package/my_python_package.egg-info/entry_points.txt
[0.388s] writing requirements to ../../../build/my_python_package/my_python_package.egg-info/requires.txt
[0.388s] writing top-level names to ../../../build/my_python_package/my_python_package.egg-info/top_level.txt
[0.388s] writing manifest file '../../../build/my_python_package/my_python_package.egg-info/SOURCES.txt'
[0.420s] reading manifest file '../../../build/my_python_package/my_python_package.egg-info/SOURCES.txt'
[0.421s] writing manifest file '../../../build/my_python_package/my_python_package.egg-info/SOURCES.txt'
[0.421s] running build
[0.422s] running build_py
[0.422s] creating /home/aitor/ros2/build/my_python_package/build
[0.422s] creating /home/aitor/ros2/build/my_python_package/build/lib
[0.422s] creating /home/aitor/ros2/build/my_python_package/build/lib/my_python_package
[0.422s] copying my_python_package/subscriber.py -> /home/aitor/ros2/build/my_python_package/build/lib/my_python_package
[0.422s] copying my_python_package/publisher.py -> /home/aitor/ros2/build/my_python_package/build/lib/my_python_package
[0.422s] copying my_python_package/__init__.py -> /home/aitor/ros2/build/my_python_package/build/lib/my_python_package
[0.422s] running install
[0.422s] running install_lib
[0.424s] creating /home/aitor/ros2/install/my_python_package/lib/python3.6/site-packages/my_python_package
[0.424s] copying /home/aitor/ros2/build/my_python_package/build/lib/my_python_package/subscriber.py -> /home/aitor/ros2/install/my_python_package/lib/python3.6/site-packages/my_python_package
[0.424s] copying /home/aitor/ros2/build/my_python_package/build/lib/my_python_package/publisher.py -> /home/aitor/ros2/install/my_python_package/lib/python3.6/site-packages/my_python_package
[0.424s] copying /home/aitor/ros2/build/my_python_package/build/lib/my_python_package/__init__.py -> /home/aitor/ros2/install/my_python_package/lib/python3.6/site-packages/my_python_package
[0.424s] byte-compiling /home/aitor/ros2/install/my_python_package/lib/python3.6/site-packages/my_python_package/subscriber.py to subscriber.cpython-36.pyc
[0.425s] byte-compiling /home/aitor/ros2/install/my_python_package/lib/python3.6/site-packages/my_python_package/publisher.py to publisher.cpython-36.pyc
[0.425s] byte-compiling /home/aitor/ros2/install/my_python_package/lib/python3.6/site-packages/my_python_package/__init__.py to __init__.cpython-36.pyc
[0.425s] running install_data
[0.425s] creating /home/aitor/ros2/install/my_python_package/share/ament_index
[0.426s] creating /home/aitor/ros2/install/my_python_package/share/ament_index/resource_index
[0.426s] creating /home/aitor/ros2/install/my_python_package/share/ament_index/resource_index/packages
[0.426s] copying resource/my_python_package -> /home/aitor/ros2/install/my_python_package/share/ament_index/resource_index/packages
[0.426s] copying package.xml -> /home/aitor/ros2/install/my_python_package/share/my_python_package
[0.426s] running install_egg_info
[0.429s] Copying ../../../build/my_python_package/my_python_package.egg-info to /home/aitor/ros2/install/my_python_package/lib/python3.6/site-packages/my_python_package-0.0.0-py3.6.egg-info
[0.429s] running install_scripts
[0.453s] writing list of installed files to '/home/aitor/ros2/build/my_python_package/install.log'
[0.475s] Invoked command in '/home/aitor/ros2/week2_ws/src/my_python_package' returned '0': PYTHONPATH=/home/aitor/ros2/install/my_python_package/lib/python3.6/site-packages:${PYTHONPATH} /usr/bin/python3 setup.py egg_info --egg-base ../../../build/my_python_package build --build-base /home/aitor/ros2/build/my_python_package/build install --prefix /home/aitor/ros2/install/my_python_package --record /home/aitor/ros2/build/my_python_package/install.log --single-version-externally-managed
