[0.184s] Invoking command in '/home/aitor/ros2/build/turtlesim': CMAKE_PREFIX_PATH=/opt/ros/eloquent /usr/bin/cmake /home/aitor/ros2/week1_ws/ros_tutorials/turtlesim -DCMAKE_INSTALL_PREFIX=/home/aitor/ros2/install/turtlesim
[0.350s] -- The C compiler identification is GNU 7.5.0
[0.470s] -- The CXX compiler identification is GNU 7.5.0
[0.491s] -- Check for working C compiler: /usr/bin/cc
[0.541s] -- Check for working C compiler: /usr/bin/cc -- works
[0.542s] -- Detecting C compiler ABI info
[0.599s] -- Detecting C compiler ABI info - done
[0.604s] -- Detecting C compile features
[0.762s] -- Detecting C compile features - done
[0.765s] -- Check for working CXX compiler: /usr/bin/c++
[0.839s] -- Check for working CXX compiler: /usr/bin/c++ -- works
[0.839s] -- Detecting CXX compiler ABI info
[0.902s] -- Detecting CXX compiler ABI info - done
[0.908s] -- Detecting CXX compile features
[1.178s] -- Detecting CXX compile features - done
[1.183s] -- Found ament_cmake: 0.8.2 (/opt/ros/eloquent/share/ament_cmake/cmake)
[1.209s] -- Found PythonInterp: /usr/bin/python3 (found suitable version "3.6.9", minimum required is "3") 
[1.209s] -- Using PYTHON_EXECUTABLE: /usr/bin/python3
[1.378s] -- Found ament_index_cpp: 0.7.2 (/opt/ros/eloquent/share/ament_index_cpp/cmake)
[1.383s] -- Found geometry_msgs: 0.8.1 (/opt/ros/eloquent/share/geometry_msgs/cmake)
[1.399s] -- Found rosidl_adapter: 0.8.2 (/opt/ros/eloquent/share/rosidl_adapter/cmake)
[1.465s] -- Found rclcpp: 0.8.4 (/opt/ros/eloquent/share/rclcpp/cmake)
[1.486s] -- Found rmw_implementation_cmake: 0.8.1 (/opt/ros/eloquent/share/rmw_implementation_cmake/cmake)
[1.488s] -- Using RMW implementation 'rmw_fastrtps_cpp' as default
[1.489s] -- Looking for pthread.h
[1.554s] -- Looking for pthread.h - found
[1.554s] -- Looking for pthread_create
[1.613s] -- Looking for pthread_create - not found
[1.613s] -- Looking for pthread_create in pthreads
[1.664s] -- Looking for pthread_create in pthreads - not found
[1.664s] -- Looking for pthread_create in pthread
[1.719s] -- Looking for pthread_create in pthread - found
[1.720s] -- Found Threads: TRUE  
[1.758s] -- Found rclcpp_action: 0.8.4 (/opt/ros/eloquent/share/rclcpp_action/cmake)
[1.817s] -- Found rosidl_default_generators: 0.8.0 (/opt/ros/eloquent/share/rosidl_default_generators/cmake)
[1.874s] -- Found OpenSSL: /usr/lib/x86_64-linux-gnu/libcrypto.so (found version "1.1.1") 
[1.888s] -- Found FastRTPS: /opt/ros/eloquent/include  
[1.934s] -- Found std_srvs: 0.8.1 (/opt/ros/eloquent/share/std_srvs/cmake)
[1.960s] -- Found PythonInterp: /usr/bin/python3 (found version "3.6.9") 
[2.151s] -- Using single matching rosidl_typesupport_c: rosidl_typesupport_fastrtps_c
[2.163s] -- Using single matching rosidl_typesupport_cpp: rosidl_typesupport_fastrtps_cpp
[2.284s] -- Found PythonInterp: /usr/bin/python3 (found suitable version "3.6.9", minimum required is "3.5") 
[2.286s] -- Found python_cmake_module: 0.8.0 (/opt/ros/eloquent/share/python_cmake_module/cmake)
[2.311s] -- Found PythonLibs: /usr/lib/x86_64-linux-gnu/libpython3.6m.so (found suitable version "3.6.9", minimum required is "3.5") 
[2.311s] -- Using PYTHON_EXECUTABLE: /usr/bin/python3
[2.311s] -- Using PYTHON_INCLUDE_DIRS: /usr/include/python3.6m
[2.311s] -- Using PYTHON_LIBRARIES: /usr/lib/x86_64-linux-gnu/libpython3.6m.so
[2.334s] -- Found PythonExtra: .so  
[2.678s] -- Configuring done
[2.919s] -- Generating done
[2.922s] -- Build files have been written to: /home/aitor/ros2/build/turtlesim
[2.928s] Invoked command in '/home/aitor/ros2/build/turtlesim' returned '0': CMAKE_PREFIX_PATH=/opt/ros/eloquent /usr/bin/cmake /home/aitor/ros2/week1_ws/ros_tutorials/turtlesim -DCMAKE_INSTALL_PREFIX=/home/aitor/ros2/install/turtlesim
[2.932s] Invoking command in '/home/aitor/ros2/build/turtlesim': CMAKE_PREFIX_PATH=/opt/ros/eloquent /usr/bin/cmake --build /home/aitor/ros2/build/turtlesim -- -j8 -l8
[2.970s] [35m[1mScanning dependencies of target turtlesim__cpp[0m
[2.971s] [  1%] [34m[1mGenerating C code for ROS interfaces[0m
[2.980s] [  2%] [34m[1mGenerating C++ code for ROS interfaces[0m
[3.794s] [  2%] Built target turtlesim__cpp
[3.805s] [  3%] [34m[1mGenerating C++ type support for eProsima Fast-RTPS[0m
[3.806s] [  4%] [34m[1mGenerating C++ introspection for ROS interfaces[0m
[4.052s] [35m[1mScanning dependencies of target turtlesim__rosidl_generator_c[0m
[4.080s] [  7%] [32mBuilding C object CMakeFiles/turtlesim__rosidl_generator_c.dir/rosidl_generator_c/turtlesim/msg/pose__functions.c.o[0m
[4.080s] [  7%] [32mBuilding C object CMakeFiles/turtlesim__rosidl_generator_c.dir/rosidl_generator_c/turtlesim/srv/kill__functions.c.o[0m
[4.080s] [  7%] [32mBuilding C object CMakeFiles/turtlesim__rosidl_generator_c.dir/rosidl_generator_c/turtlesim/action/rotate_absolute__functions.c.o[0m
[4.081s] [  8%] [32mBuilding C object CMakeFiles/turtlesim__rosidl_generator_c.dir/rosidl_generator_c/turtlesim/srv/set_pen__functions.c.o[0m
[4.082s] [  9%] [32mBuilding C object CMakeFiles/turtlesim__rosidl_generator_c.dir/rosidl_generator_c/turtlesim/msg/color__functions.c.o[0m
[4.084s] [ 10%] [32mBuilding C object CMakeFiles/turtlesim__rosidl_generator_c.dir/rosidl_generator_c/turtlesim/srv/spawn__functions.c.o[0m
[4.158s] [ 11%] [32mBuilding C object CMakeFiles/turtlesim__rosidl_generator_c.dir/rosidl_generator_c/turtlesim/srv/teleport_absolute__functions.c.o[0m
[4.161s] [ 12%] [32mBuilding C object CMakeFiles/turtlesim__rosidl_generator_c.dir/rosidl_generator_c/turtlesim/srv/teleport_relative__functions.c.o[0m
[4.211s] [ 13%] [32m[1mLinking C shared library libturtlesim__rosidl_generator_c.so[0m
[4.259s] [ 13%] Built target turtlesim__rosidl_generator_c
[4.273s] [ 14%] [34m[1mGenerating C introspection for ROS interfaces[0m
[4.695s] [35m[1mScanning dependencies of target turtlesim__rosidl_typesupport_introspection_cpp[0m
[4.727s] [ 17%] [32mBuilding CXX object CMakeFiles/turtlesim__rosidl_typesupport_introspection_cpp.dir/rosidl_typesupport_introspection_cpp/turtlesim/action/rotate_absolute__type_support.cpp.o[0m
[4.727s] [ 17%] [32mBuilding CXX object CMakeFiles/turtlesim__rosidl_typesupport_introspection_cpp.dir/rosidl_typesupport_introspection_cpp/turtlesim/msg/pose__type_support.cpp.o[0m
[4.727s] [ 17%] [32mBuilding CXX object CMakeFiles/turtlesim__rosidl_typesupport_introspection_cpp.dir/rosidl_typesupport_introspection_cpp/turtlesim/srv/kill__type_support.cpp.o[0m
[4.728s] [ 18%] [32mBuilding CXX object CMakeFiles/turtlesim__rosidl_typesupport_introspection_cpp.dir/rosidl_typesupport_introspection_cpp/turtlesim/msg/color__type_support.cpp.o[0m
[4.729s] [ 19%] [32mBuilding CXX object CMakeFiles/turtlesim__rosidl_typesupport_introspection_cpp.dir/rosidl_typesupport_introspection_cpp/turtlesim/srv/set_pen__type_support.cpp.o[0m
[4.742s] [ 20%] [32mBuilding CXX object CMakeFiles/turtlesim__rosidl_typesupport_introspection_cpp.dir/rosidl_typesupport_introspection_cpp/turtlesim/srv/spawn__type_support.cpp.o[0m
[5.202s] [ 21%] [32mBuilding CXX object CMakeFiles/turtlesim__rosidl_typesupport_introspection_cpp.dir/rosidl_typesupport_introspection_cpp/turtlesim/srv/teleport_absolute__type_support.cpp.o[0m
[5.214s] [ 22%] [32mBuilding CXX object CMakeFiles/turtlesim__rosidl_typesupport_introspection_cpp.dir/rosidl_typesupport_introspection_cpp/turtlesim/srv/teleport_relative__type_support.cpp.o[0m
[5.243s] [35m[1mScanning dependencies of target turtlesim__rosidl_typesupport_fastrtps_cpp[0m
[5.301s] [ 23%] [32mBuilding CXX object CMakeFiles/turtlesim__rosidl_typesupport_fastrtps_cpp.dir/rosidl_typesupport_fastrtps_cpp/turtlesim/action/dds_fastrtps/rotate_absolute__type_support.cpp.o[0m
[5.301s] [ 24%] [32mBuilding CXX object CMakeFiles/turtlesim__rosidl_typesupport_fastrtps_cpp.dir/rosidl_typesupport_fastrtps_cpp/turtlesim/msg/dds_fastrtps/color__type_support.cpp.o[0m
[5.317s] [ 25%] [32mBuilding CXX object CMakeFiles/turtlesim__rosidl_typesupport_fastrtps_cpp.dir/rosidl_typesupport_fastrtps_cpp/turtlesim/srv/dds_fastrtps/set_pen__type_support.cpp.o[0m
[5.318s] [ 26%] [32mBuilding CXX object CMakeFiles/turtlesim__rosidl_typesupport_fastrtps_cpp.dir/rosidl_typesupport_fastrtps_cpp/turtlesim/srv/dds_fastrtps/kill__type_support.cpp.o[0m
[5.322s] [ 27%] [32mBuilding CXX object CMakeFiles/turtlesim__rosidl_typesupport_fastrtps_cpp.dir/rosidl_typesupport_fastrtps_cpp/turtlesim/msg/dds_fastrtps/pose__type_support.cpp.o[0m
[5.591s] [ 28%] [32m[1mLinking CXX shared library libturtlesim__rosidl_typesupport_introspection_cpp.so[0m
[5.604s] [ 29%] [32mBuilding CXX object CMakeFiles/turtlesim__rosidl_typesupport_fastrtps_cpp.dir/rosidl_typesupport_fastrtps_cpp/turtlesim/srv/dds_fastrtps/spawn__type_support.cpp.o[0m
[5.756s] [ 29%] Built target turtlesim__rosidl_typesupport_introspection_cpp
[5.771s] [ 30%] [32mBuilding CXX object CMakeFiles/turtlesim__rosidl_typesupport_fastrtps_cpp.dir/rosidl_typesupport_fastrtps_cpp/turtlesim/srv/dds_fastrtps/teleport_absolute__type_support.cpp.o[0m
[5.967s] [ 31%] [32mBuilding CXX object CMakeFiles/turtlesim__rosidl_typesupport_fastrtps_cpp.dir/rosidl_typesupport_fastrtps_cpp/turtlesim/srv/dds_fastrtps/teleport_relative__type_support.cpp.o[0m
[5.970s] [35m[1mScanning dependencies of target turtlesim__rosidl_typesupport_introspection_c[0m
[6.006s] [ 32%] [32mBuilding C object CMakeFiles/turtlesim__rosidl_typesupport_introspection_c.dir/rosidl_typesupport_introspection_c/turtlesim/msg/pose__type_support.c.o[0m
[6.017s] [ 34%] [32mBuilding C object CMakeFiles/turtlesim__rosidl_typesupport_introspection_c.dir/rosidl_typesupport_introspection_c/turtlesim/msg/color__type_support.c.o[0m
[6.022s] [ 35%] [32mBuilding C object CMakeFiles/turtlesim__rosidl_typesupport_introspection_c.dir/rosidl_typesupport_introspection_c/turtlesim/action/rotate_absolute__type_support.c.o[0m
[6.058s] [ 36%] [32mBuilding C object CMakeFiles/turtlesim__rosidl_typesupport_introspection_c.dir/rosidl_typesupport_introspection_c/turtlesim/srv/kill__type_support.c.o[0m
[6.087s] [ 37%] [32mBuilding C object CMakeFiles/turtlesim__rosidl_typesupport_introspection_c.dir/rosidl_typesupport_introspection_c/turtlesim/srv/set_pen__type_support.c.o[0m
[6.100s] [ 38%] [32mBuilding C object CMakeFiles/turtlesim__rosidl_typesupport_introspection_c.dir/rosidl_typesupport_introspection_c/turtlesim/srv/spawn__type_support.c.o[0m
[6.102s] [ 39%] [32mBuilding C object CMakeFiles/turtlesim__rosidl_typesupport_introspection_c.dir/rosidl_typesupport_introspection_c/turtlesim/srv/teleport_absolute__type_support.c.o[0m
[6.120s] [ 40%] [32mBuilding C object CMakeFiles/turtlesim__rosidl_typesupport_introspection_c.dir/rosidl_typesupport_introspection_c/turtlesim/srv/teleport_relative__type_support.c.o[0m
[6.181s] [ 41%] [32m[1mLinking C shared library libturtlesim__rosidl_typesupport_introspection_c.so[0m
[6.223s] [ 41%] Built target turtlesim__rosidl_typesupport_introspection_c
[6.369s] [ 42%] [32m[1mLinking CXX shared library libturtlesim__rosidl_typesupport_fastrtps_cpp.so[0m
[6.448s] [ 42%] Built target turtlesim__rosidl_typesupport_fastrtps_cpp
[6.458s] [ 44%] [34m[1mGenerating C type support for eProsima Fast-RTPS[0m
[6.458s] [ 44%] [34m[1mGenerating C++ type support dispatch for ROS interfaces[0m
[6.977s] [35m[1mScanning dependencies of target turtlesim__rosidl_typesupport_cpp[0m
[7.008s] [ 45%] [32mBuilding CXX object CMakeFiles/turtlesim__rosidl_typesupport_cpp.dir/rosidl_typesupport_cpp/turtlesim/action/rotate_absolute__type_support.cpp.o[0m
[7.013s] [ 47%] [32mBuilding CXX object CMakeFiles/turtlesim__rosidl_typesupport_cpp.dir/rosidl_typesupport_cpp/turtlesim/msg/color__type_support.cpp.o[0m
[7.013s] [ 47%] [32mBuilding CXX object CMakeFiles/turtlesim__rosidl_typesupport_cpp.dir/rosidl_typesupport_cpp/turtlesim/msg/pose__type_support.cpp.o[0m
[7.019s] [ 48%] [32mBuilding CXX object CMakeFiles/turtlesim__rosidl_typesupport_cpp.dir/rosidl_typesupport_cpp/turtlesim/srv/kill__type_support.cpp.o[0m
[7.020s] [ 49%] [32mBuilding CXX object CMakeFiles/turtlesim__rosidl_typesupport_cpp.dir/rosidl_typesupport_cpp/turtlesim/srv/spawn__type_support.cpp.o[0m
[7.021s] [ 50%] [32mBuilding CXX object CMakeFiles/turtlesim__rosidl_typesupport_cpp.dir/rosidl_typesupport_cpp/turtlesim/srv/teleport_absolute__type_support.cpp.o[0m
[7.027s] [ 51%] [32mBuilding CXX object CMakeFiles/turtlesim__rosidl_typesupport_cpp.dir/rosidl_typesupport_cpp/turtlesim/srv/set_pen__type_support.cpp.o[0m
[7.627s] [ 52%] [32mBuilding CXX object CMakeFiles/turtlesim__rosidl_typesupport_cpp.dir/rosidl_typesupport_cpp/turtlesim/srv/teleport_relative__type_support.cpp.o[0m
[7.705s] [35m[1mScanning dependencies of target turtlesim__rosidl_typesupport_fastrtps_c[0m
[7.752s] [ 53%] [32mBuilding CXX object CMakeFiles/turtlesim__rosidl_typesupport_fastrtps_c.dir/rosidl_typesupport_fastrtps_c/turtlesim/msg/color__type_support_c.cpp.o[0m
[7.755s] [ 54%] [32mBuilding CXX object CMakeFiles/turtlesim__rosidl_typesupport_fastrtps_c.dir/rosidl_typesupport_fastrtps_c/turtlesim/action/rotate_absolute__type_support_c.cpp.o[0m
[7.757s] [ 55%] [32mBuilding CXX object CMakeFiles/turtlesim__rosidl_typesupport_fastrtps_c.dir/rosidl_typesupport_fastrtps_c/turtlesim/msg/pose__type_support_c.cpp.o[0m
[7.757s] [ 56%] [32mBuilding CXX object CMakeFiles/turtlesim__rosidl_typesupport_fastrtps_c.dir/rosidl_typesupport_fastrtps_c/turtlesim/srv/kill__type_support_c.cpp.o[0m
[7.757s] [ 57%] [32mBuilding CXX object CMakeFiles/turtlesim__rosidl_typesupport_fastrtps_c.dir/rosidl_typesupport_fastrtps_c/turtlesim/srv/teleport_absolute__type_support_c.cpp.o[0m
[7.759s] [ 58%] [32mBuilding CXX object CMakeFiles/turtlesim__rosidl_typesupport_fastrtps_c.dir/rosidl_typesupport_fastrtps_c/turtlesim/srv/set_pen__type_support_c.cpp.o[0m
[7.763s] [ 59%] [32mBuilding CXX object CMakeFiles/turtlesim__rosidl_typesupport_fastrtps_c.dir/rosidl_typesupport_fastrtps_c/turtlesim/srv/spawn__type_support_c.cpp.o[0m
[8.258s] [ 60%] [32mBuilding CXX object CMakeFiles/turtlesim__rosidl_typesupport_fastrtps_c.dir/rosidl_typesupport_fastrtps_c/turtlesim/srv/teleport_relative__type_support_c.cpp.o[0m
[8.267s] [ 61%] [32m[1mLinking CXX shared library libturtlesim__rosidl_typesupport_cpp.so[0m
[8.408s] [ 61%] Built target turtlesim__rosidl_typesupport_cpp
[8.562s] [ 62%] [32m[1mLinking CXX shared library libturtlesim__rosidl_typesupport_fastrtps_c.so[0m
[8.638s] [ 62%] Built target turtlesim__rosidl_typesupport_fastrtps_c
[8.647s] [ 63%] [34m[1mGenerating C type support dispatch for ROS interfaces[0m
[9.129s] [35m[1mScanning dependencies of target turtlesim__rosidl_typesupport_c[0m
[9.149s] [ 64%] [32mBuilding CXX object CMakeFiles/turtlesim__rosidl_typesupport_c.dir/rosidl_typesupport_c/turtlesim/msg/color__type_support.cpp.o[0m
[9.150s] [ 65%] [32mBuilding CXX object CMakeFiles/turtlesim__rosidl_typesupport_c.dir/rosidl_typesupport_c/turtlesim/srv/kill__type_support.cpp.o[0m
[9.151s] [ 67%] [32mBuilding CXX object CMakeFiles/turtlesim__rosidl_typesupport_c.dir/rosidl_typesupport_c/turtlesim/action/rotate_absolute__type_support.cpp.o[0m
[9.152s] [ 68%] [32mBuilding CXX object CMakeFiles/turtlesim__rosidl_typesupport_c.dir/rosidl_typesupport_c/turtlesim/msg/pose__type_support.cpp.o[0m
[9.154s] [ 69%] [32mBuilding CXX object CMakeFiles/turtlesim__rosidl_typesupport_c.dir/rosidl_typesupport_c/turtlesim/srv/spawn__type_support.cpp.o[0m
[9.160s] [ 70%] [32mBuilding CXX object CMakeFiles/turtlesim__rosidl_typesupport_c.dir/rosidl_typesupport_c/turtlesim/srv/set_pen__type_support.cpp.o[0m
[9.164s] [ 72%] [32mBuilding CXX object CMakeFiles/turtlesim__rosidl_typesupport_c.dir/rosidl_typesupport_c/turtlesim/srv/teleport_absolute__type_support.cpp.o[0m
[9.165s] [ 72%] [32mBuilding CXX object CMakeFiles/turtlesim__rosidl_typesupport_c.dir/rosidl_typesupport_c/turtlesim/srv/teleport_relative__type_support.cpp.o[0m
[9.212s] [ 73%] [32m[1mLinking CXX shared library libturtlesim__rosidl_typesupport_c.so[0m
[9.265s] [ 73%] Built target turtlesim__rosidl_typesupport_c
[9.273s] [35m[1mScanning dependencies of target turtlesim[0m
[9.282s] [ 73%] Built target turtlesim
[9.292s] [35m[1mScanning dependencies of target draw_square[0m
[9.296s] [35m[1mScanning dependencies of target mimic[0m
[9.297s] [35m[1mScanning dependencies of target turtle_teleop_key[0m
[9.297s] [35m[1mScanning dependencies of target turtlesim__py[0m
[9.297s] [ 74%] [34m[1mGenerating include/turtlesim/moc_turtle_frame.cpp[0m
[9.308s] [ 75%] [34m[1mGenerating Python code for ROS interfaces[0m
[9.388s] [ 76%] [32mBuilding CXX object CMakeFiles/draw_square.dir/tutorials/draw_square.cpp.o[0m
[9.392s] [ 77%] [32mBuilding CXX object CMakeFiles/mimic.dir/tutorials/mimic.cpp.o[0m
[9.394s] [35m[1mScanning dependencies of target turtlesim_node[0m
[9.396s] [ 78%] [32mBuilding CXX object CMakeFiles/turtle_teleop_key.dir/tutorials/teleop_turtle_key.cpp.o[0m
[9.502s] [ 79%] [32mBuilding CXX object CMakeFiles/turtlesim_node.dir/src/turtlesim.cpp.o[0m
[9.510s] [ 80%] [32mBuilding CXX object CMakeFiles/turtlesim_node.dir/src/turtle.cpp.o[0m
[9.511s] [ 81%] [32mBuilding CXX object CMakeFiles/turtlesim_node.dir/src/turtle_frame.cpp.o[0m
[9.539s] [ 82%] [32mBuilding CXX object CMakeFiles/turtlesim_node.dir/include/turtlesim/moc_turtle_frame.cpp.o[0m
[16.558s] [ 82%] Built target turtlesim__py
[16.591s] [35m[1mScanning dependencies of target turtlesim__python[0m
[16.796s] [ 83%] [32mBuilding C object CMakeFiles/turtlesim__python.dir/rosidl_generator_py/turtlesim/msg/_pose_s.c.o[0m
[16.807s] [ 84%] [32mBuilding C object CMakeFiles/turtlesim__python.dir/rosidl_generator_py/turtlesim/action/_rotate_absolute_s.c.o[0m
[16.816s] [ 85%] [32mBuilding C object CMakeFiles/turtlesim__python.dir/rosidl_generator_py/turtlesim/msg/_color_s.c.o[0m
[17.145s] [ 86%] [32mBuilding C object CMakeFiles/turtlesim__python.dir/rosidl_generator_py/turtlesim/srv/_kill_s.c.o[0m
[17.193s] [ 87%] [32mBuilding C object CMakeFiles/turtlesim__python.dir/rosidl_generator_py/turtlesim/srv/_set_pen_s.c.o[0m
[17.248s] [ 88%] [32mBuilding C object CMakeFiles/turtlesim__python.dir/rosidl_generator_py/turtlesim/srv/_spawn_s.c.o[0m
[17.602s] [ 89%] [32mBuilding C object CMakeFiles/turtlesim__python.dir/rosidl_generator_py/turtlesim/srv/_teleport_absolute_s.c.o[0m
[17.655s] [ 90%] [32mBuilding C object CMakeFiles/turtlesim__python.dir/rosidl_generator_py/turtlesim/srv/_teleport_relative_s.c.o[0m
[17.978s] [ 91%] [32m[1mLinking CXX shared library rosidl_generator_py/turtlesim/libturtlesim__python.so[0m
[18.196s] [ 91%] Built target turtlesim__python
[18.230s] [35m[1mScanning dependencies of target turtlesim__rosidl_typesupport_c__pyext[0m
[18.241s] [35m[1mScanning dependencies of target turtlesim__rosidl_typesupport_fastrtps_c__pyext[0m
[18.312s] [ 92%] [32mBuilding C object CMakeFiles/turtlesim__rosidl_typesupport_c__pyext.dir/rosidl_generator_py/turtlesim/_turtlesim_s.ep.rosidl_typesupport_c.c.o[0m
[18.331s] [ 93%] [32mBuilding C object CMakeFiles/turtlesim__rosidl_typesupport_fastrtps_c__pyext.dir/rosidl_generator_py/turtlesim/_turtlesim_s.ep.rosidl_typesupport_fastrtps_c.c.o[0m
[18.491s] [ 94%] [32m[1mLinking CXX executable mimic[0m
[18.777s] [ 95%] [32m[1mLinking CXX shared library rosidl_generator_py/turtlesim/turtlesim_s__rosidl_typesupport_fastrtps_c.cpython-36m-x86_64-linux-gnu.so[0m
[18.845s] [ 96%] [32m[1mLinking CXX shared library rosidl_generator_py/turtlesim/turtlesim_s__rosidl_typesupport_c.cpython-36m-x86_64-linux-gnu.so[0m
[18.992s] [ 97%] [32m[1mLinking CXX executable turtle_teleop_key[0m
[19.165s] [ 97%] Built target turtlesim__rosidl_typesupport_fastrtps_c__pyext
[19.203s] [ 97%] Built target turtlesim__rosidl_typesupport_c__pyext
[19.360s] [ 97%] Built target mimic
[19.658s] [ 97%] Built target turtle_teleop_key
[19.840s] [ 98%] [32m[1mLinking CXX executable draw_square[0m
[20.359s] [ 98%] Built target draw_square
[22.443s] [100%] [32m[1mLinking CXX executable turtlesim_node[0m
[24.304s] [100%] Built target turtlesim_node
[24.321s] Invoked command in '/home/aitor/ros2/build/turtlesim' returned '0': CMAKE_PREFIX_PATH=/opt/ros/eloquent /usr/bin/cmake --build /home/aitor/ros2/build/turtlesim -- -j8 -l8
[24.540s] Invoking command in '/home/aitor/ros2/build/turtlesim': CMAKE_PREFIX_PATH=/opt/ros/eloquent /usr/bin/cmake --build /home/aitor/ros2/build/turtlesim --target install -- -j8 -l8
[24.628s] [  1%] Built target turtlesim__cpp
[24.633s] [ 11%] Built target turtlesim__rosidl_generator_c
[24.665s] [ 21%] Built target turtlesim__rosidl_typesupport_introspection_cpp
[24.672s] [ 31%] Built target turtlesim__rosidl_typesupport_introspection_c
[24.673s] [ 42%] Built target turtlesim__rosidl_typesupport_fastrtps_cpp
[24.720s] [ 62%] Built target turtlesim__rosidl_typesupport_fastrtps_c
[24.720s] [ 61%] Built target turtlesim__rosidl_typesupport_cpp
[24.761s] [ 73%] Built target turtlesim__rosidl_typesupport_c
[24.790s] [ 73%] Built target turtlesim
[24.826s] [ 74%] Built target turtlesim__py
[24.839s] [ 76%] Built target mimic
[24.846s] [ 78%] Built target draw_square
[24.854s] [ 80%] Built target turtle_teleop_key
[24.864s] [ 86%] Built target turtlesim_node
[24.877s] [ 95%] Built target turtlesim__python
[24.915s] [ 98%] Built target turtlesim__rosidl_typesupport_fastrtps_c__pyext
[24.916s] [100%] Built target turtlesim__rosidl_typesupport_c__pyext
[24.945s] [36mInstall the project...[0m
[24.959s] -- Install configuration: ""
[24.959s] -- Installing: /home/aitor/ros2/install/turtlesim/share/ament_index/resource_index/rosidl_interfaces/turtlesim
[24.960s] -- Installing: /home/aitor/ros2/install/turtlesim/include/turtlesim
[24.960s] -- Installing: /home/aitor/ros2/install/turtlesim/include/turtlesim/msg
[24.960s] -- Installing: /home/aitor/ros2/install/turtlesim/include/turtlesim/msg/pose.hpp
[24.960s] -- Installing: /home/aitor/ros2/install/turtlesim/include/turtlesim/msg/color__struct.hpp
[24.961s] -- Installing: /home/aitor/ros2/install/turtlesim/include/turtlesim/msg/pose__traits.hpp
[24.961s] -- Installing: /home/aitor/ros2/install/turtlesim/include/turtlesim/msg/color.hpp
[24.961s] -- Installing: /home/aitor/ros2/install/turtlesim/include/turtlesim/msg/pose__struct.hpp
[24.961s] -- Installing: /home/aitor/ros2/install/turtlesim/include/turtlesim/msg/color__traits.hpp
[24.961s] -- Installing: /home/aitor/ros2/install/turtlesim/include/turtlesim/action
[24.962s] -- Installing: /home/aitor/ros2/install/turtlesim/include/turtlesim/action/rotate_absolute.hpp
[24.962s] -- Installing: /home/aitor/ros2/install/turtlesim/include/turtlesim/action/rotate_absolute__struct.hpp
[24.962s] -- Installing: /home/aitor/ros2/install/turtlesim/include/turtlesim/action/rotate_absolute__traits.hpp
[24.962s] -- Installing: /home/aitor/ros2/install/turtlesim/include/turtlesim/srv
[24.963s] -- Installing: /home/aitor/ros2/install/turtlesim/include/turtlesim/srv/spawn__traits.hpp
[24.963s] -- Installing: /home/aitor/ros2/install/turtlesim/include/turtlesim/srv/kill__traits.hpp
[24.963s] -- Installing: /home/aitor/ros2/install/turtlesim/include/turtlesim/srv/teleport_relative__struct.hpp
[24.963s] -- Installing: /home/aitor/ros2/install/turtlesim/include/turtlesim/srv/set_pen__traits.hpp
[24.963s] -- Installing: /home/aitor/ros2/install/turtlesim/include/turtlesim/srv/teleport_absolute__struct.hpp
[24.964s] -- Installing: /home/aitor/ros2/install/turtlesim/include/turtlesim/srv/teleport_absolute.hpp
[24.964s] -- Installing: /home/aitor/ros2/install/turtlesim/include/turtlesim/srv/set_pen__struct.hpp
[24.964s] -- Installing: /home/aitor/ros2/install/turtlesim/include/turtlesim/srv/teleport_relative.hpp
[24.965s] -- Installing: /home/aitor/ros2/install/turtlesim/include/turtlesim/srv/kill__struct.hpp
[24.965s] -- Installing: /home/aitor/ros2/install/turtlesim/include/turtlesim/srv/spawn__struct.hpp
[24.965s] -- Installing: /home/aitor/ros2/install/turtlesim/include/turtlesim/srv/teleport_absolute__traits.hpp
[24.965s] -- Installing: /home/aitor/ros2/install/turtlesim/include/turtlesim/srv/teleport_relative__traits.hpp
[24.966s] -- Installing: /home/aitor/ros2/install/turtlesim/include/turtlesim/srv/spawn.hpp
[24.966s] -- Installing: /home/aitor/ros2/install/turtlesim/include/turtlesim/srv/set_pen.hpp
[24.966s] -- Installing: /home/aitor/ros2/install/turtlesim/include/turtlesim/srv/kill.hpp
[24.966s] -- Up-to-date: /home/aitor/ros2/install/turtlesim/include/turtlesim
[24.966s] -- Up-to-date: /home/aitor/ros2/install/turtlesim/include/turtlesim/msg
[24.966s] -- Installing: /home/aitor/ros2/install/turtlesim/include/turtlesim/msg/color__functions.h
[24.966s] -- Installing: /home/aitor/ros2/install/turtlesim/include/turtlesim/msg/pose__functions.h
[24.967s] -- Installing: /home/aitor/ros2/install/turtlesim/include/turtlesim/msg/color__functions.c
[24.967s] -- Installing: /home/aitor/ros2/install/turtlesim/include/turtlesim/msg/pose__functions.c
[24.967s] -- Installing: /home/aitor/ros2/install/turtlesim/include/turtlesim/msg/rosidl_generator_c__visibility_control.h
[24.967s] -- Installing: /home/aitor/ros2/install/turtlesim/include/turtlesim/msg/color__type_support.h
[24.967s] -- Installing: /home/aitor/ros2/install/turtlesim/include/turtlesim/msg/pose.h
[24.967s] -- Installing: /home/aitor/ros2/install/turtlesim/include/turtlesim/msg/pose__struct.h
[24.968s] -- Installing: /home/aitor/ros2/install/turtlesim/include/turtlesim/msg/pose__type_support.h
[24.968s] -- Installing: /home/aitor/ros2/install/turtlesim/include/turtlesim/msg/color.h
[24.968s] -- Installing: /home/aitor/ros2/install/turtlesim/include/turtlesim/msg/color__struct.h
[24.969s] -- Up-to-date: /home/aitor/ros2/install/turtlesim/include/turtlesim/action
[24.969s] -- Installing: /home/aitor/ros2/install/turtlesim/include/turtlesim/action/rotate_absolute__type_support.h
[24.969s] -- Installing: /home/aitor/ros2/install/turtlesim/include/turtlesim/action/rotate_absolute.h
[24.969s] -- Installing: /home/aitor/ros2/install/turtlesim/include/turtlesim/action/rotate_absolute__functions.c
[24.969s] -- Installing: /home/aitor/ros2/install/turtlesim/include/turtlesim/action/rotate_absolute__functions.h
[24.969s] -- Installing: /home/aitor/ros2/install/turtlesim/include/turtlesim/action/rotate_absolute__struct.h
[24.969s] -- Up-to-date: /home/aitor/ros2/install/turtlesim/include/turtlesim/srv
[24.969s] -- Installing: /home/aitor/ros2/install/turtlesim/include/turtlesim/srv/teleport_relative__type_support.h
[24.970s] -- Installing: /home/aitor/ros2/install/turtlesim/include/turtlesim/srv/teleport_absolute__struct.h
[24.970s] -- Installing: /home/aitor/ros2/install/turtlesim/include/turtlesim/srv/set_pen__type_support.h
[24.970s] -- Installing: /home/aitor/ros2/install/turtlesim/include/turtlesim/srv/teleport_relative__struct.h
[24.970s] -- Installing: /home/aitor/ros2/install/turtlesim/include/turtlesim/srv/teleport_absolute__type_support.h
[24.970s] -- Installing: /home/aitor/ros2/install/turtlesim/include/turtlesim/srv/spawn__type_support.h
[24.970s] -- Installing: /home/aitor/ros2/install/turtlesim/include/turtlesim/srv/spawn__functions.c
[24.970s] -- Installing: /home/aitor/ros2/install/turtlesim/include/turtlesim/srv/teleport_absolute.h
[24.970s] -- Installing: /home/aitor/ros2/install/turtlesim/include/turtlesim/srv/set_pen__functions.h
[24.971s] -- Installing: /home/aitor/ros2/install/turtlesim/include/turtlesim/srv/kill__struct.h
[24.971s] -- Installing: /home/aitor/ros2/install/turtlesim/include/turtlesim/srv/teleport_relative.h
[24.971s] -- Installing: /home/aitor/ros2/install/turtlesim/include/turtlesim/srv/kill.h
[24.971s] -- Installing: /home/aitor/ros2/install/turtlesim/include/turtlesim/srv/spawn__struct.h
[24.971s] -- Installing: /home/aitor/ros2/install/turtlesim/include/turtlesim/srv/teleport_relative__functions.c
[24.971s] -- Installing: /home/aitor/ros2/install/turtlesim/include/turtlesim/srv/set_pen__functions.c
[24.971s] -- Installing: /home/aitor/ros2/install/turtlesim/include/turtlesim/srv/kill__functions.c
[24.972s] -- Installing: /home/aitor/ros2/install/turtlesim/include/turtlesim/srv/teleport_absolute__functions.c
[24.972s] -- Installing: /home/aitor/ros2/install/turtlesim/include/turtlesim/srv/spawn.h
[24.972s] -- Installing: /home/aitor/ros2/install/turtlesim/include/turtlesim/srv/kill__functions.h
[24.972s] -- Installing: /home/aitor/ros2/install/turtlesim/include/turtlesim/srv/set_pen__struct.h
[24.972s] -- Installing: /home/aitor/ros2/install/turtlesim/include/turtlesim/srv/set_pen.h
[24.973s] -- Installing: /home/aitor/ros2/install/turtlesim/include/turtlesim/srv/teleport_absolute__functions.h
[24.973s] -- Installing: /home/aitor/ros2/install/turtlesim/include/turtlesim/srv/spawn__functions.h
[24.973s] -- Installing: /home/aitor/ros2/install/turtlesim/include/turtlesim/srv/teleport_relative__functions.h
[24.973s] -- Installing: /home/aitor/ros2/install/turtlesim/include/turtlesim/srv/kill__type_support.h
[24.973s] -- Installing: /home/aitor/ros2/install/turtlesim/share/turtlesim/environment/library_path.sh
[24.974s] -- Installing: /home/aitor/ros2/install/turtlesim/share/turtlesim/environment/library_path.dsv
[24.974s] -- Installing: /home/aitor/ros2/install/turtlesim/lib/libturtlesim__rosidl_generator_c.so
[24.974s] -- Set runtime path of "/home/aitor/ros2/install/turtlesim/lib/libturtlesim__rosidl_generator_c.so" to ""
[24.974s] -- Installing: /home/aitor/ros2/install/turtlesim/lib/libturtlesim__rosidl_typesupport_c.so
[24.974s] -- Set runtime path of "/home/aitor/ros2/install/turtlesim/lib/libturtlesim__rosidl_typesupport_c.so" to ""
[24.975s] -- Installing: /home/aitor/ros2/install/turtlesim/lib/libturtlesim__rosidl_typesupport_cpp.so
[24.975s] -- Set runtime path of "/home/aitor/ros2/install/turtlesim/lib/libturtlesim__rosidl_typesupport_cpp.so" to ""
[24.975s] -- Up-to-date: /home/aitor/ros2/install/turtlesim/include/turtlesim
[24.975s] -- Up-to-date: /home/aitor/ros2/install/turtlesim/include/turtlesim/msg
[24.976s] -- Installing: /home/aitor/ros2/install/turtlesim/include/turtlesim/msg/color__type_support.c
[24.976s] -- Installing: /home/aitor/ros2/install/turtlesim/include/turtlesim/msg/rosidl_typesupport_introspection_c__visibility_control.h
[24.976s] -- Installing: /home/aitor/ros2/install/turtlesim/include/turtlesim/msg/pose__rosidl_typesupport_introspection_c.h
[24.976s] -- Installing: /home/aitor/ros2/install/turtlesim/include/turtlesim/msg/color__rosidl_typesupport_introspection_c.h
[24.976s] -- Installing: /home/aitor/ros2/install/turtlesim/include/turtlesim/msg/pose__type_support.c
[24.977s] -- Up-to-date: /home/aitor/ros2/install/turtlesim/include/turtlesim/action
[24.978s] -- Installing: /home/aitor/ros2/install/turtlesim/include/turtlesim/action/rotate_absolute__rosidl_typesupport_introspection_c.h
[24.978s] -- Installing: /home/aitor/ros2/install/turtlesim/include/turtlesim/action/rotate_absolute__type_support.c
[24.978s] -- Up-to-date: /home/aitor/ros2/install/turtlesim/include/turtlesim/srv
[24.978s] -- Installing: /home/aitor/ros2/install/turtlesim/include/turtlesim/srv/kill__rosidl_typesupport_introspection_c.h
[24.979s] -- Installing: /home/aitor/ros2/install/turtlesim/include/turtlesim/srv/teleport_relative__rosidl_typesupport_introspection_c.h
[24.979s] -- Installing: /home/aitor/ros2/install/turtlesim/include/turtlesim/srv/teleport_relative__type_support.c
[24.979s] -- Installing: /home/aitor/ros2/install/turtlesim/include/turtlesim/srv/set_pen__rosidl_typesupport_introspection_c.h
[24.979s] -- Installing: /home/aitor/ros2/install/turtlesim/include/turtlesim/srv/teleport_absolute__rosidl_typesupport_introspection_c.h
[24.980s] -- Installing: /home/aitor/ros2/install/turtlesim/include/turtlesim/srv/spawn__type_support.c
[24.980s] -- Installing: /home/aitor/ros2/install/turtlesim/include/turtlesim/srv/kill__type_support.c
[24.980s] -- Installing: /home/aitor/ros2/install/turtlesim/include/turtlesim/srv/spawn__rosidl_typesupport_introspection_c.h
[24.980s] -- Installing: /home/aitor/ros2/install/turtlesim/include/turtlesim/srv/set_pen__type_support.c
[24.980s] -- Installing: /home/aitor/ros2/install/turtlesim/include/turtlesim/srv/teleport_absolute__type_support.c
[24.981s] -- Installing: /home/aitor/ros2/install/turtlesim/lib/libturtlesim__rosidl_typesupport_introspection_c.so
[24.981s] -- Set runtime path of "/home/aitor/ros2/install/turtlesim/lib/libturtlesim__rosidl_typesupport_introspection_c.so" to ""
[24.981s] -- Up-to-date: /home/aitor/ros2/install/turtlesim/include/turtlesim
[24.981s] -- Up-to-date: /home/aitor/ros2/install/turtlesim/include/turtlesim/msg
[24.981s] -- Installing: /home/aitor/ros2/install/turtlesim/include/turtlesim/msg/color__rosidl_typesupport_introspection_cpp.hpp
[24.981s] -- Installing: /home/aitor/ros2/install/turtlesim/include/turtlesim/msg/pose__type_support.cpp
[24.981s] -- Installing: /home/aitor/ros2/install/turtlesim/include/turtlesim/msg/pose__rosidl_typesupport_introspection_cpp.hpp
[24.981s] -- Installing: /home/aitor/ros2/install/turtlesim/include/turtlesim/msg/color__type_support.cpp
[24.981s] -- Up-to-date: /home/aitor/ros2/install/turtlesim/include/turtlesim/action
[24.982s] -- Installing: /home/aitor/ros2/install/turtlesim/include/turtlesim/action/rotate_absolute__type_support.cpp
[24.982s] -- Installing: /home/aitor/ros2/install/turtlesim/include/turtlesim/action/rotate_absolute__rosidl_typesupport_introspection_cpp.hpp
[24.982s] -- Up-to-date: /home/aitor/ros2/install/turtlesim/include/turtlesim/srv
[24.982s] -- Installing: /home/aitor/ros2/install/turtlesim/include/turtlesim/srv/kill__type_support.cpp
[24.982s] -- Installing: /home/aitor/ros2/install/turtlesim/include/turtlesim/srv/set_pen__type_support.cpp
[24.982s] -- Installing: /home/aitor/ros2/install/turtlesim/include/turtlesim/srv/spawn__rosidl_typesupport_introspection_cpp.hpp
[24.982s] -- Installing: /home/aitor/ros2/install/turtlesim/include/turtlesim/srv/teleport_relative__rosidl_typesupport_introspection_cpp.hpp
[24.982s] -- Installing: /home/aitor/ros2/install/turtlesim/include/turtlesim/srv/kill__rosidl_typesupport_introspection_cpp.hpp
[24.982s] -- Installing: /home/aitor/ros2/install/turtlesim/include/turtlesim/srv/teleport_absolute__type_support.cpp
[24.982s] -- Installing: /home/aitor/ros2/install/turtlesim/include/turtlesim/srv/teleport_relative__type_support.cpp
[24.983s] -- Installing: /home/aitor/ros2/install/turtlesim/include/turtlesim/srv/teleport_absolute__rosidl_typesupport_introspection_cpp.hpp
[24.983s] -- Installing: /home/aitor/ros2/install/turtlesim/include/turtlesim/srv/set_pen__rosidl_typesupport_introspection_cpp.hpp
[24.983s] -- Installing: /home/aitor/ros2/install/turtlesim/include/turtlesim/srv/spawn__type_support.cpp
[24.983s] -- Installing: /home/aitor/ros2/install/turtlesim/lib/libturtlesim__rosidl_typesupport_introspection_cpp.so
[24.983s] -- Set runtime path of "/home/aitor/ros2/install/turtlesim/lib/libturtlesim__rosidl_typesupport_introspection_cpp.so" to ""
[24.983s] -- Up-to-date: /home/aitor/ros2/install/turtlesim/include/turtlesim
[24.983s] -- Up-to-date: /home/aitor/ros2/install/turtlesim/include/turtlesim/msg
[24.983s] -- Installing: /home/aitor/ros2/install/turtlesim/include/turtlesim/msg/color__rosidl_typesupport_fastrtps_c.h
[24.983s] -- Installing: /home/aitor/ros2/install/turtlesim/include/turtlesim/msg/rosidl_typesupport_fastrtps_c__visibility_control.h
[24.983s] -- Installing: /home/aitor/ros2/install/turtlesim/include/turtlesim/msg/pose__rosidl_typesupport_fastrtps_c.h
[24.984s] -- Up-to-date: /home/aitor/ros2/install/turtlesim/include/turtlesim/action
[24.984s] -- Installing: /home/aitor/ros2/install/turtlesim/include/turtlesim/action/rotate_absolute__rosidl_typesupport_fastrtps_c.h
[24.984s] -- Up-to-date: /home/aitor/ros2/install/turtlesim/include/turtlesim/srv
[24.984s] -- Installing: /home/aitor/ros2/install/turtlesim/include/turtlesim/srv/teleport_relative__rosidl_typesupport_fastrtps_c.h
[24.984s] -- Installing: /home/aitor/ros2/install/turtlesim/include/turtlesim/srv/teleport_absolute__rosidl_typesupport_fastrtps_c.h
[24.984s] -- Installing: /home/aitor/ros2/install/turtlesim/include/turtlesim/srv/set_pen__rosidl_typesupport_fastrtps_c.h
[24.984s] -- Installing: /home/aitor/ros2/install/turtlesim/include/turtlesim/srv/kill__rosidl_typesupport_fastrtps_c.h
[24.984s] -- Installing: /home/aitor/ros2/install/turtlesim/include/turtlesim/srv/spawn__rosidl_typesupport_fastrtps_c.h
[24.984s] -- Installing: /home/aitor/ros2/install/turtlesim/lib/libturtlesim__rosidl_typesupport_fastrtps_c.so
[24.985s] -- Set runtime path of "/home/aitor/ros2/install/turtlesim/lib/libturtlesim__rosidl_typesupport_fastrtps_c.so" to ""
[24.985s] -- Up-to-date: /home/aitor/ros2/install/turtlesim/include/turtlesim
[24.985s] -- Up-to-date: /home/aitor/ros2/install/turtlesim/include/turtlesim/msg
[24.985s] -- Installing: /home/aitor/ros2/install/turtlesim/include/turtlesim/msg/rosidl_typesupport_fastrtps_cpp__visibility_control.h
[24.985s] -- Installing: /home/aitor/ros2/install/turtlesim/include/turtlesim/msg/pose__rosidl_typesupport_fastrtps_cpp.hpp
[24.985s] -- Installing: /home/aitor/ros2/install/turtlesim/include/turtlesim/msg/color__rosidl_typesupport_fastrtps_cpp.hpp
[24.985s] -- Installing: /home/aitor/ros2/install/turtlesim/include/turtlesim/msg/dds_fastrtps
[24.985s] -- Up-to-date: /home/aitor/ros2/install/turtlesim/include/turtlesim/action
[24.986s] -- Installing: /home/aitor/ros2/install/turtlesim/include/turtlesim/action/rotate_absolute__rosidl_typesupport_fastrtps_cpp.hpp
[24.986s] -- Installing: /home/aitor/ros2/install/turtlesim/include/turtlesim/action/dds_fastrtps
[24.986s] -- Up-to-date: /home/aitor/ros2/install/turtlesim/include/turtlesim/srv
[24.986s] -- Installing: /home/aitor/ros2/install/turtlesim/include/turtlesim/srv/spawn__rosidl_typesupport_fastrtps_cpp.hpp
[24.986s] -- Installing: /home/aitor/ros2/install/turtlesim/include/turtlesim/srv/kill__rosidl_typesupport_fastrtps_cpp.hpp
[24.986s] -- Installing: /home/aitor/ros2/install/turtlesim/include/turtlesim/srv/teleport_absolute__rosidl_typesupport_fastrtps_cpp.hpp
[24.986s] -- Installing: /home/aitor/ros2/install/turtlesim/include/turtlesim/srv/teleport_relative__rosidl_typesupport_fastrtps_cpp.hpp
[24.986s] -- Installing: /home/aitor/ros2/install/turtlesim/include/turtlesim/srv/set_pen__rosidl_typesupport_fastrtps_cpp.hpp
[24.987s] -- Installing: /home/aitor/ros2/install/turtlesim/include/turtlesim/srv/dds_fastrtps
[24.987s] -- Installing: /home/aitor/ros2/install/turtlesim/lib/libturtlesim__rosidl_typesupport_fastrtps_cpp.so
[24.987s] -- Set runtime path of "/home/aitor/ros2/install/turtlesim/lib/libturtlesim__rosidl_typesupport_fastrtps_cpp.so" to ""
[24.987s] -- Installing: /home/aitor/ros2/install/turtlesim/share/turtlesim/environment/pythonpath.sh
[24.987s] -- Installing: /home/aitor/ros2/install/turtlesim/share/turtlesim/environment/pythonpath.dsv
[24.987s] -- Installing: /home/aitor/ros2/install/turtlesim/lib/python3.6/site-packages/turtlesim/__init__.py
[25.031s] Compiling '/home/aitor/ros2/install/turtlesim/lib/python3.6/site-packages/turtlesim/__init__.py'...
[25.037s] -- Installing: /home/aitor/ros2/install/turtlesim/lib/python3.6/site-packages/turtlesim/action
[25.038s] -- Installing: /home/aitor/ros2/install/turtlesim/lib/python3.6/site-packages/turtlesim/action/_rotate_absolute.py
[25.038s] -- Installing: /home/aitor/ros2/install/turtlesim/lib/python3.6/site-packages/turtlesim/action/_rotate_absolute_s.c
[25.038s] -- Installing: /home/aitor/ros2/install/turtlesim/lib/python3.6/site-packages/turtlesim/action/__init__.py
[25.038s] -- Installing: /home/aitor/ros2/install/turtlesim/lib/python3.6/site-packages/turtlesim/msg
[25.038s] -- Installing: /home/aitor/ros2/install/turtlesim/lib/python3.6/site-packages/turtlesim/msg/_color.py
[25.039s] -- Installing: /home/aitor/ros2/install/turtlesim/lib/python3.6/site-packages/turtlesim/msg/_pose_s.c
[25.039s] -- Installing: /home/aitor/ros2/install/turtlesim/lib/python3.6/site-packages/turtlesim/msg/_color_s.c
[25.039s] -- Installing: /home/aitor/ros2/install/turtlesim/lib/python3.6/site-packages/turtlesim/msg/__init__.py
[25.039s] -- Installing: /home/aitor/ros2/install/turtlesim/lib/python3.6/site-packages/turtlesim/msg/_pose.py
[25.040s] -- Installing: /home/aitor/ros2/install/turtlesim/lib/python3.6/site-packages/turtlesim/srv
[25.040s] -- Installing: /home/aitor/ros2/install/turtlesim/lib/python3.6/site-packages/turtlesim/srv/_spawn_s.c
[25.040s] -- Installing: /home/aitor/ros2/install/turtlesim/lib/python3.6/site-packages/turtlesim/srv/_teleport_relative.py
[25.040s] -- Installing: /home/aitor/ros2/install/turtlesim/lib/python3.6/site-packages/turtlesim/srv/_set_pen.py
[25.040s] -- Installing: /home/aitor/ros2/install/turtlesim/lib/python3.6/site-packages/turtlesim/srv/_teleport_relative_s.c
[25.040s] -- Installing: /home/aitor/ros2/install/turtlesim/lib/python3.6/site-packages/turtlesim/srv/_teleport_absolute_s.c
[25.040s] -- Installing: /home/aitor/ros2/install/turtlesim/lib/python3.6/site-packages/turtlesim/srv/_teleport_absolute.py
[25.040s] -- Installing: /home/aitor/ros2/install/turtlesim/lib/python3.6/site-packages/turtlesim/srv/__init__.py
[25.041s] -- Installing: /home/aitor/ros2/install/turtlesim/lib/python3.6/site-packages/turtlesim/srv/_set_pen_s.c
[25.041s] -- Installing: /home/aitor/ros2/install/turtlesim/lib/python3.6/site-packages/turtlesim/srv/_kill_s.c
[25.041s] -- Installing: /home/aitor/ros2/install/turtlesim/lib/python3.6/site-packages/turtlesim/srv/_kill.py
[25.041s] -- Installing: /home/aitor/ros2/install/turtlesim/lib/python3.6/site-packages/turtlesim/srv/_spawn.py
[25.041s] -- Installing: /home/aitor/ros2/install/turtlesim/lib/python3.6/site-packages/turtlesim/turtlesim_s__rosidl_typesupport_c.cpython-36m-x86_64-linux-gnu.so
[25.042s] -- Set runtime path of "/home/aitor/ros2/install/turtlesim/lib/python3.6/site-packages/turtlesim/turtlesim_s__rosidl_typesupport_c.cpython-36m-x86_64-linux-gnu.so" to ""
[25.042s] -- Installing: /home/aitor/ros2/install/turtlesim/lib/python3.6/site-packages/turtlesim/turtlesim_s__rosidl_typesupport_fastrtps_c.cpython-36m-x86_64-linux-gnu.so
[25.042s] -- Set runtime path of "/home/aitor/ros2/install/turtlesim/lib/python3.6/site-packages/turtlesim/turtlesim_s__rosidl_typesupport_fastrtps_c.cpython-36m-x86_64-linux-gnu.so" to ""
[25.042s] -- Installing: /home/aitor/ros2/install/turtlesim/lib/libturtlesim__python.so
[25.043s] -- Set runtime path of "/home/aitor/ros2/install/turtlesim/lib/libturtlesim__python.so" to ""
[25.043s] -- Installing: /home/aitor/ros2/install/turtlesim/share/turtlesim/action/RotateAbsolute.idl
[25.043s] -- Installing: /home/aitor/ros2/install/turtlesim/share/turtlesim/msg/Color.idl
[25.043s] -- Installing: /home/aitor/ros2/install/turtlesim/share/turtlesim/msg/Pose.idl
[25.044s] -- Installing: /home/aitor/ros2/install/turtlesim/share/turtlesim/srv/Kill.idl
[25.044s] -- Installing: /home/aitor/ros2/install/turtlesim/share/turtlesim/srv/SetPen.idl
[25.044s] -- Installing: /home/aitor/ros2/install/turtlesim/share/turtlesim/srv/Spawn.idl
[25.044s] -- Installing: /home/aitor/ros2/install/turtlesim/share/turtlesim/srv/TeleportAbsolute.idl
[25.044s] -- Installing: /home/aitor/ros2/install/turtlesim/share/turtlesim/srv/TeleportRelative.idl
[25.045s] -- Installing: /home/aitor/ros2/install/turtlesim/share/turtlesim/action/RotateAbsolute.action
[25.045s] -- Installing: /home/aitor/ros2/install/turtlesim/share/turtlesim/msg/Color.msg
[25.045s] -- Installing: /home/aitor/ros2/install/turtlesim/share/turtlesim/msg/Pose.msg
[25.045s] -- Installing: /home/aitor/ros2/install/turtlesim/share/turtlesim/srv/Kill.srv
[25.045s] -- Installing: /home/aitor/ros2/install/turtlesim/share/turtlesim/srv/Kill_Request.msg
[25.046s] -- Installing: /home/aitor/ros2/install/turtlesim/share/turtlesim/srv/Kill_Response.msg
[25.046s] -- Installing: /home/aitor/ros2/install/turtlesim/share/turtlesim/srv/SetPen.srv
[25.046s] -- Installing: /home/aitor/ros2/install/turtlesim/share/turtlesim/srv/SetPen_Request.msg
[25.046s] -- Installing: /home/aitor/ros2/install/turtlesim/share/turtlesim/srv/SetPen_Response.msg
[25.046s] -- Installing: /home/aitor/ros2/install/turtlesim/share/turtlesim/srv/Spawn.srv
[25.047s] -- Installing: /home/aitor/ros2/install/turtlesim/share/turtlesim/srv/Spawn_Request.msg
[25.047s] -- Installing: /home/aitor/ros2/install/turtlesim/share/turtlesim/srv/Spawn_Response.msg
[25.047s] -- Installing: /home/aitor/ros2/install/turtlesim/share/turtlesim/srv/TeleportAbsolute.srv
[25.047s] -- Installing: /home/aitor/ros2/install/turtlesim/share/turtlesim/srv/TeleportAbsolute_Request.msg
[25.047s] -- Installing: /home/aitor/ros2/install/turtlesim/share/turtlesim/srv/TeleportAbsolute_Response.msg
[25.048s] -- Installing: /home/aitor/ros2/install/turtlesim/share/turtlesim/srv/TeleportRelative.srv
[25.048s] -- Installing: /home/aitor/ros2/install/turtlesim/share/turtlesim/srv/TeleportRelative_Request.msg
[25.048s] -- Installing: /home/aitor/ros2/install/turtlesim/share/turtlesim/srv/TeleportRelative_Response.msg
[25.048s] -- Installing: /home/aitor/ros2/install/turtlesim/lib/turtlesim/turtlesim_node
[25.052s] -- Set runtime path of "/home/aitor/ros2/install/turtlesim/lib/turtlesim/turtlesim_node" to ""
[25.052s] -- Installing: /home/aitor/ros2/install/turtlesim/lib/turtlesim/turtle_teleop_key
[25.053s] -- Set runtime path of "/home/aitor/ros2/install/turtlesim/lib/turtlesim/turtle_teleop_key" to ""
[25.054s] -- Installing: /home/aitor/ros2/install/turtlesim/lib/turtlesim/draw_square
[25.055s] -- Set runtime path of "/home/aitor/ros2/install/turtlesim/lib/turtlesim/draw_square" to ""
[25.055s] -- Installing: /home/aitor/ros2/install/turtlesim/lib/turtlesim/mimic
[25.057s] -- Set runtime path of "/home/aitor/ros2/install/turtlesim/lib/turtlesim/mimic" to ""
[25.057s] -- Installing: /home/aitor/ros2/install/turtlesim/share/turtlesim/images
[25.058s] -- Installing: /home/aitor/ros2/install/turtlesim/share/turtlesim/images/eloquent.png
[25.058s] -- Installing: /home/aitor/ros2/install/turtlesim/share/turtlesim/images/bouncy.png
[25.058s] -- Installing: /home/aitor/ros2/install/turtlesim/share/turtlesim/images/crystal.png
[25.058s] -- Installing: /home/aitor/ros2/install/turtlesim/share/turtlesim/images/ardent.png
[25.058s] -- Installing: /home/aitor/ros2/install/turtlesim/share/turtlesim/images/dashing.png
[25.058s] -- Installing: /home/aitor/ros2/install/turtlesim/share/turtlesim/launch
[25.059s] -- Installing: /home/aitor/ros2/install/turtlesim/share/turtlesim/launch/multisim.launch.py
[25.059s] -- Installing: /home/aitor/ros2/install/turtlesim/share/ament_index/resource_index/package_run_dependencies/turtlesim
[25.059s] -- Installing: /home/aitor/ros2/install/turtlesim/share/ament_index/resource_index/parent_prefix_path/turtlesim
[25.059s] -- Installing: /home/aitor/ros2/install/turtlesim/share/turtlesim/environment/ament_prefix_path.sh
[25.059s] -- Installing: /home/aitor/ros2/install/turtlesim/share/turtlesim/environment/ament_prefix_path.dsv
[25.059s] -- Installing: /home/aitor/ros2/install/turtlesim/share/turtlesim/environment/path.sh
[25.059s] -- Installing: /home/aitor/ros2/install/turtlesim/share/turtlesim/environment/path.dsv
[25.060s] -- Installing: /home/aitor/ros2/install/turtlesim/share/turtlesim/local_setup.bash
[25.060s] -- Installing: /home/aitor/ros2/install/turtlesim/share/turtlesim/local_setup.sh
[25.060s] -- Installing: /home/aitor/ros2/install/turtlesim/share/turtlesim/local_setup.zsh
[25.060s] -- Installing: /home/aitor/ros2/install/turtlesim/share/turtlesim/local_setup.dsv
[25.060s] -- Installing: /home/aitor/ros2/install/turtlesim/share/turtlesim/package.dsv
[25.060s] -- Installing: /home/aitor/ros2/install/turtlesim/share/ament_index/resource_index/packages/turtlesim
[25.060s] -- Installing: /home/aitor/ros2/install/turtlesim/share/turtlesim/cmake/rosidl_cmake-extras.cmake
[25.060s] -- Installing: /home/aitor/ros2/install/turtlesim/share/turtlesim/cmake/ament_cmake_export_dependencies-extras.cmake
[25.061s] -- Installing: /home/aitor/ros2/install/turtlesim/share/turtlesim/cmake/ament_cmake_export_include_directories-extras.cmake
[25.061s] -- Installing: /home/aitor/ros2/install/turtlesim/share/turtlesim/cmake/ament_cmake_export_libraries-extras.cmake
[25.061s] -- Installing: /home/aitor/ros2/install/turtlesim/share/turtlesim/cmake/turtlesimConfig.cmake
[25.061s] -- Installing: /home/aitor/ros2/install/turtlesim/share/turtlesim/cmake/turtlesimConfig-version.cmake
[25.061s] -- Installing: /home/aitor/ros2/install/turtlesim/share/turtlesim/package.xml
[25.068s] Invoked command in '/home/aitor/ros2/build/turtlesim' returned '0': CMAKE_PREFIX_PATH=/opt/ros/eloquent /usr/bin/cmake --build /home/aitor/ros2/build/turtlesim --target install -- -j8 -l8
