[0.143s] DEBUG:colcon:Command line arguments: ['/usr/bin/colcon', 'build', '--symlink-install']
[0.143s] DEBUG:colcon:Parsed command line arguments: Namespace(ament_cmake_args=None, base_paths=['.'], build_base='build', catkin_cmake_args=None, catkin_skip_building_tests=False, cmake_args=None, cmake_clean_cache=False, cmake_clean_first=False, cmake_force_configure=False, cmake_target=None, cmake_target_skip_unavailable=False, continue_on_error=False, event_handlers=None, executor='parallel', ignore_user_meta=False, install_base='install', log_base=None, log_level=None, main=<bound method BuildVerb.main of <colcon_core.verb.build.BuildVerb object at 0x7f1fb324c0f0>>, merge_install=False, metas=['./colcon.meta'], packages_above=None, packages_above_and_dependencies=None, packages_above_depth=None, packages_end=None, packages_ignore=None, packages_ignore_regex=None, packages_select=None, packages_select_build_failed=False, packages_select_by_dep=None, packages_select_regex=None, packages_select_test_failures=False, packages_skip=None, packages_skip_build_finished=False, packages_skip_by_dep=None, packages_skip_regex=None, packages_skip_test_passed=False, packages_skip_up_to=None, packages_start=None, packages_up_to=None, packages_up_to_regex=None, parallel_workers=8, paths=None, symlink_install=True, test_result_base=None, verb_extension=<colcon_core.verb.build.BuildVerb object at 0x7f1fb324c0f0>, verb_name='build', verb_parser=<colcon_defaults.argument_parser.defaults.DefaultArgumentsDecorator object at 0x7f1fb324c358>)
[0.147s] Level 1:colcon.colcon_core.package_discovery:discover_packages(colcon_meta) check parameters
[0.148s] Level 1:colcon.colcon_core.package_discovery:discover_packages(recursive) check parameters
[0.148s] Level 1:colcon.colcon_core.package_discovery:discover_packages(ignore) check parameters
[0.148s] Level 1:colcon.colcon_core.package_discovery:discover_packages(path) check parameters
[0.148s] Level 1:colcon.colcon_core.package_discovery:discover_packages(colcon_meta) discover
[0.148s] Level 1:colcon.colcon_core.package_discovery:discover_packages(recursive) discover
[0.148s] INFO:colcon.colcon_core.package_discovery:Crawling recursively for packages in '/home/aitor/ros2'
[0.148s] Level 1:colcon.colcon_core.package_identification:_identify(.) by extensions ['ignore', 'ignore_ament_install']
[0.148s] Level 1:colcon.colcon_core.package_identification:_identify(.) by extension 'ignore'
[0.148s] Level 1:colcon.colcon_core.package_identification:_identify(.) by extension 'ignore_ament_install'
[0.148s] Level 1:colcon.colcon_core.package_identification:_identify(.) by extensions ['colcon_pkg']
[0.149s] Level 1:colcon.colcon_core.package_identification:_identify(.) by extension 'colcon_pkg'
[0.149s] Level 1:colcon.colcon_core.package_identification:_identify(.) by extensions ['colcon_meta']
[0.149s] Level 1:colcon.colcon_core.package_identification:_identify(.) by extension 'colcon_meta'
[0.149s] Level 1:colcon.colcon_core.package_identification:_identify(.) by extensions ['ros']
[0.149s] Level 1:colcon.colcon_core.package_identification:_identify(.) by extension 'ros'
[0.158s] Level 1:colcon.colcon_core.package_identification:_identify(.) by extensions ['cmake', 'python']
[0.158s] Level 1:colcon.colcon_core.package_identification:_identify(.) by extension 'cmake'
[0.158s] Level 1:colcon.colcon_core.package_identification:_identify(.) by extension 'python'
[0.158s] Level 1:colcon.colcon_core.package_identification:_identify(.) by extensions ['python_setup_py']
[0.158s] Level 1:colcon.colcon_core.package_identification:_identify(.) by extension 'python_setup_py'
[0.158s] Level 1:colcon.colcon_core.package_identification:_identify(build) by extensions ['ignore', 'ignore_ament_install']
[0.158s] Level 1:colcon.colcon_core.package_identification:_identify(build) by extension 'ignore'
[0.158s] Level 1:colcon.colcon_core.package_identification:_identify(build) ignored
[0.159s] Level 1:colcon.colcon_core.package_identification:_identify(install) by extensions ['ignore', 'ignore_ament_install']
[0.159s] Level 1:colcon.colcon_core.package_identification:_identify(install) by extension 'ignore'
[0.159s] Level 1:colcon.colcon_core.package_identification:_identify(install) ignored
[0.159s] Level 1:colcon.colcon_core.package_identification:_identify(log) by extensions ['ignore', 'ignore_ament_install']
[0.159s] Level 1:colcon.colcon_core.package_identification:_identify(log) by extension 'ignore'
[0.159s] Level 1:colcon.colcon_core.package_identification:_identify(log) ignored
[0.159s] Level 1:colcon.colcon_core.package_identification:_identify(week1_ws) by extensions ['ignore', 'ignore_ament_install']
[0.159s] Level 1:colcon.colcon_core.package_identification:_identify(week1_ws) by extension 'ignore'
[0.160s] Level 1:colcon.colcon_core.package_identification:_identify(week1_ws) by extension 'ignore_ament_install'
[0.160s] Level 1:colcon.colcon_core.package_identification:_identify(week1_ws) by extensions ['colcon_pkg']
[0.160s] Level 1:colcon.colcon_core.package_identification:_identify(week1_ws) by extension 'colcon_pkg'
[0.160s] Level 1:colcon.colcon_core.package_identification:_identify(week1_ws) by extensions ['colcon_meta']
[0.160s] Level 1:colcon.colcon_core.package_identification:_identify(week1_ws) by extension 'colcon_meta'
[0.160s] Level 1:colcon.colcon_core.package_identification:_identify(week1_ws) by extensions ['ros']
[0.160s] Level 1:colcon.colcon_core.package_identification:_identify(week1_ws) by extension 'ros'
[0.160s] Level 1:colcon.colcon_core.package_identification:_identify(week1_ws) by extensions ['cmake', 'python']
[0.160s] Level 1:colcon.colcon_core.package_identification:_identify(week1_ws) by extension 'cmake'
[0.160s] Level 1:colcon.colcon_core.package_identification:_identify(week1_ws) by extension 'python'
[0.160s] Level 1:colcon.colcon_core.package_identification:_identify(week1_ws) by extensions ['python_setup_py']
[0.160s] Level 1:colcon.colcon_core.package_identification:_identify(week1_ws) by extension 'python_setup_py'
[0.160s] Level 1:colcon.colcon_core.package_identification:_identify(week1_ws/build) by extensions ['ignore', 'ignore_ament_install']
[0.160s] Level 1:colcon.colcon_core.package_identification:_identify(week1_ws/build) by extension 'ignore'
[0.160s] Level 1:colcon.colcon_core.package_identification:_identify(week1_ws/build) ignored
[0.160s] Level 1:colcon.colcon_core.package_identification:_identify(week1_ws/install) by extensions ['ignore', 'ignore_ament_install']
[0.161s] Level 1:colcon.colcon_core.package_identification:_identify(week1_ws/install) by extension 'ignore'
[0.161s] Level 1:colcon.colcon_core.package_identification:_identify(week1_ws/install) ignored
[0.161s] Level 1:colcon.colcon_core.package_identification:_identify(week1_ws/log) by extensions ['ignore', 'ignore_ament_install']
[0.161s] Level 1:colcon.colcon_core.package_identification:_identify(week1_ws/log) by extension 'ignore'
[0.161s] Level 1:colcon.colcon_core.package_identification:_identify(week1_ws/log) ignored
[0.161s] Level 1:colcon.colcon_core.package_identification:_identify(week1_ws/ros_tutorials) by extensions ['ignore', 'ignore_ament_install']
[0.161s] Level 1:colcon.colcon_core.package_identification:_identify(week1_ws/ros_tutorials) by extension 'ignore'
[0.161s] Level 1:colcon.colcon_core.package_identification:_identify(week1_ws/ros_tutorials) by extension 'ignore_ament_install'
[0.161s] Level 1:colcon.colcon_core.package_identification:_identify(week1_ws/ros_tutorials) by extensions ['colcon_pkg']
[0.161s] Level 1:colcon.colcon_core.package_identification:_identify(week1_ws/ros_tutorials) by extension 'colcon_pkg'
[0.161s] Level 1:colcon.colcon_core.package_identification:_identify(week1_ws/ros_tutorials) by extensions ['colcon_meta']
[0.161s] Level 1:colcon.colcon_core.package_identification:_identify(week1_ws/ros_tutorials) by extension 'colcon_meta'
[0.161s] Level 1:colcon.colcon_core.package_identification:_identify(week1_ws/ros_tutorials) by extensions ['ros']
[0.161s] Level 1:colcon.colcon_core.package_identification:_identify(week1_ws/ros_tutorials) by extension 'ros'
[0.161s] Level 1:colcon.colcon_core.package_identification:_identify(week1_ws/ros_tutorials) by extensions ['cmake', 'python']
[0.161s] Level 1:colcon.colcon_core.package_identification:_identify(week1_ws/ros_tutorials) by extension 'cmake'
[0.161s] Level 1:colcon.colcon_core.package_identification:_identify(week1_ws/ros_tutorials) by extension 'python'
[0.161s] Level 1:colcon.colcon_core.package_identification:_identify(week1_ws/ros_tutorials) by extensions ['python_setup_py']
[0.161s] Level 1:colcon.colcon_core.package_identification:_identify(week1_ws/ros_tutorials) by extension 'python_setup_py'
[0.162s] Level 1:colcon.colcon_core.package_identification:_identify(week1_ws/ros_tutorials/ros_tutorials) by extensions ['ignore', 'ignore_ament_install']
[0.162s] Level 1:colcon.colcon_core.package_identification:_identify(week1_ws/ros_tutorials/ros_tutorials) by extension 'ignore'
[0.162s] Level 1:colcon.colcon_core.package_identification:_identify(week1_ws/ros_tutorials/ros_tutorials) ignored
[0.162s] Level 1:colcon.colcon_core.package_identification:_identify(week1_ws/ros_tutorials/roscpp_tutorials) by extensions ['ignore', 'ignore_ament_install']
[0.162s] Level 1:colcon.colcon_core.package_identification:_identify(week1_ws/ros_tutorials/roscpp_tutorials) by extension 'ignore'
[0.162s] Level 1:colcon.colcon_core.package_identification:_identify(week1_ws/ros_tutorials/roscpp_tutorials) ignored
[0.162s] Level 1:colcon.colcon_core.package_identification:_identify(week1_ws/ros_tutorials/rospy_tutorials) by extensions ['ignore', 'ignore_ament_install']
[0.162s] Level 1:colcon.colcon_core.package_identification:_identify(week1_ws/ros_tutorials/rospy_tutorials) by extension 'ignore'
[0.162s] Level 1:colcon.colcon_core.package_identification:_identify(week1_ws/ros_tutorials/rospy_tutorials) ignored
[0.162s] Level 1:colcon.colcon_core.package_identification:_identify(week1_ws/ros_tutorials/turtlesim) by extensions ['ignore', 'ignore_ament_install']
[0.162s] Level 1:colcon.colcon_core.package_identification:_identify(week1_ws/ros_tutorials/turtlesim) by extension 'ignore'
[0.162s] Level 1:colcon.colcon_core.package_identification:_identify(week1_ws/ros_tutorials/turtlesim) by extension 'ignore_ament_install'
[0.162s] Level 1:colcon.colcon_core.package_identification:_identify(week1_ws/ros_tutorials/turtlesim) by extensions ['colcon_pkg']
[0.162s] Level 1:colcon.colcon_core.package_identification:_identify(week1_ws/ros_tutorials/turtlesim) by extension 'colcon_pkg'
[0.162s] Level 1:colcon.colcon_core.package_identification:_identify(week1_ws/ros_tutorials/turtlesim) by extensions ['colcon_meta']
[0.162s] Level 1:colcon.colcon_core.package_identification:_identify(week1_ws/ros_tutorials/turtlesim) by extension 'colcon_meta'
[0.162s] Level 1:colcon.colcon_core.package_identification:_identify(week1_ws/ros_tutorials/turtlesim) by extensions ['ros']
[0.162s] Level 1:colcon.colcon_core.package_identification:_identify(week1_ws/ros_tutorials/turtlesim) by extension 'ros'
[0.165s] DEBUG:colcon.colcon_core.package_identification:Package 'week1_ws/ros_tutorials/turtlesim' with type 'ros.ament_cmake' and name 'turtlesim'
[0.165s] Level 1:colcon.colcon_core.package_identification:_identify(week1_ws/src) by extensions ['ignore', 'ignore_ament_install']
[0.165s] Level 1:colcon.colcon_core.package_identification:_identify(week1_ws/src) by extension 'ignore'
[0.165s] Level 1:colcon.colcon_core.package_identification:_identify(week1_ws/src) by extension 'ignore_ament_install'
[0.166s] Level 1:colcon.colcon_core.package_identification:_identify(week1_ws/src) by extensions ['colcon_pkg']
[0.166s] Level 1:colcon.colcon_core.package_identification:_identify(week1_ws/src) by extension 'colcon_pkg'
[0.166s] Level 1:colcon.colcon_core.package_identification:_identify(week1_ws/src) by extensions ['colcon_meta']
[0.166s] Level 1:colcon.colcon_core.package_identification:_identify(week1_ws/src) by extension 'colcon_meta'
[0.166s] Level 1:colcon.colcon_core.package_identification:_identify(week1_ws/src) by extensions ['ros']
[0.166s] Level 1:colcon.colcon_core.package_identification:_identify(week1_ws/src) by extension 'ros'
[0.166s] Level 1:colcon.colcon_core.package_identification:_identify(week1_ws/src) by extensions ['cmake', 'python']
[0.166s] Level 1:colcon.colcon_core.package_identification:_identify(week1_ws/src) by extension 'cmake'
[0.166s] Level 1:colcon.colcon_core.package_identification:_identify(week1_ws/src) by extension 'python'
[0.166s] Level 1:colcon.colcon_core.package_identification:_identify(week1_ws/src) by extensions ['python_setup_py']
[0.166s] Level 1:colcon.colcon_core.package_identification:_identify(week1_ws/src) by extension 'python_setup_py'
[0.166s] Level 1:colcon.colcon_core.package_identification:_identify(week2_ws) by extensions ['ignore', 'ignore_ament_install']
[0.166s] Level 1:colcon.colcon_core.package_identification:_identify(week2_ws) by extension 'ignore'
[0.166s] Level 1:colcon.colcon_core.package_identification:_identify(week2_ws) by extension 'ignore_ament_install'
[0.166s] Level 1:colcon.colcon_core.package_identification:_identify(week2_ws) by extensions ['colcon_pkg']
[0.166s] Level 1:colcon.colcon_core.package_identification:_identify(week2_ws) by extension 'colcon_pkg'
[0.166s] Level 1:colcon.colcon_core.package_identification:_identify(week2_ws) by extensions ['colcon_meta']
[0.166s] Level 1:colcon.colcon_core.package_identification:_identify(week2_ws) by extension 'colcon_meta'
[0.166s] Level 1:colcon.colcon_core.package_identification:_identify(week2_ws) by extensions ['ros']
[0.166s] Level 1:colcon.colcon_core.package_identification:_identify(week2_ws) by extension 'ros'
[0.166s] Level 1:colcon.colcon_core.package_identification:_identify(week2_ws) by extensions ['cmake', 'python']
[0.166s] Level 1:colcon.colcon_core.package_identification:_identify(week2_ws) by extension 'cmake'
[0.167s] Level 1:colcon.colcon_core.package_identification:_identify(week2_ws) by extension 'python'
[0.167s] Level 1:colcon.colcon_core.package_identification:_identify(week2_ws) by extensions ['python_setup_py']
[0.167s] Level 1:colcon.colcon_core.package_identification:_identify(week2_ws) by extension 'python_setup_py'
[0.167s] Level 1:colcon.colcon_core.package_identification:_identify(week2_ws/src) by extensions ['ignore', 'ignore_ament_install']
[0.167s] Level 1:colcon.colcon_core.package_identification:_identify(week2_ws/src) by extension 'ignore'
[0.167s] Level 1:colcon.colcon_core.package_identification:_identify(week2_ws/src) by extension 'ignore_ament_install'
[0.167s] Level 1:colcon.colcon_core.package_identification:_identify(week2_ws/src) by extensions ['colcon_pkg']
[0.167s] Level 1:colcon.colcon_core.package_identification:_identify(week2_ws/src) by extension 'colcon_pkg'
[0.167s] Level 1:colcon.colcon_core.package_identification:_identify(week2_ws/src) by extensions ['colcon_meta']
[0.167s] Level 1:colcon.colcon_core.package_identification:_identify(week2_ws/src) by extension 'colcon_meta'
[0.167s] Level 1:colcon.colcon_core.package_identification:_identify(week2_ws/src) by extensions ['ros']
[0.167s] Level 1:colcon.colcon_core.package_identification:_identify(week2_ws/src) by extension 'ros'
[0.167s] Level 1:colcon.colcon_core.package_identification:_identify(week2_ws/src) by extensions ['cmake', 'python']
[0.167s] Level 1:colcon.colcon_core.package_identification:_identify(week2_ws/src) by extension 'cmake'
[0.167s] Level 1:colcon.colcon_core.package_identification:_identify(week2_ws/src) by extension 'python'
[0.167s] Level 1:colcon.colcon_core.package_identification:_identify(week2_ws/src) by extensions ['python_setup_py']
[0.167s] Level 1:colcon.colcon_core.package_identification:_identify(week2_ws/src) by extension 'python_setup_py'
[0.167s] Level 1:colcon.colcon_core.package_identification:_identify(week2_ws/src/my_python_package) by extensions ['ignore', 'ignore_ament_install']
[0.167s] Level 1:colcon.colcon_core.package_identification:_identify(week2_ws/src/my_python_package) by extension 'ignore'
[0.167s] Level 1:colcon.colcon_core.package_identification:_identify(week2_ws/src/my_python_package) by extension 'ignore_ament_install'
[0.168s] Level 1:colcon.colcon_core.package_identification:_identify(week2_ws/src/my_python_package) by extensions ['colcon_pkg']
[0.168s] Level 1:colcon.colcon_core.package_identification:_identify(week2_ws/src/my_python_package) by extension 'colcon_pkg'
[0.168s] Level 1:colcon.colcon_core.package_identification:_identify(week2_ws/src/my_python_package) by extensions ['colcon_meta']
[0.168s] Level 1:colcon.colcon_core.package_identification:_identify(week2_ws/src/my_python_package) by extension 'colcon_meta'
[0.168s] Level 1:colcon.colcon_core.package_identification:_identify(week2_ws/src/my_python_package) by extensions ['ros']
[0.168s] Level 1:colcon.colcon_core.package_identification:_identify(week2_ws/src/my_python_package) by extension 'ros'
[0.168s] DEBUG:colcon.colcon_core.package_identification:Package 'week2_ws/src/my_python_package' with type 'ros.ament_python' and name 'my_python_package'
[0.168s] Level 1:colcon.colcon_core.package_discovery:discover_packages(recursive) using defaults
[0.169s] Level 1:colcon.colcon_core.package_discovery:discover_packages(ignore) discover
[0.169s] Level 1:colcon.colcon_core.package_discovery:discover_packages(ignore) using defaults
[0.169s] Level 1:colcon.colcon_core.package_discovery:discover_packages(path) discover
[0.169s] Level 1:colcon.colcon_core.package_discovery:discover_packages(path) using defaults
[0.187s] Level 5:colcon.colcon_core.verb:set package 'my_python_package' build argument 'cmake_args' from command line to 'None'
[0.187s] Level 5:colcon.colcon_core.verb:set package 'my_python_package' build argument 'cmake_target' from command line to 'None'
[0.187s] Level 5:colcon.colcon_core.verb:set package 'my_python_package' build argument 'cmake_target_skip_unavailable' from command line to 'False'
[0.187s] Level 5:colcon.colcon_core.verb:set package 'my_python_package' build argument 'cmake_clean_cache' from command line to 'False'
[0.187s] Level 5:colcon.colcon_core.verb:set package 'my_python_package' build argument 'cmake_clean_first' from command line to 'False'
[0.187s] Level 5:colcon.colcon_core.verb:set package 'my_python_package' build argument 'cmake_force_configure' from command line to 'False'
[0.187s] Level 5:colcon.colcon_core.verb:set package 'my_python_package' build argument 'ament_cmake_args' from command line to 'None'
[0.187s] Level 5:colcon.colcon_core.verb:set package 'my_python_package' build argument 'catkin_cmake_args' from command line to 'None'
[0.187s] Level 5:colcon.colcon_core.verb:set package 'my_python_package' build argument 'catkin_skip_building_tests' from command line to 'False'
[0.187s] DEBUG:colcon.colcon_core.verb:Building package 'my_python_package' with the following arguments: {'ament_cmake_args': None, 'build_base': '/home/aitor/ros2/build/my_python_package', 'catkin_cmake_args': None, 'catkin_skip_building_tests': False, 'cmake_args': None, 'cmake_clean_cache': False, 'cmake_clean_first': False, 'cmake_force_configure': False, 'cmake_target': None, 'cmake_target_skip_unavailable': False, 'install_base': '/home/aitor/ros2/install/my_python_package', 'merge_install': False, 'path': '/home/aitor/ros2/week2_ws/src/my_python_package', 'symlink_install': True, 'test_result_base': None}
[0.189s] Level 5:colcon.colcon_core.verb:set package 'turtlesim' build argument 'cmake_args' from command line to 'None'
[0.189s] Level 5:colcon.colcon_core.verb:set package 'turtlesim' build argument 'cmake_target' from command line to 'None'
[0.189s] Level 5:colcon.colcon_core.verb:set package 'turtlesim' build argument 'cmake_target_skip_unavailable' from command line to 'False'
[0.190s] Level 5:colcon.colcon_core.verb:set package 'turtlesim' build argument 'cmake_clean_cache' from command line to 'False'
[0.190s] Level 5:colcon.colcon_core.verb:set package 'turtlesim' build argument 'cmake_clean_first' from command line to 'False'
[0.190s] Level 5:colcon.colcon_core.verb:set package 'turtlesim' build argument 'cmake_force_configure' from command line to 'False'
[0.190s] Level 5:colcon.colcon_core.verb:set package 'turtlesim' build argument 'ament_cmake_args' from command line to 'None'
[0.190s] Level 5:colcon.colcon_core.verb:set package 'turtlesim' build argument 'catkin_cmake_args' from command line to 'None'
[0.190s] Level 5:colcon.colcon_core.verb:set package 'turtlesim' build argument 'catkin_skip_building_tests' from command line to 'False'
[0.190s] DEBUG:colcon.colcon_core.verb:Building package 'turtlesim' with the following arguments: {'ament_cmake_args': None, 'build_base': '/home/aitor/ros2/build/turtlesim', 'catkin_cmake_args': None, 'catkin_skip_building_tests': False, 'cmake_args': None, 'cmake_clean_cache': False, 'cmake_clean_first': False, 'cmake_force_configure': False, 'cmake_target': None, 'cmake_target_skip_unavailable': False, 'install_base': '/home/aitor/ros2/install/turtlesim', 'merge_install': False, 'path': '/home/aitor/ros2/week1_ws/ros_tutorials/turtlesim', 'symlink_install': True, 'test_result_base': None}
[0.190s] INFO:colcon.colcon_core.executor:Executing jobs using 'parallel' executor
[0.192s] DEBUG:colcon.colcon_parallel_executor.executor.parallel:run_until_complete
[0.192s] INFO:colcon.colcon_ros.task.ament_python.build:Building ROS package in '/home/aitor/ros2/week2_ws/src/my_python_package' with build type 'ament_python'
[0.193s] Level 1:colcon.colcon_core.shell:create_environment_hook('my_python_package', 'ament_prefix_path')
[0.196s] INFO:colcon.colcon_core.plugin_system:Skipping extension 'colcon_core.shell.bat': Not used on non-Windows systems
[0.196s] INFO:colcon.colcon_core.shell:Creating environment hook '/home/aitor/ros2/install/my_python_package/share/my_python_package/hook/ament_prefix_path.ps1'
[0.196s] INFO:colcon.colcon_core.shell:Creating environment descriptor '/home/aitor/ros2/install/my_python_package/share/my_python_package/hook/ament_prefix_path.dsv'
[0.197s] INFO:colcon.colcon_core.shell:Creating environment hook '/home/aitor/ros2/install/my_python_package/share/my_python_package/hook/ament_prefix_path.sh'
[0.198s] INFO:colcon.colcon_core.shell:Skip shell extension 'powershell' for command environment: Not usable outside of PowerShell
[0.198s] DEBUG:colcon.colcon_core.shell:Skip shell extension 'dsv' for command environment
[0.200s] WARNING:colcon.colcon_core.prefix_path.colcon:The path '/home/aitor/ros2/week2_ws/install' in the environment variable COLCON_PREFIX_PATH doesn't exist
[0.200s] WARNING:colcon.colcon_ros.prefix_path.ament:The path '/home/aitor/ros2/week2_ws/install/my_python_package' in the environment variable AMENT_PREFIX_PATH doesn't exist
[0.200s] DEBUG:colcon.colcon_core.shell:Ignoring prefix path '/opt/ros/eloquent'
[0.202s] INFO:colcon.colcon_ros.task.ament_cmake.build:Building ROS package in '/home/aitor/ros2/week1_ws/ros_tutorials/turtlesim' with build type 'ament_cmake'
[0.203s] INFO:colcon.colcon_cmake.task.cmake.build:Building CMake package in '/home/aitor/ros2/week1_ws/ros_tutorials/turtlesim'
[0.204s] INFO:colcon.colcon_core.shell:Skip shell extension 'powershell' for command environment: Not usable outside of PowerShell
[0.205s] DEBUG:colcon.colcon_core.shell:Skip shell extension 'dsv' for command environment
[0.208s] DEBUG:colcon.colcon_core.shell:Ignoring prefix path '/opt/ros/eloquent'
[0.393s] INFO:colcon.colcon_core.task.python.build:Building Python package in '/home/aitor/ros2/week2_ws/src/my_python_package'
[0.394s] INFO:colcon.colcon_core.shell:Skip shell extension 'powershell' for command environment: Not usable outside of PowerShell
[0.394s] DEBUG:colcon.colcon_core.shell:Skip shell extension 'dsv' for command environment
[0.396s] DEBUG:colcon.colcon_core.shell:Ignoring prefix path '/opt/ros/eloquent'
[0.401s] DEBUG:colcon.colcon_core.event_handler.log_command:Invoking command in '/home/aitor/ros2/build/turtlesim': CMAKE_PREFIX_PATH=${CMAKE_PREFIX_PATH}:/home/aitor/ros2/week2_ws/install/my_python_package:/home/aitor/ros2/install/my_python_package:/opt/ros/eloquent /usr/bin/cmake /home/aitor/ros2/week1_ws/ros_tutorials/turtlesim -DAMENT_CMAKE_SYMLINK_INSTALL=1 -DCMAKE_INSTALL_PREFIX=/home/aitor/ros2/install/turtlesim
[0.408s] DEBUG:colcon.colcon_core.task.python.build:While undoing a previous installation files outside the Python library path are being ignored: /home/aitor/ros2/install/my_python_package/share/ament_index/resource_index/packages/my_python_package
[0.408s] DEBUG:colcon.colcon_core.task.python.build:While undoing a previous installation files outside the Python library path are being ignored: /home/aitor/ros2/install/my_python_package/share/my_python_package/package.xml
[0.412s] DEBUG:colcon.colcon_core.event_handler.log_command:Invoking command in '/home/aitor/ros2/build/my_python_package': PYTHONPATH=/home/aitor/ros2/install/my_python_package/lib/python3.6/site-packages:${PYTHONPATH} /usr/bin/python3 setup.py develop --prefix /home/aitor/ros2/install/my_python_package --editable --build-directory /home/aitor/ros2/build/my_python_package/build --no-deps install_data --install-dir /home/aitor/ros2/install/my_python_package
[0.738s] Level 1:colcon.colcon_core.shell:create_environment_hook('my_python_package', 'pythonpath_develop')
[0.739s] INFO:colcon.colcon_core.shell:Creating environment hook '/home/aitor/ros2/build/my_python_package/share/my_python_package/hook/pythonpath_develop.ps1'
[0.739s] DEBUG:colcon.colcon_core.event_handler.log_command:Invoked command in '/home/aitor/ros2/build/my_python_package' returned '0': PYTHONPATH=/home/aitor/ros2/install/my_python_package/lib/python3.6/site-packages:${PYTHONPATH} /usr/bin/python3 setup.py develop --prefix /home/aitor/ros2/install/my_python_package --editable --build-directory /home/aitor/ros2/build/my_python_package/build --no-deps install_data --install-dir /home/aitor/ros2/install/my_python_package
[0.740s] INFO:colcon.colcon_core.shell:Creating environment descriptor '/home/aitor/ros2/build/my_python_package/share/my_python_package/hook/pythonpath_develop.dsv'
[0.740s] INFO:colcon.colcon_core.shell:Creating environment hook '/home/aitor/ros2/build/my_python_package/share/my_python_package/hook/pythonpath_develop.sh'
[0.743s] Level 1:colcon.colcon_core.environment:checking '/home/aitor/ros2/install/my_python_package' for CMake module files
[0.744s] Level 1:colcon.colcon_core.environment:checking '/home/aitor/ros2/install/my_python_package' for CMake config files
[0.745s] Level 1:colcon.colcon_core.environment:checking '/home/aitor/ros2/install/my_python_package/lib'
[0.745s] Level 1:colcon.colcon_core.environment:checking '/home/aitor/ros2/install/my_python_package/bin'
[0.745s] Level 1:colcon.colcon_core.environment:checking '/home/aitor/ros2/install/my_python_package/lib/pkgconfig/my_python_package.pc'
[0.745s] Level 1:colcon.colcon_core.environment:checking '/home/aitor/ros2/install/my_python_package/lib/python3.6/site-packages'
[0.745s] Level 1:colcon.colcon_core.shell:create_environment_hook('my_python_package', 'pythonpath')
[0.746s] INFO:colcon.colcon_core.shell:Creating environment hook '/home/aitor/ros2/install/my_python_package/share/my_python_package/hook/pythonpath.ps1'
[0.746s] INFO:colcon.colcon_core.shell:Creating environment descriptor '/home/aitor/ros2/install/my_python_package/share/my_python_package/hook/pythonpath.dsv'
[0.746s] INFO:colcon.colcon_core.shell:Creating environment hook '/home/aitor/ros2/install/my_python_package/share/my_python_package/hook/pythonpath.sh'
[0.747s] Level 1:colcon.colcon_core.environment:create_environment_scripts_only(my_python_package)
[0.747s] INFO:colcon.colcon_core.shell:Creating package script '/home/aitor/ros2/install/my_python_package/share/my_python_package/package.ps1'
[0.748s] INFO:colcon.colcon_core.shell:Creating package descriptor '/home/aitor/ros2/install/my_python_package/share/my_python_package/package.dsv'
[0.759s] INFO:colcon.colcon_core.shell:Creating package script '/home/aitor/ros2/install/my_python_package/share/my_python_package/package.sh'
[0.760s] INFO:colcon.colcon_core.shell:Creating package script '/home/aitor/ros2/install/my_python_package/share/my_python_package/package.bash'
[0.761s] INFO:colcon.colcon_core.shell:Creating package script '/home/aitor/ros2/install/my_python_package/share/my_python_package/package.zsh'
[0.761s] Level 1:colcon.colcon_core.environment:create_file_with_runtime_dependencies(/home/aitor/ros2/install/my_python_package/share/colcon-core/packages/my_python_package)
[1.640s] DEBUG:colcon.colcon_core.event_handler.log_command:Invoked command in '/home/aitor/ros2/build/turtlesim' returned '0': CMAKE_PREFIX_PATH=${CMAKE_PREFIX_PATH}:/home/aitor/ros2/week2_ws/install/my_python_package:/home/aitor/ros2/install/my_python_package:/opt/ros/eloquent /usr/bin/cmake /home/aitor/ros2/week1_ws/ros_tutorials/turtlesim -DAMENT_CMAKE_SYMLINK_INSTALL=1 -DCMAKE_INSTALL_PREFIX=/home/aitor/ros2/install/turtlesim
[1.642s] DEBUG:colcon.colcon_core.event_handler.log_command:Invoking command in '/home/aitor/ros2/build/turtlesim': CMAKE_PREFIX_PATH=${CMAKE_PREFIX_PATH}:/home/aitor/ros2/week2_ws/install/my_python_package:/home/aitor/ros2/install/my_python_package:/opt/ros/eloquent /usr/bin/cmake --build /home/aitor/ros2/build/turtlesim -- -j8 -l8
[3.882s] DEBUG:colcon.colcon_core.event_handler.log_command:Invoked command in '/home/aitor/ros2/build/turtlesim' returned '0': CMAKE_PREFIX_PATH=${CMAKE_PREFIX_PATH}:/home/aitor/ros2/week2_ws/install/my_python_package:/home/aitor/ros2/install/my_python_package:/opt/ros/eloquent /usr/bin/cmake --build /home/aitor/ros2/build/turtlesim -- -j8 -l8
[4.013s] DEBUG:colcon.colcon_core.event_handler.log_command:Invoking command in '/home/aitor/ros2/build/turtlesim': CMAKE_PREFIX_PATH=${CMAKE_PREFIX_PATH}:/home/aitor/ros2/week2_ws/install/my_python_package:/home/aitor/ros2/install/my_python_package:/opt/ros/eloquent /usr/bin/cmake --build /home/aitor/ros2/build/turtlesim --target install -- -j8 -l8
[5.721s] Level 1:colcon.colcon_core.environment:create_environment_scripts_only(turtlesim)
[5.722s] Level 1:colcon.colcon_core.environment:checking '/home/aitor/ros2/install/turtlesim' for CMake module files
[5.722s] DEBUG:colcon.colcon_core.event_handler.log_command:Invoked command in '/home/aitor/ros2/build/turtlesim' returned '0': CMAKE_PREFIX_PATH=${CMAKE_PREFIX_PATH}:/home/aitor/ros2/week2_ws/install/my_python_package:/home/aitor/ros2/install/my_python_package:/opt/ros/eloquent /usr/bin/cmake --build /home/aitor/ros2/build/turtlesim --target install -- -j8 -l8
[5.722s] Level 1:colcon.colcon_core.environment:checking '/home/aitor/ros2/install/turtlesim' for CMake config files
[5.723s] Level 1:colcon.colcon_core.shell:create_environment_hook('turtlesim', 'cmake_prefix_path')
[5.724s] INFO:colcon.colcon_core.shell:Creating environment hook '/home/aitor/ros2/install/turtlesim/share/turtlesim/hook/cmake_prefix_path.ps1'
[5.724s] INFO:colcon.colcon_core.shell:Creating environment descriptor '/home/aitor/ros2/install/turtlesim/share/turtlesim/hook/cmake_prefix_path.dsv'
[5.724s] INFO:colcon.colcon_core.shell:Creating environment hook '/home/aitor/ros2/install/turtlesim/share/turtlesim/hook/cmake_prefix_path.sh'
[5.725s] Level 1:colcon.colcon_core.environment:checking '/home/aitor/ros2/install/turtlesim/lib'
[5.725s] Level 1:colcon.colcon_core.shell:create_environment_hook('turtlesim', 'ld_library_path_lib')
[5.726s] INFO:colcon.colcon_core.shell:Creating environment hook '/home/aitor/ros2/install/turtlesim/share/turtlesim/hook/ld_library_path_lib.ps1'
[5.726s] INFO:colcon.colcon_core.shell:Creating environment descriptor '/home/aitor/ros2/install/turtlesim/share/turtlesim/hook/ld_library_path_lib.dsv'
[5.726s] INFO:colcon.colcon_core.shell:Creating environment hook '/home/aitor/ros2/install/turtlesim/share/turtlesim/hook/ld_library_path_lib.sh'
[5.727s] Level 1:colcon.colcon_core.environment:checking '/home/aitor/ros2/install/turtlesim/bin'
[5.727s] Level 1:colcon.colcon_core.environment:checking '/home/aitor/ros2/install/turtlesim/lib/pkgconfig/turtlesim.pc'
[5.727s] Level 1:colcon.colcon_core.environment:checking '/home/aitor/ros2/install/turtlesim/lib/python3.6/site-packages'
[5.727s] Level 1:colcon.colcon_core.shell:create_environment_hook('turtlesim', 'pythonpath')
[5.727s] INFO:colcon.colcon_core.shell:Creating environment hook '/home/aitor/ros2/install/turtlesim/share/turtlesim/hook/pythonpath.ps1'
[5.728s] INFO:colcon.colcon_core.shell:Creating environment descriptor '/home/aitor/ros2/install/turtlesim/share/turtlesim/hook/pythonpath.dsv'
[5.728s] INFO:colcon.colcon_core.shell:Creating environment hook '/home/aitor/ros2/install/turtlesim/share/turtlesim/hook/pythonpath.sh'
[5.729s] INFO:colcon.colcon_core.shell:Creating package script '/home/aitor/ros2/install/turtlesim/share/turtlesim/package.ps1'
[5.729s] INFO:colcon.colcon_core.shell:Creating package descriptor '/home/aitor/ros2/install/turtlesim/share/turtlesim/package.dsv'
[5.730s] INFO:colcon.colcon_core.shell:Creating package script '/home/aitor/ros2/install/turtlesim/share/turtlesim/package.sh'
[5.730s] INFO:colcon.colcon_core.shell:Creating package script '/home/aitor/ros2/install/turtlesim/share/turtlesim/package.bash'
[5.730s] INFO:colcon.colcon_core.shell:Creating package script '/home/aitor/ros2/install/turtlesim/share/turtlesim/package.zsh'
[5.731s] Level 1:colcon.colcon_core.environment:create_file_with_runtime_dependencies(/home/aitor/ros2/install/turtlesim/share/colcon-core/packages/turtlesim)
[5.853s] Level 1:colcon.colcon_core.environment:create_environment_scripts_only(turtlesim)
[5.854s] Level 1:colcon.colcon_core.environment:checking '/home/aitor/ros2/install/turtlesim' for CMake module files
[5.854s] Level 1:colcon.colcon_core.environment:checking '/home/aitor/ros2/install/turtlesim' for CMake config files
[5.855s] Level 1:colcon.colcon_core.shell:create_environment_hook('turtlesim', 'cmake_prefix_path')
[5.855s] INFO:colcon.colcon_core.shell:Creating environment hook '/home/aitor/ros2/install/turtlesim/share/turtlesim/hook/cmake_prefix_path.ps1'
[5.856s] INFO:colcon.colcon_core.shell:Creating environment descriptor '/home/aitor/ros2/install/turtlesim/share/turtlesim/hook/cmake_prefix_path.dsv'
[5.856s] INFO:colcon.colcon_core.shell:Creating environment hook '/home/aitor/ros2/install/turtlesim/share/turtlesim/hook/cmake_prefix_path.sh'
[5.857s] Level 1:colcon.colcon_core.environment:checking '/home/aitor/ros2/install/turtlesim/lib'
[5.857s] Level 1:colcon.colcon_core.shell:create_environment_hook('turtlesim', 'ld_library_path_lib')
[5.857s] INFO:colcon.colcon_core.shell:Creating environment hook '/home/aitor/ros2/install/turtlesim/share/turtlesim/hook/ld_library_path_lib.ps1'
[5.858s] INFO:colcon.colcon_core.shell:Creating environment descriptor '/home/aitor/ros2/install/turtlesim/share/turtlesim/hook/ld_library_path_lib.dsv'
[5.858s] INFO:colcon.colcon_core.shell:Creating environment hook '/home/aitor/ros2/install/turtlesim/share/turtlesim/hook/ld_library_path_lib.sh'
[5.858s] Level 1:colcon.colcon_core.environment:checking '/home/aitor/ros2/install/turtlesim/bin'
[5.858s] Level 1:colcon.colcon_core.environment:checking '/home/aitor/ros2/install/turtlesim/lib/pkgconfig/turtlesim.pc'
[5.858s] Level 1:colcon.colcon_core.environment:checking '/home/aitor/ros2/install/turtlesim/lib/python3.6/site-packages'
[5.858s] Level 1:colcon.colcon_core.shell:create_environment_hook('turtlesim', 'pythonpath')
[5.859s] INFO:colcon.colcon_core.shell:Creating environment hook '/home/aitor/ros2/install/turtlesim/share/turtlesim/hook/pythonpath.ps1'
[5.859s] INFO:colcon.colcon_core.shell:Creating environment descriptor '/home/aitor/ros2/install/turtlesim/share/turtlesim/hook/pythonpath.dsv'
[5.859s] INFO:colcon.colcon_core.shell:Creating environment hook '/home/aitor/ros2/install/turtlesim/share/turtlesim/hook/pythonpath.sh'
[5.861s] INFO:colcon.colcon_core.shell:Creating package script '/home/aitor/ros2/install/turtlesim/share/turtlesim/package.ps1'
[5.862s] INFO:colcon.colcon_core.shell:Creating package descriptor '/home/aitor/ros2/install/turtlesim/share/turtlesim/package.dsv'
[5.862s] INFO:colcon.colcon_core.shell:Creating package script '/home/aitor/ros2/install/turtlesim/share/turtlesim/package.sh'
[5.863s] INFO:colcon.colcon_core.shell:Creating package script '/home/aitor/ros2/install/turtlesim/share/turtlesim/package.bash'
[5.863s] INFO:colcon.colcon_core.shell:Creating package script '/home/aitor/ros2/install/turtlesim/share/turtlesim/package.zsh'
[5.863s] Level 1:colcon.colcon_core.environment:create_file_with_runtime_dependencies(/home/aitor/ros2/install/turtlesim/share/colcon-core/packages/turtlesim)
[5.863s] DEBUG:colcon.colcon_parallel_executor.executor.parallel:closing loop
[5.864s] DEBUG:colcon.colcon_parallel_executor.executor.parallel:loop closed
[5.865s] DEBUG:colcon.colcon_parallel_executor.executor.parallel:run_until_complete finished with '0'
[5.865s] DEBUG:colcon.colcon_core.event_reactor:joining thread
[5.871s] INFO:colcon.colcon_core.plugin_system:Skipping extension 'colcon_notification.desktop_notification.terminal_notifier': Not used on non-Darwin systems
[5.871s] INFO:colcon.colcon_core.plugin_system:Skipping extension 'colcon_notification.desktop_notification.win32': Not used on non-Windows systems
[5.871s] INFO:colcon.colcon_notification.desktop_notification:Sending desktop notification using 'notify2'
[5.873s] DEBUG:colcon.colcon_core.event_reactor:joined thread
[5.873s] INFO:colcon.colcon_core.shell:Creating prefix script '/home/aitor/ros2/install/local_setup.ps1'
[5.874s] INFO:colcon.colcon_core.shell:Creating prefix util module '/home/aitor/ros2/install/_local_setup_util_ps1.py'
[5.875s] INFO:colcon.colcon_core.shell:Creating prefix chain script '/home/aitor/ros2/install/setup.ps1'
[5.878s] INFO:colcon.colcon_core.shell:Creating prefix script '/home/aitor/ros2/install/local_setup.sh'
[5.878s] INFO:colcon.colcon_core.shell:Creating prefix util module '/home/aitor/ros2/install/_local_setup_util_sh.py'
[5.879s] INFO:colcon.colcon_core.shell:Creating prefix chain script '/home/aitor/ros2/install/setup.sh'
[5.881s] INFO:colcon.colcon_core.shell:Creating prefix script '/home/aitor/ros2/install/local_setup.bash'
[5.882s] INFO:colcon.colcon_core.shell:Creating prefix chain script '/home/aitor/ros2/install/setup.bash'
[5.884s] INFO:colcon.colcon_core.shell:Creating prefix script '/home/aitor/ros2/install/local_setup.zsh'
[5.884s] INFO:colcon.colcon_core.shell:Creating prefix chain script '/home/aitor/ros2/install/setup.zsh'
