[0.197s] Invoking command in '/home/aitor/ros2/week2_ws/src/my_python_package': PYTHONPATH=/home/aitor/ros2/week2_ws/install/my_python_package/lib/python3.6/site-packages:${PYTHONPATH} /usr/bin/python3 setup.py egg_info --egg-base ../../build/my_python_package build --build-base /home/aitor/ros2/week2_ws/build/my_python_package/build install --prefix /home/aitor/ros2/week2_ws/install/my_python_package --record /home/aitor/ros2/week2_ws/build/my_python_package/install.log --single-version-externally-managed
[0.365s] running egg_info
[0.366s] writing ../../build/my_python_package/my_python_package.egg-info/PKG-INFO
[0.366s] writing dependency_links to ../../build/my_python_package/my_python_package.egg-info/dependency_links.txt
[0.366s] writing entry points to ../../build/my_python_package/my_python_package.egg-info/entry_points.txt
[0.367s] writing requirements to ../../build/my_python_package/my_python_package.egg-info/requires.txt
[0.367s] writing top-level names to ../../build/my_python_package/my_python_package.egg-info/top_level.txt
[0.394s] reading manifest file '../../build/my_python_package/my_python_package.egg-info/SOURCES.txt'
[0.395s] writing manifest file '../../build/my_python_package/my_python_package.egg-info/SOURCES.txt'
[0.396s] running build
[0.396s] running build_py
[0.396s] running install
[0.396s] running install_lib
[0.398s] running install_data
[0.398s] running install_egg_info
[0.400s] removing '/home/aitor/ros2/week2_ws/install/my_python_package/lib/python3.6/site-packages/my_python_package-0.0.0-py3.6.egg-info' (and everything under it)
[0.400s] Copying ../../build/my_python_package/my_python_package.egg-info to /home/aitor/ros2/week2_ws/install/my_python_package/lib/python3.6/site-packages/my_python_package-0.0.0-py3.6.egg-info
[0.402s] running install_scripts
[0.418s] Installing listener script to /home/aitor/ros2/week2_ws/install/my_python_package/lib/my_python_package
[0.418s] writing list of installed files to '/home/aitor/ros2/week2_ws/build/my_python_package/install.log'
[0.439s] Invoked command in '/home/aitor/ros2/week2_ws/src/my_python_package' returned '0': PYTHONPATH=/home/aitor/ros2/week2_ws/install/my_python_package/lib/python3.6/site-packages:${PYTHONPATH} /usr/bin/python3 setup.py egg_info --egg-base ../../build/my_python_package build --build-base /home/aitor/ros2/week2_ws/build/my_python_package/build install --prefix /home/aitor/ros2/week2_ws/install/my_python_package --record /home/aitor/ros2/week2_ws/build/my_python_package/install.log --single-version-externally-managed
