[0.203s] Invoking command in '/home/aitor/ros2/build/my_python_package': PYTHONPATH=/home/aitor/ros2/install/my_python_package/lib/python3.6/site-packages:${PYTHONPATH} /usr/bin/python3 setup.py develop --prefix /home/aitor/ros2/install/my_python_package --uninstall --editable --build-directory /home/aitor/ros2/build/my_python_package/build
[0.453s] running develop
[0.580s] Invoked command in '/home/aitor/ros2/build/my_python_package' returned '0': PYTHONPATH=/home/aitor/ros2/install/my_python_package/lib/python3.6/site-packages:${PYTHONPATH} /usr/bin/python3 setup.py develop --prefix /home/aitor/ros2/install/my_python_package --uninstall --editable --build-directory /home/aitor/ros2/build/my_python_package/build
[0.582s] Invoking command in '/home/aitor/ros2/week2_ws/src/my_python_package': PYTHONPATH=/home/aitor/ros2/install/my_python_package/lib/python3.6/site-packages:${PYTHONPATH} /usr/bin/python3 setup.py egg_info --egg-base ../../../build/my_python_package build --build-base /home/aitor/ros2/build/my_python_package/build install --prefix /home/aitor/ros2/install/my_python_package --record /home/aitor/ros2/build/my_python_package/install.log --single-version-externally-managed
[0.779s] running egg_info
[0.780s] writing ../../../build/my_python_package/my_python_package.egg-info/PKG-INFO
[0.780s] writing dependency_links to ../../../build/my_python_package/my_python_package.egg-info/dependency_links.txt
[0.780s] writing entry points to ../../../build/my_python_package/my_python_package.egg-info/entry_points.txt
[0.780s] writing requirements to ../../../build/my_python_package/my_python_package.egg-info/requires.txt
[0.780s] writing top-level names to ../../../build/my_python_package/my_python_package.egg-info/top_level.txt
[0.807s] reading manifest file '../../../build/my_python_package/my_python_package.egg-info/SOURCES.txt'
[0.808s] writing manifest file '../../../build/my_python_package/my_python_package.egg-info/SOURCES.txt'
[0.808s] running build
[0.808s] running build_py
[0.808s] running install
[0.809s] running install_lib
[0.810s] running install_data
[0.810s] running install_egg_info
[0.813s] removing '/home/aitor/ros2/install/my_python_package/lib/python3.6/site-packages/my_python_package-0.0.0-py3.6.egg-info' (and everything under it)
[0.813s] Copying ../../../build/my_python_package/my_python_package.egg-info to /home/aitor/ros2/install/my_python_package/lib/python3.6/site-packages/my_python_package-0.0.0-py3.6.egg-info
[0.814s] running install_scripts
[0.842s] writing list of installed files to '/home/aitor/ros2/build/my_python_package/install.log'
[0.868s] Invoked command in '/home/aitor/ros2/week2_ws/src/my_python_package' returned '0': PYTHONPATH=/home/aitor/ros2/install/my_python_package/lib/python3.6/site-packages:${PYTHONPATH} /usr/bin/python3 setup.py egg_info --egg-base ../../../build/my_python_package build --build-base /home/aitor/ros2/build/my_python_package/build install --prefix /home/aitor/ros2/install/my_python_package --record /home/aitor/ros2/build/my_python_package/install.log --single-version-externally-managed
