[0.142s] DEBUG:colcon:Command line arguments: ['/usr/bin/colcon', 'build']
[0.142s] DEBUG:colcon:Parsed command line arguments: Namespace(ament_cmake_args=None, base_paths=['.'], build_base='build', catkin_cmake_args=None, catkin_skip_building_tests=False, cmake_args=None, cmake_clean_cache=False, cmake_clean_first=False, cmake_force_configure=False, cmake_target=None, cmake_target_skip_unavailable=False, continue_on_error=False, event_handlers=None, executor='parallel', ignore_user_meta=False, install_base='install', log_base=None, log_level=None, main=<bound method BuildVerb.main of <colcon_core.verb.build.BuildVerb object at 0x7f9463605eb8>>, merge_install=False, metas=['./colcon.meta'], packages_above=None, packages_above_and_dependencies=None, packages_above_depth=None, packages_end=None, packages_ignore=None, packages_ignore_regex=None, packages_select=None, packages_select_build_failed=False, packages_select_by_dep=None, packages_select_regex=None, packages_select_test_failures=False, packages_skip=None, packages_skip_build_finished=False, packages_skip_by_dep=None, packages_skip_regex=None, packages_skip_test_passed=False, packages_skip_up_to=None, packages_start=None, packages_up_to=None, packages_up_to_regex=None, parallel_workers=8, paths=None, symlink_install=False, test_result_base=None, verb_extension=<colcon_core.verb.build.BuildVerb object at 0x7f9463605eb8>, verb_name='build', verb_parser=<colcon_defaults.argument_parser.defaults.DefaultArgumentsDecorator object at 0x7f946358e2e8>)
[0.148s] Level 1:colcon.colcon_core.package_discovery:discover_packages(colcon_meta) check parameters
[0.148s] Level 1:colcon.colcon_core.package_discovery:discover_packages(recursive) check parameters
[0.148s] Level 1:colcon.colcon_core.package_discovery:discover_packages(ignore) check parameters
[0.148s] Level 1:colcon.colcon_core.package_discovery:discover_packages(path) check parameters
[0.148s] Level 1:colcon.colcon_core.package_discovery:discover_packages(colcon_meta) discover
[0.148s] Level 1:colcon.colcon_core.package_discovery:discover_packages(recursive) discover
[0.148s] INFO:colcon.colcon_core.package_discovery:Crawling recursively for packages in '/home/aitor/ros2'
[0.148s] Level 1:colcon.colcon_core.package_identification:_identify(.) by extensions ['ignore', 'ignore_ament_install']
[0.149s] Level 1:colcon.colcon_core.package_identification:_identify(.) by extension 'ignore'
[0.149s] Level 1:colcon.colcon_core.package_identification:_identify(.) by extension 'ignore_ament_install'
[0.149s] Level 1:colcon.colcon_core.package_identification:_identify(.) by extensions ['colcon_pkg']
[0.149s] Level 1:colcon.colcon_core.package_identification:_identify(.) by extension 'colcon_pkg'
[0.149s] Level 1:colcon.colcon_core.package_identification:_identify(.) by extensions ['colcon_meta']
[0.149s] Level 1:colcon.colcon_core.package_identification:_identify(.) by extension 'colcon_meta'
[0.149s] Level 1:colcon.colcon_core.package_identification:_identify(.) by extensions ['ros']
[0.149s] Level 1:colcon.colcon_core.package_identification:_identify(.) by extension 'ros'
[0.159s] Level 1:colcon.colcon_core.package_identification:_identify(.) by extensions ['cmake', 'python']
[0.159s] Level 1:colcon.colcon_core.package_identification:_identify(.) by extension 'cmake'
[0.159s] Level 1:colcon.colcon_core.package_identification:_identify(.) by extension 'python'
[0.159s] Level 1:colcon.colcon_core.package_identification:_identify(.) by extensions ['python_setup_py']
[0.159s] Level 1:colcon.colcon_core.package_identification:_identify(.) by extension 'python_setup_py'
[0.159s] Level 1:colcon.colcon_core.package_identification:_identify(build) by extensions ['ignore', 'ignore_ament_install']
[0.159s] Level 1:colcon.colcon_core.package_identification:_identify(build) by extension 'ignore'
[0.160s] Level 1:colcon.colcon_core.package_identification:_identify(build) ignored
[0.160s] Level 1:colcon.colcon_core.package_identification:_identify(install) by extensions ['ignore', 'ignore_ament_install']
[0.160s] Level 1:colcon.colcon_core.package_identification:_identify(install) by extension 'ignore'
[0.160s] Level 1:colcon.colcon_core.package_identification:_identify(install) ignored
[0.160s] Level 1:colcon.colcon_core.package_identification:_identify(log) by extensions ['ignore', 'ignore_ament_install']
[0.160s] Level 1:colcon.colcon_core.package_identification:_identify(log) by extension 'ignore'
[0.160s] Level 1:colcon.colcon_core.package_identification:_identify(log) ignored
[0.160s] Level 1:colcon.colcon_core.package_identification:_identify(week1_ws) by extensions ['ignore', 'ignore_ament_install']
[0.161s] Level 1:colcon.colcon_core.package_identification:_identify(week1_ws) by extension 'ignore'
[0.161s] Level 1:colcon.colcon_core.package_identification:_identify(week1_ws) by extension 'ignore_ament_install'
[0.161s] Level 1:colcon.colcon_core.package_identification:_identify(week1_ws) by extensions ['colcon_pkg']
[0.161s] Level 1:colcon.colcon_core.package_identification:_identify(week1_ws) by extension 'colcon_pkg'
[0.161s] Level 1:colcon.colcon_core.package_identification:_identify(week1_ws) by extensions ['colcon_meta']
[0.161s] Level 1:colcon.colcon_core.package_identification:_identify(week1_ws) by extension 'colcon_meta'
[0.161s] Level 1:colcon.colcon_core.package_identification:_identify(week1_ws) by extensions ['ros']
[0.161s] Level 1:colcon.colcon_core.package_identification:_identify(week1_ws) by extension 'ros'
[0.161s] Level 1:colcon.colcon_core.package_identification:_identify(week1_ws) by extensions ['cmake', 'python']
[0.161s] Level 1:colcon.colcon_core.package_identification:_identify(week1_ws) by extension 'cmake'
[0.161s] Level 1:colcon.colcon_core.package_identification:_identify(week1_ws) by extension 'python'
[0.161s] Level 1:colcon.colcon_core.package_identification:_identify(week1_ws) by extensions ['python_setup_py']
[0.161s] Level 1:colcon.colcon_core.package_identification:_identify(week1_ws) by extension 'python_setup_py'
[0.161s] Level 1:colcon.colcon_core.package_identification:_identify(week1_ws/build) by extensions ['ignore', 'ignore_ament_install']
[0.161s] Level 1:colcon.colcon_core.package_identification:_identify(week1_ws/build) by extension 'ignore'
[0.161s] Level 1:colcon.colcon_core.package_identification:_identify(week1_ws/build) ignored
[0.162s] Level 1:colcon.colcon_core.package_identification:_identify(week1_ws/install) by extensions ['ignore', 'ignore_ament_install']
[0.162s] Level 1:colcon.colcon_core.package_identification:_identify(week1_ws/install) by extension 'ignore'
[0.162s] Level 1:colcon.colcon_core.package_identification:_identify(week1_ws/install) ignored
[0.162s] Level 1:colcon.colcon_core.package_identification:_identify(week1_ws/log) by extensions ['ignore', 'ignore_ament_install']
[0.162s] Level 1:colcon.colcon_core.package_identification:_identify(week1_ws/log) by extension 'ignore'
[0.162s] Level 1:colcon.colcon_core.package_identification:_identify(week1_ws/log) ignored
[0.162s] Level 1:colcon.colcon_core.package_identification:_identify(week1_ws/ros_tutorials) by extensions ['ignore', 'ignore_ament_install']
[0.162s] Level 1:colcon.colcon_core.package_identification:_identify(week1_ws/ros_tutorials) by extension 'ignore'
[0.162s] Level 1:colcon.colcon_core.package_identification:_identify(week1_ws/ros_tutorials) by extension 'ignore_ament_install'
[0.162s] Level 1:colcon.colcon_core.package_identification:_identify(week1_ws/ros_tutorials) by extensions ['colcon_pkg']
[0.162s] Level 1:colcon.colcon_core.package_identification:_identify(week1_ws/ros_tutorials) by extension 'colcon_pkg'
[0.162s] Level 1:colcon.colcon_core.package_identification:_identify(week1_ws/ros_tutorials) by extensions ['colcon_meta']
[0.162s] Level 1:colcon.colcon_core.package_identification:_identify(week1_ws/ros_tutorials) by extension 'colcon_meta'
[0.162s] Level 1:colcon.colcon_core.package_identification:_identify(week1_ws/ros_tutorials) by extensions ['ros']
[0.162s] Level 1:colcon.colcon_core.package_identification:_identify(week1_ws/ros_tutorials) by extension 'ros'
[0.163s] Level 1:colcon.colcon_core.package_identification:_identify(week1_ws/ros_tutorials) by extensions ['cmake', 'python']
[0.163s] Level 1:colcon.colcon_core.package_identification:_identify(week1_ws/ros_tutorials) by extension 'cmake'
[0.163s] Level 1:colcon.colcon_core.package_identification:_identify(week1_ws/ros_tutorials) by extension 'python'
[0.163s] Level 1:colcon.colcon_core.package_identification:_identify(week1_ws/ros_tutorials) by extensions ['python_setup_py']
[0.163s] Level 1:colcon.colcon_core.package_identification:_identify(week1_ws/ros_tutorials) by extension 'python_setup_py'
[0.163s] Level 1:colcon.colcon_core.package_identification:_identify(week1_ws/ros_tutorials/ros_tutorials) by extensions ['ignore', 'ignore_ament_install']
[0.163s] Level 1:colcon.colcon_core.package_identification:_identify(week1_ws/ros_tutorials/ros_tutorials) by extension 'ignore'
[0.163s] Level 1:colcon.colcon_core.package_identification:_identify(week1_ws/ros_tutorials/ros_tutorials) ignored
[0.163s] Level 1:colcon.colcon_core.package_identification:_identify(week1_ws/ros_tutorials/roscpp_tutorials) by extensions ['ignore', 'ignore_ament_install']
[0.163s] Level 1:colcon.colcon_core.package_identification:_identify(week1_ws/ros_tutorials/roscpp_tutorials) by extension 'ignore'
[0.163s] Level 1:colcon.colcon_core.package_identification:_identify(week1_ws/ros_tutorials/roscpp_tutorials) ignored
[0.163s] Level 1:colcon.colcon_core.package_identification:_identify(week1_ws/ros_tutorials/rospy_tutorials) by extensions ['ignore', 'ignore_ament_install']
[0.163s] Level 1:colcon.colcon_core.package_identification:_identify(week1_ws/ros_tutorials/rospy_tutorials) by extension 'ignore'
[0.163s] Level 1:colcon.colcon_core.package_identification:_identify(week1_ws/ros_tutorials/rospy_tutorials) ignored
[0.164s] Level 1:colcon.colcon_core.package_identification:_identify(week1_ws/ros_tutorials/turtlesim) by extensions ['ignore', 'ignore_ament_install']
[0.164s] Level 1:colcon.colcon_core.package_identification:_identify(week1_ws/ros_tutorials/turtlesim) by extension 'ignore'
[0.164s] Level 1:colcon.colcon_core.package_identification:_identify(week1_ws/ros_tutorials/turtlesim) by extension 'ignore_ament_install'
[0.164s] Level 1:colcon.colcon_core.package_identification:_identify(week1_ws/ros_tutorials/turtlesim) by extensions ['colcon_pkg']
[0.164s] Level 1:colcon.colcon_core.package_identification:_identify(week1_ws/ros_tutorials/turtlesim) by extension 'colcon_pkg'
[0.164s] Level 1:colcon.colcon_core.package_identification:_identify(week1_ws/ros_tutorials/turtlesim) by extensions ['colcon_meta']
[0.164s] Level 1:colcon.colcon_core.package_identification:_identify(week1_ws/ros_tutorials/turtlesim) by extension 'colcon_meta'
[0.164s] Level 1:colcon.colcon_core.package_identification:_identify(week1_ws/ros_tutorials/turtlesim) by extensions ['ros']
[0.164s] Level 1:colcon.colcon_core.package_identification:_identify(week1_ws/ros_tutorials/turtlesim) by extension 'ros'
[0.167s] DEBUG:colcon.colcon_core.package_identification:Package 'week1_ws/ros_tutorials/turtlesim' with type 'ros.ament_cmake' and name 'turtlesim'
[0.167s] Level 1:colcon.colcon_core.package_identification:_identify(week1_ws/src) by extensions ['ignore', 'ignore_ament_install']
[0.167s] Level 1:colcon.colcon_core.package_identification:_identify(week1_ws/src) by extension 'ignore'
[0.167s] Level 1:colcon.colcon_core.package_identification:_identify(week1_ws/src) by extension 'ignore_ament_install'
[0.167s] Level 1:colcon.colcon_core.package_identification:_identify(week1_ws/src) by extensions ['colcon_pkg']
[0.167s] Level 1:colcon.colcon_core.package_identification:_identify(week1_ws/src) by extension 'colcon_pkg'
[0.167s] Level 1:colcon.colcon_core.package_identification:_identify(week1_ws/src) by extensions ['colcon_meta']
[0.167s] Level 1:colcon.colcon_core.package_identification:_identify(week1_ws/src) by extension 'colcon_meta'
[0.167s] Level 1:colcon.colcon_core.package_identification:_identify(week1_ws/src) by extensions ['ros']
[0.167s] Level 1:colcon.colcon_core.package_identification:_identify(week1_ws/src) by extension 'ros'
[0.167s] Level 1:colcon.colcon_core.package_identification:_identify(week1_ws/src) by extensions ['cmake', 'python']
[0.167s] Level 1:colcon.colcon_core.package_identification:_identify(week1_ws/src) by extension 'cmake'
[0.167s] Level 1:colcon.colcon_core.package_identification:_identify(week1_ws/src) by extension 'python'
[0.167s] Level 1:colcon.colcon_core.package_identification:_identify(week1_ws/src) by extensions ['python_setup_py']
[0.167s] Level 1:colcon.colcon_core.package_identification:_identify(week1_ws/src) by extension 'python_setup_py'
[0.168s] Level 1:colcon.colcon_core.package_identification:_identify(week2_ws) by extensions ['ignore', 'ignore_ament_install']
[0.168s] Level 1:colcon.colcon_core.package_identification:_identify(week2_ws) by extension 'ignore'
[0.168s] Level 1:colcon.colcon_core.package_identification:_identify(week2_ws) by extension 'ignore_ament_install'
[0.168s] Level 1:colcon.colcon_core.package_identification:_identify(week2_ws) by extensions ['colcon_pkg']
[0.168s] Level 1:colcon.colcon_core.package_identification:_identify(week2_ws) by extension 'colcon_pkg'
[0.168s] Level 1:colcon.colcon_core.package_identification:_identify(week2_ws) by extensions ['colcon_meta']
[0.168s] Level 1:colcon.colcon_core.package_identification:_identify(week2_ws) by extension 'colcon_meta'
[0.168s] Level 1:colcon.colcon_core.package_identification:_identify(week2_ws) by extensions ['ros']
[0.168s] Level 1:colcon.colcon_core.package_identification:_identify(week2_ws) by extension 'ros'
[0.168s] Level 1:colcon.colcon_core.package_identification:_identify(week2_ws) by extensions ['cmake', 'python']
[0.168s] Level 1:colcon.colcon_core.package_identification:_identify(week2_ws) by extension 'cmake'
[0.168s] Level 1:colcon.colcon_core.package_identification:_identify(week2_ws) by extension 'python'
[0.168s] Level 1:colcon.colcon_core.package_identification:_identify(week2_ws) by extensions ['python_setup_py']
[0.168s] Level 1:colcon.colcon_core.package_identification:_identify(week2_ws) by extension 'python_setup_py'
[0.168s] Level 1:colcon.colcon_core.package_identification:_identify(week2_ws/src) by extensions ['ignore', 'ignore_ament_install']
[0.168s] Level 1:colcon.colcon_core.package_identification:_identify(week2_ws/src) by extension 'ignore'
[0.168s] Level 1:colcon.colcon_core.package_identification:_identify(week2_ws/src) by extension 'ignore_ament_install'
[0.168s] Level 1:colcon.colcon_core.package_identification:_identify(week2_ws/src) by extensions ['colcon_pkg']
[0.168s] Level 1:colcon.colcon_core.package_identification:_identify(week2_ws/src) by extension 'colcon_pkg'
[0.168s] Level 1:colcon.colcon_core.package_identification:_identify(week2_ws/src) by extensions ['colcon_meta']
[0.168s] Level 1:colcon.colcon_core.package_identification:_identify(week2_ws/src) by extension 'colcon_meta'
[0.168s] Level 1:colcon.colcon_core.package_identification:_identify(week2_ws/src) by extensions ['ros']
[0.169s] Level 1:colcon.colcon_core.package_identification:_identify(week2_ws/src) by extension 'ros'
[0.169s] Level 1:colcon.colcon_core.package_identification:_identify(week2_ws/src) by extensions ['cmake', 'python']
[0.169s] Level 1:colcon.colcon_core.package_identification:_identify(week2_ws/src) by extension 'cmake'
[0.169s] Level 1:colcon.colcon_core.package_identification:_identify(week2_ws/src) by extension 'python'
[0.169s] Level 1:colcon.colcon_core.package_identification:_identify(week2_ws/src) by extensions ['python_setup_py']
[0.169s] Level 1:colcon.colcon_core.package_identification:_identify(week2_ws/src) by extension 'python_setup_py'
[0.169s] Level 1:colcon.colcon_core.package_identification:_identify(week2_ws/src/build) by extensions ['ignore', 'ignore_ament_install']
[0.169s] Level 1:colcon.colcon_core.package_identification:_identify(week2_ws/src/build) by extension 'ignore'
[0.169s] Level 1:colcon.colcon_core.package_identification:_identify(week2_ws/src/build) ignored
[0.169s] Level 1:colcon.colcon_core.package_identification:_identify(week2_ws/src/install) by extensions ['ignore', 'ignore_ament_install']
[0.169s] Level 1:colcon.colcon_core.package_identification:_identify(week2_ws/src/install) by extension 'ignore'
[0.169s] Level 1:colcon.colcon_core.package_identification:_identify(week2_ws/src/install) ignored
[0.169s] Level 1:colcon.colcon_core.package_identification:_identify(week2_ws/src/log) by extensions ['ignore', 'ignore_ament_install']
[0.169s] Level 1:colcon.colcon_core.package_identification:_identify(week2_ws/src/log) by extension 'ignore'
[0.169s] Level 1:colcon.colcon_core.package_identification:_identify(week2_ws/src/log) ignored
[0.169s] Level 1:colcon.colcon_core.package_identification:_identify(week2_ws/src/my_python_package) by extensions ['ignore', 'ignore_ament_install']
[0.170s] Level 1:colcon.colcon_core.package_identification:_identify(week2_ws/src/my_python_package) by extension 'ignore'
[0.170s] Level 1:colcon.colcon_core.package_identification:_identify(week2_ws/src/my_python_package) by extension 'ignore_ament_install'
[0.170s] Level 1:colcon.colcon_core.package_identification:_identify(week2_ws/src/my_python_package) by extensions ['colcon_pkg']
[0.170s] Level 1:colcon.colcon_core.package_identification:_identify(week2_ws/src/my_python_package) by extension 'colcon_pkg'
[0.170s] Level 1:colcon.colcon_core.package_identification:_identify(week2_ws/src/my_python_package) by extensions ['colcon_meta']
[0.170s] Level 1:colcon.colcon_core.package_identification:_identify(week2_ws/src/my_python_package) by extension 'colcon_meta'
[0.170s] Level 1:colcon.colcon_core.package_identification:_identify(week2_ws/src/my_python_package) by extensions ['ros']
[0.170s] Level 1:colcon.colcon_core.package_identification:_identify(week2_ws/src/my_python_package) by extension 'ros'
[0.170s] DEBUG:colcon.colcon_core.package_identification:Package 'week2_ws/src/my_python_package' with type 'ros.ament_python' and name 'my_python_package'
[0.170s] Level 1:colcon.colcon_core.package_discovery:discover_packages(recursive) using defaults
[0.171s] Level 1:colcon.colcon_core.package_discovery:discover_packages(ignore) discover
[0.171s] Level 1:colcon.colcon_core.package_discovery:discover_packages(ignore) using defaults
[0.171s] Level 1:colcon.colcon_core.package_discovery:discover_packages(path) discover
[0.171s] Level 1:colcon.colcon_core.package_discovery:discover_packages(path) using defaults
[0.188s] Level 5:colcon.colcon_core.verb:set package 'my_python_package' build argument 'cmake_args' from command line to 'None'
[0.188s] Level 5:colcon.colcon_core.verb:set package 'my_python_package' build argument 'cmake_target' from command line to 'None'
[0.189s] Level 5:colcon.colcon_core.verb:set package 'my_python_package' build argument 'cmake_target_skip_unavailable' from command line to 'False'
[0.189s] Level 5:colcon.colcon_core.verb:set package 'my_python_package' build argument 'cmake_clean_cache' from command line to 'False'
[0.189s] Level 5:colcon.colcon_core.verb:set package 'my_python_package' build argument 'cmake_clean_first' from command line to 'False'
[0.189s] Level 5:colcon.colcon_core.verb:set package 'my_python_package' build argument 'cmake_force_configure' from command line to 'False'
[0.189s] Level 5:colcon.colcon_core.verb:set package 'my_python_package' build argument 'ament_cmake_args' from command line to 'None'
[0.189s] Level 5:colcon.colcon_core.verb:set package 'my_python_package' build argument 'catkin_cmake_args' from command line to 'None'
[0.189s] Level 5:colcon.colcon_core.verb:set package 'my_python_package' build argument 'catkin_skip_building_tests' from command line to 'False'
[0.189s] DEBUG:colcon.colcon_core.verb:Building package 'my_python_package' with the following arguments: {'ament_cmake_args': None, 'build_base': '/home/aitor/ros2/build/my_python_package', 'catkin_cmake_args': None, 'catkin_skip_building_tests': False, 'cmake_args': None, 'cmake_clean_cache': False, 'cmake_clean_first': False, 'cmake_force_configure': False, 'cmake_target': None, 'cmake_target_skip_unavailable': False, 'install_base': '/home/aitor/ros2/install/my_python_package', 'merge_install': False, 'path': '/home/aitor/ros2/week2_ws/src/my_python_package', 'symlink_install': False, 'test_result_base': None}
[0.191s] Level 5:colcon.colcon_core.verb:set package 'turtlesim' build argument 'cmake_args' from command line to 'None'
[0.191s] Level 5:colcon.colcon_core.verb:set package 'turtlesim' build argument 'cmake_target' from command line to 'None'
[0.191s] Level 5:colcon.colcon_core.verb:set package 'turtlesim' build argument 'cmake_target_skip_unavailable' from command line to 'False'
[0.191s] Level 5:colcon.colcon_core.verb:set package 'turtlesim' build argument 'cmake_clean_cache' from command line to 'False'
[0.191s] Level 5:colcon.colcon_core.verb:set package 'turtlesim' build argument 'cmake_clean_first' from command line to 'False'
[0.192s] Level 5:colcon.colcon_core.verb:set package 'turtlesim' build argument 'cmake_force_configure' from command line to 'False'
[0.192s] Level 5:colcon.colcon_core.verb:set package 'turtlesim' build argument 'ament_cmake_args' from command line to 'None'
[0.192s] Level 5:colcon.colcon_core.verb:set package 'turtlesim' build argument 'catkin_cmake_args' from command line to 'None'
[0.192s] Level 5:colcon.colcon_core.verb:set package 'turtlesim' build argument 'catkin_skip_building_tests' from command line to 'False'
[0.192s] DEBUG:colcon.colcon_core.verb:Building package 'turtlesim' with the following arguments: {'ament_cmake_args': None, 'build_base': '/home/aitor/ros2/build/turtlesim', 'catkin_cmake_args': None, 'catkin_skip_building_tests': False, 'cmake_args': None, 'cmake_clean_cache': False, 'cmake_clean_first': False, 'cmake_force_configure': False, 'cmake_target': None, 'cmake_target_skip_unavailable': False, 'install_base': '/home/aitor/ros2/install/turtlesim', 'merge_install': False, 'path': '/home/aitor/ros2/week1_ws/ros_tutorials/turtlesim', 'symlink_install': False, 'test_result_base': None}
[0.192s] INFO:colcon.colcon_core.executor:Executing jobs using 'parallel' executor
[0.194s] DEBUG:colcon.colcon_parallel_executor.executor.parallel:run_until_complete
[0.194s] INFO:colcon.colcon_ros.task.ament_python.build:Building ROS package in '/home/aitor/ros2/week2_ws/src/my_python_package' with build type 'ament_python'
[0.194s] Level 1:colcon.colcon_core.shell:create_environment_hook('my_python_package', 'ament_prefix_path')
[0.197s] INFO:colcon.colcon_core.plugin_system:Skipping extension 'colcon_core.shell.bat': Not used on non-Windows systems
[0.197s] INFO:colcon.colcon_core.shell:Creating environment hook '/home/aitor/ros2/install/my_python_package/share/my_python_package/hook/ament_prefix_path.ps1'
[0.198s] INFO:colcon.colcon_core.shell:Creating environment descriptor '/home/aitor/ros2/install/my_python_package/share/my_python_package/hook/ament_prefix_path.dsv'
[0.198s] INFO:colcon.colcon_core.shell:Creating environment hook '/home/aitor/ros2/install/my_python_package/share/my_python_package/hook/ament_prefix_path.sh'
[0.199s] INFO:colcon.colcon_core.shell:Skip shell extension 'powershell' for command environment: Not usable outside of PowerShell
[0.199s] DEBUG:colcon.colcon_core.shell:Skip shell extension 'dsv' for command environment
[0.202s] WARNING:colcon.colcon_core.prefix_path.colcon:The path '/home/aitor/ros2/week2_ws/install' in the environment variable COLCON_PREFIX_PATH doesn't exist
[0.202s] WARNING:colcon.colcon_ros.prefix_path.ament:The path '/home/aitor/ros2/week2_ws/install/my_python_package' in the environment variable AMENT_PREFIX_PATH doesn't exist
[0.202s] DEBUG:colcon.colcon_core.shell:Ignoring prefix path '/opt/ros/eloquent'
[0.204s] INFO:colcon.colcon_ros.task.ament_cmake.build:Building ROS package in '/home/aitor/ros2/week1_ws/ros_tutorials/turtlesim' with build type 'ament_cmake'
[0.205s] INFO:colcon.colcon_cmake.task.cmake.build:Building CMake package in '/home/aitor/ros2/week1_ws/ros_tutorials/turtlesim'
[0.206s] INFO:colcon.colcon_core.shell:Skip shell extension 'powershell' for command environment: Not usable outside of PowerShell
[0.206s] DEBUG:colcon.colcon_core.shell:Skip shell extension 'dsv' for command environment
[0.208s] DEBUG:colcon.colcon_core.shell:Ignoring prefix path '/opt/ros/eloquent'
[0.381s] INFO:colcon.colcon_core.task.python.build:Building Python package in '/home/aitor/ros2/week2_ws/src/my_python_package'
[0.382s] INFO:colcon.colcon_core.shell:Skip shell extension 'powershell' for command environment: Not usable outside of PowerShell
[0.382s] DEBUG:colcon.colcon_core.shell:Skip shell extension 'dsv' for command environment
[0.384s] DEBUG:colcon.colcon_core.shell:Ignoring prefix path '/opt/ros/eloquent'
[0.389s] DEBUG:colcon.colcon_core.event_handler.log_command:Invoking command in '/home/aitor/ros2/build/turtlesim': CMAKE_PREFIX_PATH=${CMAKE_PREFIX_PATH}:/home/aitor/ros2/week2_ws/install/my_python_package:/home/aitor/ros2/install/my_python_package:/opt/ros/eloquent /usr/bin/cmake --build /home/aitor/ros2/build/turtlesim -- -j8 -l8
[0.397s] DEBUG:colcon.colcon_core.event_handler.log_command:Invoking command in '/home/aitor/ros2/week2_ws/src/my_python_package': PYTHONPATH=/home/aitor/ros2/install/my_python_package/lib/python3.6/site-packages:${PYTHONPATH} /usr/bin/python3 setup.py egg_info --egg-base ../../../build/my_python_package build --build-base /home/aitor/ros2/build/my_python_package/build install --prefix /home/aitor/ros2/install/my_python_package --record /home/aitor/ros2/build/my_python_package/install.log --single-version-externally-managed
[0.692s] DEBUG:colcon.colcon_core.event_handler.log_command:Invoked command in '/home/aitor/ros2/build/turtlesim' returned '0': CMAKE_PREFIX_PATH=${CMAKE_PREFIX_PATH}:/home/aitor/ros2/week2_ws/install/my_python_package:/home/aitor/ros2/install/my_python_package:/opt/ros/eloquent /usr/bin/cmake --build /home/aitor/ros2/build/turtlesim -- -j8 -l8
[0.713s] DEBUG:colcon.colcon_core.event_handler.log_command:Invoked command in '/home/aitor/ros2/week2_ws/src/my_python_package' returned '0': PYTHONPATH=/home/aitor/ros2/install/my_python_package/lib/python3.6/site-packages:${PYTHONPATH} /usr/bin/python3 setup.py egg_info --egg-base ../../../build/my_python_package build --build-base /home/aitor/ros2/build/my_python_package/build install --prefix /home/aitor/ros2/install/my_python_package --record /home/aitor/ros2/build/my_python_package/install.log --single-version-externally-managed
[0.716s] Level 1:colcon.colcon_core.environment:checking '/home/aitor/ros2/install/my_python_package' for CMake module files
[0.716s] Level 1:colcon.colcon_core.environment:checking '/home/aitor/ros2/install/my_python_package' for CMake config files
[0.717s] Level 1:colcon.colcon_core.environment:checking '/home/aitor/ros2/install/my_python_package/lib'
[0.718s] Level 1:colcon.colcon_core.environment:checking '/home/aitor/ros2/install/my_python_package/bin'
[0.718s] Level 1:colcon.colcon_core.environment:checking '/home/aitor/ros2/install/my_python_package/lib/pkgconfig/my_python_package.pc'
[0.718s] Level 1:colcon.colcon_core.environment:checking '/home/aitor/ros2/install/my_python_package/lib/python3.6/site-packages'
[0.718s] Level 1:colcon.colcon_core.shell:create_environment_hook('my_python_package', 'pythonpath')
[0.719s] INFO:colcon.colcon_core.shell:Creating environment hook '/home/aitor/ros2/install/my_python_package/share/my_python_package/hook/pythonpath.ps1'
[0.719s] INFO:colcon.colcon_core.shell:Creating environment descriptor '/home/aitor/ros2/install/my_python_package/share/my_python_package/hook/pythonpath.dsv'
[0.719s] INFO:colcon.colcon_core.shell:Creating environment hook '/home/aitor/ros2/install/my_python_package/share/my_python_package/hook/pythonpath.sh'
[0.720s] Level 1:colcon.colcon_core.environment:create_environment_scripts_only(my_python_package)
[0.721s] INFO:colcon.colcon_core.shell:Creating package script '/home/aitor/ros2/install/my_python_package/share/my_python_package/package.ps1'
[0.723s] INFO:colcon.colcon_core.shell:Creating package descriptor '/home/aitor/ros2/install/my_python_package/share/my_python_package/package.dsv'
[0.723s] INFO:colcon.colcon_core.shell:Creating package script '/home/aitor/ros2/install/my_python_package/share/my_python_package/package.sh'
[0.724s] INFO:colcon.colcon_core.shell:Creating package script '/home/aitor/ros2/install/my_python_package/share/my_python_package/package.bash'
[0.737s] INFO:colcon.colcon_core.shell:Creating package script '/home/aitor/ros2/install/my_python_package/share/my_python_package/package.zsh'
[0.738s] Level 1:colcon.colcon_core.environment:create_file_with_runtime_dependencies(/home/aitor/ros2/install/my_python_package/share/colcon-core/packages/my_python_package)
[0.841s] DEBUG:colcon.colcon_core.event_handler.log_command:Invoking command in '/home/aitor/ros2/build/turtlesim': CMAKE_PREFIX_PATH=${CMAKE_PREFIX_PATH}:/home/aitor/ros2/week2_ws/install/my_python_package:/home/aitor/ros2/install/my_python_package:/opt/ros/eloquent /usr/bin/cmake --build /home/aitor/ros2/build/turtlesim --target install -- -j8 -l8
[1.158s] Level 1:colcon.colcon_core.environment:create_environment_scripts_only(turtlesim)
[1.159s] Level 1:colcon.colcon_core.environment:checking '/home/aitor/ros2/install/turtlesim' for CMake module files
[1.160s] Level 1:colcon.colcon_core.environment:checking '/home/aitor/ros2/install/turtlesim' for CMake config files
[1.160s] Level 1:colcon.colcon_core.shell:create_environment_hook('turtlesim', 'cmake_prefix_path')
[1.161s] INFO:colcon.colcon_core.shell:Creating environment hook '/home/aitor/ros2/install/turtlesim/share/turtlesim/hook/cmake_prefix_path.ps1'
[1.161s] DEBUG:colcon.colcon_core.event_handler.log_command:Invoked command in '/home/aitor/ros2/build/turtlesim' returned '0': CMAKE_PREFIX_PATH=${CMAKE_PREFIX_PATH}:/home/aitor/ros2/week2_ws/install/my_python_package:/home/aitor/ros2/install/my_python_package:/opt/ros/eloquent /usr/bin/cmake --build /home/aitor/ros2/build/turtlesim --target install -- -j8 -l8
[1.162s] INFO:colcon.colcon_core.shell:Creating environment descriptor '/home/aitor/ros2/install/turtlesim/share/turtlesim/hook/cmake_prefix_path.dsv'
[1.162s] INFO:colcon.colcon_core.shell:Creating environment hook '/home/aitor/ros2/install/turtlesim/share/turtlesim/hook/cmake_prefix_path.sh'
[1.163s] Level 1:colcon.colcon_core.environment:checking '/home/aitor/ros2/install/turtlesim/lib'
[1.163s] Level 1:colcon.colcon_core.shell:create_environment_hook('turtlesim', 'ld_library_path_lib')
[1.163s] INFO:colcon.colcon_core.shell:Creating environment hook '/home/aitor/ros2/install/turtlesim/share/turtlesim/hook/ld_library_path_lib.ps1'
[1.163s] INFO:colcon.colcon_core.shell:Creating environment descriptor '/home/aitor/ros2/install/turtlesim/share/turtlesim/hook/ld_library_path_lib.dsv'
[1.164s] INFO:colcon.colcon_core.shell:Creating environment hook '/home/aitor/ros2/install/turtlesim/share/turtlesim/hook/ld_library_path_lib.sh'
[1.164s] Level 1:colcon.colcon_core.environment:checking '/home/aitor/ros2/install/turtlesim/bin'
[1.164s] Level 1:colcon.colcon_core.environment:checking '/home/aitor/ros2/install/turtlesim/lib/pkgconfig/turtlesim.pc'
[1.164s] Level 1:colcon.colcon_core.environment:checking '/home/aitor/ros2/install/turtlesim/lib/python3.6/site-packages'
[1.164s] Level 1:colcon.colcon_core.shell:create_environment_hook('turtlesim', 'pythonpath')
[1.165s] INFO:colcon.colcon_core.shell:Creating environment hook '/home/aitor/ros2/install/turtlesim/share/turtlesim/hook/pythonpath.ps1'
[1.165s] INFO:colcon.colcon_core.shell:Creating environment descriptor '/home/aitor/ros2/install/turtlesim/share/turtlesim/hook/pythonpath.dsv'
[1.165s] INFO:colcon.colcon_core.shell:Creating environment hook '/home/aitor/ros2/install/turtlesim/share/turtlesim/hook/pythonpath.sh'
[1.166s] INFO:colcon.colcon_core.shell:Creating package script '/home/aitor/ros2/install/turtlesim/share/turtlesim/package.ps1'
[1.166s] INFO:colcon.colcon_core.shell:Creating package descriptor '/home/aitor/ros2/install/turtlesim/share/turtlesim/package.dsv'
[1.167s] INFO:colcon.colcon_core.shell:Creating package script '/home/aitor/ros2/install/turtlesim/share/turtlesim/package.sh'
[1.167s] INFO:colcon.colcon_core.shell:Creating package script '/home/aitor/ros2/install/turtlesim/share/turtlesim/package.bash'
[1.167s] INFO:colcon.colcon_core.shell:Creating package script '/home/aitor/ros2/install/turtlesim/share/turtlesim/package.zsh'
[1.168s] Level 1:colcon.colcon_core.environment:create_file_with_runtime_dependencies(/home/aitor/ros2/install/turtlesim/share/colcon-core/packages/turtlesim)
[1.292s] Level 1:colcon.colcon_core.environment:create_environment_scripts_only(turtlesim)
[1.293s] Level 1:colcon.colcon_core.environment:checking '/home/aitor/ros2/install/turtlesim' for CMake module files
[1.294s] Level 1:colcon.colcon_core.environment:checking '/home/aitor/ros2/install/turtlesim' for CMake config files
[1.294s] Level 1:colcon.colcon_core.shell:create_environment_hook('turtlesim', 'cmake_prefix_path')
[1.295s] INFO:colcon.colcon_core.shell:Creating environment hook '/home/aitor/ros2/install/turtlesim/share/turtlesim/hook/cmake_prefix_path.ps1'
[1.295s] INFO:colcon.colcon_core.shell:Creating environment descriptor '/home/aitor/ros2/install/turtlesim/share/turtlesim/hook/cmake_prefix_path.dsv'
[1.296s] INFO:colcon.colcon_core.shell:Creating environment hook '/home/aitor/ros2/install/turtlesim/share/turtlesim/hook/cmake_prefix_path.sh'
[1.297s] Level 1:colcon.colcon_core.environment:checking '/home/aitor/ros2/install/turtlesim/lib'
[1.297s] Level 1:colcon.colcon_core.shell:create_environment_hook('turtlesim', 'ld_library_path_lib')
[1.298s] INFO:colcon.colcon_core.shell:Creating environment hook '/home/aitor/ros2/install/turtlesim/share/turtlesim/hook/ld_library_path_lib.ps1'
[1.298s] INFO:colcon.colcon_core.shell:Creating environment descriptor '/home/aitor/ros2/install/turtlesim/share/turtlesim/hook/ld_library_path_lib.dsv'
[1.298s] INFO:colcon.colcon_core.shell:Creating environment hook '/home/aitor/ros2/install/turtlesim/share/turtlesim/hook/ld_library_path_lib.sh'
[1.299s] Level 1:colcon.colcon_core.environment:checking '/home/aitor/ros2/install/turtlesim/bin'
[1.299s] Level 1:colcon.colcon_core.environment:checking '/home/aitor/ros2/install/turtlesim/lib/pkgconfig/turtlesim.pc'
[1.299s] Level 1:colcon.colcon_core.environment:checking '/home/aitor/ros2/install/turtlesim/lib/python3.6/site-packages'
[1.299s] Level 1:colcon.colcon_core.shell:create_environment_hook('turtlesim', 'pythonpath')
[1.299s] INFO:colcon.colcon_core.shell:Creating environment hook '/home/aitor/ros2/install/turtlesim/share/turtlesim/hook/pythonpath.ps1'
[1.299s] INFO:colcon.colcon_core.shell:Creating environment descriptor '/home/aitor/ros2/install/turtlesim/share/turtlesim/hook/pythonpath.dsv'
[1.300s] INFO:colcon.colcon_core.shell:Creating environment hook '/home/aitor/ros2/install/turtlesim/share/turtlesim/hook/pythonpath.sh'
[1.300s] INFO:colcon.colcon_core.shell:Creating package script '/home/aitor/ros2/install/turtlesim/share/turtlesim/package.ps1'
[1.301s] INFO:colcon.colcon_core.shell:Creating package descriptor '/home/aitor/ros2/install/turtlesim/share/turtlesim/package.dsv'
[1.301s] INFO:colcon.colcon_core.shell:Creating package script '/home/aitor/ros2/install/turtlesim/share/turtlesim/package.sh'
[1.302s] INFO:colcon.colcon_core.shell:Creating package script '/home/aitor/ros2/install/turtlesim/share/turtlesim/package.bash'
[1.302s] INFO:colcon.colcon_core.shell:Creating package script '/home/aitor/ros2/install/turtlesim/share/turtlesim/package.zsh'
[1.302s] Level 1:colcon.colcon_core.environment:create_file_with_runtime_dependencies(/home/aitor/ros2/install/turtlesim/share/colcon-core/packages/turtlesim)
[1.303s] DEBUG:colcon.colcon_parallel_executor.executor.parallel:closing loop
[1.303s] DEBUG:colcon.colcon_parallel_executor.executor.parallel:loop closed
[1.304s] DEBUG:colcon.colcon_parallel_executor.executor.parallel:run_until_complete finished with '0'
[1.304s] DEBUG:colcon.colcon_core.event_reactor:joining thread
[1.310s] INFO:colcon.colcon_core.plugin_system:Skipping extension 'colcon_notification.desktop_notification.terminal_notifier': Not used on non-Darwin systems
[1.310s] INFO:colcon.colcon_core.plugin_system:Skipping extension 'colcon_notification.desktop_notification.win32': Not used on non-Windows systems
[1.310s] INFO:colcon.colcon_notification.desktop_notification:Sending desktop notification using 'notify2'
[1.313s] DEBUG:colcon.colcon_core.event_reactor:joined thread
[1.314s] INFO:colcon.colcon_core.shell:Creating prefix script '/home/aitor/ros2/install/local_setup.ps1'
[1.315s] INFO:colcon.colcon_core.shell:Creating prefix util module '/home/aitor/ros2/install/_local_setup_util_ps1.py'
[1.316s] INFO:colcon.colcon_core.shell:Creating prefix chain script '/home/aitor/ros2/install/setup.ps1'
[1.318s] INFO:colcon.colcon_core.shell:Creating prefix script '/home/aitor/ros2/install/local_setup.sh'
[1.319s] INFO:colcon.colcon_core.shell:Creating prefix util module '/home/aitor/ros2/install/_local_setup_util_sh.py'
[1.319s] INFO:colcon.colcon_core.shell:Creating prefix chain script '/home/aitor/ros2/install/setup.sh'
[1.322s] INFO:colcon.colcon_core.shell:Creating prefix script '/home/aitor/ros2/install/local_setup.bash'
[1.322s] INFO:colcon.colcon_core.shell:Creating prefix chain script '/home/aitor/ros2/install/setup.bash'
[1.324s] INFO:colcon.colcon_core.shell:Creating prefix script '/home/aitor/ros2/install/local_setup.zsh'
[1.325s] INFO:colcon.colcon_core.shell:Creating prefix chain script '/home/aitor/ros2/install/setup.zsh'
