Determining if the pthread_create exist failed with the following output:
Change Dir: /home/aitor/ros2/week1/build/turtlesim/CMakeFiles/CMakeTmp

Run Build Command:"/usr/bin/make" "cmTC_8eacd/fast"
/usr/bin/make -f CMakeFiles/cmTC_8eacd.dir/build.make CMakeFiles/cmTC_8eacd.dir/build
make[1]: Entering directory '/home/aitor/ros2/week1/build/turtlesim/CMakeFiles/CMakeTmp'
Building C object CMakeFiles/cmTC_8eacd.dir/CheckSymbolExists.c.o
/usr/bin/cc    -o CMakeFiles/cmTC_8eacd.dir/CheckSymbolExists.c.o   -c /home/aitor/ros2/week1/build/turtlesim/CMakeFiles/CMakeTmp/CheckSymbolExists.c
Linking C executable cmTC_8eacd
/usr/bin/cmake -E cmake_link_script CMakeFiles/cmTC_8eacd.dir/link.txt --verbose=1
/usr/bin/cc      CMakeFiles/cmTC_8eacd.dir/CheckSymbolExists.c.o  -o cmTC_8eacd 
CMakeFiles/cmTC_8eacd.dir/CheckSymbolExists.c.o: In function `main':
CheckSymbolExists.c:(.text+0x1b): undefined reference to `pthread_create'
collect2: error: ld returned 1 exit status
CMakeFiles/cmTC_8eacd.dir/build.make:97: recipe for target 'cmTC_8eacd' failed
make[1]: *** [cmTC_8eacd] Error 1
make[1]: Leaving directory '/home/aitor/ros2/week1/build/turtlesim/CMakeFiles/CMakeTmp'
Makefile:126: recipe for target 'cmTC_8eacd/fast' failed
make: *** [cmTC_8eacd/fast] Error 2

File /home/aitor/ros2/week1/build/turtlesim/CMakeFiles/CMakeTmp/CheckSymbolExists.c:
/* */
#include <pthread.h>

int main(int argc, char** argv)
{
  (void)argv;
#ifndef pthread_create
  return ((int*)(&pthread_create))[argc];
#else
  (void)argc;
  return 0;
#endif
}

Determining if the function pthread_create exists in the pthreads failed with the following output:
Change Dir: /home/aitor/ros2/week1/build/turtlesim/CMakeFiles/CMakeTmp

Run Build Command:"/usr/bin/make" "cmTC_efd33/fast"
/usr/bin/make -f CMakeFiles/cmTC_efd33.dir/build.make CMakeFiles/cmTC_efd33.dir/build
make[1]: Entering directory '/home/aitor/ros2/week1/build/turtlesim/CMakeFiles/CMakeTmp'
Building C object CMakeFiles/cmTC_efd33.dir/CheckFunctionExists.c.o
/usr/bin/cc   -DCHECK_FUNCTION_EXISTS=pthread_create   -o CMakeFiles/cmTC_efd33.dir/CheckFunctionExists.c.o   -c /usr/share/cmake-3.10/Modules/CheckFunctionExists.c
Linking C executable cmTC_efd33
/usr/bin/cmake -E cmake_link_script CMakeFiles/cmTC_efd33.dir/link.txt --verbose=1
/usr/bin/cc  -DCHECK_FUNCTION_EXISTS=pthread_create    CMakeFiles/cmTC_efd33.dir/CheckFunctionExists.c.o  -o cmTC_efd33 -lpthreads 
/usr/bin/ld: cannot find -lpthreads
collect2: error: ld returned 1 exit status
CMakeFiles/cmTC_efd33.dir/build.make:97: recipe for target 'cmTC_efd33' failed
make[1]: *** [cmTC_efd33] Error 1
make[1]: Leaving directory '/home/aitor/ros2/week1/build/turtlesim/CMakeFiles/CMakeTmp'
Makefile:126: recipe for target 'cmTC_efd33/fast' failed
make: *** [cmTC_efd33/fast] Error 2


