[0.135s] DEBUG:colcon:Command line arguments: ['/usr/bin/colcon', 'build']
[0.135s] DEBUG:colcon:Parsed command line arguments: Namespace(ament_cmake_args=None, base_paths=['.'], build_base='build', catkin_cmake_args=None, catkin_skip_building_tests=False, cmake_args=None, cmake_clean_cache=False, cmake_clean_first=False, cmake_force_configure=False, cmake_target=None, cmake_target_skip_unavailable=False, continue_on_error=False, event_handlers=None, executor='parallel', ignore_user_meta=False, install_base='install', log_base=None, log_level=None, main=<bound method BuildVerb.main of <colcon_core.verb.build.BuildVerb object at 0x7f2649031ba8>>, merge_install=False, metas=['./colcon.meta'], packages_above=None, packages_above_and_dependencies=None, packages_above_depth=None, packages_end=None, packages_ignore=None, packages_ignore_regex=None, packages_select=None, packages_select_build_failed=False, packages_select_by_dep=None, packages_select_regex=None, packages_select_test_failures=False, packages_skip=None, packages_skip_build_finished=False, packages_skip_by_dep=None, packages_skip_regex=None, packages_skip_test_passed=False, packages_skip_up_to=None, packages_start=None, packages_up_to=None, packages_up_to_regex=None, parallel_workers=8, paths=None, symlink_install=False, test_result_base=None, verb_extension=<colcon_core.verb.build.BuildVerb object at 0x7f2649031ba8>, verb_name='build', verb_parser=<colcon_defaults.argument_parser.defaults.DefaultArgumentsDecorator object at 0x7f2649031e10>)
[0.140s] Level 1:colcon.colcon_core.package_discovery:discover_packages(colcon_meta) check parameters
[0.140s] Level 1:colcon.colcon_core.package_discovery:discover_packages(recursive) check parameters
[0.140s] Level 1:colcon.colcon_core.package_discovery:discover_packages(ignore) check parameters
[0.140s] Level 1:colcon.colcon_core.package_discovery:discover_packages(path) check parameters
[0.140s] Level 1:colcon.colcon_core.package_discovery:discover_packages(colcon_meta) discover
[0.140s] Level 1:colcon.colcon_core.package_discovery:discover_packages(recursive) discover
[0.140s] INFO:colcon.colcon_core.package_discovery:Crawling recursively for packages in '/home/aitor/ros2'
[0.140s] Level 1:colcon.colcon_core.package_identification:_identify(.) by extensions ['ignore', 'ignore_ament_install']
[0.141s] Level 1:colcon.colcon_core.package_identification:_identify(.) by extension 'ignore'
[0.141s] Level 1:colcon.colcon_core.package_identification:_identify(.) by extension 'ignore_ament_install'
[0.141s] Level 1:colcon.colcon_core.package_identification:_identify(.) by extensions ['colcon_pkg']
[0.141s] Level 1:colcon.colcon_core.package_identification:_identify(.) by extension 'colcon_pkg'
[0.141s] Level 1:colcon.colcon_core.package_identification:_identify(.) by extensions ['colcon_meta']
[0.141s] Level 1:colcon.colcon_core.package_identification:_identify(.) by extension 'colcon_meta'
[0.141s] Level 1:colcon.colcon_core.package_identification:_identify(.) by extensions ['ros']
[0.141s] Level 1:colcon.colcon_core.package_identification:_identify(.) by extension 'ros'
[0.150s] Level 1:colcon.colcon_core.package_identification:_identify(.) by extensions ['cmake', 'python']
[0.150s] Level 1:colcon.colcon_core.package_identification:_identify(.) by extension 'cmake'
[0.150s] Level 1:colcon.colcon_core.package_identification:_identify(.) by extension 'python'
[0.150s] Level 1:colcon.colcon_core.package_identification:_identify(.) by extensions ['python_setup_py']
[0.150s] Level 1:colcon.colcon_core.package_identification:_identify(.) by extension 'python_setup_py'
[0.150s] Level 1:colcon.colcon_core.package_identification:_identify(build) by extensions ['ignore', 'ignore_ament_install']
[0.150s] Level 1:colcon.colcon_core.package_identification:_identify(build) by extension 'ignore'
[0.150s] Level 1:colcon.colcon_core.package_identification:_identify(build) ignored
[0.150s] Level 1:colcon.colcon_core.package_identification:_identify(install) by extensions ['ignore', 'ignore_ament_install']
[0.150s] Level 1:colcon.colcon_core.package_identification:_identify(install) by extension 'ignore'
[0.151s] Level 1:colcon.colcon_core.package_identification:_identify(install) ignored
[0.151s] Level 1:colcon.colcon_core.package_identification:_identify(log) by extensions ['ignore', 'ignore_ament_install']
[0.151s] Level 1:colcon.colcon_core.package_identification:_identify(log) by extension 'ignore'
[0.151s] Level 1:colcon.colcon_core.package_identification:_identify(log) ignored
[0.151s] Level 1:colcon.colcon_core.package_identification:_identify(week1_ws) by extensions ['ignore', 'ignore_ament_install']
[0.151s] Level 1:colcon.colcon_core.package_identification:_identify(week1_ws) by extension 'ignore'
[0.151s] Level 1:colcon.colcon_core.package_identification:_identify(week1_ws) by extension 'ignore_ament_install'
[0.151s] Level 1:colcon.colcon_core.package_identification:_identify(week1_ws) by extensions ['colcon_pkg']
[0.151s] Level 1:colcon.colcon_core.package_identification:_identify(week1_ws) by extension 'colcon_pkg'
[0.151s] Level 1:colcon.colcon_core.package_identification:_identify(week1_ws) by extensions ['colcon_meta']
[0.151s] Level 1:colcon.colcon_core.package_identification:_identify(week1_ws) by extension 'colcon_meta'
[0.151s] Level 1:colcon.colcon_core.package_identification:_identify(week1_ws) by extensions ['ros']
[0.151s] Level 1:colcon.colcon_core.package_identification:_identify(week1_ws) by extension 'ros'
[0.151s] Level 1:colcon.colcon_core.package_identification:_identify(week1_ws) by extensions ['cmake', 'python']
[0.151s] Level 1:colcon.colcon_core.package_identification:_identify(week1_ws) by extension 'cmake'
[0.152s] Level 1:colcon.colcon_core.package_identification:_identify(week1_ws) by extension 'python'
[0.152s] Level 1:colcon.colcon_core.package_identification:_identify(week1_ws) by extensions ['python_setup_py']
[0.152s] Level 1:colcon.colcon_core.package_identification:_identify(week1_ws) by extension 'python_setup_py'
[0.152s] Level 1:colcon.colcon_core.package_identification:_identify(week1_ws/build) by extensions ['ignore', 'ignore_ament_install']
[0.152s] Level 1:colcon.colcon_core.package_identification:_identify(week1_ws/build) by extension 'ignore'
[0.152s] Level 1:colcon.colcon_core.package_identification:_identify(week1_ws/build) ignored
[0.152s] Level 1:colcon.colcon_core.package_identification:_identify(week1_ws/install) by extensions ['ignore', 'ignore_ament_install']
[0.152s] Level 1:colcon.colcon_core.package_identification:_identify(week1_ws/install) by extension 'ignore'
[0.152s] Level 1:colcon.colcon_core.package_identification:_identify(week1_ws/install) ignored
[0.152s] Level 1:colcon.colcon_core.package_identification:_identify(week1_ws/log) by extensions ['ignore', 'ignore_ament_install']
[0.152s] Level 1:colcon.colcon_core.package_identification:_identify(week1_ws/log) by extension 'ignore'
[0.152s] Level 1:colcon.colcon_core.package_identification:_identify(week1_ws/log) ignored
[0.152s] Level 1:colcon.colcon_core.package_identification:_identify(week1_ws/ros_tutorials) by extensions ['ignore', 'ignore_ament_install']
[0.153s] Level 1:colcon.colcon_core.package_identification:_identify(week1_ws/ros_tutorials) by extension 'ignore'
[0.153s] Level 1:colcon.colcon_core.package_identification:_identify(week1_ws/ros_tutorials) by extension 'ignore_ament_install'
[0.153s] Level 1:colcon.colcon_core.package_identification:_identify(week1_ws/ros_tutorials) by extensions ['colcon_pkg']
[0.153s] Level 1:colcon.colcon_core.package_identification:_identify(week1_ws/ros_tutorials) by extension 'colcon_pkg'
[0.153s] Level 1:colcon.colcon_core.package_identification:_identify(week1_ws/ros_tutorials) by extensions ['colcon_meta']
[0.153s] Level 1:colcon.colcon_core.package_identification:_identify(week1_ws/ros_tutorials) by extension 'colcon_meta'
[0.153s] Level 1:colcon.colcon_core.package_identification:_identify(week1_ws/ros_tutorials) by extensions ['ros']
[0.153s] Level 1:colcon.colcon_core.package_identification:_identify(week1_ws/ros_tutorials) by extension 'ros'
[0.153s] Level 1:colcon.colcon_core.package_identification:_identify(week1_ws/ros_tutorials) by extensions ['cmake', 'python']
[0.153s] Level 1:colcon.colcon_core.package_identification:_identify(week1_ws/ros_tutorials) by extension 'cmake'
[0.153s] Level 1:colcon.colcon_core.package_identification:_identify(week1_ws/ros_tutorials) by extension 'python'
[0.153s] Level 1:colcon.colcon_core.package_identification:_identify(week1_ws/ros_tutorials) by extensions ['python_setup_py']
[0.153s] Level 1:colcon.colcon_core.package_identification:_identify(week1_ws/ros_tutorials) by extension 'python_setup_py'
[0.153s] Level 1:colcon.colcon_core.package_identification:_identify(week1_ws/ros_tutorials/ros_tutorials) by extensions ['ignore', 'ignore_ament_install']
[0.153s] Level 1:colcon.colcon_core.package_identification:_identify(week1_ws/ros_tutorials/ros_tutorials) by extension 'ignore'
[0.153s] Level 1:colcon.colcon_core.package_identification:_identify(week1_ws/ros_tutorials/ros_tutorials) ignored
[0.154s] Level 1:colcon.colcon_core.package_identification:_identify(week1_ws/ros_tutorials/roscpp_tutorials) by extensions ['ignore', 'ignore_ament_install']
[0.154s] Level 1:colcon.colcon_core.package_identification:_identify(week1_ws/ros_tutorials/roscpp_tutorials) by extension 'ignore'
[0.154s] Level 1:colcon.colcon_core.package_identification:_identify(week1_ws/ros_tutorials/roscpp_tutorials) ignored
[0.154s] Level 1:colcon.colcon_core.package_identification:_identify(week1_ws/ros_tutorials/rospy_tutorials) by extensions ['ignore', 'ignore_ament_install']
[0.154s] Level 1:colcon.colcon_core.package_identification:_identify(week1_ws/ros_tutorials/rospy_tutorials) by extension 'ignore'
[0.154s] Level 1:colcon.colcon_core.package_identification:_identify(week1_ws/ros_tutorials/rospy_tutorials) ignored
[0.154s] Level 1:colcon.colcon_core.package_identification:_identify(week1_ws/ros_tutorials/turtlesim) by extensions ['ignore', 'ignore_ament_install']
[0.154s] Level 1:colcon.colcon_core.package_identification:_identify(week1_ws/ros_tutorials/turtlesim) by extension 'ignore'
[0.154s] Level 1:colcon.colcon_core.package_identification:_identify(week1_ws/ros_tutorials/turtlesim) by extension 'ignore_ament_install'
[0.154s] Level 1:colcon.colcon_core.package_identification:_identify(week1_ws/ros_tutorials/turtlesim) by extensions ['colcon_pkg']
[0.154s] Level 1:colcon.colcon_core.package_identification:_identify(week1_ws/ros_tutorials/turtlesim) by extension 'colcon_pkg'
[0.154s] Level 1:colcon.colcon_core.package_identification:_identify(week1_ws/ros_tutorials/turtlesim) by extensions ['colcon_meta']
[0.154s] Level 1:colcon.colcon_core.package_identification:_identify(week1_ws/ros_tutorials/turtlesim) by extension 'colcon_meta'
[0.155s] Level 1:colcon.colcon_core.package_identification:_identify(week1_ws/ros_tutorials/turtlesim) by extensions ['ros']
[0.155s] Level 1:colcon.colcon_core.package_identification:_identify(week1_ws/ros_tutorials/turtlesim) by extension 'ros'
[0.157s] DEBUG:colcon.colcon_core.package_identification:Package 'week1_ws/ros_tutorials/turtlesim' with type 'ros.ament_cmake' and name 'turtlesim'
[0.157s] Level 1:colcon.colcon_core.package_identification:_identify(week1_ws/src) by extensions ['ignore', 'ignore_ament_install']
[0.157s] Level 1:colcon.colcon_core.package_identification:_identify(week1_ws/src) by extension 'ignore'
[0.158s] Level 1:colcon.colcon_core.package_identification:_identify(week1_ws/src) by extension 'ignore_ament_install'
[0.158s] Level 1:colcon.colcon_core.package_identification:_identify(week1_ws/src) by extensions ['colcon_pkg']
[0.158s] Level 1:colcon.colcon_core.package_identification:_identify(week1_ws/src) by extension 'colcon_pkg'
[0.158s] Level 1:colcon.colcon_core.package_identification:_identify(week1_ws/src) by extensions ['colcon_meta']
[0.158s] Level 1:colcon.colcon_core.package_identification:_identify(week1_ws/src) by extension 'colcon_meta'
[0.158s] Level 1:colcon.colcon_core.package_identification:_identify(week1_ws/src) by extensions ['ros']
[0.158s] Level 1:colcon.colcon_core.package_identification:_identify(week1_ws/src) by extension 'ros'
[0.158s] Level 1:colcon.colcon_core.package_identification:_identify(week1_ws/src) by extensions ['cmake', 'python']
[0.158s] Level 1:colcon.colcon_core.package_identification:_identify(week1_ws/src) by extension 'cmake'
[0.158s] Level 1:colcon.colcon_core.package_identification:_identify(week1_ws/src) by extension 'python'
[0.158s] Level 1:colcon.colcon_core.package_identification:_identify(week1_ws/src) by extensions ['python_setup_py']
[0.158s] Level 1:colcon.colcon_core.package_identification:_identify(week1_ws/src) by extension 'python_setup_py'
[0.158s] Level 1:colcon.colcon_core.package_identification:_identify(week2_ws) by extensions ['ignore', 'ignore_ament_install']
[0.158s] Level 1:colcon.colcon_core.package_identification:_identify(week2_ws) by extension 'ignore'
[0.158s] Level 1:colcon.colcon_core.package_identification:_identify(week2_ws) by extension 'ignore_ament_install'
[0.158s] Level 1:colcon.colcon_core.package_identification:_identify(week2_ws) by extensions ['colcon_pkg']
[0.158s] Level 1:colcon.colcon_core.package_identification:_identify(week2_ws) by extension 'colcon_pkg'
[0.158s] Level 1:colcon.colcon_core.package_identification:_identify(week2_ws) by extensions ['colcon_meta']
[0.158s] Level 1:colcon.colcon_core.package_identification:_identify(week2_ws) by extension 'colcon_meta'
[0.159s] Level 1:colcon.colcon_core.package_identification:_identify(week2_ws) by extensions ['ros']
[0.159s] Level 1:colcon.colcon_core.package_identification:_identify(week2_ws) by extension 'ros'
[0.159s] Level 1:colcon.colcon_core.package_identification:_identify(week2_ws) by extensions ['cmake', 'python']
[0.159s] Level 1:colcon.colcon_core.package_identification:_identify(week2_ws) by extension 'cmake'
[0.159s] Level 1:colcon.colcon_core.package_identification:_identify(week2_ws) by extension 'python'
[0.159s] Level 1:colcon.colcon_core.package_identification:_identify(week2_ws) by extensions ['python_setup_py']
[0.159s] Level 1:colcon.colcon_core.package_identification:_identify(week2_ws) by extension 'python_setup_py'
[0.159s] Level 1:colcon.colcon_core.package_identification:_identify(week2_ws/src) by extensions ['ignore', 'ignore_ament_install']
[0.159s] Level 1:colcon.colcon_core.package_identification:_identify(week2_ws/src) by extension 'ignore'
[0.159s] Level 1:colcon.colcon_core.package_identification:_identify(week2_ws/src) by extension 'ignore_ament_install'
[0.159s] Level 1:colcon.colcon_core.package_identification:_identify(week2_ws/src) by extensions ['colcon_pkg']
[0.159s] Level 1:colcon.colcon_core.package_identification:_identify(week2_ws/src) by extension 'colcon_pkg'
[0.159s] Level 1:colcon.colcon_core.package_identification:_identify(week2_ws/src) by extensions ['colcon_meta']
[0.159s] Level 1:colcon.colcon_core.package_identification:_identify(week2_ws/src) by extension 'colcon_meta'
[0.159s] Level 1:colcon.colcon_core.package_identification:_identify(week2_ws/src) by extensions ['ros']
[0.159s] Level 1:colcon.colcon_core.package_identification:_identify(week2_ws/src) by extension 'ros'
[0.159s] Level 1:colcon.colcon_core.package_identification:_identify(week2_ws/src) by extensions ['cmake', 'python']
[0.159s] Level 1:colcon.colcon_core.package_identification:_identify(week2_ws/src) by extension 'cmake'
[0.159s] Level 1:colcon.colcon_core.package_identification:_identify(week2_ws/src) by extension 'python'
[0.159s] Level 1:colcon.colcon_core.package_identification:_identify(week2_ws/src) by extensions ['python_setup_py']
[0.159s] Level 1:colcon.colcon_core.package_identification:_identify(week2_ws/src) by extension 'python_setup_py'
[0.159s] Level 1:colcon.colcon_core.package_identification:_identify(week2_ws/src/my_python_package) by extensions ['ignore', 'ignore_ament_install']
[0.160s] Level 1:colcon.colcon_core.package_identification:_identify(week2_ws/src/my_python_package) by extension 'ignore'
[0.160s] Level 1:colcon.colcon_core.package_identification:_identify(week2_ws/src/my_python_package) by extension 'ignore_ament_install'
[0.160s] Level 1:colcon.colcon_core.package_identification:_identify(week2_ws/src/my_python_package) by extensions ['colcon_pkg']
[0.160s] Level 1:colcon.colcon_core.package_identification:_identify(week2_ws/src/my_python_package) by extension 'colcon_pkg'
[0.160s] Level 1:colcon.colcon_core.package_identification:_identify(week2_ws/src/my_python_package) by extensions ['colcon_meta']
[0.160s] Level 1:colcon.colcon_core.package_identification:_identify(week2_ws/src/my_python_package) by extension 'colcon_meta'
[0.160s] Level 1:colcon.colcon_core.package_identification:_identify(week2_ws/src/my_python_package) by extensions ['ros']
[0.160s] Level 1:colcon.colcon_core.package_identification:_identify(week2_ws/src/my_python_package) by extension 'ros'
[0.160s] DEBUG:colcon.colcon_core.package_identification:Package 'week2_ws/src/my_python_package' with type 'ros.ament_python' and name 'my_python_package'
[0.160s] Level 1:colcon.colcon_core.package_discovery:discover_packages(recursive) using defaults
[0.161s] Level 1:colcon.colcon_core.package_discovery:discover_packages(ignore) discover
[0.161s] Level 1:colcon.colcon_core.package_discovery:discover_packages(ignore) using defaults
[0.161s] Level 1:colcon.colcon_core.package_discovery:discover_packages(path) discover
[0.161s] Level 1:colcon.colcon_core.package_discovery:discover_packages(path) using defaults
[0.178s] Level 5:colcon.colcon_core.verb:set package 'my_python_package' build argument 'cmake_args' from command line to 'None'
[0.178s] Level 5:colcon.colcon_core.verb:set package 'my_python_package' build argument 'cmake_target' from command line to 'None'
[0.178s] Level 5:colcon.colcon_core.verb:set package 'my_python_package' build argument 'cmake_target_skip_unavailable' from command line to 'False'
[0.178s] Level 5:colcon.colcon_core.verb:set package 'my_python_package' build argument 'cmake_clean_cache' from command line to 'False'
[0.178s] Level 5:colcon.colcon_core.verb:set package 'my_python_package' build argument 'cmake_clean_first' from command line to 'False'
[0.178s] Level 5:colcon.colcon_core.verb:set package 'my_python_package' build argument 'cmake_force_configure' from command line to 'False'
[0.178s] Level 5:colcon.colcon_core.verb:set package 'my_python_package' build argument 'ament_cmake_args' from command line to 'None'
[0.178s] Level 5:colcon.colcon_core.verb:set package 'my_python_package' build argument 'catkin_cmake_args' from command line to 'None'
[0.178s] Level 5:colcon.colcon_core.verb:set package 'my_python_package' build argument 'catkin_skip_building_tests' from command line to 'False'
[0.178s] DEBUG:colcon.colcon_core.verb:Building package 'my_python_package' with the following arguments: {'ament_cmake_args': None, 'build_base': '/home/aitor/ros2/build/my_python_package', 'catkin_cmake_args': None, 'catkin_skip_building_tests': False, 'cmake_args': None, 'cmake_clean_cache': False, 'cmake_clean_first': False, 'cmake_force_configure': False, 'cmake_target': None, 'cmake_target_skip_unavailable': False, 'install_base': '/home/aitor/ros2/install/my_python_package', 'merge_install': False, 'path': '/home/aitor/ros2/week2_ws/src/my_python_package', 'symlink_install': False, 'test_result_base': None}
[0.181s] Level 5:colcon.colcon_core.verb:set package 'turtlesim' build argument 'cmake_args' from command line to 'None'
[0.181s] Level 5:colcon.colcon_core.verb:set package 'turtlesim' build argument 'cmake_target' from command line to 'None'
[0.181s] Level 5:colcon.colcon_core.verb:set package 'turtlesim' build argument 'cmake_target_skip_unavailable' from command line to 'False'
[0.181s] Level 5:colcon.colcon_core.verb:set package 'turtlesim' build argument 'cmake_clean_cache' from command line to 'False'
[0.181s] Level 5:colcon.colcon_core.verb:set package 'turtlesim' build argument 'cmake_clean_first' from command line to 'False'
[0.181s] Level 5:colcon.colcon_core.verb:set package 'turtlesim' build argument 'cmake_force_configure' from command line to 'False'
[0.181s] Level 5:colcon.colcon_core.verb:set package 'turtlesim' build argument 'ament_cmake_args' from command line to 'None'
[0.181s] Level 5:colcon.colcon_core.verb:set package 'turtlesim' build argument 'catkin_cmake_args' from command line to 'None'
[0.181s] Level 5:colcon.colcon_core.verb:set package 'turtlesim' build argument 'catkin_skip_building_tests' from command line to 'False'
[0.181s] DEBUG:colcon.colcon_core.verb:Building package 'turtlesim' with the following arguments: {'ament_cmake_args': None, 'build_base': '/home/aitor/ros2/build/turtlesim', 'catkin_cmake_args': None, 'catkin_skip_building_tests': False, 'cmake_args': None, 'cmake_clean_cache': False, 'cmake_clean_first': False, 'cmake_force_configure': False, 'cmake_target': None, 'cmake_target_skip_unavailable': False, 'install_base': '/home/aitor/ros2/install/turtlesim', 'merge_install': False, 'path': '/home/aitor/ros2/week1_ws/ros_tutorials/turtlesim', 'symlink_install': False, 'test_result_base': None}
[0.181s] INFO:colcon.colcon_core.executor:Executing jobs using 'parallel' executor
[0.183s] DEBUG:colcon.colcon_parallel_executor.executor.parallel:run_until_complete
[0.184s] INFO:colcon.colcon_ros.task.ament_python.build:Building ROS package in '/home/aitor/ros2/week2_ws/src/my_python_package' with build type 'ament_python'
[0.184s] Level 1:colcon.colcon_core.shell:create_environment_hook('my_python_package', 'ament_prefix_path')
[0.187s] INFO:colcon.colcon_core.plugin_system:Skipping extension 'colcon_core.shell.bat': Not used on non-Windows systems
[0.187s] INFO:colcon.colcon_core.shell:Creating environment hook '/home/aitor/ros2/install/my_python_package/share/my_python_package/hook/ament_prefix_path.ps1'
[0.188s] INFO:colcon.colcon_core.shell:Creating environment descriptor '/home/aitor/ros2/install/my_python_package/share/my_python_package/hook/ament_prefix_path.dsv'
[0.188s] INFO:colcon.colcon_core.shell:Creating environment hook '/home/aitor/ros2/install/my_python_package/share/my_python_package/hook/ament_prefix_path.sh'
[0.190s] INFO:colcon.colcon_core.shell:Skip shell extension 'powershell' for command environment: Not usable outside of PowerShell
[0.190s] DEBUG:colcon.colcon_core.shell:Skip shell extension 'dsv' for command environment
[0.192s] WARNING:colcon.colcon_core.prefix_path.colcon:The path '/home/aitor/ros2/week2_ws/install' in the environment variable COLCON_PREFIX_PATH doesn't exist
[0.192s] WARNING:colcon.colcon_ros.prefix_path.ament:The path '/home/aitor/ros2/week2_ws/install/my_python_package' in the environment variable AMENT_PREFIX_PATH doesn't exist
[0.193s] DEBUG:colcon.colcon_core.shell:Ignoring prefix path '/opt/ros/eloquent'
[0.196s] INFO:colcon.colcon_ros.task.ament_cmake.build:Building ROS package in '/home/aitor/ros2/week1_ws/ros_tutorials/turtlesim' with build type 'ament_cmake'
[0.197s] INFO:colcon.colcon_cmake.task.cmake.build:Building CMake package in '/home/aitor/ros2/week1_ws/ros_tutorials/turtlesim'
[0.198s] INFO:colcon.colcon_core.shell:Skip shell extension 'powershell' for command environment: Not usable outside of PowerShell
[0.198s] DEBUG:colcon.colcon_core.shell:Skip shell extension 'dsv' for command environment
[0.201s] DEBUG:colcon.colcon_core.shell:Ignoring prefix path '/opt/ros/eloquent'
[0.392s] INFO:colcon.colcon_core.task.python.build:Building Python package in '/home/aitor/ros2/week2_ws/src/my_python_package'
[0.393s] INFO:colcon.colcon_core.shell:Skip shell extension 'powershell' for command environment: Not usable outside of PowerShell
[0.393s] DEBUG:colcon.colcon_core.shell:Skip shell extension 'dsv' for command environment
[0.395s] DEBUG:colcon.colcon_core.shell:Ignoring prefix path '/opt/ros/eloquent'
[0.400s] DEBUG:colcon.colcon_core.event_handler.log_command:Invoking command in '/home/aitor/ros2/build/turtlesim': CMAKE_PREFIX_PATH=${CMAKE_PREFIX_PATH}:/home/aitor/ros2/week2_ws/install/my_python_package:/home/aitor/ros2/install/my_python_package:/opt/ros/eloquent /usr/bin/cmake /home/aitor/ros2/week1_ws/ros_tutorials/turtlesim -DCMAKE_INSTALL_PREFIX=/home/aitor/ros2/install/turtlesim
[0.407s] DEBUG:colcon.colcon_core.event_handler.log_command:Invoking command in '/home/aitor/ros2/build/my_python_package': PYTHONPATH=/home/aitor/ros2/install/my_python_package/lib/python3.6/site-packages:${PYTHONPATH} /usr/bin/python3 setup.py develop --prefix /home/aitor/ros2/install/my_python_package --uninstall --editable --build-directory /home/aitor/ros2/build/my_python_package/build
[0.714s] DEBUG:colcon.colcon_core.event_handler.log_command:Invoked command in '/home/aitor/ros2/build/my_python_package' returned '0': PYTHONPATH=/home/aitor/ros2/install/my_python_package/lib/python3.6/site-packages:${PYTHONPATH} /usr/bin/python3 setup.py develop --prefix /home/aitor/ros2/install/my_python_package --uninstall --editable --build-directory /home/aitor/ros2/build/my_python_package/build
[0.716s] DEBUG:colcon.colcon_core.event_handler.log_command:Invoking command in '/home/aitor/ros2/week2_ws/src/my_python_package': PYTHONPATH=/home/aitor/ros2/install/my_python_package/lib/python3.6/site-packages:${PYTHONPATH} /usr/bin/python3 setup.py egg_info --egg-base ../../../build/my_python_package build --build-base /home/aitor/ros2/build/my_python_package/build install --prefix /home/aitor/ros2/install/my_python_package --record /home/aitor/ros2/build/my_python_package/install.log --single-version-externally-managed
[0.950s] DEBUG:colcon.colcon_core.event_handler.log_command:Invoked command in '/home/aitor/ros2/week2_ws/src/my_python_package' returned '0': PYTHONPATH=/home/aitor/ros2/install/my_python_package/lib/python3.6/site-packages:${PYTHONPATH} /usr/bin/python3 setup.py egg_info --egg-base ../../../build/my_python_package build --build-base /home/aitor/ros2/build/my_python_package/build install --prefix /home/aitor/ros2/install/my_python_package --record /home/aitor/ros2/build/my_python_package/install.log --single-version-externally-managed
[0.952s] Level 1:colcon.colcon_core.environment:checking '/home/aitor/ros2/install/my_python_package' for CMake module files
[0.953s] Level 1:colcon.colcon_core.environment:checking '/home/aitor/ros2/install/my_python_package' for CMake config files
[0.954s] Level 1:colcon.colcon_core.environment:checking '/home/aitor/ros2/install/my_python_package/lib'
[0.954s] Level 1:colcon.colcon_core.environment:checking '/home/aitor/ros2/install/my_python_package/bin'
[0.955s] Level 1:colcon.colcon_core.environment:checking '/home/aitor/ros2/install/my_python_package/lib/pkgconfig/my_python_package.pc'
[0.955s] Level 1:colcon.colcon_core.environment:checking '/home/aitor/ros2/install/my_python_package/lib/python3.6/site-packages'
[0.955s] Level 1:colcon.colcon_core.shell:create_environment_hook('my_python_package', 'pythonpath')
[0.956s] INFO:colcon.colcon_core.shell:Creating environment hook '/home/aitor/ros2/install/my_python_package/share/my_python_package/hook/pythonpath.ps1'
[0.956s] INFO:colcon.colcon_core.shell:Creating environment descriptor '/home/aitor/ros2/install/my_python_package/share/my_python_package/hook/pythonpath.dsv'
[0.957s] INFO:colcon.colcon_core.shell:Creating environment hook '/home/aitor/ros2/install/my_python_package/share/my_python_package/hook/pythonpath.sh'
[0.957s] Level 1:colcon.colcon_core.environment:create_environment_scripts_only(my_python_package)
[0.958s] INFO:colcon.colcon_core.shell:Creating package script '/home/aitor/ros2/install/my_python_package/share/my_python_package/package.ps1'
[0.959s] INFO:colcon.colcon_core.shell:Creating package descriptor '/home/aitor/ros2/install/my_python_package/share/my_python_package/package.dsv'
[0.960s] INFO:colcon.colcon_core.shell:Creating package script '/home/aitor/ros2/install/my_python_package/share/my_python_package/package.sh'
[0.961s] INFO:colcon.colcon_core.shell:Creating package script '/home/aitor/ros2/install/my_python_package/share/my_python_package/package.bash'
[0.962s] INFO:colcon.colcon_core.shell:Creating package script '/home/aitor/ros2/install/my_python_package/share/my_python_package/package.zsh'
[0.963s] Level 1:colcon.colcon_core.environment:create_file_with_runtime_dependencies(/home/aitor/ros2/install/my_python_package/share/colcon-core/packages/my_python_package)
[1.690s] DEBUG:colcon.colcon_core.event_handler.log_command:Invoked command in '/home/aitor/ros2/build/turtlesim' returned '0': CMAKE_PREFIX_PATH=${CMAKE_PREFIX_PATH}:/home/aitor/ros2/week2_ws/install/my_python_package:/home/aitor/ros2/install/my_python_package:/opt/ros/eloquent /usr/bin/cmake /home/aitor/ros2/week1_ws/ros_tutorials/turtlesim -DCMAKE_INSTALL_PREFIX=/home/aitor/ros2/install/turtlesim
[1.693s] DEBUG:colcon.colcon_core.event_handler.log_command:Invoking command in '/home/aitor/ros2/build/turtlesim': CMAKE_PREFIX_PATH=${CMAKE_PREFIX_PATH}:/home/aitor/ros2/week2_ws/install/my_python_package:/home/aitor/ros2/install/my_python_package:/opt/ros/eloquent /usr/bin/cmake --build /home/aitor/ros2/build/turtlesim -- -j8 -l8
[1.951s] DEBUG:colcon.colcon_core.event_handler.log_command:Invoked command in '/home/aitor/ros2/build/turtlesim' returned '0': CMAKE_PREFIX_PATH=${CMAKE_PREFIX_PATH}:/home/aitor/ros2/week2_ws/install/my_python_package:/home/aitor/ros2/install/my_python_package:/opt/ros/eloquent /usr/bin/cmake --build /home/aitor/ros2/build/turtlesim -- -j8 -l8
[2.082s] DEBUG:colcon.colcon_core.event_handler.log_command:Invoking command in '/home/aitor/ros2/build/turtlesim': CMAKE_PREFIX_PATH=${CMAKE_PREFIX_PATH}:/home/aitor/ros2/week2_ws/install/my_python_package:/home/aitor/ros2/install/my_python_package:/opt/ros/eloquent /usr/bin/cmake --build /home/aitor/ros2/build/turtlesim --target install -- -j8 -l8
[2.422s] Level 1:colcon.colcon_core.environment:create_environment_scripts_only(turtlesim)
[2.423s] Level 1:colcon.colcon_core.environment:checking '/home/aitor/ros2/install/turtlesim' for CMake module files
[2.424s] DEBUG:colcon.colcon_core.event_handler.log_command:Invoked command in '/home/aitor/ros2/build/turtlesim' returned '0': CMAKE_PREFIX_PATH=${CMAKE_PREFIX_PATH}:/home/aitor/ros2/week2_ws/install/my_python_package:/home/aitor/ros2/install/my_python_package:/opt/ros/eloquent /usr/bin/cmake --build /home/aitor/ros2/build/turtlesim --target install -- -j8 -l8
[2.424s] Level 1:colcon.colcon_core.environment:checking '/home/aitor/ros2/install/turtlesim' for CMake config files
[2.425s] Level 1:colcon.colcon_core.shell:create_environment_hook('turtlesim', 'cmake_prefix_path')
[2.426s] INFO:colcon.colcon_core.shell:Creating environment hook '/home/aitor/ros2/install/turtlesim/share/turtlesim/hook/cmake_prefix_path.ps1'
[2.426s] INFO:colcon.colcon_core.shell:Creating environment descriptor '/home/aitor/ros2/install/turtlesim/share/turtlesim/hook/cmake_prefix_path.dsv'
[2.426s] INFO:colcon.colcon_core.shell:Creating environment hook '/home/aitor/ros2/install/turtlesim/share/turtlesim/hook/cmake_prefix_path.sh'
[2.427s] Level 1:colcon.colcon_core.environment:checking '/home/aitor/ros2/install/turtlesim/lib'
[2.427s] Level 1:colcon.colcon_core.shell:create_environment_hook('turtlesim', 'ld_library_path_lib')
[2.428s] INFO:colcon.colcon_core.shell:Creating environment hook '/home/aitor/ros2/install/turtlesim/share/turtlesim/hook/ld_library_path_lib.ps1'
[2.428s] INFO:colcon.colcon_core.shell:Creating environment descriptor '/home/aitor/ros2/install/turtlesim/share/turtlesim/hook/ld_library_path_lib.dsv'
[2.428s] INFO:colcon.colcon_core.shell:Creating environment hook '/home/aitor/ros2/install/turtlesim/share/turtlesim/hook/ld_library_path_lib.sh'
[2.429s] Level 1:colcon.colcon_core.environment:checking '/home/aitor/ros2/install/turtlesim/bin'
[2.429s] Level 1:colcon.colcon_core.environment:checking '/home/aitor/ros2/install/turtlesim/lib/pkgconfig/turtlesim.pc'
[2.429s] Level 1:colcon.colcon_core.environment:checking '/home/aitor/ros2/install/turtlesim/lib/python3.6/site-packages'
[2.429s] Level 1:colcon.colcon_core.shell:create_environment_hook('turtlesim', 'pythonpath')
[2.430s] INFO:colcon.colcon_core.shell:Creating environment hook '/home/aitor/ros2/install/turtlesim/share/turtlesim/hook/pythonpath.ps1'
[2.430s] INFO:colcon.colcon_core.shell:Creating environment descriptor '/home/aitor/ros2/install/turtlesim/share/turtlesim/hook/pythonpath.dsv'
[2.430s] INFO:colcon.colcon_core.shell:Creating environment hook '/home/aitor/ros2/install/turtlesim/share/turtlesim/hook/pythonpath.sh'
[2.431s] INFO:colcon.colcon_core.shell:Creating package script '/home/aitor/ros2/install/turtlesim/share/turtlesim/package.ps1'
[2.431s] INFO:colcon.colcon_core.shell:Creating package descriptor '/home/aitor/ros2/install/turtlesim/share/turtlesim/package.dsv'
[2.432s] INFO:colcon.colcon_core.shell:Creating package script '/home/aitor/ros2/install/turtlesim/share/turtlesim/package.sh'
[2.432s] INFO:colcon.colcon_core.shell:Creating package script '/home/aitor/ros2/install/turtlesim/share/turtlesim/package.bash'
[2.432s] INFO:colcon.colcon_core.shell:Creating package script '/home/aitor/ros2/install/turtlesim/share/turtlesim/package.zsh'
[2.433s] Level 1:colcon.colcon_core.environment:create_file_with_runtime_dependencies(/home/aitor/ros2/install/turtlesim/share/colcon-core/packages/turtlesim)
[2.558s] Level 1:colcon.colcon_core.environment:create_environment_scripts_only(turtlesim)
[2.559s] Level 1:colcon.colcon_core.environment:checking '/home/aitor/ros2/install/turtlesim' for CMake module files
[2.559s] Level 1:colcon.colcon_core.environment:checking '/home/aitor/ros2/install/turtlesim' for CMake config files
[2.560s] Level 1:colcon.colcon_core.shell:create_environment_hook('turtlesim', 'cmake_prefix_path')
[2.560s] INFO:colcon.colcon_core.shell:Creating environment hook '/home/aitor/ros2/install/turtlesim/share/turtlesim/hook/cmake_prefix_path.ps1'
[2.561s] INFO:colcon.colcon_core.shell:Creating environment descriptor '/home/aitor/ros2/install/turtlesim/share/turtlesim/hook/cmake_prefix_path.dsv'
[2.561s] INFO:colcon.colcon_core.shell:Creating environment hook '/home/aitor/ros2/install/turtlesim/share/turtlesim/hook/cmake_prefix_path.sh'
[2.562s] Level 1:colcon.colcon_core.environment:checking '/home/aitor/ros2/install/turtlesim/lib'
[2.562s] Level 1:colcon.colcon_core.shell:create_environment_hook('turtlesim', 'ld_library_path_lib')
[2.562s] INFO:colcon.colcon_core.shell:Creating environment hook '/home/aitor/ros2/install/turtlesim/share/turtlesim/hook/ld_library_path_lib.ps1'
[2.563s] INFO:colcon.colcon_core.shell:Creating environment descriptor '/home/aitor/ros2/install/turtlesim/share/turtlesim/hook/ld_library_path_lib.dsv'
[2.563s] INFO:colcon.colcon_core.shell:Creating environment hook '/home/aitor/ros2/install/turtlesim/share/turtlesim/hook/ld_library_path_lib.sh'
[2.563s] Level 1:colcon.colcon_core.environment:checking '/home/aitor/ros2/install/turtlesim/bin'
[2.563s] Level 1:colcon.colcon_core.environment:checking '/home/aitor/ros2/install/turtlesim/lib/pkgconfig/turtlesim.pc'
[2.563s] Level 1:colcon.colcon_core.environment:checking '/home/aitor/ros2/install/turtlesim/lib/python3.6/site-packages'
[2.563s] Level 1:colcon.colcon_core.shell:create_environment_hook('turtlesim', 'pythonpath')
[2.564s] INFO:colcon.colcon_core.shell:Creating environment hook '/home/aitor/ros2/install/turtlesim/share/turtlesim/hook/pythonpath.ps1'
[2.565s] INFO:colcon.colcon_core.shell:Creating environment descriptor '/home/aitor/ros2/install/turtlesim/share/turtlesim/hook/pythonpath.dsv'
[2.565s] INFO:colcon.colcon_core.shell:Creating environment hook '/home/aitor/ros2/install/turtlesim/share/turtlesim/hook/pythonpath.sh'
[2.566s] INFO:colcon.colcon_core.shell:Creating package script '/home/aitor/ros2/install/turtlesim/share/turtlesim/package.ps1'
[2.567s] INFO:colcon.colcon_core.shell:Creating package descriptor '/home/aitor/ros2/install/turtlesim/share/turtlesim/package.dsv'
[2.567s] INFO:colcon.colcon_core.shell:Creating package script '/home/aitor/ros2/install/turtlesim/share/turtlesim/package.sh'
[2.568s] INFO:colcon.colcon_core.shell:Creating package script '/home/aitor/ros2/install/turtlesim/share/turtlesim/package.bash'
[2.568s] INFO:colcon.colcon_core.shell:Creating package script '/home/aitor/ros2/install/turtlesim/share/turtlesim/package.zsh'
[2.569s] Level 1:colcon.colcon_core.environment:create_file_with_runtime_dependencies(/home/aitor/ros2/install/turtlesim/share/colcon-core/packages/turtlesim)
[2.569s] DEBUG:colcon.colcon_parallel_executor.executor.parallel:closing loop
[2.570s] DEBUG:colcon.colcon_parallel_executor.executor.parallel:loop closed
[2.570s] DEBUG:colcon.colcon_parallel_executor.executor.parallel:run_until_complete finished with '0'
[2.570s] DEBUG:colcon.colcon_core.event_reactor:joining thread
[2.577s] INFO:colcon.colcon_core.plugin_system:Skipping extension 'colcon_notification.desktop_notification.terminal_notifier': Not used on non-Darwin systems
[2.577s] INFO:colcon.colcon_core.plugin_system:Skipping extension 'colcon_notification.desktop_notification.win32': Not used on non-Windows systems
[2.577s] INFO:colcon.colcon_notification.desktop_notification:Sending desktop notification using 'notify2'
[2.579s] DEBUG:colcon.colcon_core.event_reactor:joined thread
[2.580s] INFO:colcon.colcon_core.shell:Creating prefix script '/home/aitor/ros2/install/local_setup.ps1'
[2.581s] INFO:colcon.colcon_core.shell:Creating prefix util module '/home/aitor/ros2/install/_local_setup_util_ps1.py'
[2.584s] INFO:colcon.colcon_core.shell:Creating prefix chain script '/home/aitor/ros2/install/setup.ps1'
[2.586s] INFO:colcon.colcon_core.shell:Creating prefix script '/home/aitor/ros2/install/local_setup.sh'
[2.587s] INFO:colcon.colcon_core.shell:Creating prefix util module '/home/aitor/ros2/install/_local_setup_util_sh.py'
[2.587s] INFO:colcon.colcon_core.shell:Creating prefix chain script '/home/aitor/ros2/install/setup.sh'
[2.589s] INFO:colcon.colcon_core.shell:Creating prefix script '/home/aitor/ros2/install/local_setup.bash'
[2.590s] INFO:colcon.colcon_core.shell:Creating prefix chain script '/home/aitor/ros2/install/setup.bash'
[2.594s] INFO:colcon.colcon_core.shell:Creating prefix script '/home/aitor/ros2/install/local_setup.zsh'
[2.595s] INFO:colcon.colcon_core.shell:Creating prefix chain script '/home/aitor/ros2/install/setup.zsh'
