running egg_info
creating ../../build/my_python_package/my_python_package.egg-info
writing ../../build/my_python_package/my_python_package.egg-info/PKG-INFO
writing dependency_links to ../../build/my_python_package/my_python_package.egg-info/dependency_links.txt
writing entry points to ../../build/my_python_package/my_python_package.egg-info/entry_points.txt
writing requirements to ../../build/my_python_package/my_python_package.egg-info/requires.txt
writing top-level names to ../../build/my_python_package/my_python_package.egg-info/top_level.txt
writing manifest file '../../build/my_python_package/my_python_package.egg-info/SOURCES.txt'
reading manifest file '../../build/my_python_package/my_python_package.egg-info/SOURCES.txt'
writing manifest file '../../build/my_python_package/my_python_package.egg-info/SOURCES.txt'
running build
running build_py
creating /home/aitor/ros2/week2_ws/build/my_python_package/build
creating /home/aitor/ros2/week2_ws/build/my_python_package/build/lib
creating /home/aitor/ros2/week2_ws/build/my_python_package/build/lib/my_python_package
copying my_python_package/subscriber_and_publisher.py -> /home/aitor/ros2/week2_ws/build/my_python_package/build/lib/my_python_package
copying my_python_package/subscriber_member_function.py -> /home/aitor/ros2/week2_ws/build/my_python_package/build/lib/my_python_package
copying my_python_package/__init__.py -> /home/aitor/ros2/week2_ws/build/my_python_package/build/lib/my_python_package
running install
running install_lib
creating /home/aitor/ros2/week2_ws/install/my_python_package/lib/python3.6/site-packages/my_python_package
copying /home/aitor/ros2/week2_ws/build/my_python_package/build/lib/my_python_package/subscriber_and_publisher.py -> /home/aitor/ros2/week2_ws/install/my_python_package/lib/python3.6/site-packages/my_python_package
copying /home/aitor/ros2/week2_ws/build/my_python_package/build/lib/my_python_package/subscriber_member_function.py -> /home/aitor/ros2/week2_ws/install/my_python_package/lib/python3.6/site-packages/my_python_package
copying /home/aitor/ros2/week2_ws/build/my_python_package/build/lib/my_python_package/__init__.py -> /home/aitor/ros2/week2_ws/install/my_python_package/lib/python3.6/site-packages/my_python_package
byte-compiling /home/aitor/ros2/week2_ws/install/my_python_package/lib/python3.6/site-packages/my_python_package/subscriber_and_publisher.py to subscriber_and_publisher.cpython-36.pyc
byte-compiling /home/aitor/ros2/week2_ws/install/my_python_package/lib/python3.6/site-packages/my_python_package/subscriber_member_function.py to subscriber_member_function.cpython-36.pyc
byte-compiling /home/aitor/ros2/week2_ws/install/my_python_package/lib/python3.6/site-packages/my_python_package/__init__.py to __init__.cpython-36.pyc
running install_data
creating /home/aitor/ros2/week2_ws/install/my_python_package/share/ament_index
creating /home/aitor/ros2/week2_ws/install/my_python_package/share/ament_index/resource_index
creating /home/aitor/ros2/week2_ws/install/my_python_package/share/ament_index/resource_index/packages
copying resource/my_python_package -> /home/aitor/ros2/week2_ws/install/my_python_package/share/ament_index/resource_index/packages
copying package.xml -> /home/aitor/ros2/week2_ws/install/my_python_package/share/my_python_package
running install_egg_info
Copying ../../build/my_python_package/my_python_package.egg-info to /home/aitor/ros2/week2_ws/install/my_python_package/lib/python3.6/site-packages/my_python_package-0.0.0-py3.6.egg-info
running install_scripts
writing list of installed files to '/home/aitor/ros2/week2_ws/build/my_python_package/install.log'
