[0.189s] DEBUG:colcon:Command line arguments: ['/usr/bin/colcon', 'build', '--symlink-install']
[0.189s] DEBUG:colcon:Parsed command line arguments: Namespace(ament_cmake_args=None, base_paths=['.'], build_base='build', catkin_cmake_args=None, catkin_skip_building_tests=False, cmake_args=None, cmake_clean_cache=False, cmake_clean_first=False, cmake_force_configure=False, cmake_target=None, cmake_target_skip_unavailable=False, continue_on_error=False, event_handlers=None, executor='parallel', ignore_user_meta=False, install_base='install', log_base=None, log_level=None, main=<bound method BuildVerb.main of <colcon_core.verb.build.BuildVerb object at 0x7f5b1128eef0>>, merge_install=False, metas=['./colcon.meta'], packages_above=None, packages_above_and_dependencies=None, packages_above_depth=None, packages_end=None, packages_ignore=None, packages_ignore_regex=None, packages_select=None, packages_select_build_failed=False, packages_select_by_dep=None, packages_select_regex=None, packages_select_test_failures=False, packages_skip=None, packages_skip_build_finished=False, packages_skip_by_dep=None, packages_skip_regex=None, packages_skip_test_passed=False, packages_skip_up_to=None, packages_start=None, packages_up_to=None, packages_up_to_regex=None, parallel_workers=8, paths=None, symlink_install=True, test_result_base=None, verb_extension=<colcon_core.verb.build.BuildVerb object at 0x7f5b1128eef0>, verb_name='build', verb_parser=<colcon_defaults.argument_parser.defaults.DefaultArgumentsDecorator object at 0x7f5b11217198>)
[0.195s] Level 1:colcon.colcon_core.package_discovery:discover_packages(colcon_meta) check parameters
[0.195s] Level 1:colcon.colcon_core.package_discovery:discover_packages(recursive) check parameters
[0.195s] Level 1:colcon.colcon_core.package_discovery:discover_packages(ignore) check parameters
[0.195s] Level 1:colcon.colcon_core.package_discovery:discover_packages(path) check parameters
[0.195s] Level 1:colcon.colcon_core.package_discovery:discover_packages(colcon_meta) discover
[0.195s] Level 1:colcon.colcon_core.package_discovery:discover_packages(recursive) discover
[0.195s] INFO:colcon.colcon_core.package_discovery:Crawling recursively for packages in '/home/aitor/ros2/week1'
[0.196s] Level 1:colcon.colcon_core.package_identification:_identify(.) by extensions ['ignore', 'ignore_ament_install']
[0.196s] Level 1:colcon.colcon_core.package_identification:_identify(.) by extension 'ignore'
[0.196s] Level 1:colcon.colcon_core.package_identification:_identify(.) by extension 'ignore_ament_install'
[0.196s] Level 1:colcon.colcon_core.package_identification:_identify(.) by extensions ['colcon_pkg']
[0.196s] Level 1:colcon.colcon_core.package_identification:_identify(.) by extension 'colcon_pkg'
[0.196s] Level 1:colcon.colcon_core.package_identification:_identify(.) by extensions ['colcon_meta']
[0.196s] Level 1:colcon.colcon_core.package_identification:_identify(.) by extension 'colcon_meta'
[0.196s] Level 1:colcon.colcon_core.package_identification:_identify(.) by extensions ['ros']
[0.196s] Level 1:colcon.colcon_core.package_identification:_identify(.) by extension 'ros'
[0.208s] Level 1:colcon.colcon_core.package_identification:_identify(.) by extensions ['cmake', 'python']
[0.208s] Level 1:colcon.colcon_core.package_identification:_identify(.) by extension 'cmake'
[0.208s] Level 1:colcon.colcon_core.package_identification:_identify(.) by extension 'python'
[0.208s] Level 1:colcon.colcon_core.package_identification:_identify(.) by extensions ['python_setup_py']
[0.209s] Level 1:colcon.colcon_core.package_identification:_identify(.) by extension 'python_setup_py'
[0.209s] Level 1:colcon.colcon_core.package_identification:_identify(build) by extensions ['ignore', 'ignore_ament_install']
[0.209s] Level 1:colcon.colcon_core.package_identification:_identify(build) by extension 'ignore'
[0.209s] Level 1:colcon.colcon_core.package_identification:_identify(build) ignored
[0.209s] Level 1:colcon.colcon_core.package_identification:_identify(install) by extensions ['ignore', 'ignore_ament_install']
[0.209s] Level 1:colcon.colcon_core.package_identification:_identify(install) by extension 'ignore'
[0.209s] Level 1:colcon.colcon_core.package_identification:_identify(install) ignored
[0.210s] Level 1:colcon.colcon_core.package_identification:_identify(log) by extensions ['ignore', 'ignore_ament_install']
[0.210s] Level 1:colcon.colcon_core.package_identification:_identify(log) by extension 'ignore'
[0.210s] Level 1:colcon.colcon_core.package_identification:_identify(log) ignored
[0.210s] Level 1:colcon.colcon_core.package_identification:_identify(ros_tutorials) by extensions ['ignore', 'ignore_ament_install']
[0.210s] Level 1:colcon.colcon_core.package_identification:_identify(ros_tutorials) by extension 'ignore'
[0.210s] Level 1:colcon.colcon_core.package_identification:_identify(ros_tutorials) by extension 'ignore_ament_install'
[0.210s] Level 1:colcon.colcon_core.package_identification:_identify(ros_tutorials) by extensions ['colcon_pkg']
[0.210s] Level 1:colcon.colcon_core.package_identification:_identify(ros_tutorials) by extension 'colcon_pkg'
[0.210s] Level 1:colcon.colcon_core.package_identification:_identify(ros_tutorials) by extensions ['colcon_meta']
[0.210s] Level 1:colcon.colcon_core.package_identification:_identify(ros_tutorials) by extension 'colcon_meta'
[0.210s] Level 1:colcon.colcon_core.package_identification:_identify(ros_tutorials) by extensions ['ros']
[0.210s] Level 1:colcon.colcon_core.package_identification:_identify(ros_tutorials) by extension 'ros'
[0.210s] Level 1:colcon.colcon_core.package_identification:_identify(ros_tutorials) by extensions ['cmake', 'python']
[0.210s] Level 1:colcon.colcon_core.package_identification:_identify(ros_tutorials) by extension 'cmake'
[0.211s] Level 1:colcon.colcon_core.package_identification:_identify(ros_tutorials) by extension 'python'
[0.211s] Level 1:colcon.colcon_core.package_identification:_identify(ros_tutorials) by extensions ['python_setup_py']
[0.211s] Level 1:colcon.colcon_core.package_identification:_identify(ros_tutorials) by extension 'python_setup_py'
[0.211s] Level 1:colcon.colcon_core.package_identification:_identify(ros_tutorials/ros_tutorials) by extensions ['ignore', 'ignore_ament_install']
[0.211s] Level 1:colcon.colcon_core.package_identification:_identify(ros_tutorials/ros_tutorials) by extension 'ignore'
[0.211s] Level 1:colcon.colcon_core.package_identification:_identify(ros_tutorials/ros_tutorials) ignored
[0.211s] Level 1:colcon.colcon_core.package_identification:_identify(ros_tutorials/roscpp_tutorials) by extensions ['ignore', 'ignore_ament_install']
[0.211s] Level 1:colcon.colcon_core.package_identification:_identify(ros_tutorials/roscpp_tutorials) by extension 'ignore'
[0.211s] Level 1:colcon.colcon_core.package_identification:_identify(ros_tutorials/roscpp_tutorials) ignored
[0.211s] Level 1:colcon.colcon_core.package_identification:_identify(ros_tutorials/rospy_tutorials) by extensions ['ignore', 'ignore_ament_install']
[0.211s] Level 1:colcon.colcon_core.package_identification:_identify(ros_tutorials/rospy_tutorials) by extension 'ignore'
[0.211s] Level 1:colcon.colcon_core.package_identification:_identify(ros_tutorials/rospy_tutorials) ignored
[0.212s] Level 1:colcon.colcon_core.package_identification:_identify(ros_tutorials/turtlesim) by extensions ['ignore', 'ignore_ament_install']
[0.212s] Level 1:colcon.colcon_core.package_identification:_identify(ros_tutorials/turtlesim) by extension 'ignore'
[0.212s] Level 1:colcon.colcon_core.package_identification:_identify(ros_tutorials/turtlesim) by extension 'ignore_ament_install'
[0.212s] Level 1:colcon.colcon_core.package_identification:_identify(ros_tutorials/turtlesim) by extensions ['colcon_pkg']
[0.212s] Level 1:colcon.colcon_core.package_identification:_identify(ros_tutorials/turtlesim) by extension 'colcon_pkg'
[0.212s] Level 1:colcon.colcon_core.package_identification:_identify(ros_tutorials/turtlesim) by extensions ['colcon_meta']
[0.212s] Level 1:colcon.colcon_core.package_identification:_identify(ros_tutorials/turtlesim) by extension 'colcon_meta'
[0.212s] Level 1:colcon.colcon_core.package_identification:_identify(ros_tutorials/turtlesim) by extensions ['ros']
[0.212s] Level 1:colcon.colcon_core.package_identification:_identify(ros_tutorials/turtlesim) by extension 'ros'
[0.215s] DEBUG:colcon.colcon_core.package_identification:Package 'ros_tutorials/turtlesim' with type 'ros.ament_cmake' and name 'turtlesim'
[0.215s] Level 1:colcon.colcon_core.package_discovery:discover_packages(recursive) using defaults
[0.216s] Level 1:colcon.colcon_core.package_discovery:discover_packages(ignore) discover
[0.216s] Level 1:colcon.colcon_core.package_discovery:discover_packages(ignore) using defaults
[0.216s] Level 1:colcon.colcon_core.package_discovery:discover_packages(path) discover
[0.216s] Level 1:colcon.colcon_core.package_discovery:discover_packages(path) using defaults
[0.240s] Level 5:colcon.colcon_core.verb:set package 'turtlesim' build argument 'cmake_args' from command line to 'None'
[0.240s] Level 5:colcon.colcon_core.verb:set package 'turtlesim' build argument 'cmake_target' from command line to 'None'
[0.240s] Level 5:colcon.colcon_core.verb:set package 'turtlesim' build argument 'cmake_target_skip_unavailable' from command line to 'False'
[0.240s] Level 5:colcon.colcon_core.verb:set package 'turtlesim' build argument 'cmake_clean_cache' from command line to 'False'
[0.240s] Level 5:colcon.colcon_core.verb:set package 'turtlesim' build argument 'cmake_clean_first' from command line to 'False'
[0.240s] Level 5:colcon.colcon_core.verb:set package 'turtlesim' build argument 'cmake_force_configure' from command line to 'False'
[0.240s] Level 5:colcon.colcon_core.verb:set package 'turtlesim' build argument 'ament_cmake_args' from command line to 'None'
[0.240s] Level 5:colcon.colcon_core.verb:set package 'turtlesim' build argument 'catkin_cmake_args' from command line to 'None'
[0.240s] Level 5:colcon.colcon_core.verb:set package 'turtlesim' build argument 'catkin_skip_building_tests' from command line to 'False'
[0.240s] DEBUG:colcon.colcon_core.verb:Building package 'turtlesim' with the following arguments: {'ament_cmake_args': None, 'build_base': '/home/aitor/ros2/week1/build/turtlesim', 'catkin_cmake_args': None, 'catkin_skip_building_tests': False, 'cmake_args': None, 'cmake_clean_cache': False, 'cmake_clean_first': False, 'cmake_force_configure': False, 'cmake_target': None, 'cmake_target_skip_unavailable': False, 'install_base': '/home/aitor/ros2/week1/install/turtlesim', 'merge_install': False, 'path': '/home/aitor/ros2/week1/ros_tutorials/turtlesim', 'symlink_install': True, 'test_result_base': None}
[0.240s] INFO:colcon.colcon_core.executor:Executing jobs using 'parallel' executor
[0.243s] DEBUG:colcon.colcon_parallel_executor.executor.parallel:run_until_complete
[0.243s] INFO:colcon.colcon_ros.task.ament_cmake.build:Building ROS package in '/home/aitor/ros2/week1/ros_tutorials/turtlesim' with build type 'ament_cmake'
[0.243s] INFO:colcon.colcon_cmake.task.cmake.build:Building CMake package in '/home/aitor/ros2/week1/ros_tutorials/turtlesim'
[0.247s] INFO:colcon.colcon_core.plugin_system:Skipping extension 'colcon_core.shell.bat': Not used on non-Windows systems
[0.248s] INFO:colcon.colcon_core.shell:Skip shell extension 'powershell' for command environment: Not usable outside of PowerShell
[0.248s] DEBUG:colcon.colcon_core.shell:Skip shell extension 'dsv' for command environment
[0.250s] DEBUG:colcon.colcon_core.shell:Ignoring prefix path '/opt/ros/eloquent'
[0.257s] DEBUG:colcon.colcon_core.event_handler.log_command:Invoking command in '/home/aitor/ros2/week1/build/turtlesim': CMAKE_PREFIX_PATH=/opt/ros/eloquent /usr/bin/cmake /home/aitor/ros2/week1/ros_tutorials/turtlesim -DAMENT_CMAKE_SYMLINK_INSTALL=1 -DCMAKE_INSTALL_PREFIX=/home/aitor/ros2/week1/install/turtlesim
[3.634s] DEBUG:colcon.colcon_core.event_handler.log_command:Invoked command in '/home/aitor/ros2/week1/build/turtlesim' returned '0': CMAKE_PREFIX_PATH=/opt/ros/eloquent /usr/bin/cmake /home/aitor/ros2/week1/ros_tutorials/turtlesim -DAMENT_CMAKE_SYMLINK_INSTALL=1 -DCMAKE_INSTALL_PREFIX=/home/aitor/ros2/week1/install/turtlesim
[3.636s] DEBUG:colcon.colcon_core.event_handler.log_command:Invoking command in '/home/aitor/ros2/week1/build/turtlesim': CMAKE_PREFIX_PATH=/opt/ros/eloquent /usr/bin/cmake --build /home/aitor/ros2/week1/build/turtlesim -- -j8 -l8
[28.252s] DEBUG:colcon.colcon_core.event_handler.log_command:Invoked command in '/home/aitor/ros2/week1/build/turtlesim' returned '0': CMAKE_PREFIX_PATH=/opt/ros/eloquent /usr/bin/cmake --build /home/aitor/ros2/week1/build/turtlesim -- -j8 -l8
[28.452s] DEBUG:colcon.colcon_core.event_handler.log_command:Invoking command in '/home/aitor/ros2/week1/build/turtlesim': CMAKE_PREFIX_PATH=/opt/ros/eloquent /usr/bin/cmake --build /home/aitor/ros2/week1/build/turtlesim --target install -- -j8 -l8
[30.682s] Level 1:colcon.colcon_core.environment:create_environment_scripts_only(turtlesim)
[30.684s] DEBUG:colcon.colcon_core.event_handler.log_command:Invoked command in '/home/aitor/ros2/week1/build/turtlesim' returned '0': CMAKE_PREFIX_PATH=/opt/ros/eloquent /usr/bin/cmake --build /home/aitor/ros2/week1/build/turtlesim --target install -- -j8 -l8
[30.687s] Level 1:colcon.colcon_core.environment:checking '/home/aitor/ros2/week1/install/turtlesim' for CMake module files
[30.688s] Level 1:colcon.colcon_core.environment:checking '/home/aitor/ros2/week1/install/turtlesim' for CMake config files
[30.689s] Level 1:colcon.colcon_core.shell:create_environment_hook('turtlesim', 'cmake_prefix_path')
[30.690s] INFO:colcon.colcon_core.shell:Creating environment hook '/home/aitor/ros2/week1/install/turtlesim/share/turtlesim/hook/cmake_prefix_path.ps1'
[30.691s] INFO:colcon.colcon_core.shell:Creating environment descriptor '/home/aitor/ros2/week1/install/turtlesim/share/turtlesim/hook/cmake_prefix_path.dsv'
[30.691s] INFO:colcon.colcon_core.shell:Creating environment hook '/home/aitor/ros2/week1/install/turtlesim/share/turtlesim/hook/cmake_prefix_path.sh'
[30.692s] Level 1:colcon.colcon_core.environment:checking '/home/aitor/ros2/week1/install/turtlesim/lib'
[30.693s] Level 1:colcon.colcon_core.shell:create_environment_hook('turtlesim', 'ld_library_path_lib')
[30.693s] INFO:colcon.colcon_core.shell:Creating environment hook '/home/aitor/ros2/week1/install/turtlesim/share/turtlesim/hook/ld_library_path_lib.ps1'
[30.694s] INFO:colcon.colcon_core.shell:Creating environment descriptor '/home/aitor/ros2/week1/install/turtlesim/share/turtlesim/hook/ld_library_path_lib.dsv'
[30.694s] INFO:colcon.colcon_core.shell:Creating environment hook '/home/aitor/ros2/week1/install/turtlesim/share/turtlesim/hook/ld_library_path_lib.sh'
[30.694s] Level 1:colcon.colcon_core.environment:checking '/home/aitor/ros2/week1/install/turtlesim/bin'
[30.695s] Level 1:colcon.colcon_core.environment:checking '/home/aitor/ros2/week1/install/turtlesim/lib/pkgconfig/turtlesim.pc'
[30.695s] Level 1:colcon.colcon_core.environment:checking '/home/aitor/ros2/week1/install/turtlesim/lib/python3.6/site-packages'
[30.695s] Level 1:colcon.colcon_core.shell:create_environment_hook('turtlesim', 'pythonpath')
[30.695s] INFO:colcon.colcon_core.shell:Creating environment hook '/home/aitor/ros2/week1/install/turtlesim/share/turtlesim/hook/pythonpath.ps1'
[30.696s] INFO:colcon.colcon_core.shell:Creating environment descriptor '/home/aitor/ros2/week1/install/turtlesim/share/turtlesim/hook/pythonpath.dsv'
[30.696s] INFO:colcon.colcon_core.shell:Creating environment hook '/home/aitor/ros2/week1/install/turtlesim/share/turtlesim/hook/pythonpath.sh'
[30.697s] INFO:colcon.colcon_core.shell:Creating package script '/home/aitor/ros2/week1/install/turtlesim/share/turtlesim/package.ps1'
[30.698s] INFO:colcon.colcon_core.shell:Creating package descriptor '/home/aitor/ros2/week1/install/turtlesim/share/turtlesim/package.dsv'
[30.699s] INFO:colcon.colcon_core.shell:Creating package script '/home/aitor/ros2/week1/install/turtlesim/share/turtlesim/package.sh'
[30.701s] INFO:colcon.colcon_core.shell:Creating package script '/home/aitor/ros2/week1/install/turtlesim/share/turtlesim/package.bash'
[30.702s] INFO:colcon.colcon_core.shell:Creating package script '/home/aitor/ros2/week1/install/turtlesim/share/turtlesim/package.zsh'
[30.703s] Level 1:colcon.colcon_core.environment:create_file_with_runtime_dependencies(/home/aitor/ros2/week1/install/turtlesim/share/colcon-core/packages/turtlesim)
[30.880s] Level 1:colcon.colcon_core.environment:create_environment_scripts_only(turtlesim)
[30.881s] Level 1:colcon.colcon_core.environment:checking '/home/aitor/ros2/week1/install/turtlesim' for CMake module files
[30.882s] Level 1:colcon.colcon_core.environment:checking '/home/aitor/ros2/week1/install/turtlesim' for CMake config files
[30.883s] Level 1:colcon.colcon_core.shell:create_environment_hook('turtlesim', 'cmake_prefix_path')
[30.884s] INFO:colcon.colcon_core.shell:Creating environment hook '/home/aitor/ros2/week1/install/turtlesim/share/turtlesim/hook/cmake_prefix_path.ps1'
[30.884s] INFO:colcon.colcon_core.shell:Creating environment descriptor '/home/aitor/ros2/week1/install/turtlesim/share/turtlesim/hook/cmake_prefix_path.dsv'
[30.885s] INFO:colcon.colcon_core.shell:Creating environment hook '/home/aitor/ros2/week1/install/turtlesim/share/turtlesim/hook/cmake_prefix_path.sh'
[30.886s] Level 1:colcon.colcon_core.environment:checking '/home/aitor/ros2/week1/install/turtlesim/lib'
[30.886s] Level 1:colcon.colcon_core.shell:create_environment_hook('turtlesim', 'ld_library_path_lib')
[30.887s] INFO:colcon.colcon_core.shell:Creating environment hook '/home/aitor/ros2/week1/install/turtlesim/share/turtlesim/hook/ld_library_path_lib.ps1'
[30.887s] INFO:colcon.colcon_core.shell:Creating environment descriptor '/home/aitor/ros2/week1/install/turtlesim/share/turtlesim/hook/ld_library_path_lib.dsv'
[30.887s] INFO:colcon.colcon_core.shell:Creating environment hook '/home/aitor/ros2/week1/install/turtlesim/share/turtlesim/hook/ld_library_path_lib.sh'
[30.888s] Level 1:colcon.colcon_core.environment:checking '/home/aitor/ros2/week1/install/turtlesim/bin'
[30.888s] Level 1:colcon.colcon_core.environment:checking '/home/aitor/ros2/week1/install/turtlesim/lib/pkgconfig/turtlesim.pc'
[30.888s] Level 1:colcon.colcon_core.environment:checking '/home/aitor/ros2/week1/install/turtlesim/lib/python3.6/site-packages'
[30.888s] Level 1:colcon.colcon_core.shell:create_environment_hook('turtlesim', 'pythonpath')
[30.889s] INFO:colcon.colcon_core.shell:Creating environment hook '/home/aitor/ros2/week1/install/turtlesim/share/turtlesim/hook/pythonpath.ps1'
[30.889s] INFO:colcon.colcon_core.shell:Creating environment descriptor '/home/aitor/ros2/week1/install/turtlesim/share/turtlesim/hook/pythonpath.dsv'
[30.890s] INFO:colcon.colcon_core.shell:Creating environment hook '/home/aitor/ros2/week1/install/turtlesim/share/turtlesim/hook/pythonpath.sh'
[30.891s] INFO:colcon.colcon_core.shell:Creating package script '/home/aitor/ros2/week1/install/turtlesim/share/turtlesim/package.ps1'
[30.891s] INFO:colcon.colcon_core.shell:Creating package descriptor '/home/aitor/ros2/week1/install/turtlesim/share/turtlesim/package.dsv'
[30.892s] INFO:colcon.colcon_core.shell:Creating package script '/home/aitor/ros2/week1/install/turtlesim/share/turtlesim/package.sh'
[30.893s] INFO:colcon.colcon_core.shell:Creating package script '/home/aitor/ros2/week1/install/turtlesim/share/turtlesim/package.bash'
[30.893s] INFO:colcon.colcon_core.shell:Creating package script '/home/aitor/ros2/week1/install/turtlesim/share/turtlesim/package.zsh'
[30.894s] Level 1:colcon.colcon_core.environment:create_file_with_runtime_dependencies(/home/aitor/ros2/week1/install/turtlesim/share/colcon-core/packages/turtlesim)
[30.894s] DEBUG:colcon.colcon_parallel_executor.executor.parallel:closing loop
[30.895s] DEBUG:colcon.colcon_parallel_executor.executor.parallel:loop closed
[30.895s] DEBUG:colcon.colcon_parallel_executor.executor.parallel:run_until_complete finished with '0'
[30.895s] DEBUG:colcon.colcon_core.event_reactor:joining thread
[30.914s] INFO:colcon.colcon_core.plugin_system:Skipping extension 'colcon_notification.desktop_notification.terminal_notifier': Not used on non-Darwin systems
[30.914s] INFO:colcon.colcon_core.plugin_system:Skipping extension 'colcon_notification.desktop_notification.win32': Not used on non-Windows systems
[30.914s] INFO:colcon.colcon_notification.desktop_notification:Sending desktop notification using 'notify2'
[30.917s] DEBUG:colcon.colcon_core.event_reactor:joined thread
[30.918s] INFO:colcon.colcon_core.shell:Creating prefix script '/home/aitor/ros2/week1/install/local_setup.ps1'
[30.920s] INFO:colcon.colcon_core.shell:Creating prefix util module '/home/aitor/ros2/week1/install/_local_setup_util_ps1.py'
[30.922s] INFO:colcon.colcon_core.shell:Creating prefix chain script '/home/aitor/ros2/week1/install/setup.ps1'
[30.925s] INFO:colcon.colcon_core.shell:Creating prefix script '/home/aitor/ros2/week1/install/local_setup.sh'
[30.926s] INFO:colcon.colcon_core.shell:Creating prefix util module '/home/aitor/ros2/week1/install/_local_setup_util_sh.py'
[30.926s] INFO:colcon.colcon_core.shell:Creating prefix chain script '/home/aitor/ros2/week1/install/setup.sh'
[30.929s] INFO:colcon.colcon_core.shell:Creating prefix script '/home/aitor/ros2/week1/install/local_setup.bash'
[30.929s] INFO:colcon.colcon_core.shell:Creating prefix chain script '/home/aitor/ros2/week1/install/setup.bash'
[30.932s] INFO:colcon.colcon_core.shell:Creating prefix script '/home/aitor/ros2/week1/install/local_setup.zsh'
[30.933s] INFO:colcon.colcon_core.shell:Creating prefix chain script '/home/aitor/ros2/week1/install/setup.zsh'
