[0.187s] Invoking command in '/home/aitor/ros2/build/turtlesim': CMAKE_PREFIX_PATH=${CMAKE_PREFIX_PATH}:/home/aitor/ros2/week2_ws/install/my_python_package:/home/aitor/ros2/install/my_python_package:/opt/ros/eloquent /usr/bin/cmake --build /home/aitor/ros2/build/turtlesim -- -j8 -l8
[0.248s] [  1%] Built target turtlesim__cpp
[0.252s] [ 11%] Built target turtlesim__rosidl_generator_c
[0.284s] [ 21%] Built target turtlesim__rosidl_typesupport_introspection_cpp
[0.284s] [ 31%] Built target turtlesim__rosidl_typesupport_introspection_c
[0.286s] [ 42%] Built target turtlesim__rosidl_typesupport_fastrtps_cpp
[0.316s] [ 52%] Built target turtlesim__rosidl_typesupport_fastrtps_c
[0.322s] [ 62%] Built target turtlesim__rosidl_typesupport_cpp
[0.345s] [ 73%] Built target turtlesim__rosidl_typesupport_c
[0.368s] [ 73%] Built target turtlesim
[0.396s] [ 74%] Built target turtlesim__py
[0.409s] [ 76%] Built target mimic
[0.414s] [ 78%] Built target draw_square
[0.415s] [ 80%] Built target turtle_teleop_key
[0.426s] [ 86%] Built target turtlesim_node
[0.441s] [ 95%] Built target turtlesim__python
[0.466s] [ 97%] Built target turtlesim__rosidl_typesupport_c__pyext
[0.473s] [100%] Built target turtlesim__rosidl_typesupport_fastrtps_c__pyext
[0.488s] Invoked command in '/home/aitor/ros2/build/turtlesim' returned '0': CMAKE_PREFIX_PATH=${CMAKE_PREFIX_PATH}:/home/aitor/ros2/week2_ws/install/my_python_package:/home/aitor/ros2/install/my_python_package:/opt/ros/eloquent /usr/bin/cmake --build /home/aitor/ros2/build/turtlesim -- -j8 -l8
[0.632s] Invoking command in '/home/aitor/ros2/build/turtlesim': CMAKE_PREFIX_PATH=${CMAKE_PREFIX_PATH}:/home/aitor/ros2/week2_ws/install/my_python_package:/home/aitor/ros2/install/my_python_package:/opt/ros/eloquent /usr/bin/cmake --build /home/aitor/ros2/build/turtlesim --target install -- -j8 -l8
[0.687s] [  1%] Built target turtlesim__cpp
[0.688s] [ 11%] Built target turtlesim__rosidl_generator_c
[0.717s] [ 21%] Built target turtlesim__rosidl_typesupport_introspection_cpp
[0.718s] [ 31%] Built target turtlesim__rosidl_typesupport_introspection_c
[0.722s] [ 42%] Built target turtlesim__rosidl_typesupport_fastrtps_cpp
[0.752s] [ 52%] Built target turtlesim__rosidl_typesupport_cpp
[0.756s] [ 62%] Built target turtlesim__rosidl_typesupport_fastrtps_c
[0.782s] [ 73%] Built target turtlesim__rosidl_typesupport_c
[0.801s] [ 73%] Built target turtlesim
[0.833s] [ 74%] Built target turtlesim__py
[0.841s] [ 76%] Built target mimic
[0.853s] [ 80%] Built target draw_square
[0.853s] [ 80%] Built target turtle_teleop_key
[0.867s] [ 86%] Built target turtlesim_node
[0.885s] [ 95%] Built target turtlesim__python
[0.904s] [100%] Built target turtlesim__rosidl_typesupport_fastrtps_c__pyext
[0.904s] [100%] Built target turtlesim__rosidl_typesupport_c__pyext
[0.921s] [36mInstall the project...[0m
[0.929s] -- Install configuration: ""
[0.929s] -- Execute custom install script
[0.930s] -- Up-to-date symlink: /home/aitor/ros2/install/turtlesim/share/ament_index/resource_index/rosidl_interfaces/turtlesim
[0.930s] -- Up-to-date symlink: /home/aitor/ros2/install/turtlesim/include/turtlesim/action/rotate_absolute.hpp
[0.931s] -- Up-to-date symlink: /home/aitor/ros2/install/turtlesim/include/turtlesim/action/rotate_absolute__struct.hpp
[0.931s] -- Up-to-date symlink: /home/aitor/ros2/install/turtlesim/include/turtlesim/action/rotate_absolute__traits.hpp
[0.931s] -- Up-to-date symlink: /home/aitor/ros2/install/turtlesim/include/turtlesim/msg/color.hpp
[0.931s] -- Up-to-date symlink: /home/aitor/ros2/install/turtlesim/include/turtlesim/msg/color__struct.hpp
[0.931s] -- Up-to-date symlink: /home/aitor/ros2/install/turtlesim/include/turtlesim/msg/color__traits.hpp
[0.931s] -- Up-to-date symlink: /home/aitor/ros2/install/turtlesim/include/turtlesim/msg/pose.hpp
[0.931s] -- Up-to-date symlink: /home/aitor/ros2/install/turtlesim/include/turtlesim/msg/pose__struct.hpp
[0.932s] -- Up-to-date symlink: /home/aitor/ros2/install/turtlesim/include/turtlesim/msg/pose__traits.hpp
[0.932s] -- Up-to-date symlink: /home/aitor/ros2/install/turtlesim/include/turtlesim/srv/kill.hpp
[0.932s] -- Up-to-date symlink: /home/aitor/ros2/install/turtlesim/include/turtlesim/srv/kill__struct.hpp
[0.932s] -- Up-to-date symlink: /home/aitor/ros2/install/turtlesim/include/turtlesim/srv/kill__traits.hpp
[0.932s] -- Up-to-date symlink: /home/aitor/ros2/install/turtlesim/include/turtlesim/srv/set_pen.hpp
[0.932s] -- Up-to-date symlink: /home/aitor/ros2/install/turtlesim/include/turtlesim/srv/set_pen__struct.hpp
[0.933s] -- Up-to-date symlink: /home/aitor/ros2/install/turtlesim/include/turtlesim/srv/set_pen__traits.hpp
[0.933s] -- Up-to-date symlink: /home/aitor/ros2/install/turtlesim/include/turtlesim/srv/spawn.hpp
[0.933s] -- Up-to-date symlink: /home/aitor/ros2/install/turtlesim/include/turtlesim/srv/spawn__struct.hpp
[0.933s] -- Up-to-date symlink: /home/aitor/ros2/install/turtlesim/include/turtlesim/srv/spawn__traits.hpp
[0.933s] -- Up-to-date symlink: /home/aitor/ros2/install/turtlesim/include/turtlesim/srv/teleport_absolute.hpp
[0.933s] -- Up-to-date symlink: /home/aitor/ros2/install/turtlesim/include/turtlesim/srv/teleport_absolute__struct.hpp
[0.933s] -- Up-to-date symlink: /home/aitor/ros2/install/turtlesim/include/turtlesim/srv/teleport_absolute__traits.hpp
[0.933s] -- Up-to-date symlink: /home/aitor/ros2/install/turtlesim/include/turtlesim/srv/teleport_relative.hpp
[0.934s] -- Up-to-date symlink: /home/aitor/ros2/install/turtlesim/include/turtlesim/srv/teleport_relative__struct.hpp
[0.934s] -- Up-to-date symlink: /home/aitor/ros2/install/turtlesim/include/turtlesim/srv/teleport_relative__traits.hpp
[0.934s] -- Up-to-date symlink: /home/aitor/ros2/install/turtlesim/include/turtlesim/action/rotate_absolute.h
[0.935s] -- Up-to-date symlink: /home/aitor/ros2/install/turtlesim/include/turtlesim/action/rotate_absolute__functions.h
[0.935s] -- Up-to-date symlink: /home/aitor/ros2/install/turtlesim/include/turtlesim/action/rotate_absolute__struct.h
[0.935s] -- Up-to-date symlink: /home/aitor/ros2/install/turtlesim/include/turtlesim/action/rotate_absolute__type_support.h
[0.935s] -- Up-to-date symlink: /home/aitor/ros2/install/turtlesim/include/turtlesim/msg/color.h
[0.935s] -- Up-to-date symlink: /home/aitor/ros2/install/turtlesim/include/turtlesim/msg/color__functions.h
[0.935s] -- Up-to-date symlink: /home/aitor/ros2/install/turtlesim/include/turtlesim/msg/color__struct.h
[0.936s] -- Up-to-date symlink: /home/aitor/ros2/install/turtlesim/include/turtlesim/msg/color__type_support.h
[0.936s] -- Up-to-date symlink: /home/aitor/ros2/install/turtlesim/include/turtlesim/msg/pose.h
[0.936s] -- Up-to-date symlink: /home/aitor/ros2/install/turtlesim/include/turtlesim/msg/pose__functions.h
[0.936s] -- Up-to-date symlink: /home/aitor/ros2/install/turtlesim/include/turtlesim/msg/pose__struct.h
[0.936s] -- Up-to-date symlink: /home/aitor/ros2/install/turtlesim/include/turtlesim/msg/pose__type_support.h
[0.936s] -- Up-to-date symlink: /home/aitor/ros2/install/turtlesim/include/turtlesim/msg/rosidl_generator_c__visibility_control.h
[0.936s] -- Up-to-date symlink: /home/aitor/ros2/install/turtlesim/include/turtlesim/srv/kill.h
[0.937s] -- Up-to-date symlink: /home/aitor/ros2/install/turtlesim/include/turtlesim/srv/kill__functions.h
[0.937s] -- Up-to-date symlink: /home/aitor/ros2/install/turtlesim/include/turtlesim/srv/kill__struct.h
[0.937s] -- Up-to-date symlink: /home/aitor/ros2/install/turtlesim/include/turtlesim/srv/kill__type_support.h
[0.937s] -- Up-to-date symlink: /home/aitor/ros2/install/turtlesim/include/turtlesim/srv/set_pen.h
[0.937s] -- Up-to-date symlink: /home/aitor/ros2/install/turtlesim/include/turtlesim/srv/set_pen__functions.h
[0.937s] -- Up-to-date symlink: /home/aitor/ros2/install/turtlesim/include/turtlesim/srv/set_pen__struct.h
[0.938s] -- Up-to-date symlink: /home/aitor/ros2/install/turtlesim/include/turtlesim/srv/set_pen__type_support.h
[0.938s] -- Up-to-date symlink: /home/aitor/ros2/install/turtlesim/include/turtlesim/srv/spawn.h
[0.938s] -- Up-to-date symlink: /home/aitor/ros2/install/turtlesim/include/turtlesim/srv/spawn__functions.h
[0.938s] -- Up-to-date symlink: /home/aitor/ros2/install/turtlesim/include/turtlesim/srv/spawn__struct.h
[0.938s] -- Up-to-date symlink: /home/aitor/ros2/install/turtlesim/include/turtlesim/srv/spawn__type_support.h
[0.938s] -- Up-to-date symlink: /home/aitor/ros2/install/turtlesim/include/turtlesim/srv/teleport_absolute.h
[0.939s] -- Up-to-date symlink: /home/aitor/ros2/install/turtlesim/include/turtlesim/srv/teleport_absolute__functions.h
[0.939s] -- Up-to-date symlink: /home/aitor/ros2/install/turtlesim/include/turtlesim/srv/teleport_absolute__struct.h
[0.939s] -- Up-to-date symlink: /home/aitor/ros2/install/turtlesim/include/turtlesim/srv/teleport_absolute__type_support.h
[0.939s] -- Up-to-date symlink: /home/aitor/ros2/install/turtlesim/include/turtlesim/srv/teleport_relative.h
[0.939s] -- Up-to-date symlink: /home/aitor/ros2/install/turtlesim/include/turtlesim/srv/teleport_relative__functions.h
[0.939s] -- Up-to-date symlink: /home/aitor/ros2/install/turtlesim/include/turtlesim/srv/teleport_relative__struct.h
[0.939s] -- Up-to-date symlink: /home/aitor/ros2/install/turtlesim/include/turtlesim/srv/teleport_relative__type_support.h
[0.940s] -- Up-to-date symlink: /home/aitor/ros2/install/turtlesim/share/turtlesim/environment/library_path.sh
[0.940s] -- Up-to-date symlink: /home/aitor/ros2/install/turtlesim/share/turtlesim/environment/library_path.dsv
[0.940s] -- Up-to-date symlink: /home/aitor/ros2/install/turtlesim/lib/libturtlesim__rosidl_generator_c.so
[0.941s] -- Up-to-date symlink: /home/aitor/ros2/install/turtlesim/lib/libturtlesim__rosidl_typesupport_c.so
[0.941s] -- Up-to-date symlink: /home/aitor/ros2/install/turtlesim/lib/libturtlesim__rosidl_typesupport_cpp.so
[0.942s] -- Up-to-date symlink: /home/aitor/ros2/install/turtlesim/include/turtlesim/action/rotate_absolute__rosidl_typesupport_introspection_c.h
[0.942s] -- Up-to-date symlink: /home/aitor/ros2/install/turtlesim/include/turtlesim/msg/color__rosidl_typesupport_introspection_c.h
[0.942s] -- Up-to-date symlink: /home/aitor/ros2/install/turtlesim/include/turtlesim/msg/pose__rosidl_typesupport_introspection_c.h
[0.942s] -- Up-to-date symlink: /home/aitor/ros2/install/turtlesim/include/turtlesim/msg/rosidl_typesupport_introspection_c__visibility_control.h
[0.942s] -- Up-to-date symlink: /home/aitor/ros2/install/turtlesim/include/turtlesim/srv/kill__rosidl_typesupport_introspection_c.h
[0.943s] -- Up-to-date symlink: /home/aitor/ros2/install/turtlesim/include/turtlesim/srv/set_pen__rosidl_typesupport_introspection_c.h
[0.943s] -- Up-to-date symlink: /home/aitor/ros2/install/turtlesim/include/turtlesim/srv/spawn__rosidl_typesupport_introspection_c.h
[0.943s] -- Up-to-date symlink: /home/aitor/ros2/install/turtlesim/include/turtlesim/srv/teleport_absolute__rosidl_typesupport_introspection_c.h
[0.943s] -- Up-to-date symlink: /home/aitor/ros2/install/turtlesim/include/turtlesim/srv/teleport_relative__rosidl_typesupport_introspection_c.h
[0.943s] -- Up-to-date symlink: /home/aitor/ros2/install/turtlesim/lib/libturtlesim__rosidl_typesupport_introspection_c.so
[0.944s] -- Up-to-date symlink: /home/aitor/ros2/install/turtlesim/include/turtlesim/action/rotate_absolute__rosidl_typesupport_introspection_cpp.hpp
[0.944s] -- Up-to-date symlink: /home/aitor/ros2/install/turtlesim/include/turtlesim/msg/color__rosidl_typesupport_introspection_cpp.hpp
[0.944s] -- Up-to-date symlink: /home/aitor/ros2/install/turtlesim/include/turtlesim/msg/pose__rosidl_typesupport_introspection_cpp.hpp
[0.944s] -- Up-to-date symlink: /home/aitor/ros2/install/turtlesim/include/turtlesim/srv/kill__rosidl_typesupport_introspection_cpp.hpp
[0.945s] -- Up-to-date symlink: /home/aitor/ros2/install/turtlesim/include/turtlesim/srv/set_pen__rosidl_typesupport_introspection_cpp.hpp
[0.945s] -- Up-to-date symlink: /home/aitor/ros2/install/turtlesim/include/turtlesim/srv/spawn__rosidl_typesupport_introspection_cpp.hpp
[0.945s] -- Up-to-date symlink: /home/aitor/ros2/install/turtlesim/include/turtlesim/srv/teleport_absolute__rosidl_typesupport_introspection_cpp.hpp
[0.945s] -- Up-to-date symlink: /home/aitor/ros2/install/turtlesim/include/turtlesim/srv/teleport_relative__rosidl_typesupport_introspection_cpp.hpp
[0.945s] -- Up-to-date symlink: /home/aitor/ros2/install/turtlesim/lib/libturtlesim__rosidl_typesupport_introspection_cpp.so
[0.946s] -- Up-to-date symlink: /home/aitor/ros2/install/turtlesim/include/turtlesim/action/rotate_absolute__rosidl_typesupport_fastrtps_c.h
[0.946s] -- Up-to-date symlink: /home/aitor/ros2/install/turtlesim/include/turtlesim/msg/color__rosidl_typesupport_fastrtps_c.h
[0.947s] -- Up-to-date symlink: /home/aitor/ros2/install/turtlesim/include/turtlesim/msg/pose__rosidl_typesupport_fastrtps_c.h
[0.947s] -- Up-to-date symlink: /home/aitor/ros2/install/turtlesim/include/turtlesim/msg/rosidl_typesupport_fastrtps_c__visibility_control.h
[0.947s] -- Up-to-date symlink: /home/aitor/ros2/install/turtlesim/include/turtlesim/srv/kill__rosidl_typesupport_fastrtps_c.h
[0.947s] -- Up-to-date symlink: /home/aitor/ros2/install/turtlesim/include/turtlesim/srv/set_pen__rosidl_typesupport_fastrtps_c.h
[0.948s] -- Up-to-date symlink: /home/aitor/ros2/install/turtlesim/include/turtlesim/srv/spawn__rosidl_typesupport_fastrtps_c.h
[0.948s] -- Up-to-date symlink: /home/aitor/ros2/install/turtlesim/include/turtlesim/srv/teleport_absolute__rosidl_typesupport_fastrtps_c.h
[0.948s] -- Up-to-date symlink: /home/aitor/ros2/install/turtlesim/include/turtlesim/srv/teleport_relative__rosidl_typesupport_fastrtps_c.h
[0.948s] -- Up-to-date symlink: /home/aitor/ros2/install/turtlesim/lib/libturtlesim__rosidl_typesupport_fastrtps_c.so
[0.949s] -- Up-to-date symlink: /home/aitor/ros2/install/turtlesim/include/turtlesim/action/rotate_absolute__rosidl_typesupport_fastrtps_cpp.hpp
[0.949s] -- Up-to-date symlink: /home/aitor/ros2/install/turtlesim/include/turtlesim/msg/color__rosidl_typesupport_fastrtps_cpp.hpp
[0.949s] -- Up-to-date symlink: /home/aitor/ros2/install/turtlesim/include/turtlesim/msg/pose__rosidl_typesupport_fastrtps_cpp.hpp
[0.949s] -- Up-to-date symlink: /home/aitor/ros2/install/turtlesim/include/turtlesim/msg/rosidl_typesupport_fastrtps_cpp__visibility_control.h
[0.949s] -- Up-to-date symlink: /home/aitor/ros2/install/turtlesim/include/turtlesim/srv/kill__rosidl_typesupport_fastrtps_cpp.hpp
[0.950s] -- Up-to-date symlink: /home/aitor/ros2/install/turtlesim/include/turtlesim/srv/set_pen__rosidl_typesupport_fastrtps_cpp.hpp
[0.950s] -- Up-to-date symlink: /home/aitor/ros2/install/turtlesim/include/turtlesim/srv/spawn__rosidl_typesupport_fastrtps_cpp.hpp
[0.950s] -- Up-to-date symlink: /home/aitor/ros2/install/turtlesim/include/turtlesim/srv/teleport_absolute__rosidl_typesupport_fastrtps_cpp.hpp
[0.950s] -- Up-to-date symlink: /home/aitor/ros2/install/turtlesim/include/turtlesim/srv/teleport_relative__rosidl_typesupport_fastrtps_cpp.hpp
[0.950s] -- Up-to-date symlink: /home/aitor/ros2/install/turtlesim/lib/libturtlesim__rosidl_typesupport_fastrtps_cpp.so
[0.951s] -- Up-to-date symlink: /home/aitor/ros2/install/turtlesim/share/turtlesim/environment/pythonpath.sh
[0.951s] -- Up-to-date symlink: /home/aitor/ros2/install/turtlesim/share/turtlesim/environment/pythonpath.dsv
[0.951s] -- Up-to-date symlink: /home/aitor/ros2/install/turtlesim/lib/python3.6/site-packages/turtlesim/__init__.py
[0.951s] -- Up-to-date symlink: /home/aitor/ros2/install/turtlesim/lib/python3.6/site-packages/turtlesim/action/__init__.py
[0.952s] -- Up-to-date symlink: /home/aitor/ros2/install/turtlesim/lib/python3.6/site-packages/turtlesim/action/_rotate_absolute.py
[0.952s] -- Up-to-date symlink: /home/aitor/ros2/install/turtlesim/lib/python3.6/site-packages/turtlesim/msg/__init__.py
[0.952s] -- Up-to-date symlink: /home/aitor/ros2/install/turtlesim/lib/python3.6/site-packages/turtlesim/msg/_color.py
[0.952s] -- Up-to-date symlink: /home/aitor/ros2/install/turtlesim/lib/python3.6/site-packages/turtlesim/msg/_pose.py
[0.953s] -- Up-to-date symlink: /home/aitor/ros2/install/turtlesim/lib/python3.6/site-packages/turtlesim/srv/__init__.py
[0.953s] -- Up-to-date symlink: /home/aitor/ros2/install/turtlesim/lib/python3.6/site-packages/turtlesim/srv/_kill.py
[0.953s] -- Up-to-date symlink: /home/aitor/ros2/install/turtlesim/lib/python3.6/site-packages/turtlesim/srv/_set_pen.py
[0.953s] -- Up-to-date symlink: /home/aitor/ros2/install/turtlesim/lib/python3.6/site-packages/turtlesim/srv/_spawn.py
[0.953s] -- Up-to-date symlink: /home/aitor/ros2/install/turtlesim/lib/python3.6/site-packages/turtlesim/srv/_teleport_absolute.py
[0.953s] -- Up-to-date symlink: /home/aitor/ros2/install/turtlesim/lib/python3.6/site-packages/turtlesim/srv/_teleport_relative.py
[0.954s] -- Up-to-date symlink: /home/aitor/ros2/install/turtlesim/lib/python3.6/site-packages/turtlesim/turtlesim_s__rosidl_typesupport_c.cpython-36m-x86_64-linux-gnu.so
[0.954s] -- Up-to-date symlink: /home/aitor/ros2/install/turtlesim/lib/python3.6/site-packages/turtlesim/turtlesim_s__rosidl_typesupport_fastrtps_c.cpython-36m-x86_64-linux-gnu.so
[0.954s] -- Up-to-date symlink: /home/aitor/ros2/install/turtlesim/lib/libturtlesim__python.so
[0.955s] -- Up-to-date symlink: /home/aitor/ros2/install/turtlesim/share/turtlesim/action/RotateAbsolute.idl
[0.955s] -- Up-to-date symlink: /home/aitor/ros2/install/turtlesim/share/turtlesim/msg/Color.idl
[0.955s] -- Up-to-date symlink: /home/aitor/ros2/install/turtlesim/share/turtlesim/msg/Pose.idl
[0.956s] -- Up-to-date symlink: /home/aitor/ros2/install/turtlesim/share/turtlesim/srv/Kill.idl
[0.956s] -- Up-to-date symlink: /home/aitor/ros2/install/turtlesim/share/turtlesim/srv/SetPen.idl
[0.956s] -- Up-to-date symlink: /home/aitor/ros2/install/turtlesim/share/turtlesim/srv/Spawn.idl
[0.957s] -- Up-to-date symlink: /home/aitor/ros2/install/turtlesim/share/turtlesim/srv/TeleportAbsolute.idl
[0.957s] -- Up-to-date symlink: /home/aitor/ros2/install/turtlesim/share/turtlesim/srv/TeleportRelative.idl
[0.957s] -- Up-to-date symlink: /home/aitor/ros2/install/turtlesim/share/turtlesim/action/RotateAbsolute.action
[0.957s] -- Up-to-date symlink: /home/aitor/ros2/install/turtlesim/share/turtlesim/msg/Color.msg
[0.958s] -- Up-to-date symlink: /home/aitor/ros2/install/turtlesim/share/turtlesim/msg/Pose.msg
[0.958s] -- Up-to-date symlink: /home/aitor/ros2/install/turtlesim/share/turtlesim/srv/Kill.srv
[0.958s] -- Up-to-date symlink: /home/aitor/ros2/install/turtlesim/share/turtlesim/srv/Kill_Request.msg
[0.958s] -- Up-to-date symlink: /home/aitor/ros2/install/turtlesim/share/turtlesim/srv/Kill_Response.msg
[0.958s] -- Up-to-date symlink: /home/aitor/ros2/install/turtlesim/share/turtlesim/srv/SetPen.srv
[0.959s] -- Up-to-date symlink: /home/aitor/ros2/install/turtlesim/share/turtlesim/srv/SetPen_Request.msg
[0.959s] -- Up-to-date symlink: /home/aitor/ros2/install/turtlesim/share/turtlesim/srv/SetPen_Response.msg
[0.959s] -- Up-to-date symlink: /home/aitor/ros2/install/turtlesim/share/turtlesim/srv/Spawn.srv
[0.959s] -- Up-to-date symlink: /home/aitor/ros2/install/turtlesim/share/turtlesim/srv/Spawn_Request.msg
[0.960s] -- Up-to-date symlink: /home/aitor/ros2/install/turtlesim/share/turtlesim/srv/Spawn_Response.msg
[0.960s] -- Up-to-date symlink: /home/aitor/ros2/install/turtlesim/share/turtlesim/srv/TeleportAbsolute.srv
[0.960s] -- Up-to-date symlink: /home/aitor/ros2/install/turtlesim/share/turtlesim/srv/TeleportAbsolute_Request.msg
[0.960s] -- Up-to-date symlink: /home/aitor/ros2/install/turtlesim/share/turtlesim/srv/TeleportAbsolute_Response.msg
[0.961s] -- Up-to-date symlink: /home/aitor/ros2/install/turtlesim/share/turtlesim/srv/TeleportRelative.srv
[0.961s] -- Up-to-date symlink: /home/aitor/ros2/install/turtlesim/share/turtlesim/srv/TeleportRelative_Request.msg
[0.961s] -- Up-to-date symlink: /home/aitor/ros2/install/turtlesim/share/turtlesim/srv/TeleportRelative_Response.msg
[0.961s] -- Up-to-date symlink: /home/aitor/ros2/install/turtlesim/lib/turtlesim/turtlesim_node
[0.961s] -- Up-to-date symlink: /home/aitor/ros2/install/turtlesim/lib/turtlesim/turtle_teleop_key
[0.962s] -- Up-to-date symlink: /home/aitor/ros2/install/turtlesim/lib/turtlesim/draw_square
[0.962s] -- Up-to-date symlink: /home/aitor/ros2/install/turtlesim/lib/turtlesim/mimic
[0.962s] -- Up-to-date symlink: /home/aitor/ros2/install/turtlesim/share/turtlesim/launch/multisim.launch.py
[0.962s] -- Up-to-date symlink: /home/aitor/ros2/install/turtlesim/share/ament_index/resource_index/package_run_dependencies/turtlesim
[0.963s] -- Up-to-date symlink: /home/aitor/ros2/install/turtlesim/share/ament_index/resource_index/parent_prefix_path/turtlesim
[0.963s] -- Up-to-date symlink: /home/aitor/ros2/install/turtlesim/share/turtlesim/environment/ament_prefix_path.sh
[0.963s] -- Up-to-date symlink: /home/aitor/ros2/install/turtlesim/share/turtlesim/environment/ament_prefix_path.dsv
[0.963s] -- Up-to-date symlink: /home/aitor/ros2/install/turtlesim/share/turtlesim/environment/path.sh
[0.964s] -- Up-to-date symlink: /home/aitor/ros2/install/turtlesim/share/turtlesim/environment/path.dsv
[0.964s] -- Up-to-date symlink: /home/aitor/ros2/install/turtlesim/share/turtlesim/local_setup.bash
[0.964s] -- Up-to-date symlink: /home/aitor/ros2/install/turtlesim/share/turtlesim/local_setup.sh
[0.965s] -- Up-to-date symlink: /home/aitor/ros2/install/turtlesim/share/turtlesim/local_setup.zsh
[0.965s] -- Up-to-date symlink: /home/aitor/ros2/install/turtlesim/share/turtlesim/local_setup.dsv
[0.965s] -- Symlinking: /home/aitor/ros2/install/turtlesim/share/turtlesim/package.dsv
[0.974s] -- Up-to-date symlink: /home/aitor/ros2/install/turtlesim/share/ament_index/resource_index/packages/turtlesim
[0.974s] -- Up-to-date symlink: /home/aitor/ros2/install/turtlesim/share/turtlesim/cmake/rosidl_cmake-extras.cmake
[0.974s] -- Up-to-date symlink: /home/aitor/ros2/install/turtlesim/share/turtlesim/cmake/ament_cmake_export_dependencies-extras.cmake
[0.975s] -- Up-to-date symlink: /home/aitor/ros2/install/turtlesim/share/turtlesim/cmake/ament_cmake_export_include_directories-extras.cmake
[0.975s] -- Up-to-date symlink: /home/aitor/ros2/install/turtlesim/share/turtlesim/cmake/ament_cmake_export_libraries-extras.cmake
[0.975s] -- Up-to-date symlink: /home/aitor/ros2/install/turtlesim/share/turtlesim/cmake/turtlesimConfig.cmake
[0.975s] -- Up-to-date symlink: /home/aitor/ros2/install/turtlesim/share/turtlesim/cmake/turtlesimConfig-version.cmake
[0.975s] -- Up-to-date symlink: /home/aitor/ros2/install/turtlesim/share/turtlesim/package.xml
[1.006s] -- Up-to-date: /home/aitor/ros2/install/turtlesim/share/turtlesim/images
[1.006s] -- Up-to-date: /home/aitor/ros2/install/turtlesim/share/turtlesim/images/eloquent.png
[1.006s] -- Up-to-date: /home/aitor/ros2/install/turtlesim/share/turtlesim/images/bouncy.png
[1.006s] -- Up-to-date: /home/aitor/ros2/install/turtlesim/share/turtlesim/images/crystal.png
[1.006s] -- Up-to-date: /home/aitor/ros2/install/turtlesim/share/turtlesim/images/ardent.png
[1.006s] -- Up-to-date: /home/aitor/ros2/install/turtlesim/share/turtlesim/images/dashing.png
[1.011s] Invoked command in '/home/aitor/ros2/build/turtlesim' returned '0': CMAKE_PREFIX_PATH=${CMAKE_PREFIX_PATH}:/home/aitor/ros2/week2_ws/install/my_python_package:/home/aitor/ros2/install/my_python_package:/opt/ros/eloquent /usr/bin/cmake --build /home/aitor/ros2/build/turtlesim --target install -- -j8 -l8
