[0.012s] Invoking command in '/home/aitor/ros2/week1/build/turtlesim': CMAKE_PREFIX_PATH=/opt/ros/eloquent /usr/bin/cmake /home/aitor/ros2/week1/ros_tutorials/turtlesim -DAMENT_CMAKE_SYMLINK_INSTALL=1 -DCMAKE_INSTALL_PREFIX=/home/aitor/ros2/week1/install/turtlesim
[0.153s] -- The C compiler identification is GNU 7.5.0
[0.207s] -- The CXX compiler identification is GNU 7.5.0
[0.211s] -- Check for working C compiler: /usr/bin/cc
[0.292s] -- Check for working C compiler: /usr/bin/cc -- works
[0.292s] -- Detecting C compiler ABI info
[0.369s] -- Detecting C compiler ABI info - done
[0.374s] -- Detecting C compile features
[0.608s] -- Detecting C compile features - done
[0.610s] -- Check for working CXX compiler: /usr/bin/c++
[0.695s] -- Check for working CXX compiler: /usr/bin/c++ -- works
[0.695s] -- Detecting CXX compiler ABI info
[0.787s] -- Detecting CXX compiler ABI info - done
[0.792s] -- Detecting CXX compile features
[1.175s] -- Detecting CXX compile features - done
[1.177s] -- Found ament_cmake: 0.8.2 (/opt/ros/eloquent/share/ament_cmake/cmake)
[1.207s] -- Found PythonInterp: /usr/bin/python3 (found suitable version "3.6.9", minimum required is "3") 
[1.207s] -- Using PYTHON_EXECUTABLE: /usr/bin/python3
[1.404s] -- Override CMake install command with custom implementation using symlinks instead of copying resources
[1.426s] -- Found ament_index_cpp: 0.7.2 (/opt/ros/eloquent/share/ament_index_cpp/cmake)
[1.430s] -- Found geometry_msgs: 0.8.1 (/opt/ros/eloquent/share/geometry_msgs/cmake)
[1.446s] -- Found rosidl_adapter: 0.8.2 (/opt/ros/eloquent/share/rosidl_adapter/cmake)
[1.508s] -- Found rclcpp: 0.8.4 (/opt/ros/eloquent/share/rclcpp/cmake)
[1.527s] -- Found rmw_implementation_cmake: 0.8.1 (/opt/ros/eloquent/share/rmw_implementation_cmake/cmake)
[1.528s] -- Using RMW implementation 'rmw_fastrtps_cpp' as default
[1.529s] -- Looking for pthread.h
[1.611s] -- Looking for pthread.h - found
[1.611s] -- Looking for pthread_create
[1.698s] -- Looking for pthread_create - not found
[1.698s] -- Looking for pthread_create in pthreads
[1.766s] -- Looking for pthread_create in pthreads - not found
[1.766s] -- Looking for pthread_create in pthread
[1.843s] -- Looking for pthread_create in pthread - found
[1.844s] -- Found Threads: TRUE  
[1.886s] -- Found rclcpp_action: 0.8.4 (/opt/ros/eloquent/share/rclcpp_action/cmake)
[1.964s] -- Found rosidl_default_generators: 0.8.0 (/opt/ros/eloquent/share/rosidl_default_generators/cmake)
[2.030s] -- Found OpenSSL: /usr/lib/x86_64-linux-gnu/libcrypto.so (found version "1.1.1") 
[2.050s] -- Found FastRTPS: /opt/ros/eloquent/include  
[2.109s] -- Found std_srvs: 0.8.1 (/opt/ros/eloquent/share/std_srvs/cmake)
[2.143s] -- Found PythonInterp: /usr/bin/python3 (found version "3.6.9") 
[2.402s] -- Using single matching rosidl_typesupport_c: rosidl_typesupport_fastrtps_c
[2.417s] -- Using single matching rosidl_typesupport_cpp: rosidl_typesupport_fastrtps_cpp
[2.588s] -- Found PythonInterp: /usr/bin/python3 (found suitable version "3.6.9", minimum required is "3.5") 
[2.589s] -- Found python_cmake_module: 0.8.0 (/opt/ros/eloquent/share/python_cmake_module/cmake)
[2.621s] -- Found PythonLibs: /usr/lib/x86_64-linux-gnu/libpython3.6m.so (found suitable version "3.6.9", minimum required is "3.5") 
[2.621s] -- Using PYTHON_EXECUTABLE: /usr/bin/python3
[2.621s] -- Using PYTHON_INCLUDE_DIRS: /usr/include/python3.6m
[2.621s] -- Using PYTHON_LIBRARIES: /usr/lib/x86_64-linux-gnu/libpython3.6m.so
[2.649s] -- Found PythonExtra: .so  
[3.141s] -- Configuring done
[3.378s] -- Generating done
[3.382s] -- Build files have been written to: /home/aitor/ros2/week1/build/turtlesim
[3.389s] Invoked command in '/home/aitor/ros2/week1/build/turtlesim' returned '0': CMAKE_PREFIX_PATH=/opt/ros/eloquent /usr/bin/cmake /home/aitor/ros2/week1/ros_tutorials/turtlesim -DAMENT_CMAKE_SYMLINK_INSTALL=1 -DCMAKE_INSTALL_PREFIX=/home/aitor/ros2/week1/install/turtlesim
[3.391s] Invoking command in '/home/aitor/ros2/week1/build/turtlesim': CMAKE_PREFIX_PATH=/opt/ros/eloquent /usr/bin/cmake --build /home/aitor/ros2/week1/build/turtlesim -- -j8 -l8
[3.445s] [35m[1mScanning dependencies of target turtlesim__cpp[0m
[3.447s] [  1%] [34m[1mGenerating C code for ROS interfaces[0m
[3.458s] [  2%] [34m[1mGenerating C++ code for ROS interfaces[0m
[4.659s] [  2%] Built target turtlesim__cpp
[4.676s] [  4%] [34m[1mGenerating C++ introspection for ROS interfaces[0m
[4.676s] [  4%] [34m[1mGenerating C++ type support for eProsima Fast-RTPS[0m
[5.044s] [35m[1mScanning dependencies of target turtlesim__rosidl_generator_c[0m
[5.080s] [  7%] [32mBuilding C object CMakeFiles/turtlesim__rosidl_generator_c.dir/rosidl_generator_c/turtlesim/srv/set_pen__functions.c.o[0m
[5.080s] [  7%] [32mBuilding C object CMakeFiles/turtlesim__rosidl_generator_c.dir/rosidl_generator_c/turtlesim/action/rotate_absolute__functions.c.o[0m
[5.080s] [  8%] [32mBuilding C object CMakeFiles/turtlesim__rosidl_generator_c.dir/rosidl_generator_c/turtlesim/msg/pose__functions.c.o[0m
[5.081s] [  7%] [32mBuilding C object CMakeFiles/turtlesim__rosidl_generator_c.dir/rosidl_generator_c/turtlesim/msg/color__functions.c.o[0m
[5.092s] [  9%] [32mBuilding C object CMakeFiles/turtlesim__rosidl_generator_c.dir/rosidl_generator_c/turtlesim/srv/kill__functions.c.o[0m
[5.098s] [ 10%] [32mBuilding C object CMakeFiles/turtlesim__rosidl_generator_c.dir/rosidl_generator_c/turtlesim/srv/spawn__functions.c.o[0m
[5.182s] [ 11%] [32mBuilding C object CMakeFiles/turtlesim__rosidl_generator_c.dir/rosidl_generator_c/turtlesim/srv/teleport_absolute__functions.c.o[0m
[5.216s] [ 12%] [32mBuilding C object CMakeFiles/turtlesim__rosidl_generator_c.dir/rosidl_generator_c/turtlesim/srv/teleport_relative__functions.c.o[0m
[5.295s] [ 13%] [32m[1mLinking C shared library libturtlesim__rosidl_generator_c.so[0m
[5.368s] [ 13%] Built target turtlesim__rosidl_generator_c
[5.387s] [ 14%] [34m[1mGenerating C introspection for ROS interfaces[0m
[6.101s] [35m[1mScanning dependencies of target turtlesim__rosidl_typesupport_introspection_cpp[0m
[6.145s] [ 16%] [32mBuilding CXX object CMakeFiles/turtlesim__rosidl_typesupport_introspection_cpp.dir/rosidl_typesupport_introspection_cpp/turtlesim/action/rotate_absolute__type_support.cpp.o[0m
[6.145s] [ 16%] [32mBuilding CXX object CMakeFiles/turtlesim__rosidl_typesupport_introspection_cpp.dir/rosidl_typesupport_introspection_cpp/turtlesim/msg/color__type_support.cpp.o[0m
[6.146s] [ 17%] [32mBuilding CXX object CMakeFiles/turtlesim__rosidl_typesupport_introspection_cpp.dir/rosidl_typesupport_introspection_cpp/turtlesim/msg/pose__type_support.cpp.o[0m
[6.147s] [ 18%] [32mBuilding CXX object CMakeFiles/turtlesim__rosidl_typesupport_introspection_cpp.dir/rosidl_typesupport_introspection_cpp/turtlesim/srv/kill__type_support.cpp.o[0m
[6.149s] [ 19%] [32mBuilding CXX object CMakeFiles/turtlesim__rosidl_typesupport_introspection_cpp.dir/rosidl_typesupport_introspection_cpp/turtlesim/srv/set_pen__type_support.cpp.o[0m
[6.165s] [ 20%] [32mBuilding CXX object CMakeFiles/turtlesim__rosidl_typesupport_introspection_cpp.dir/rosidl_typesupport_introspection_cpp/turtlesim/srv/spawn__type_support.cpp.o[0m
[6.860s] [ 21%] [32mBuilding CXX object CMakeFiles/turtlesim__rosidl_typesupport_introspection_cpp.dir/rosidl_typesupport_introspection_cpp/turtlesim/srv/teleport_absolute__type_support.cpp.o[0m
[6.903s] [ 22%] [32mBuilding CXX object CMakeFiles/turtlesim__rosidl_typesupport_introspection_cpp.dir/rosidl_typesupport_introspection_cpp/turtlesim/srv/teleport_relative__type_support.cpp.o[0m
[7.031s] [35m[1mScanning dependencies of target turtlesim__rosidl_typesupport_fastrtps_cpp[0m
[7.102s] [ 23%] [32mBuilding CXX object CMakeFiles/turtlesim__rosidl_typesupport_fastrtps_cpp.dir/rosidl_typesupport_fastrtps_cpp/turtlesim/msg/dds_fastrtps/color__type_support.cpp.o[0m
[7.103s] [ 24%] [32mBuilding CXX object CMakeFiles/turtlesim__rosidl_typesupport_fastrtps_cpp.dir/rosidl_typesupport_fastrtps_cpp/turtlesim/action/dds_fastrtps/rotate_absolute__type_support.cpp.o[0m
[7.104s] [ 25%] [32mBuilding CXX object CMakeFiles/turtlesim__rosidl_typesupport_fastrtps_cpp.dir/rosidl_typesupport_fastrtps_cpp/turtlesim/srv/dds_fastrtps/kill__type_support.cpp.o[0m
[7.105s] [ 26%] [32mBuilding CXX object CMakeFiles/turtlesim__rosidl_typesupport_fastrtps_cpp.dir/rosidl_typesupport_fastrtps_cpp/turtlesim/msg/dds_fastrtps/pose__type_support.cpp.o[0m
[7.140s] [ 27%] [32mBuilding CXX object CMakeFiles/turtlesim__rosidl_typesupport_fastrtps_cpp.dir/rosidl_typesupport_fastrtps_cpp/turtlesim/srv/dds_fastrtps/set_pen__type_support.cpp.o[0m
[7.590s] [ 28%] [32m[1mLinking CXX shared library libturtlesim__rosidl_typesupport_introspection_cpp.so[0m
[7.595s] [ 29%] [32mBuilding CXX object CMakeFiles/turtlesim__rosidl_typesupport_fastrtps_cpp.dir/rosidl_typesupport_fastrtps_cpp/turtlesim/srv/dds_fastrtps/spawn__type_support.cpp.o[0m
[7.943s] [ 29%] Built target turtlesim__rosidl_typesupport_introspection_cpp
[8.029s] [ 30%] [32mBuilding CXX object CMakeFiles/turtlesim__rosidl_typesupport_fastrtps_cpp.dir/rosidl_typesupport_fastrtps_cpp/turtlesim/srv/dds_fastrtps/teleport_absolute__type_support.cpp.o[0m
[8.132s] [ 31%] [32mBuilding CXX object CMakeFiles/turtlesim__rosidl_typesupport_fastrtps_cpp.dir/rosidl_typesupport_fastrtps_cpp/turtlesim/srv/dds_fastrtps/teleport_relative__type_support.cpp.o[0m
[8.208s] [35m[1mScanning dependencies of target turtlesim__rosidl_typesupport_introspection_c[0m
[8.243s] [ 32%] [32mBuilding C object CMakeFiles/turtlesim__rosidl_typesupport_introspection_c.dir/rosidl_typesupport_introspection_c/turtlesim/srv/kill__type_support.c.o[0m
[8.251s] [ 34%] [32mBuilding C object CMakeFiles/turtlesim__rosidl_typesupport_introspection_c.dir/rosidl_typesupport_introspection_c/turtlesim/msg/pose__type_support.c.o[0m
[8.272s] [ 35%] [32mBuilding C object CMakeFiles/turtlesim__rosidl_typesupport_introspection_c.dir/rosidl_typesupport_introspection_c/turtlesim/msg/color__type_support.c.o[0m
[8.284s] [ 36%] [32mBuilding C object CMakeFiles/turtlesim__rosidl_typesupport_introspection_c.dir/rosidl_typesupport_introspection_c/turtlesim/srv/set_pen__type_support.c.o[0m
[8.285s] [ 37%] [32mBuilding C object CMakeFiles/turtlesim__rosidl_typesupport_introspection_c.dir/rosidl_typesupport_introspection_c/turtlesim/action/rotate_absolute__type_support.c.o[0m
[8.352s] [ 38%] [32mBuilding C object CMakeFiles/turtlesim__rosidl_typesupport_introspection_c.dir/rosidl_typesupport_introspection_c/turtlesim/srv/spawn__type_support.c.o[0m
[8.364s] [ 39%] [32mBuilding C object CMakeFiles/turtlesim__rosidl_typesupport_introspection_c.dir/rosidl_typesupport_introspection_c/turtlesim/srv/teleport_absolute__type_support.c.o[0m
[8.390s] [ 40%] [32mBuilding C object CMakeFiles/turtlesim__rosidl_typesupport_introspection_c.dir/rosidl_typesupport_introspection_c/turtlesim/srv/teleport_relative__type_support.c.o[0m
[8.482s] [ 41%] [32m[1mLinking C shared library libturtlesim__rosidl_typesupport_introspection_c.so[0m
[8.549s] [ 41%] Built target turtlesim__rosidl_typesupport_introspection_c
[8.857s] [ 42%] [32m[1mLinking CXX shared library libturtlesim__rosidl_typesupport_fastrtps_cpp.so[0m
[8.973s] [ 42%] Built target turtlesim__rosidl_typesupport_fastrtps_cpp
[8.988s] [ 44%] [34m[1mGenerating C type support for eProsima Fast-RTPS[0m
[8.988s] [ 44%] [34m[1mGenerating C++ type support dispatch for ROS interfaces[0m
[9.823s] [35m[1mScanning dependencies of target turtlesim__rosidl_typesupport_cpp[0m
[9.867s] [ 46%] [32mBuilding CXX object CMakeFiles/turtlesim__rosidl_typesupport_cpp.dir/rosidl_typesupport_cpp/turtlesim/action/rotate_absolute__type_support.cpp.o[0m
[9.867s] [ 46%] [32mBuilding CXX object CMakeFiles/turtlesim__rosidl_typesupport_cpp.dir/rosidl_typesupport_cpp/turtlesim/msg/color__type_support.cpp.o[0m
[9.868s] [ 47%] [32mBuilding CXX object CMakeFiles/turtlesim__rosidl_typesupport_cpp.dir/rosidl_typesupport_cpp/turtlesim/msg/pose__type_support.cpp.o[0m
[9.869s] [ 48%] [32mBuilding CXX object CMakeFiles/turtlesim__rosidl_typesupport_cpp.dir/rosidl_typesupport_cpp/turtlesim/srv/kill__type_support.cpp.o[0m
[9.870s] [ 49%] [32mBuilding CXX object CMakeFiles/turtlesim__rosidl_typesupport_cpp.dir/rosidl_typesupport_cpp/turtlesim/srv/teleport_absolute__type_support.cpp.o[0m
[9.871s] [ 50%] [32mBuilding CXX object CMakeFiles/turtlesim__rosidl_typesupport_cpp.dir/rosidl_typesupport_cpp/turtlesim/srv/spawn__type_support.cpp.o[0m
[9.886s] [ 51%] [32mBuilding CXX object CMakeFiles/turtlesim__rosidl_typesupport_cpp.dir/rosidl_typesupport_cpp/turtlesim/srv/set_pen__type_support.cpp.o[0m
[10.819s] [ 52%] [32mBuilding CXX object CMakeFiles/turtlesim__rosidl_typesupport_cpp.dir/rosidl_typesupport_cpp/turtlesim/srv/teleport_relative__type_support.cpp.o[0m
[11.005s] [35m[1mScanning dependencies of target turtlesim__rosidl_typesupport_fastrtps_c[0m
[11.062s] [ 54%] [32mBuilding CXX object CMakeFiles/turtlesim__rosidl_typesupport_fastrtps_c.dir/rosidl_typesupport_fastrtps_c/turtlesim/action/rotate_absolute__type_support_c.cpp.o[0m
[11.063s] [ 55%] [32mBuilding CXX object CMakeFiles/turtlesim__rosidl_typesupport_fastrtps_c.dir/rosidl_typesupport_fastrtps_c/turtlesim/msg/color__type_support_c.cpp.o[0m
[11.064s] [ 56%] [32mBuilding CXX object CMakeFiles/turtlesim__rosidl_typesupport_fastrtps_c.dir/rosidl_typesupport_fastrtps_c/turtlesim/srv/kill__type_support_c.cpp.o[0m
[11.065s] [ 57%] [32mBuilding CXX object CMakeFiles/turtlesim__rosidl_typesupport_fastrtps_c.dir/rosidl_typesupport_fastrtps_c/turtlesim/srv/set_pen__type_support_c.cpp.o[0m
[11.065s] [ 54%] [32mBuilding CXX object CMakeFiles/turtlesim__rosidl_typesupport_fastrtps_c.dir/rosidl_typesupport_fastrtps_c/turtlesim/msg/pose__type_support_c.cpp.o[0m
[11.066s] [ 58%] [32mBuilding CXX object CMakeFiles/turtlesim__rosidl_typesupport_fastrtps_c.dir/rosidl_typesupport_fastrtps_c/turtlesim/srv/spawn__type_support_c.cpp.o[0m
[11.084s] [ 59%] [32mBuilding CXX object CMakeFiles/turtlesim__rosidl_typesupport_fastrtps_c.dir/rosidl_typesupport_fastrtps_c/turtlesim/srv/teleport_absolute__type_support_c.cpp.o[0m
[11.683s] [ 60%] [32m[1mLinking CXX shared library libturtlesim__rosidl_typesupport_cpp.so[0m
[11.965s] [ 61%] [32mBuilding CXX object CMakeFiles/turtlesim__rosidl_typesupport_fastrtps_c.dir/rosidl_typesupport_fastrtps_c/turtlesim/srv/teleport_relative__type_support_c.cpp.o[0m
[12.045s] [ 61%] Built target turtlesim__rosidl_typesupport_cpp
[12.424s] [ 62%] [32m[1mLinking CXX shared library libturtlesim__rosidl_typesupport_fastrtps_c.so[0m
[12.539s] [ 62%] Built target turtlesim__rosidl_typesupport_fastrtps_c
[12.553s] [ 63%] [34m[1mGenerating C type support dispatch for ROS interfaces[0m
[13.258s] [35m[1mScanning dependencies of target turtlesim__rosidl_typesupport_c[0m
[13.285s] [ 65%] [32mBuilding CXX object CMakeFiles/turtlesim__rosidl_typesupport_c.dir/rosidl_typesupport_c/turtlesim/action/rotate_absolute__type_support.cpp.o[0m
[13.286s] [ 65%] [32mBuilding CXX object CMakeFiles/turtlesim__rosidl_typesupport_c.dir/rosidl_typesupport_c/turtlesim/msg/pose__type_support.cpp.o[0m
[13.286s] [ 67%] [32mBuilding CXX object CMakeFiles/turtlesim__rosidl_typesupport_c.dir/rosidl_typesupport_c/turtlesim/srv/kill__type_support.cpp.o[0m
[13.287s] [ 68%] [32mBuilding CXX object CMakeFiles/turtlesim__rosidl_typesupport_c.dir/rosidl_typesupport_c/turtlesim/srv/spawn__type_support.cpp.o[0m
[13.288s] [ 69%] [32mBuilding CXX object CMakeFiles/turtlesim__rosidl_typesupport_c.dir/rosidl_typesupport_c/turtlesim/srv/set_pen__type_support.cpp.o[0m
[13.293s] [ 70%] [32mBuilding CXX object CMakeFiles/turtlesim__rosidl_typesupport_c.dir/rosidl_typesupport_c/turtlesim/msg/color__type_support.cpp.o[0m
[13.293s] [ 71%] [32mBuilding CXX object CMakeFiles/turtlesim__rosidl_typesupport_c.dir/rosidl_typesupport_c/turtlesim/srv/teleport_absolute__type_support.cpp.o[0m
[13.295s] [ 72%] [32mBuilding CXX object CMakeFiles/turtlesim__rosidl_typesupport_c.dir/rosidl_typesupport_c/turtlesim/srv/teleport_relative__type_support.cpp.o[0m
[13.359s] [ 73%] [32m[1mLinking CXX shared library libturtlesim__rosidl_typesupport_c.so[0m
[13.437s] [ 73%] Built target turtlesim__rosidl_typesupport_c
[13.450s] [35m[1mScanning dependencies of target turtlesim[0m
[13.463s] [ 73%] Built target turtlesim
[13.479s] [ 74%] [34m[1mGenerating include/turtlesim/moc_turtle_frame.cpp[0m
[13.479s] [35m[1mScanning dependencies of target turtlesim__py[0m
[13.482s] [35m[1mScanning dependencies of target mimic[0m
[13.483s] [35m[1mScanning dependencies of target draw_square[0m
[13.484s] [35m[1mScanning dependencies of target turtle_teleop_key[0m
[13.500s] [ 75%] [34m[1mGenerating Python code for ROS interfaces[0m
[13.542s] [ 76%] [32mBuilding CXX object CMakeFiles/turtle_teleop_key.dir/tutorials/teleop_turtle_key.cpp.o[0m
[13.544s] [ 77%] [32mBuilding CXX object CMakeFiles/draw_square.dir/tutorials/draw_square.cpp.o[0m
[13.550s] [ 78%] [32mBuilding CXX object CMakeFiles/mimic.dir/tutorials/mimic.cpp.o[0m
[13.589s] [35m[1mScanning dependencies of target turtlesim_node[0m
[13.762s] [ 79%] [32mBuilding CXX object CMakeFiles/turtlesim_node.dir/src/turtlesim.cpp.o[0m
[13.764s] [ 80%] [32mBuilding CXX object CMakeFiles/turtlesim_node.dir/src/turtle.cpp.o[0m
[13.772s] [ 81%] [32mBuilding CXX object CMakeFiles/turtlesim_node.dir/src/turtle_frame.cpp.o[0m
[13.782s] [ 82%] [32mBuilding CXX object CMakeFiles/turtlesim_node.dir/include/turtlesim/moc_turtle_frame.cpp.o[0m
[21.033s] [ 82%] Built target turtlesim__py
[21.064s] [35m[1mScanning dependencies of target turtlesim__python[0m
[21.224s] [ 83%] [32mBuilding C object CMakeFiles/turtlesim__python.dir/rosidl_generator_py/turtlesim/msg/_pose_s.c.o[0m
[21.246s] [ 84%] [32mBuilding C object CMakeFiles/turtlesim__python.dir/rosidl_generator_py/turtlesim/msg/_color_s.c.o[0m
[21.255s] [ 85%] [32mBuilding C object CMakeFiles/turtlesim__python.dir/rosidl_generator_py/turtlesim/action/_rotate_absolute_s.c.o[0m
[21.521s] [ 86%] [32mBuilding C object CMakeFiles/turtlesim__python.dir/rosidl_generator_py/turtlesim/srv/_kill_s.c.o[0m
[21.627s] [ 87%] [32mBuilding C object CMakeFiles/turtlesim__python.dir/rosidl_generator_py/turtlesim/srv/_set_pen_s.c.o[0m
[21.736s] [ 88%] [32mBuilding C object CMakeFiles/turtlesim__python.dir/rosidl_generator_py/turtlesim/srv/_spawn_s.c.o[0m
[21.945s] [ 89%] [32mBuilding C object CMakeFiles/turtlesim__python.dir/rosidl_generator_py/turtlesim/srv/_teleport_absolute_s.c.o[0m
[21.967s] [ 90%] [32mBuilding C object CMakeFiles/turtlesim__python.dir/rosidl_generator_py/turtlesim/srv/_teleport_relative_s.c.o[0m
[22.234s] [ 91%] [32m[1mLinking CXX shared library rosidl_generator_py/turtlesim/libturtlesim__python.so[0m
[22.425s] [ 92%] [32m[1mLinking CXX executable mimic[0m
[22.438s] [ 92%] Built target turtlesim__python
[22.465s] [35m[1mScanning dependencies of target turtlesim__rosidl_typesupport_c__pyext[0m
[22.467s] [35m[1mScanning dependencies of target turtlesim__rosidl_typesupport_fastrtps_c__pyext[0m
[22.541s] [ 93%] [32mBuilding C object CMakeFiles/turtlesim__rosidl_typesupport_c__pyext.dir/rosidl_generator_py/turtlesim/_turtlesim_s.ep.rosidl_typesupport_c.c.o[0m
[22.546s] [ 94%] [32mBuilding C object CMakeFiles/turtlesim__rosidl_typesupport_fastrtps_c__pyext.dir/rosidl_generator_py/turtlesim/_turtlesim_s.ep.rosidl_typesupport_fastrtps_c.c.o[0m
[22.837s] [ 95%] [32m[1mLinking CXX executable turtle_teleop_key[0m
[23.022s] [ 96%] [32m[1mLinking CXX shared library rosidl_generator_py/turtlesim/turtlesim_s__rosidl_typesupport_c.cpython-36m-x86_64-linux-gnu.so[0m
[23.057s] [ 97%] [32m[1mLinking CXX shared library rosidl_generator_py/turtlesim/turtlesim_s__rosidl_typesupport_fastrtps_c.cpython-36m-x86_64-linux-gnu.so[0m
[23.107s] [ 97%] Built target mimic
[23.251s] [ 97%] Built target turtlesim__rosidl_typesupport_c__pyext
[23.281s] [ 97%] Built target turtlesim__rosidl_typesupport_fastrtps_c__pyext
[23.499s] [ 97%] Built target turtle_teleop_key
[23.573s] [ 98%] [32m[1mLinking CXX executable draw_square[0m
[24.100s] [ 98%] Built target draw_square
[26.471s] [100%] [32m[1mLinking CXX executable turtlesim_node[0m
[27.992s] [100%] Built target turtlesim_node
[28.007s] Invoked command in '/home/aitor/ros2/week1/build/turtlesim' returned '0': CMAKE_PREFIX_PATH=/opt/ros/eloquent /usr/bin/cmake --build /home/aitor/ros2/week1/build/turtlesim -- -j8 -l8
[28.207s] Invoking command in '/home/aitor/ros2/week1/build/turtlesim': CMAKE_PREFIX_PATH=/opt/ros/eloquent /usr/bin/cmake --build /home/aitor/ros2/week1/build/turtlesim --target install -- -j8 -l8
[28.281s] [  1%] Built target turtlesim__cpp
[28.291s] [ 11%] Built target turtlesim__rosidl_generator_c
[28.317s] [ 21%] Built target turtlesim__rosidl_typesupport_introspection_cpp
[28.324s] [ 31%] Built target turtlesim__rosidl_typesupport_fastrtps_cpp
[28.325s] [ 42%] Built target turtlesim__rosidl_typesupport_introspection_c
[28.367s] [ 52%] Built target turtlesim__rosidl_typesupport_cpp
[28.369s] [ 62%] Built target turtlesim__rosidl_typesupport_fastrtps_c
[28.403s] [ 73%] Built target turtlesim__rosidl_typesupport_c
[28.429s] [ 73%] Built target turtlesim
[28.465s] [ 74%] Built target turtlesim__py
[28.475s] [ 76%] Built target turtle_teleop_key
[28.477s] [ 78%] Built target draw_square
[28.480s] [ 80%] Built target mimic
[28.516s] [ 89%] Built target turtlesim__python
[28.517s] [ 95%] Built target turtlesim_node
[28.551s] [100%] Built target turtlesim__rosidl_typesupport_c__pyext
[28.551s] [100%] Built target turtlesim__rosidl_typesupport_fastrtps_c__pyext
[28.576s] [36mInstall the project...[0m
[28.587s] -- Install configuration: ""
[28.587s] -- Execute custom install script
[28.588s] -- Symlinking: /home/aitor/ros2/week1/install/turtlesim/share/ament_index/resource_index/rosidl_interfaces/turtlesim
[28.600s] -- Symlinking: /home/aitor/ros2/week1/install/turtlesim/include/turtlesim/action/rotate_absolute.hpp
[28.612s] -- Symlinking: /home/aitor/ros2/week1/install/turtlesim/include/turtlesim/action/rotate_absolute__struct.hpp
[28.623s] -- Symlinking: /home/aitor/ros2/week1/install/turtlesim/include/turtlesim/action/rotate_absolute__traits.hpp
[28.635s] -- Symlinking: /home/aitor/ros2/week1/install/turtlesim/include/turtlesim/msg/color.hpp
[28.646s] -- Symlinking: /home/aitor/ros2/week1/install/turtlesim/include/turtlesim/msg/color__struct.hpp
[28.657s] -- Symlinking: /home/aitor/ros2/week1/install/turtlesim/include/turtlesim/msg/color__traits.hpp
[28.668s] -- Symlinking: /home/aitor/ros2/week1/install/turtlesim/include/turtlesim/msg/pose.hpp
[28.679s] -- Symlinking: /home/aitor/ros2/week1/install/turtlesim/include/turtlesim/msg/pose__struct.hpp
[28.690s] -- Symlinking: /home/aitor/ros2/week1/install/turtlesim/include/turtlesim/msg/pose__traits.hpp
[28.700s] -- Symlinking: /home/aitor/ros2/week1/install/turtlesim/include/turtlesim/srv/kill.hpp
[28.711s] -- Symlinking: /home/aitor/ros2/week1/install/turtlesim/include/turtlesim/srv/kill__struct.hpp
[28.722s] -- Symlinking: /home/aitor/ros2/week1/install/turtlesim/include/turtlesim/srv/kill__traits.hpp
[28.733s] -- Symlinking: /home/aitor/ros2/week1/install/turtlesim/include/turtlesim/srv/set_pen.hpp
[28.744s] -- Symlinking: /home/aitor/ros2/week1/install/turtlesim/include/turtlesim/srv/set_pen__struct.hpp
[28.754s] -- Symlinking: /home/aitor/ros2/week1/install/turtlesim/include/turtlesim/srv/set_pen__traits.hpp
[28.765s] -- Symlinking: /home/aitor/ros2/week1/install/turtlesim/include/turtlesim/srv/spawn.hpp
[28.776s] -- Symlinking: /home/aitor/ros2/week1/install/turtlesim/include/turtlesim/srv/spawn__struct.hpp
[28.787s] -- Symlinking: /home/aitor/ros2/week1/install/turtlesim/include/turtlesim/srv/spawn__traits.hpp
[28.798s] -- Symlinking: /home/aitor/ros2/week1/install/turtlesim/include/turtlesim/srv/teleport_absolute.hpp
[28.808s] -- Symlinking: /home/aitor/ros2/week1/install/turtlesim/include/turtlesim/srv/teleport_absolute__struct.hpp
[28.820s] -- Symlinking: /home/aitor/ros2/week1/install/turtlesim/include/turtlesim/srv/teleport_absolute__traits.hpp
[28.831s] -- Symlinking: /home/aitor/ros2/week1/install/turtlesim/include/turtlesim/srv/teleport_relative.hpp
[28.841s] -- Symlinking: /home/aitor/ros2/week1/install/turtlesim/include/turtlesim/srv/teleport_relative__struct.hpp
[28.852s] -- Symlinking: /home/aitor/ros2/week1/install/turtlesim/include/turtlesim/srv/teleport_relative__traits.hpp
[28.864s] -- Symlinking: /home/aitor/ros2/week1/install/turtlesim/include/turtlesim/action/rotate_absolute.h
[28.875s] -- Symlinking: /home/aitor/ros2/week1/install/turtlesim/include/turtlesim/action/rotate_absolute__functions.h
[28.886s] -- Symlinking: /home/aitor/ros2/week1/install/turtlesim/include/turtlesim/action/rotate_absolute__struct.h
[28.897s] -- Symlinking: /home/aitor/ros2/week1/install/turtlesim/include/turtlesim/action/rotate_absolute__type_support.h
[28.907s] -- Symlinking: /home/aitor/ros2/week1/install/turtlesim/include/turtlesim/msg/color.h
[28.918s] -- Symlinking: /home/aitor/ros2/week1/install/turtlesim/include/turtlesim/msg/color__functions.h
[28.929s] -- Symlinking: /home/aitor/ros2/week1/install/turtlesim/include/turtlesim/msg/color__struct.h
[28.940s] -- Symlinking: /home/aitor/ros2/week1/install/turtlesim/include/turtlesim/msg/color__type_support.h
[28.951s] -- Symlinking: /home/aitor/ros2/week1/install/turtlesim/include/turtlesim/msg/pose.h
[28.961s] -- Symlinking: /home/aitor/ros2/week1/install/turtlesim/include/turtlesim/msg/pose__functions.h
[28.972s] -- Symlinking: /home/aitor/ros2/week1/install/turtlesim/include/turtlesim/msg/pose__struct.h
[28.982s] -- Symlinking: /home/aitor/ros2/week1/install/turtlesim/include/turtlesim/msg/pose__type_support.h
[28.993s] -- Symlinking: /home/aitor/ros2/week1/install/turtlesim/include/turtlesim/msg/rosidl_generator_c__visibility_control.h
[29.003s] -- Symlinking: /home/aitor/ros2/week1/install/turtlesim/include/turtlesim/srv/kill.h
[29.014s] -- Symlinking: /home/aitor/ros2/week1/install/turtlesim/include/turtlesim/srv/kill__functions.h
[29.025s] -- Symlinking: /home/aitor/ros2/week1/install/turtlesim/include/turtlesim/srv/kill__struct.h
[29.035s] -- Symlinking: /home/aitor/ros2/week1/install/turtlesim/include/turtlesim/srv/kill__type_support.h
[29.045s] -- Symlinking: /home/aitor/ros2/week1/install/turtlesim/include/turtlesim/srv/set_pen.h
[29.056s] -- Symlinking: /home/aitor/ros2/week1/install/turtlesim/include/turtlesim/srv/set_pen__functions.h
[29.066s] -- Symlinking: /home/aitor/ros2/week1/install/turtlesim/include/turtlesim/srv/set_pen__struct.h
[29.077s] -- Symlinking: /home/aitor/ros2/week1/install/turtlesim/include/turtlesim/srv/set_pen__type_support.h
[29.087s] -- Symlinking: /home/aitor/ros2/week1/install/turtlesim/include/turtlesim/srv/spawn.h
[29.097s] -- Symlinking: /home/aitor/ros2/week1/install/turtlesim/include/turtlesim/srv/spawn__functions.h
[29.108s] -- Symlinking: /home/aitor/ros2/week1/install/turtlesim/include/turtlesim/srv/spawn__struct.h
[29.118s] -- Symlinking: /home/aitor/ros2/week1/install/turtlesim/include/turtlesim/srv/spawn__type_support.h
[29.129s] -- Symlinking: /home/aitor/ros2/week1/install/turtlesim/include/turtlesim/srv/teleport_absolute.h
[29.139s] -- Symlinking: /home/aitor/ros2/week1/install/turtlesim/include/turtlesim/srv/teleport_absolute__functions.h
[29.150s] -- Symlinking: /home/aitor/ros2/week1/install/turtlesim/include/turtlesim/srv/teleport_absolute__struct.h
[29.160s] -- Symlinking: /home/aitor/ros2/week1/install/turtlesim/include/turtlesim/srv/teleport_absolute__type_support.h
[29.171s] -- Symlinking: /home/aitor/ros2/week1/install/turtlesim/include/turtlesim/srv/teleport_relative.h
[29.181s] -- Symlinking: /home/aitor/ros2/week1/install/turtlesim/include/turtlesim/srv/teleport_relative__functions.h
[29.191s] -- Symlinking: /home/aitor/ros2/week1/install/turtlesim/include/turtlesim/srv/teleport_relative__struct.h
[29.202s] -- Symlinking: /home/aitor/ros2/week1/install/turtlesim/include/turtlesim/srv/teleport_relative__type_support.h
[29.213s] -- Symlinking: /home/aitor/ros2/week1/install/turtlesim/share/turtlesim/environment/library_path.sh
[29.223s] -- Symlinking: /home/aitor/ros2/week1/install/turtlesim/share/turtlesim/environment/library_path.dsv
[29.234s] -- Symlinking: /home/aitor/ros2/week1/install/turtlesim/lib/libturtlesim__rosidl_generator_c.so
[29.245s] -- Symlinking: /home/aitor/ros2/week1/install/turtlesim/lib/libturtlesim__rosidl_typesupport_c.so
[29.255s] -- Symlinking: /home/aitor/ros2/week1/install/turtlesim/lib/libturtlesim__rosidl_typesupport_cpp.so
[29.266s] -- Symlinking: /home/aitor/ros2/week1/install/turtlesim/include/turtlesim/action/rotate_absolute__rosidl_typesupport_introspection_c.h
[29.276s] -- Symlinking: /home/aitor/ros2/week1/install/turtlesim/include/turtlesim/msg/color__rosidl_typesupport_introspection_c.h
[29.287s] -- Symlinking: /home/aitor/ros2/week1/install/turtlesim/include/turtlesim/msg/pose__rosidl_typesupport_introspection_c.h
[29.297s] -- Symlinking: /home/aitor/ros2/week1/install/turtlesim/include/turtlesim/msg/rosidl_typesupport_introspection_c__visibility_control.h
[29.307s] -- Symlinking: /home/aitor/ros2/week1/install/turtlesim/include/turtlesim/srv/kill__rosidl_typesupport_introspection_c.h
[29.318s] -- Symlinking: /home/aitor/ros2/week1/install/turtlesim/include/turtlesim/srv/set_pen__rosidl_typesupport_introspection_c.h
[29.329s] -- Symlinking: /home/aitor/ros2/week1/install/turtlesim/include/turtlesim/srv/spawn__rosidl_typesupport_introspection_c.h
[29.339s] -- Symlinking: /home/aitor/ros2/week1/install/turtlesim/include/turtlesim/srv/teleport_absolute__rosidl_typesupport_introspection_c.h
[29.349s] -- Symlinking: /home/aitor/ros2/week1/install/turtlesim/include/turtlesim/srv/teleport_relative__rosidl_typesupport_introspection_c.h
[29.360s] -- Symlinking: /home/aitor/ros2/week1/install/turtlesim/lib/libturtlesim__rosidl_typesupport_introspection_c.so
[29.371s] -- Symlinking: /home/aitor/ros2/week1/install/turtlesim/include/turtlesim/action/rotate_absolute__rosidl_typesupport_introspection_cpp.hpp
[29.382s] -- Symlinking: /home/aitor/ros2/week1/install/turtlesim/include/turtlesim/msg/color__rosidl_typesupport_introspection_cpp.hpp
[29.392s] -- Symlinking: /home/aitor/ros2/week1/install/turtlesim/include/turtlesim/msg/pose__rosidl_typesupport_introspection_cpp.hpp
[29.402s] -- Symlinking: /home/aitor/ros2/week1/install/turtlesim/include/turtlesim/srv/kill__rosidl_typesupport_introspection_cpp.hpp
[29.413s] -- Symlinking: /home/aitor/ros2/week1/install/turtlesim/include/turtlesim/srv/set_pen__rosidl_typesupport_introspection_cpp.hpp
[29.424s] -- Symlinking: /home/aitor/ros2/week1/install/turtlesim/include/turtlesim/srv/spawn__rosidl_typesupport_introspection_cpp.hpp
[29.435s] -- Symlinking: /home/aitor/ros2/week1/install/turtlesim/include/turtlesim/srv/teleport_absolute__rosidl_typesupport_introspection_cpp.hpp
[29.445s] -- Symlinking: /home/aitor/ros2/week1/install/turtlesim/include/turtlesim/srv/teleport_relative__rosidl_typesupport_introspection_cpp.hpp
[29.456s] -- Symlinking: /home/aitor/ros2/week1/install/turtlesim/lib/libturtlesim__rosidl_typesupport_introspection_cpp.so
[29.467s] -- Symlinking: /home/aitor/ros2/week1/install/turtlesim/include/turtlesim/action/rotate_absolute__rosidl_typesupport_fastrtps_c.h
[29.478s] -- Symlinking: /home/aitor/ros2/week1/install/turtlesim/include/turtlesim/msg/color__rosidl_typesupport_fastrtps_c.h
[29.488s] -- Symlinking: /home/aitor/ros2/week1/install/turtlesim/include/turtlesim/msg/pose__rosidl_typesupport_fastrtps_c.h
[29.499s] -- Symlinking: /home/aitor/ros2/week1/install/turtlesim/include/turtlesim/msg/rosidl_typesupport_fastrtps_c__visibility_control.h
[29.509s] -- Symlinking: /home/aitor/ros2/week1/install/turtlesim/include/turtlesim/srv/kill__rosidl_typesupport_fastrtps_c.h
[29.520s] -- Symlinking: /home/aitor/ros2/week1/install/turtlesim/include/turtlesim/srv/set_pen__rosidl_typesupport_fastrtps_c.h
[29.531s] -- Symlinking: /home/aitor/ros2/week1/install/turtlesim/include/turtlesim/srv/spawn__rosidl_typesupport_fastrtps_c.h
[29.542s] -- Symlinking: /home/aitor/ros2/week1/install/turtlesim/include/turtlesim/srv/teleport_absolute__rosidl_typesupport_fastrtps_c.h
[29.552s] -- Symlinking: /home/aitor/ros2/week1/install/turtlesim/include/turtlesim/srv/teleport_relative__rosidl_typesupport_fastrtps_c.h
[29.563s] -- Symlinking: /home/aitor/ros2/week1/install/turtlesim/lib/libturtlesim__rosidl_typesupport_fastrtps_c.so
[29.574s] -- Symlinking: /home/aitor/ros2/week1/install/turtlesim/include/turtlesim/action/rotate_absolute__rosidl_typesupport_fastrtps_cpp.hpp
[29.585s] -- Symlinking: /home/aitor/ros2/week1/install/turtlesim/include/turtlesim/msg/color__rosidl_typesupport_fastrtps_cpp.hpp
[29.595s] -- Symlinking: /home/aitor/ros2/week1/install/turtlesim/include/turtlesim/msg/pose__rosidl_typesupport_fastrtps_cpp.hpp
[29.606s] -- Symlinking: /home/aitor/ros2/week1/install/turtlesim/include/turtlesim/msg/rosidl_typesupport_fastrtps_cpp__visibility_control.h
[29.616s] -- Symlinking: /home/aitor/ros2/week1/install/turtlesim/include/turtlesim/srv/kill__rosidl_typesupport_fastrtps_cpp.hpp
[29.627s] -- Symlinking: /home/aitor/ros2/week1/install/turtlesim/include/turtlesim/srv/set_pen__rosidl_typesupport_fastrtps_cpp.hpp
[29.638s] -- Symlinking: /home/aitor/ros2/week1/install/turtlesim/include/turtlesim/srv/spawn__rosidl_typesupport_fastrtps_cpp.hpp
[29.648s] -- Symlinking: /home/aitor/ros2/week1/install/turtlesim/include/turtlesim/srv/teleport_absolute__rosidl_typesupport_fastrtps_cpp.hpp
[29.659s] -- Symlinking: /home/aitor/ros2/week1/install/turtlesim/include/turtlesim/srv/teleport_relative__rosidl_typesupport_fastrtps_cpp.hpp
[29.670s] -- Symlinking: /home/aitor/ros2/week1/install/turtlesim/lib/libturtlesim__rosidl_typesupport_fastrtps_cpp.so
[29.680s] -- Symlinking: /home/aitor/ros2/week1/install/turtlesim/share/turtlesim/environment/pythonpath.sh
[29.691s] -- Symlinking: /home/aitor/ros2/week1/install/turtlesim/share/turtlesim/environment/pythonpath.dsv
[29.701s] -- Symlinking: /home/aitor/ros2/week1/install/turtlesim/lib/python3.6/site-packages/turtlesim/__init__.py
[29.713s] -- Symlinking: /home/aitor/ros2/week1/install/turtlesim/lib/python3.6/site-packages/turtlesim/action/__init__.py
[29.724s] -- Symlinking: /home/aitor/ros2/week1/install/turtlesim/lib/python3.6/site-packages/turtlesim/action/_rotate_absolute.py
[29.735s] -- Symlinking: /home/aitor/ros2/week1/install/turtlesim/lib/python3.6/site-packages/turtlesim/msg/__init__.py
[29.745s] -- Symlinking: /home/aitor/ros2/week1/install/turtlesim/lib/python3.6/site-packages/turtlesim/msg/_color.py
[29.756s] -- Symlinking: /home/aitor/ros2/week1/install/turtlesim/lib/python3.6/site-packages/turtlesim/msg/_pose.py
[29.767s] -- Symlinking: /home/aitor/ros2/week1/install/turtlesim/lib/python3.6/site-packages/turtlesim/srv/__init__.py
[29.777s] -- Symlinking: /home/aitor/ros2/week1/install/turtlesim/lib/python3.6/site-packages/turtlesim/srv/_kill.py
[29.788s] -- Symlinking: /home/aitor/ros2/week1/install/turtlesim/lib/python3.6/site-packages/turtlesim/srv/_set_pen.py
[29.798s] -- Symlinking: /home/aitor/ros2/week1/install/turtlesim/lib/python3.6/site-packages/turtlesim/srv/_spawn.py
[29.808s] -- Symlinking: /home/aitor/ros2/week1/install/turtlesim/lib/python3.6/site-packages/turtlesim/srv/_teleport_absolute.py
[29.820s] -- Symlinking: /home/aitor/ros2/week1/install/turtlesim/lib/python3.6/site-packages/turtlesim/srv/_teleport_relative.py
[29.831s] -- Symlinking: /home/aitor/ros2/week1/install/turtlesim/lib/python3.6/site-packages/turtlesim/turtlesim_s__rosidl_typesupport_c.cpython-36m-x86_64-linux-gnu.so
[29.841s] -- Symlinking: /home/aitor/ros2/week1/install/turtlesim/lib/python3.6/site-packages/turtlesim/turtlesim_s__rosidl_typesupport_fastrtps_c.cpython-36m-x86_64-linux-gnu.so
[29.852s] -- Symlinking: /home/aitor/ros2/week1/install/turtlesim/lib/libturtlesim__python.so
[29.863s] -- Symlinking: /home/aitor/ros2/week1/install/turtlesim/share/turtlesim/action/RotateAbsolute.idl
[29.874s] -- Symlinking: /home/aitor/ros2/week1/install/turtlesim/share/turtlesim/msg/Color.idl
[29.885s] -- Symlinking: /home/aitor/ros2/week1/install/turtlesim/share/turtlesim/msg/Pose.idl
[29.896s] -- Symlinking: /home/aitor/ros2/week1/install/turtlesim/share/turtlesim/srv/Kill.idl
[29.907s] -- Symlinking: /home/aitor/ros2/week1/install/turtlesim/share/turtlesim/srv/SetPen.idl
[29.918s] -- Symlinking: /home/aitor/ros2/week1/install/turtlesim/share/turtlesim/srv/Spawn.idl
[29.928s] -- Symlinking: /home/aitor/ros2/week1/install/turtlesim/share/turtlesim/srv/TeleportAbsolute.idl
[29.939s] -- Symlinking: /home/aitor/ros2/week1/install/turtlesim/share/turtlesim/srv/TeleportRelative.idl
[29.949s] -- Symlinking: /home/aitor/ros2/week1/install/turtlesim/share/turtlesim/action/RotateAbsolute.action
[29.960s] -- Symlinking: /home/aitor/ros2/week1/install/turtlesim/share/turtlesim/msg/Color.msg
[29.970s] -- Symlinking: /home/aitor/ros2/week1/install/turtlesim/share/turtlesim/msg/Pose.msg
[29.980s] -- Symlinking: /home/aitor/ros2/week1/install/turtlesim/share/turtlesim/srv/Kill.srv
[29.990s] -- Symlinking: /home/aitor/ros2/week1/install/turtlesim/share/turtlesim/srv/Kill_Request.msg
[30.001s] -- Symlinking: /home/aitor/ros2/week1/install/turtlesim/share/turtlesim/srv/Kill_Response.msg
[30.011s] -- Symlinking: /home/aitor/ros2/week1/install/turtlesim/share/turtlesim/srv/SetPen.srv
[30.022s] -- Symlinking: /home/aitor/ros2/week1/install/turtlesim/share/turtlesim/srv/SetPen_Request.msg
[30.032s] -- Symlinking: /home/aitor/ros2/week1/install/turtlesim/share/turtlesim/srv/SetPen_Response.msg
[30.043s] -- Symlinking: /home/aitor/ros2/week1/install/turtlesim/share/turtlesim/srv/Spawn.srv
[30.053s] -- Symlinking: /home/aitor/ros2/week1/install/turtlesim/share/turtlesim/srv/Spawn_Request.msg
[30.063s] -- Symlinking: /home/aitor/ros2/week1/install/turtlesim/share/turtlesim/srv/Spawn_Response.msg
[30.073s] -- Symlinking: /home/aitor/ros2/week1/install/turtlesim/share/turtlesim/srv/TeleportAbsolute.srv
[30.084s] -- Symlinking: /home/aitor/ros2/week1/install/turtlesim/share/turtlesim/srv/TeleportAbsolute_Request.msg
[30.094s] -- Symlinking: /home/aitor/ros2/week1/install/turtlesim/share/turtlesim/srv/TeleportAbsolute_Response.msg
[30.104s] -- Symlinking: /home/aitor/ros2/week1/install/turtlesim/share/turtlesim/srv/TeleportRelative.srv
[30.115s] -- Symlinking: /home/aitor/ros2/week1/install/turtlesim/share/turtlesim/srv/TeleportRelative_Request.msg
[30.126s] -- Symlinking: /home/aitor/ros2/week1/install/turtlesim/share/turtlesim/srv/TeleportRelative_Response.msg
[30.136s] -- Symlinking: /home/aitor/ros2/week1/install/turtlesim/lib/turtlesim/turtlesim_node
[30.147s] -- Symlinking: /home/aitor/ros2/week1/install/turtlesim/lib/turtlesim/turtle_teleop_key
[30.157s] -- Symlinking: /home/aitor/ros2/week1/install/turtlesim/lib/turtlesim/draw_square
[30.167s] -- Symlinking: /home/aitor/ros2/week1/install/turtlesim/lib/turtlesim/mimic
[30.177s] -- Symlinking: /home/aitor/ros2/week1/install/turtlesim/share/turtlesim/launch/multisim.launch.py
[30.188s] -- Symlinking: /home/aitor/ros2/week1/install/turtlesim/share/ament_index/resource_index/package_run_dependencies/turtlesim
[30.198s] -- Symlinking: /home/aitor/ros2/week1/install/turtlesim/share/ament_index/resource_index/parent_prefix_path/turtlesim
[30.208s] -- Symlinking: /home/aitor/ros2/week1/install/turtlesim/share/turtlesim/environment/ament_prefix_path.sh
[30.220s] -- Symlinking: /home/aitor/ros2/week1/install/turtlesim/share/turtlesim/environment/ament_prefix_path.dsv
[30.230s] -- Symlinking: /home/aitor/ros2/week1/install/turtlesim/share/turtlesim/environment/path.sh
[30.241s] -- Symlinking: /home/aitor/ros2/week1/install/turtlesim/share/turtlesim/environment/path.dsv
[30.252s] -- Symlinking: /home/aitor/ros2/week1/install/turtlesim/share/turtlesim/local_setup.bash
[30.262s] -- Symlinking: /home/aitor/ros2/week1/install/turtlesim/share/turtlesim/local_setup.sh
[30.273s] -- Symlinking: /home/aitor/ros2/week1/install/turtlesim/share/turtlesim/local_setup.zsh
[30.283s] -- Symlinking: /home/aitor/ros2/week1/install/turtlesim/share/turtlesim/local_setup.dsv
[30.294s] -- Symlinking: /home/aitor/ros2/week1/install/turtlesim/share/turtlesim/package.dsv
[30.304s] -- Symlinking: /home/aitor/ros2/week1/install/turtlesim/share/ament_index/resource_index/packages/turtlesim
[30.315s] -- Symlinking: /home/aitor/ros2/week1/install/turtlesim/share/turtlesim/cmake/rosidl_cmake-extras.cmake
[30.326s] -- Symlinking: /home/aitor/ros2/week1/install/turtlesim/share/turtlesim/cmake/ament_cmake_export_dependencies-extras.cmake
[30.337s] -- Symlinking: /home/aitor/ros2/week1/install/turtlesim/share/turtlesim/cmake/ament_cmake_export_include_directories-extras.cmake
[30.347s] -- Symlinking: /home/aitor/ros2/week1/install/turtlesim/share/turtlesim/cmake/ament_cmake_export_libraries-extras.cmake
[30.358s] -- Symlinking: /home/aitor/ros2/week1/install/turtlesim/share/turtlesim/cmake/turtlesimConfig.cmake
[30.368s] -- Symlinking: /home/aitor/ros2/week1/install/turtlesim/share/turtlesim/cmake/turtlesimConfig-version.cmake
[30.379s] -- Symlinking: /home/aitor/ros2/week1/install/turtlesim/share/turtlesim/package.xml
[30.429s] Compiling '/home/aitor/ros2/week1/install/turtlesim/lib/python3.6/site-packages/turtlesim/__init__.py'...
[30.433s] -- Installing: /home/aitor/ros2/week1/install/turtlesim/share/turtlesim/images
[30.434s] -- Installing: /home/aitor/ros2/week1/install/turtlesim/share/turtlesim/images/eloquent.png
[30.434s] -- Installing: /home/aitor/ros2/week1/install/turtlesim/share/turtlesim/images/bouncy.png
[30.434s] -- Installing: /home/aitor/ros2/week1/install/turtlesim/share/turtlesim/images/crystal.png
[30.434s] -- Installing: /home/aitor/ros2/week1/install/turtlesim/share/turtlesim/images/ardent.png
[30.434s] -- Installing: /home/aitor/ros2/week1/install/turtlesim/share/turtlesim/images/dashing.png
[30.439s] Invoked command in '/home/aitor/ros2/week1/build/turtlesim' returned '0': CMAKE_PREFIX_PATH=/opt/ros/eloquent /usr/bin/cmake --build /home/aitor/ros2/week1/build/turtlesim --target install -- -j8 -l8
