[0.177s] Invoking command in '/home/aitor/ros2/build/turtlesim': CMAKE_PREFIX_PATH=${CMAKE_PREFIX_PATH}:/home/aitor/ros2/week2_ws/install/my_python_package:/home/aitor/ros2/install/my_python_package:/opt/ros/eloquent /usr/bin/cmake /home/aitor/ros2/week1_ws/ros_tutorials/turtlesim -DAMENT_CMAKE_SYMLINK_INSTALL=1 -DCMAKE_INSTALL_PREFIX=/home/aitor/ros2/install/turtlesim
[0.191s] -- Found ament_cmake: 0.8.2 (/opt/ros/eloquent/share/ament_cmake/cmake)
[0.217s] -- Found PythonInterp: /usr/bin/python3 (found suitable version "3.6.9", minimum required is "3") 
[0.217s] -- Using PYTHON_EXECUTABLE: /usr/bin/python3
[0.360s] -- Override CMake install command with custom implementation using symlinks instead of copying resources
[0.366s] -- Found ament_index_cpp: 0.7.2 (/opt/ros/eloquent/share/ament_index_cpp/cmake)
[0.368s] -- Found geometry_msgs: 0.8.1 (/opt/ros/eloquent/share/geometry_msgs/cmake)
[0.376s] -- Found rosidl_adapter: 0.8.2 (/opt/ros/eloquent/share/rosidl_adapter/cmake)
[0.412s] -- Found rclcpp: 0.8.4 (/opt/ros/eloquent/share/rclcpp/cmake)
[0.422s] -- Found rmw_implementation_cmake: 0.8.1 (/opt/ros/eloquent/share/rmw_implementation_cmake/cmake)
[0.423s] -- Using RMW implementation 'rmw_fastrtps_cpp' as default
[0.447s] -- Found rclcpp_action: 0.8.4 (/opt/ros/eloquent/share/rclcpp_action/cmake)
[0.499s] -- Found rosidl_default_generators: 0.8.0 (/opt/ros/eloquent/share/rosidl_default_generators/cmake)
[0.563s] -- Found std_srvs: 0.8.1 (/opt/ros/eloquent/share/std_srvs/cmake)
[0.590s] -- Found PythonInterp: /usr/bin/python3 (found version "3.6.9") 
[0.760s] -- Using single matching rosidl_typesupport_c: rosidl_typesupport_fastrtps_c
[0.770s] -- Using single matching rosidl_typesupport_cpp: rosidl_typesupport_fastrtps_cpp
[0.888s] -- Found PythonInterp: /usr/bin/python3 (found suitable version "3.6.9", minimum required is "3.5") 
[0.888s] -- Found python_cmake_module: 0.8.0 (/opt/ros/eloquent/share/python_cmake_module/cmake)
[0.913s] -- Using PYTHON_EXECUTABLE: /usr/bin/python3
[0.913s] -- Using PYTHON_INCLUDE_DIRS: /usr/include/python3.6m
[0.913s] -- Using PYTHON_LIBRARIES: /usr/lib/x86_64-linux-gnu/libpython3.6m.so
[1.196s] -- Configuring done
[1.352s] -- Generating done
[1.356s] -- Build files have been written to: /home/aitor/ros2/build/turtlesim
[1.361s] Invoked command in '/home/aitor/ros2/build/turtlesim' returned '0': CMAKE_PREFIX_PATH=${CMAKE_PREFIX_PATH}:/home/aitor/ros2/week2_ws/install/my_python_package:/home/aitor/ros2/install/my_python_package:/opt/ros/eloquent /usr/bin/cmake /home/aitor/ros2/week1_ws/ros_tutorials/turtlesim -DAMENT_CMAKE_SYMLINK_INSTALL=1 -DCMAKE_INSTALL_PREFIX=/home/aitor/ros2/install/turtlesim
[1.363s] Invoking command in '/home/aitor/ros2/build/turtlesim': CMAKE_PREFIX_PATH=${CMAKE_PREFIX_PATH}:/home/aitor/ros2/week2_ws/install/my_python_package:/home/aitor/ros2/install/my_python_package:/opt/ros/eloquent /usr/bin/cmake --build /home/aitor/ros2/build/turtlesim -- -j8 -l8
[1.409s] [  1%] Built target turtlesim__cpp
[1.409s] [ 11%] Built target turtlesim__rosidl_generator_c
[1.437s] [ 24%] Built target turtlesim__rosidl_typesupport_introspection_c
[1.437s] [ 40%] Built target turtlesim__rosidl_typesupport_introspection_cpp
[1.437s] [ 42%] Built target turtlesim__rosidl_typesupport_fastrtps_cpp
[1.463s] [ 62%] Built target turtlesim__rosidl_typesupport_fastrtps_c
[1.463s] [ 62%] Built target turtlesim__rosidl_typesupport_cpp
[1.485s] [ 73%] Built target turtlesim__rosidl_typesupport_c
[1.503s] [ 73%] Built target turtlesim
[1.530s] [ 74%] Built target turtlesim__py
[1.538s] [ 76%] Built target draw_square
[1.540s] [ 78%] Built target mimic
[1.543s] [ 80%] Built target turtle_teleop_key
[1.551s] [ 86%] Built target turtlesim_node
[1.564s] [ 95%] Built target turtlesim__python
[1.586s] [100%] Built target turtlesim__rosidl_typesupport_fastrtps_c__pyext
[1.586s] [100%] Built target turtlesim__rosidl_typesupport_c__pyext
[1.596s] Invoked command in '/home/aitor/ros2/build/turtlesim' returned '0': CMAKE_PREFIX_PATH=${CMAKE_PREFIX_PATH}:/home/aitor/ros2/week2_ws/install/my_python_package:/home/aitor/ros2/install/my_python_package:/opt/ros/eloquent /usr/bin/cmake --build /home/aitor/ros2/build/turtlesim -- -j8 -l8
[1.727s] Invoking command in '/home/aitor/ros2/build/turtlesim': CMAKE_PREFIX_PATH=${CMAKE_PREFIX_PATH}:/home/aitor/ros2/week2_ws/install/my_python_package:/home/aitor/ros2/install/my_python_package:/opt/ros/eloquent /usr/bin/cmake --build /home/aitor/ros2/build/turtlesim --target install -- -j8 -l8
[1.772s] [  1%] Built target turtlesim__cpp
[1.773s] [ 11%] Built target turtlesim__rosidl_generator_c
[1.795s] [ 21%] Built target turtlesim__rosidl_typesupport_introspection_cpp
[1.801s] [ 31%] Built target turtlesim__rosidl_typesupport_introspection_c
[1.805s] [ 42%] Built target turtlesim__rosidl_typesupport_fastrtps_cpp
[1.830s] [ 52%] Built target turtlesim__rosidl_typesupport_cpp
[1.830s] [ 62%] Built target turtlesim__rosidl_typesupport_fastrtps_c
[1.853s] [ 73%] Built target turtlesim__rosidl_typesupport_c
[1.870s] [ 73%] Built target turtlesim
[1.899s] [ 74%] Built target turtlesim__py
[1.904s] [ 76%] Built target draw_square
[1.907s] [ 78%] Built target turtle_teleop_key
[1.910s] [ 80%] Built target mimic
[1.923s] [ 86%] Built target turtlesim_node
[1.929s] [ 95%] Built target turtlesim__python
[1.950s] [100%] Built target turtlesim__rosidl_typesupport_c__pyext
[1.951s] [100%] Built target turtlesim__rosidl_typesupport_fastrtps_c__pyext
[1.967s] [36mInstall the project...[0m
[1.974s] -- Install configuration: ""
[1.975s] -- Execute custom install script
[1.975s] -- Up-to-date symlink: /home/aitor/ros2/install/turtlesim/share/ament_index/resource_index/rosidl_interfaces/turtlesim
[1.976s] -- Up-to-date symlink: /home/aitor/ros2/install/turtlesim/include/turtlesim/action/rotate_absolute.hpp
[1.976s] -- Up-to-date symlink: /home/aitor/ros2/install/turtlesim/include/turtlesim/action/rotate_absolute__struct.hpp
[1.976s] -- Up-to-date symlink: /home/aitor/ros2/install/turtlesim/include/turtlesim/action/rotate_absolute__traits.hpp
[1.976s] -- Up-to-date symlink: /home/aitor/ros2/install/turtlesim/include/turtlesim/msg/color.hpp
[1.976s] -- Up-to-date symlink: /home/aitor/ros2/install/turtlesim/include/turtlesim/msg/color__struct.hpp
[1.976s] -- Up-to-date symlink: /home/aitor/ros2/install/turtlesim/include/turtlesim/msg/color__traits.hpp
[1.977s] -- Up-to-date symlink: /home/aitor/ros2/install/turtlesim/include/turtlesim/msg/pose.hpp
[1.977s] -- Up-to-date symlink: /home/aitor/ros2/install/turtlesim/include/turtlesim/msg/pose__struct.hpp
[1.977s] -- Up-to-date symlink: /home/aitor/ros2/install/turtlesim/include/turtlesim/msg/pose__traits.hpp
[1.977s] -- Up-to-date symlink: /home/aitor/ros2/install/turtlesim/include/turtlesim/srv/kill.hpp
[1.977s] -- Up-to-date symlink: /home/aitor/ros2/install/turtlesim/include/turtlesim/srv/kill__struct.hpp
[1.977s] -- Up-to-date symlink: /home/aitor/ros2/install/turtlesim/include/turtlesim/srv/kill__traits.hpp
[1.977s] -- Up-to-date symlink: /home/aitor/ros2/install/turtlesim/include/turtlesim/srv/set_pen.hpp
[1.978s] -- Up-to-date symlink: /home/aitor/ros2/install/turtlesim/include/turtlesim/srv/set_pen__struct.hpp
[1.978s] -- Up-to-date symlink: /home/aitor/ros2/install/turtlesim/include/turtlesim/srv/set_pen__traits.hpp
[1.978s] -- Up-to-date symlink: /home/aitor/ros2/install/turtlesim/include/turtlesim/srv/spawn.hpp
[1.978s] -- Up-to-date symlink: /home/aitor/ros2/install/turtlesim/include/turtlesim/srv/spawn__struct.hpp
[1.978s] -- Up-to-date symlink: /home/aitor/ros2/install/turtlesim/include/turtlesim/srv/spawn__traits.hpp
[1.978s] -- Up-to-date symlink: /home/aitor/ros2/install/turtlesim/include/turtlesim/srv/teleport_absolute.hpp
[1.979s] -- Up-to-date symlink: /home/aitor/ros2/install/turtlesim/include/turtlesim/srv/teleport_absolute__struct.hpp
[1.979s] -- Up-to-date symlink: /home/aitor/ros2/install/turtlesim/include/turtlesim/srv/teleport_absolute__traits.hpp
[1.979s] -- Up-to-date symlink: /home/aitor/ros2/install/turtlesim/include/turtlesim/srv/teleport_relative.hpp
[1.979s] -- Up-to-date symlink: /home/aitor/ros2/install/turtlesim/include/turtlesim/srv/teleport_relative__struct.hpp
[1.979s] -- Up-to-date symlink: /home/aitor/ros2/install/turtlesim/include/turtlesim/srv/teleport_relative__traits.hpp
[1.980s] -- Up-to-date symlink: /home/aitor/ros2/install/turtlesim/include/turtlesim/action/rotate_absolute.h
[1.980s] -- Up-to-date symlink: /home/aitor/ros2/install/turtlesim/include/turtlesim/action/rotate_absolute__functions.h
[1.980s] -- Up-to-date symlink: /home/aitor/ros2/install/turtlesim/include/turtlesim/action/rotate_absolute__struct.h
[1.980s] -- Up-to-date symlink: /home/aitor/ros2/install/turtlesim/include/turtlesim/action/rotate_absolute__type_support.h
[1.980s] -- Up-to-date symlink: /home/aitor/ros2/install/turtlesim/include/turtlesim/msg/color.h
[1.980s] -- Up-to-date symlink: /home/aitor/ros2/install/turtlesim/include/turtlesim/msg/color__functions.h
[1.981s] -- Up-to-date symlink: /home/aitor/ros2/install/turtlesim/include/turtlesim/msg/color__struct.h
[1.981s] -- Up-to-date symlink: /home/aitor/ros2/install/turtlesim/include/turtlesim/msg/color__type_support.h
[1.981s] -- Up-to-date symlink: /home/aitor/ros2/install/turtlesim/include/turtlesim/msg/pose.h
[1.981s] -- Up-to-date symlink: /home/aitor/ros2/install/turtlesim/include/turtlesim/msg/pose__functions.h
[1.981s] -- Up-to-date symlink: /home/aitor/ros2/install/turtlesim/include/turtlesim/msg/pose__struct.h
[1.982s] -- Up-to-date symlink: /home/aitor/ros2/install/turtlesim/include/turtlesim/msg/pose__type_support.h
[1.982s] -- Up-to-date symlink: /home/aitor/ros2/install/turtlesim/include/turtlesim/msg/rosidl_generator_c__visibility_control.h
[1.982s] -- Up-to-date symlink: /home/aitor/ros2/install/turtlesim/include/turtlesim/srv/kill.h
[1.982s] -- Up-to-date symlink: /home/aitor/ros2/install/turtlesim/include/turtlesim/srv/kill__functions.h
[1.982s] -- Up-to-date symlink: /home/aitor/ros2/install/turtlesim/include/turtlesim/srv/kill__struct.h
[1.982s] -- Up-to-date symlink: /home/aitor/ros2/install/turtlesim/include/turtlesim/srv/kill__type_support.h
[1.983s] -- Up-to-date symlink: /home/aitor/ros2/install/turtlesim/include/turtlesim/srv/set_pen.h
[1.983s] -- Up-to-date symlink: /home/aitor/ros2/install/turtlesim/include/turtlesim/srv/set_pen__functions.h
[1.983s] -- Up-to-date symlink: /home/aitor/ros2/install/turtlesim/include/turtlesim/srv/set_pen__struct.h
[1.983s] -- Up-to-date symlink: /home/aitor/ros2/install/turtlesim/include/turtlesim/srv/set_pen__type_support.h
[1.983s] -- Up-to-date symlink: /home/aitor/ros2/install/turtlesim/include/turtlesim/srv/spawn.h
[1.983s] -- Up-to-date symlink: /home/aitor/ros2/install/turtlesim/include/turtlesim/srv/spawn__functions.h
[1.983s] -- Up-to-date symlink: /home/aitor/ros2/install/turtlesim/include/turtlesim/srv/spawn__struct.h
[1.984s] -- Up-to-date symlink: /home/aitor/ros2/install/turtlesim/include/turtlesim/srv/spawn__type_support.h
[1.984s] -- Up-to-date symlink: /home/aitor/ros2/install/turtlesim/include/turtlesim/srv/teleport_absolute.h
[1.984s] -- Up-to-date symlink: /home/aitor/ros2/install/turtlesim/include/turtlesim/srv/teleport_absolute__functions.h
[1.984s] -- Up-to-date symlink: /home/aitor/ros2/install/turtlesim/include/turtlesim/srv/teleport_absolute__struct.h
[1.984s] -- Up-to-date symlink: /home/aitor/ros2/install/turtlesim/include/turtlesim/srv/teleport_absolute__type_support.h
[1.984s] -- Up-to-date symlink: /home/aitor/ros2/install/turtlesim/include/turtlesim/srv/teleport_relative.h
[1.984s] -- Up-to-date symlink: /home/aitor/ros2/install/turtlesim/include/turtlesim/srv/teleport_relative__functions.h
[1.985s] -- Up-to-date symlink: /home/aitor/ros2/install/turtlesim/include/turtlesim/srv/teleport_relative__struct.h
[1.985s] -- Up-to-date symlink: /home/aitor/ros2/install/turtlesim/include/turtlesim/srv/teleport_relative__type_support.h
[1.985s] -- Up-to-date symlink: /home/aitor/ros2/install/turtlesim/share/turtlesim/environment/library_path.sh
[1.985s] -- Up-to-date symlink: /home/aitor/ros2/install/turtlesim/share/turtlesim/environment/library_path.dsv
[1.986s] -- Up-to-date symlink: /home/aitor/ros2/install/turtlesim/lib/libturtlesim__rosidl_generator_c.so
[1.986s] -- Up-to-date symlink: /home/aitor/ros2/install/turtlesim/lib/libturtlesim__rosidl_typesupport_c.so
[1.986s] -- Up-to-date symlink: /home/aitor/ros2/install/turtlesim/lib/libturtlesim__rosidl_typesupport_cpp.so
[1.987s] -- Up-to-date symlink: /home/aitor/ros2/install/turtlesim/include/turtlesim/action/rotate_absolute__rosidl_typesupport_introspection_c.h
[1.987s] -- Up-to-date symlink: /home/aitor/ros2/install/turtlesim/include/turtlesim/msg/color__rosidl_typesupport_introspection_c.h
[1.987s] -- Up-to-date symlink: /home/aitor/ros2/install/turtlesim/include/turtlesim/msg/pose__rosidl_typesupport_introspection_c.h
[1.987s] -- Up-to-date symlink: /home/aitor/ros2/install/turtlesim/include/turtlesim/msg/rosidl_typesupport_introspection_c__visibility_control.h
[1.987s] -- Up-to-date symlink: /home/aitor/ros2/install/turtlesim/include/turtlesim/srv/kill__rosidl_typesupport_introspection_c.h
[1.987s] -- Up-to-date symlink: /home/aitor/ros2/install/turtlesim/include/turtlesim/srv/set_pen__rosidl_typesupport_introspection_c.h
[1.988s] -- Up-to-date symlink: /home/aitor/ros2/install/turtlesim/include/turtlesim/srv/spawn__rosidl_typesupport_introspection_c.h
[1.988s] -- Up-to-date symlink: /home/aitor/ros2/install/turtlesim/include/turtlesim/srv/teleport_absolute__rosidl_typesupport_introspection_c.h
[1.988s] -- Up-to-date symlink: /home/aitor/ros2/install/turtlesim/include/turtlesim/srv/teleport_relative__rosidl_typesupport_introspection_c.h
[1.988s] -- Up-to-date symlink: /home/aitor/ros2/install/turtlesim/lib/libturtlesim__rosidl_typesupport_introspection_c.so
[1.989s] -- Up-to-date symlink: /home/aitor/ros2/install/turtlesim/include/turtlesim/action/rotate_absolute__rosidl_typesupport_introspection_cpp.hpp
[1.989s] -- Up-to-date symlink: /home/aitor/ros2/install/turtlesim/include/turtlesim/msg/color__rosidl_typesupport_introspection_cpp.hpp
[1.989s] -- Up-to-date symlink: /home/aitor/ros2/install/turtlesim/include/turtlesim/msg/pose__rosidl_typesupport_introspection_cpp.hpp
[1.989s] -- Up-to-date symlink: /home/aitor/ros2/install/turtlesim/include/turtlesim/srv/kill__rosidl_typesupport_introspection_cpp.hpp
[1.989s] -- Up-to-date symlink: /home/aitor/ros2/install/turtlesim/include/turtlesim/srv/set_pen__rosidl_typesupport_introspection_cpp.hpp
[1.990s] -- Up-to-date symlink: /home/aitor/ros2/install/turtlesim/include/turtlesim/srv/spawn__rosidl_typesupport_introspection_cpp.hpp
[1.990s] -- Up-to-date symlink: /home/aitor/ros2/install/turtlesim/include/turtlesim/srv/teleport_absolute__rosidl_typesupport_introspection_cpp.hpp
[1.990s] -- Up-to-date symlink: /home/aitor/ros2/install/turtlesim/include/turtlesim/srv/teleport_relative__rosidl_typesupport_introspection_cpp.hpp
[1.990s] -- Up-to-date symlink: /home/aitor/ros2/install/turtlesim/lib/libturtlesim__rosidl_typesupport_introspection_cpp.so
[1.991s] -- Up-to-date symlink: /home/aitor/ros2/install/turtlesim/include/turtlesim/action/rotate_absolute__rosidl_typesupport_fastrtps_c.h
[1.991s] -- Up-to-date symlink: /home/aitor/ros2/install/turtlesim/include/turtlesim/msg/color__rosidl_typesupport_fastrtps_c.h
[1.991s] -- Up-to-date symlink: /home/aitor/ros2/install/turtlesim/include/turtlesim/msg/pose__rosidl_typesupport_fastrtps_c.h
[1.991s] -- Up-to-date symlink: /home/aitor/ros2/install/turtlesim/include/turtlesim/msg/rosidl_typesupport_fastrtps_c__visibility_control.h
[1.992s] -- Up-to-date symlink: /home/aitor/ros2/install/turtlesim/include/turtlesim/srv/kill__rosidl_typesupport_fastrtps_c.h
[1.992s] -- Up-to-date symlink: /home/aitor/ros2/install/turtlesim/include/turtlesim/srv/set_pen__rosidl_typesupport_fastrtps_c.h
[1.992s] -- Up-to-date symlink: /home/aitor/ros2/install/turtlesim/include/turtlesim/srv/spawn__rosidl_typesupport_fastrtps_c.h
[1.992s] -- Up-to-date symlink: /home/aitor/ros2/install/turtlesim/include/turtlesim/srv/teleport_absolute__rosidl_typesupport_fastrtps_c.h
[1.992s] -- Up-to-date symlink: /home/aitor/ros2/install/turtlesim/include/turtlesim/srv/teleport_relative__rosidl_typesupport_fastrtps_c.h
[1.993s] -- Up-to-date symlink: /home/aitor/ros2/install/turtlesim/lib/libturtlesim__rosidl_typesupport_fastrtps_c.so
[1.993s] -- Up-to-date symlink: /home/aitor/ros2/install/turtlesim/include/turtlesim/action/rotate_absolute__rosidl_typesupport_fastrtps_cpp.hpp
[1.993s] -- Up-to-date symlink: /home/aitor/ros2/install/turtlesim/include/turtlesim/msg/color__rosidl_typesupport_fastrtps_cpp.hpp
[1.994s] -- Up-to-date symlink: /home/aitor/ros2/install/turtlesim/include/turtlesim/msg/pose__rosidl_typesupport_fastrtps_cpp.hpp
[1.994s] -- Up-to-date symlink: /home/aitor/ros2/install/turtlesim/include/turtlesim/msg/rosidl_typesupport_fastrtps_cpp__visibility_control.h
[1.994s] -- Up-to-date symlink: /home/aitor/ros2/install/turtlesim/include/turtlesim/srv/kill__rosidl_typesupport_fastrtps_cpp.hpp
[1.994s] -- Up-to-date symlink: /home/aitor/ros2/install/turtlesim/include/turtlesim/srv/set_pen__rosidl_typesupport_fastrtps_cpp.hpp
[1.994s] -- Up-to-date symlink: /home/aitor/ros2/install/turtlesim/include/turtlesim/srv/spawn__rosidl_typesupport_fastrtps_cpp.hpp
[1.994s] -- Up-to-date symlink: /home/aitor/ros2/install/turtlesim/include/turtlesim/srv/teleport_absolute__rosidl_typesupport_fastrtps_cpp.hpp
[1.994s] -- Up-to-date symlink: /home/aitor/ros2/install/turtlesim/include/turtlesim/srv/teleport_relative__rosidl_typesupport_fastrtps_cpp.hpp
[1.995s] -- Up-to-date symlink: /home/aitor/ros2/install/turtlesim/lib/libturtlesim__rosidl_typesupport_fastrtps_cpp.so
[1.995s] -- Up-to-date symlink: /home/aitor/ros2/install/turtlesim/share/turtlesim/environment/pythonpath.sh
[1.995s] -- Up-to-date symlink: /home/aitor/ros2/install/turtlesim/share/turtlesim/environment/pythonpath.dsv
[1.995s] -- Up-to-date symlink: /home/aitor/ros2/install/turtlesim/lib/python3.6/site-packages/turtlesim/__init__.py
[1.996s] -- Up-to-date symlink: /home/aitor/ros2/install/turtlesim/lib/python3.6/site-packages/turtlesim/action/__init__.py
[1.996s] -- Up-to-date symlink: /home/aitor/ros2/install/turtlesim/lib/python3.6/site-packages/turtlesim/action/_rotate_absolute.py
[1.996s] -- Up-to-date symlink: /home/aitor/ros2/install/turtlesim/lib/python3.6/site-packages/turtlesim/msg/__init__.py
[1.997s] -- Up-to-date symlink: /home/aitor/ros2/install/turtlesim/lib/python3.6/site-packages/turtlesim/msg/_color.py
[1.997s] -- Up-to-date symlink: /home/aitor/ros2/install/turtlesim/lib/python3.6/site-packages/turtlesim/msg/_pose.py
[1.997s] -- Up-to-date symlink: /home/aitor/ros2/install/turtlesim/lib/python3.6/site-packages/turtlesim/srv/__init__.py
[1.997s] -- Up-to-date symlink: /home/aitor/ros2/install/turtlesim/lib/python3.6/site-packages/turtlesim/srv/_kill.py
[1.997s] -- Up-to-date symlink: /home/aitor/ros2/install/turtlesim/lib/python3.6/site-packages/turtlesim/srv/_set_pen.py
[1.998s] -- Up-to-date symlink: /home/aitor/ros2/install/turtlesim/lib/python3.6/site-packages/turtlesim/srv/_spawn.py
[1.998s] -- Up-to-date symlink: /home/aitor/ros2/install/turtlesim/lib/python3.6/site-packages/turtlesim/srv/_teleport_absolute.py
[1.998s] -- Up-to-date symlink: /home/aitor/ros2/install/turtlesim/lib/python3.6/site-packages/turtlesim/srv/_teleport_relative.py
[1.998s] -- Up-to-date symlink: /home/aitor/ros2/install/turtlesim/lib/python3.6/site-packages/turtlesim/turtlesim_s__rosidl_typesupport_c.cpython-36m-x86_64-linux-gnu.so
[1.999s] -- Up-to-date symlink: /home/aitor/ros2/install/turtlesim/lib/python3.6/site-packages/turtlesim/turtlesim_s__rosidl_typesupport_fastrtps_c.cpython-36m-x86_64-linux-gnu.so
[1.999s] -- Up-to-date symlink: /home/aitor/ros2/install/turtlesim/lib/libturtlesim__python.so
[1.999s] -- Up-to-date symlink: /home/aitor/ros2/install/turtlesim/share/turtlesim/action/RotateAbsolute.idl
[2.000s] -- Up-to-date symlink: /home/aitor/ros2/install/turtlesim/share/turtlesim/msg/Color.idl
[2.000s] -- Up-to-date symlink: /home/aitor/ros2/install/turtlesim/share/turtlesim/msg/Pose.idl
[2.000s] -- Up-to-date symlink: /home/aitor/ros2/install/turtlesim/share/turtlesim/srv/Kill.idl
[2.000s] -- Up-to-date symlink: /home/aitor/ros2/install/turtlesim/share/turtlesim/srv/SetPen.idl
[2.001s] -- Up-to-date symlink: /home/aitor/ros2/install/turtlesim/share/turtlesim/srv/Spawn.idl
[2.001s] -- Up-to-date symlink: /home/aitor/ros2/install/turtlesim/share/turtlesim/srv/TeleportAbsolute.idl
[2.001s] -- Up-to-date symlink: /home/aitor/ros2/install/turtlesim/share/turtlesim/srv/TeleportRelative.idl
[2.001s] -- Up-to-date symlink: /home/aitor/ros2/install/turtlesim/share/turtlesim/action/RotateAbsolute.action
[2.002s] -- Up-to-date symlink: /home/aitor/ros2/install/turtlesim/share/turtlesim/msg/Color.msg
[2.002s] -- Up-to-date symlink: /home/aitor/ros2/install/turtlesim/share/turtlesim/msg/Pose.msg
[2.002s] -- Up-to-date symlink: /home/aitor/ros2/install/turtlesim/share/turtlesim/srv/Kill.srv
[2.003s] -- Up-to-date symlink: /home/aitor/ros2/install/turtlesim/share/turtlesim/srv/Kill_Request.msg
[2.003s] -- Up-to-date symlink: /home/aitor/ros2/install/turtlesim/share/turtlesim/srv/Kill_Response.msg
[2.003s] -- Up-to-date symlink: /home/aitor/ros2/install/turtlesim/share/turtlesim/srv/SetPen.srv
[2.003s] -- Up-to-date symlink: /home/aitor/ros2/install/turtlesim/share/turtlesim/srv/SetPen_Request.msg
[2.004s] -- Up-to-date symlink: /home/aitor/ros2/install/turtlesim/share/turtlesim/srv/SetPen_Response.msg
[2.004s] -- Up-to-date symlink: /home/aitor/ros2/install/turtlesim/share/turtlesim/srv/Spawn.srv
[2.004s] -- Up-to-date symlink: /home/aitor/ros2/install/turtlesim/share/turtlesim/srv/Spawn_Request.msg
[2.005s] -- Up-to-date symlink: /home/aitor/ros2/install/turtlesim/share/turtlesim/srv/Spawn_Response.msg
[2.005s] -- Up-to-date symlink: /home/aitor/ros2/install/turtlesim/share/turtlesim/srv/TeleportAbsolute.srv
[2.005s] -- Up-to-date symlink: /home/aitor/ros2/install/turtlesim/share/turtlesim/srv/TeleportAbsolute_Request.msg
[2.005s] -- Up-to-date symlink: /home/aitor/ros2/install/turtlesim/share/turtlesim/srv/TeleportAbsolute_Response.msg
[2.006s] -- Up-to-date symlink: /home/aitor/ros2/install/turtlesim/share/turtlesim/srv/TeleportRelative.srv
[2.006s] -- Up-to-date symlink: /home/aitor/ros2/install/turtlesim/share/turtlesim/srv/TeleportRelative_Request.msg
[2.006s] -- Up-to-date symlink: /home/aitor/ros2/install/turtlesim/share/turtlesim/srv/TeleportRelative_Response.msg
[2.007s] -- Up-to-date symlink: /home/aitor/ros2/install/turtlesim/lib/turtlesim/turtlesim_node
[2.007s] -- Up-to-date symlink: /home/aitor/ros2/install/turtlesim/lib/turtlesim/turtle_teleop_key
[2.007s] -- Up-to-date symlink: /home/aitor/ros2/install/turtlesim/lib/turtlesim/draw_square
[2.007s] -- Up-to-date symlink: /home/aitor/ros2/install/turtlesim/lib/turtlesim/mimic
[2.008s] -- Up-to-date symlink: /home/aitor/ros2/install/turtlesim/share/turtlesim/launch/multisim.launch.py
[2.008s] -- Up-to-date symlink: /home/aitor/ros2/install/turtlesim/share/ament_index/resource_index/package_run_dependencies/turtlesim
[2.008s] -- Up-to-date symlink: /home/aitor/ros2/install/turtlesim/share/ament_index/resource_index/parent_prefix_path/turtlesim
[2.009s] -- Up-to-date symlink: /home/aitor/ros2/install/turtlesim/share/turtlesim/environment/ament_prefix_path.sh
[2.009s] -- Up-to-date symlink: /home/aitor/ros2/install/turtlesim/share/turtlesim/environment/ament_prefix_path.dsv
[2.009s] -- Up-to-date symlink: /home/aitor/ros2/install/turtlesim/share/turtlesim/environment/path.sh
[2.009s] -- Up-to-date symlink: /home/aitor/ros2/install/turtlesim/share/turtlesim/environment/path.dsv
[2.009s] -- Up-to-date symlink: /home/aitor/ros2/install/turtlesim/share/turtlesim/local_setup.bash
[2.010s] -- Up-to-date symlink: /home/aitor/ros2/install/turtlesim/share/turtlesim/local_setup.sh
[2.010s] -- Up-to-date symlink: /home/aitor/ros2/install/turtlesim/share/turtlesim/local_setup.zsh
[2.010s] -- Up-to-date symlink: /home/aitor/ros2/install/turtlesim/share/turtlesim/local_setup.dsv
[2.010s] -- Symlinking: /home/aitor/ros2/install/turtlesim/share/turtlesim/package.dsv
[2.019s] -- Up-to-date symlink: /home/aitor/ros2/install/turtlesim/share/ament_index/resource_index/packages/turtlesim
[2.019s] -- Up-to-date symlink: /home/aitor/ros2/install/turtlesim/share/turtlesim/cmake/rosidl_cmake-extras.cmake
[2.019s] -- Up-to-date symlink: /home/aitor/ros2/install/turtlesim/share/turtlesim/cmake/ament_cmake_export_dependencies-extras.cmake
[2.020s] -- Up-to-date symlink: /home/aitor/ros2/install/turtlesim/share/turtlesim/cmake/ament_cmake_export_include_directories-extras.cmake
[2.020s] -- Up-to-date symlink: /home/aitor/ros2/install/turtlesim/share/turtlesim/cmake/ament_cmake_export_libraries-extras.cmake
[2.020s] -- Up-to-date symlink: /home/aitor/ros2/install/turtlesim/share/turtlesim/cmake/turtlesimConfig.cmake
[2.020s] -- Up-to-date symlink: /home/aitor/ros2/install/turtlesim/share/turtlesim/cmake/turtlesimConfig-version.cmake
[2.020s] -- Up-to-date symlink: /home/aitor/ros2/install/turtlesim/share/turtlesim/package.xml
[2.047s] Compiling '/home/aitor/ros2/install/turtlesim/lib/python3.6/site-packages/turtlesim/__init__.py'...
[2.051s] -- Up-to-date: /home/aitor/ros2/install/turtlesim/share/turtlesim/images
[2.051s] -- Up-to-date: /home/aitor/ros2/install/turtlesim/share/turtlesim/images/eloquent.png
[2.051s] -- Up-to-date: /home/aitor/ros2/install/turtlesim/share/turtlesim/images/bouncy.png
[2.051s] -- Up-to-date: /home/aitor/ros2/install/turtlesim/share/turtlesim/images/crystal.png
[2.052s] -- Up-to-date: /home/aitor/ros2/install/turtlesim/share/turtlesim/images/ardent.png
[2.052s] -- Up-to-date: /home/aitor/ros2/install/turtlesim/share/turtlesim/images/dashing.png
[2.055s] Invoked command in '/home/aitor/ros2/build/turtlesim' returned '0': CMAKE_PREFIX_PATH=${CMAKE_PREFIX_PATH}:/home/aitor/ros2/week2_ws/install/my_python_package:/home/aitor/ros2/install/my_python_package:/opt/ros/eloquent /usr/bin/cmake --build /home/aitor/ros2/build/turtlesim --target install -- -j8 -l8
