[0.189s] Invoking command in '/home/aitor/ros2/week2_ws/src/my_python_package': PYTHONPATH=/home/aitor/ros2/week2_ws/install/my_python_package/lib/python3.6/site-packages:${PYTHONPATH} /usr/bin/python3 setup.py egg_info --egg-base ../../build/my_python_package build --build-base /home/aitor/ros2/week2_ws/build/my_python_package/build install --prefix /home/aitor/ros2/week2_ws/install/my_python_package --record /home/aitor/ros2/week2_ws/build/my_python_package/install.log --single-version-externally-managed
[0.354s] running egg_info
[0.354s] writing ../../build/my_python_package/my_python_package.egg-info/PKG-INFO
[0.355s] writing dependency_links to ../../build/my_python_package/my_python_package.egg-info/dependency_links.txt
[0.355s] writing entry points to ../../build/my_python_package/my_python_package.egg-info/entry_points.txt
[0.355s] writing requirements to ../../build/my_python_package/my_python_package.egg-info/requires.txt
[0.355s] writing top-level names to ../../build/my_python_package/my_python_package.egg-info/top_level.txt
[0.380s] reading manifest file '../../build/my_python_package/my_python_package.egg-info/SOURCES.txt'
[0.381s] writing manifest file '../../build/my_python_package/my_python_package.egg-info/SOURCES.txt'
[0.382s] running build
[0.382s] running build_py
[0.382s] copying my_python_package/subscriber_and_publisher.py -> /home/aitor/ros2/week2_ws/build/my_python_package/build/lib/my_python_package
[0.382s] copying my_python_package/subscriber_member_function.py -> /home/aitor/ros2/week2_ws/build/my_python_package/build/lib/my_python_package
[0.382s] running install
[0.382s] running install_lib
[0.383s] copying /home/aitor/ros2/week2_ws/build/my_python_package/build/lib/my_python_package/subscriber_and_publisher.py -> /home/aitor/ros2/week2_ws/install/my_python_package/lib/python3.6/site-packages/my_python_package
[0.383s] copying /home/aitor/ros2/week2_ws/build/my_python_package/build/lib/my_python_package/subscriber_member_function.py -> /home/aitor/ros2/week2_ws/install/my_python_package/lib/python3.6/site-packages/my_python_package
[0.383s] byte-compiling /home/aitor/ros2/week2_ws/install/my_python_package/lib/python3.6/site-packages/my_python_package/subscriber_and_publisher.py to subscriber_and_publisher.cpython-36.pyc
[0.384s] byte-compiling /home/aitor/ros2/week2_ws/install/my_python_package/lib/python3.6/site-packages/my_python_package/subscriber_member_function.py to subscriber_member_function.cpython-36.pyc
[0.384s] running install_data
[0.385s] running install_egg_info
[0.387s] removing '/home/aitor/ros2/week2_ws/install/my_python_package/lib/python3.6/site-packages/my_python_package-0.0.0-py3.6.egg-info' (and everything under it)
[0.387s] Copying ../../build/my_python_package/my_python_package.egg-info to /home/aitor/ros2/week2_ws/install/my_python_package/lib/python3.6/site-packages/my_python_package-0.0.0-py3.6.egg-info
[0.387s] running install_scripts
[0.402s] Installing listener script to /home/aitor/ros2/week2_ws/install/my_python_package/lib/my_python_package
[0.402s] writing list of installed files to '/home/aitor/ros2/week2_ws/build/my_python_package/install.log'
[0.419s] Invoked command in '/home/aitor/ros2/week2_ws/src/my_python_package' returned '0': PYTHONPATH=/home/aitor/ros2/week2_ws/install/my_python_package/lib/python3.6/site-packages:${PYTHONPATH} /usr/bin/python3 setup.py egg_info --egg-base ../../build/my_python_package build --build-base /home/aitor/ros2/week2_ws/build/my_python_package/build install --prefix /home/aitor/ros2/week2_ws/install/my_python_package --record /home/aitor/ros2/week2_ws/build/my_python_package/install.log --single-version-externally-managed
